#
# There is insufficient memory for the Java Runtime Environment to continue.
# Native memory allocation (malloc) failed to allocate 1414704 bytes. Error detail: Chunk::new
# Possible reasons:
#   The system is out of physical RAM or swap space
#   This process is running with CompressedOops enabled, and the Java Heap may be blocking the growth of the native heap
# Possible solutions:
#   Reduce memory load on the system
#   Increase physical memory or swap space
#   Check if swap backing store is full
#   Decrease Java heap size (-Xmx/-Xms)
#   Decrease number of Java threads
#   Decrease Java thread stack sizes (-Xss)
#   Set larger code cache with -XX:ReservedCodeCacheSize=
#   JVM is running with Zero Based Compressed Oops mode in which the Java heap is
#     placed in the first 32GB address space. The Java Heap base address is the
#     maximum limit for the native heap growth. Please use -XX:HeapBaseMinAddress
#     to set the Java Heap base and to place the Java Heap above 32GB virtual address.
# This output file may be truncated or incomplete.
#
#  Out of Memory Error (arena.cpp:168), pid=34412, tid=11436
#
# JRE version: OpenJDK Runtime Environment Microsoft-10800203 (21.0.6+7) (build 21.0.6+7-LTS)
# Java VM: OpenJDK 64-Bit Server VM Microsoft-10800203 (21.0.6+7-LTS, mixed mode, sharing, tiered, compressed oops, compressed class ptrs, g1 gc, windows-amd64)
# No core dump will be written. Minidumps are not enabled by default on client versions of Windows
#

---------------  S U M M A R Y ------------

Command Line: -javaagent:C:\Program Files\JetBrains\IntelliJ IDEA Community Edition 2024.3.4.1\lib\idea_rt.jar=54971 -Dfile.encoding=UTF-8 -Dsun.stdout.encoding=UTF-8 -Dsun.stderr.encoding=UTF-8 com.example.identity_service.IdentityServiceApplication

Host: 11th Gen Intel(R) Core(TM) i7-1165G7 @ 2.80GHz, 8 cores, 15G,  Windows 11 , 64 bit Build 26100 (10.0.26100.4484)
Time: Thu Jul 10 23:53:31 2025 SE Asia Standard Time elapsed time: 21.536825 seconds (0d 0h 0m 21s)

---------------  T H R E A D  ---------------

Current thread (0x00000210ff640740):  JavaThread "C2 CompilerThread0" daemon [_thread_in_native, id=11436, stack(0x000000bd3a200000,0x000000bd3a300000) (1024K)]


Current CompileTask:
C2:21536 6662       4       org.springframework.transaction.interceptor.AbstractFallbackTransactionAttributeSource::getTransactionAttribute (176 bytes)

Stack: [0x000000bd3a200000,0x000000bd3a300000]
Native frames: (J=compiled Java code, j=interpreted, Vv=VM code, C=native code)
V  [jvm.dll+0x6d4a09]
V  [jvm.dll+0x8af9a1]
V  [jvm.dll+0x8b1ece]
V  [jvm.dll+0x8b25b3]
V  [jvm.dll+0x2804e6]
V  [jvm.dll+0xc522d]
V  [jvm.dll+0xc5763]
V  [jvm.dll+0x3bba2c]
V  [jvm.dll+0x1e0535]
V  [jvm.dll+0x248343]
V  [jvm.dll+0x2477af]
V  [jvm.dll+0x1c799f]
V  [jvm.dll+0x2575d9]
V  [jvm.dll+0x25599a]
V  [jvm.dll+0x3f57c6]
V  [jvm.dll+0x85920b]
V  [jvm.dll+0x6d310d]
C  [ucrtbase.dll+0x37b0]
C  [KERNEL32.DLL+0x2e8d7]
C  [ntdll.dll+0x3c34c]


---------------  P R O C E S S  ---------------

Threads class SMR info:
_java_thread_list=0x00000210de780630, length=19, elements={
0x00000210f562ac90, 0x00000210ff62c380, 0x00000210ff62db40, 0x00000210ff633830,
0x00000210ff635200, 0x00000210ff637ec0, 0x00000210ff639a50, 0x00000210ff640740,
0x00000210ff64afb0, 0x00000210977221e0, 0x00000210dd21e3f0, 0x00000210dd21ea50,
0x00000210dd678cf0, 0x00000210dda2cd20, 0x00000210e20b8660, 0x00000210e20b9380,
0x00000210e20b8cf0, 0x00000210e20badc0, 0x00000210e20b9a10
}

Java Threads: ( => current thread )
  0x00000210f562ac90 JavaThread "main"                              [_thread_blocked, id=28996, stack(0x000000bd39400000,0x000000bd39500000) (1024K)]
  0x00000210ff62c380 JavaThread "Reference Handler"          daemon [_thread_blocked, id=18428, stack(0x000000bd39c00000,0x000000bd39d00000) (1024K)]
  0x00000210ff62db40 JavaThread "Finalizer"                  daemon [_thread_blocked, id=25940, stack(0x000000bd39d00000,0x000000bd39e00000) (1024K)]
  0x00000210ff633830 JavaThread "Signal Dispatcher"          daemon [_thread_blocked, id=12852, stack(0x000000bd39e00000,0x000000bd39f00000) (1024K)]
  0x00000210ff635200 JavaThread "Attach Listener"            daemon [_thread_blocked, id=22384, stack(0x000000bd39f00000,0x000000bd3a000000) (1024K)]
  0x00000210ff637ec0 JavaThread "Service Thread"             daemon [_thread_blocked, id=32852, stack(0x000000bd3a000000,0x000000bd3a100000) (1024K)]
  0x00000210ff639a50 JavaThread "Monitor Deflation Thread"   daemon [_thread_blocked, id=1312, stack(0x000000bd3a100000,0x000000bd3a200000) (1024K)]
=>0x00000210ff640740 JavaThread "C2 CompilerThread0"         daemon [_thread_in_native, id=11436, stack(0x000000bd3a200000,0x000000bd3a300000) (1024K)]
  0x00000210ff64afb0 JavaThread "C1 CompilerThread0"         daemon [_thread_blocked, id=34172, stack(0x000000bd3a300000,0x000000bd3a400000) (1024K)]
  0x00000210977221e0 JavaThread "Common-Cleaner"             daemon [_thread_blocked, id=8528, stack(0x000000bd3a400000,0x000000bd3a500000) (1024K)]
  0x00000210dd21e3f0 JavaThread "Monitor Ctrl-Break"         daemon [_thread_in_native, id=16468, stack(0x000000bd3a600000,0x000000bd3a700000) (1024K)]
  0x00000210dd21ea50 JavaThread "Notification Thread"        daemon [_thread_blocked, id=16832, stack(0x000000bd3a700000,0x000000bd3a800000) (1024K)]
  0x00000210dd678cf0 JavaThread "Thread-0"                          [_thread_blocked, id=20100, stack(0x000000bd3af00000,0x000000bd3b000000) (1024K)]
  0x00000210dda2cd20 JavaThread "restartedMain"                     [_thread_in_native, id=33008, stack(0x000000bd3b000000,0x000000bd3b100000) (1024K)]
  0x00000210e20b8660 JavaThread "Catalina-utility-1"                [_thread_blocked, id=23696, stack(0x000000bd3b100000,0x000000bd3b200000) (1024K)]
  0x00000210e20b9380 JavaThread "Catalina-utility-2"                [_thread_blocked, id=20920, stack(0x000000bd3b400000,0x000000bd3b500000) (1024K)]
  0x00000210e20b8cf0 JavaThread "container-0"                       [_thread_blocked, id=19588, stack(0x000000bd3b500000,0x000000bd3b600000) (1024K)]
  0x00000210e20badc0 JavaThread "mysql-cj-abandoned-connection-cleanup" daemon [_thread_blocked, id=27336, stack(0x000000bd3b600000,0x000000bd3b700000) (1024K)]
  0x00000210e20b9a10 JavaThread "HikariPool-1:housekeeper"   daemon [_thread_blocked, id=30904, stack(0x000000bd3ad00000,0x000000bd3ae00000) (1024K)]
Total: 19

Other Threads:
  0x00000210ff60f920 VMThread "VM Thread"                           [id=31948, stack(0x000000bd39b00000,0x000000bd39c00000) (1024K)]
  0x00000210ff5feb70 WatcherThread "VM Periodic Task Thread"        [id=16512, stack(0x000000bd39a00000,0x000000bd39b00000) (1024K)]
  0x00000210f79bbf00 WorkerThread "GC Thread#0"                     [id=18404, stack(0x000000bd39500000,0x000000bd39600000) (1024K)]
  0x00000210dd87e1a0 WorkerThread "GC Thread#1"                     [id=31168, stack(0x000000bd3a800000,0x000000bd3a900000) (1024K)]
  0x00000210dd5b9400 WorkerThread "GC Thread#2"                     [id=24720, stack(0x000000bd3a900000,0x000000bd3aa00000) (1024K)]
  0x00000210dd7a5440 WorkerThread "GC Thread#3"                     [id=14932, stack(0x000000bd3aa00000,0x000000bd3ab00000) (1024K)]
  0x00000210dd7a57e0 WorkerThread "GC Thread#4"                     [id=22368, stack(0x000000bd3ab00000,0x000000bd3ac00000) (1024K)]
  0x00000210dd7a5b80 WorkerThread "GC Thread#5"                     [id=26132, stack(0x000000bd3ac00000,0x000000bd3ad00000) (1024K)]
  0x00000210dda30540 WorkerThread "GC Thread#6"                     [id=14732, stack(0x000000bd3ae00000,0x000000bd3af00000) (1024K)]
  0x00000210dea61810 WorkerThread "GC Thread#7"                     [id=17348, stack(0x000000bd3b200000,0x000000bd3b300000) (1024K)]
  0x00000210f79cd830 ConcurrentGCThread "G1 Main Marker"            [id=6780, stack(0x000000bd39600000,0x000000bd39700000) (1024K)]
  0x00000210f79ce240 WorkerThread "G1 Conc#0"                       [id=14852, stack(0x000000bd39700000,0x000000bd39800000) (1024K)]
  0x00000210de9c2c30 WorkerThread "G1 Conc#1"                       [id=6200, stack(0x000000bd3b300000,0x000000bd3b400000) (1024K)]
  0x00000210ff4cccc0 ConcurrentGCThread "G1 Refine#0"               [id=32020, stack(0x000000bd39800000,0x000000bd39900000) (1024K)]
  0x00000210ff4cd4e0 ConcurrentGCThread "G1 Service"                [id=34476, stack(0x000000bd39900000,0x000000bd39a00000) (1024K)]
Total: 15

Threads with active compile tasks:
C2 CompilerThread0  21557 6662       4       org.springframework.transaction.interceptor.AbstractFallbackTransactionAttributeSource::getTransactionAttribute (176 bytes)
Total: 1

VM state: not at safepoint (normal execution)

VM Mutex/Monitor currently owned by a thread: None

Heap address: 0x0000000704400000, size: 4028 MB, Compressed Oops mode: Zero based, Oop shift amount: 3

CDS archive(s) mapped at: [0x0000021098000000-0x0000021098c80000-0x0000021098c80000), size 13107200, SharedBaseAddress: 0x0000021098000000, ArchiveRelocationMode: 1.
Compressed class space mapped at: 0x0000021099000000-0x00000210d9000000, reserved size: 1073741824
Narrow klass base: 0x0000021098000000, Narrow klass shift: 0, Narrow klass range: 0x100000000

GC Precious Log:
 CardTable entry size: 512
 Card Set container configuration: InlinePtr #cards 4 size 8 Array Of Cards #cards 16 size 48 Howl #buckets 8 coarsen threshold 3686 Howl Bitmap #cards 512 size 80 coarsen threshold 460 Card regions per heap region 1 cards per card region 4096
 CPUs: 8 total, 8 available
 Memory: 16106M
 Large Page Support: Disabled
 NUMA Support: Disabled
 Compressed Oops: Enabled (Zero based)
 Heap Region Size: 2M
 Heap Min Capacity: 8M
 Heap Initial Capacity: 252M
 Heap Max Capacity: 4028M
 Pre-touch: Disabled
 Parallel Workers: 8
 Concurrent Workers: 2
 Concurrent Refinement Workers: 8
 Periodic GC: Disabled

Heap:
 garbage-first heap   total 92160K, used 69298K [0x0000000704400000, 0x0000000800000000)
  region size 2048K, 17 young (34816K), 2 survivors (4096K)
 Metaspace       used 74898K, committed 75648K, reserved 1114112K
  class space    used 10138K, committed 10496K, reserved 1048576K

Heap Regions: E=young(eden), S=young(survivor), O=old, HS=humongous(starts), HC=humongous(continues), CS=collection set, F=free, TAMS=top-at-mark-start, PB=parsable bottom
|   0|0x0000000704400000, 0x0000000704600000, 0x0000000704600000|100%| O|  |TAMS 0x0000000704400000| PB 0x0000000704400000| Untracked 
|   1|0x0000000704600000, 0x0000000704800000, 0x0000000704800000|100%| O|  |TAMS 0x0000000704600000| PB 0x0000000704600000| Untracked 
|   2|0x0000000704800000, 0x0000000704a00000, 0x0000000704a00000|100%| O|  |TAMS 0x0000000704800000| PB 0x0000000704800000| Untracked 
|   3|0x0000000704a00000, 0x0000000704c00000, 0x0000000704c00000|100%| O|  |TAMS 0x0000000704a00000| PB 0x0000000704a00000| Untracked 
|   4|0x0000000704c00000, 0x0000000704e00000, 0x0000000704e00000|100%| O|  |TAMS 0x0000000704c00000| PB 0x0000000704c00000| Untracked 
|   5|0x0000000704e00000, 0x0000000705000000, 0x0000000705000000|100%| O|  |TAMS 0x0000000704e00000| PB 0x0000000704e00000| Untracked 
|   6|0x0000000705000000, 0x00000007051afa90, 0x0000000705200000| 84%| O|Cm|TAMS 0x0000000705000000| PB 0x0000000705000000| Complete 
|   7|0x0000000705200000, 0x0000000705400000, 0x0000000705400000|100%| O|  |TAMS 0x0000000705200000| PB 0x0000000705200000| Untracked 
|   8|0x0000000705400000, 0x0000000705600000, 0x0000000705600000|100%| O|  |TAMS 0x0000000705400000| PB 0x0000000705400000| Untracked 
|   9|0x0000000705600000, 0x0000000705800000, 0x0000000705800000|100%| O|  |TAMS 0x0000000705600000| PB 0x0000000705600000| Untracked 
|  10|0x0000000705800000, 0x0000000705a00000, 0x0000000705a00000|100%| O|  |TAMS 0x0000000705800000| PB 0x0000000705800000| Untracked 
|  11|0x0000000705a00000, 0x0000000705c00000, 0x0000000705c00000|100%| O|  |TAMS 0x0000000705a00000| PB 0x0000000705a00000| Untracked 
|  12|0x0000000705c00000, 0x0000000705e00000, 0x0000000705e00000|100%| O|  |TAMS 0x0000000705c00000| PB 0x0000000705c00000| Untracked 
|  13|0x0000000705e00000, 0x0000000706000000, 0x0000000706000000|100%| O|  |TAMS 0x0000000705e00000| PB 0x0000000705e00000| Untracked 
|  14|0x0000000706000000, 0x0000000706200000, 0x0000000706200000|100%| O|  |TAMS 0x0000000706000000| PB 0x0000000706000000| Untracked 
|  15|0x0000000706200000, 0x0000000706400000, 0x0000000706400000|100%| O|  |TAMS 0x0000000706200000| PB 0x0000000706200000| Untracked 
|  16|0x0000000706400000, 0x0000000706600000, 0x0000000706600000|100%| O|  |TAMS 0x0000000706400000| PB 0x0000000706400000| Untracked 
|  17|0x0000000706600000, 0x00000007067fd138, 0x0000000706800000| 99%| O|  |TAMS 0x0000000706600000| PB 0x0000000706600000| Untracked 
|  18|0x0000000706800000, 0x0000000706800000, 0x0000000706a00000|  0%| F|  |TAMS 0x0000000706800000| PB 0x0000000706800000| Untracked 
|  19|0x0000000706a00000, 0x0000000706a00000, 0x0000000706c00000|  0%| F|  |TAMS 0x0000000706a00000| PB 0x0000000706a00000| Untracked 
|  20|0x0000000706c00000, 0x0000000706e00000, 0x0000000706e00000|100%| O|  |TAMS 0x0000000706c00000| PB 0x0000000706c00000| Untracked 
|  21|0x0000000706e00000, 0x0000000706e00000, 0x0000000707000000|  0%| F|  |TAMS 0x0000000706e00000| PB 0x0000000706e00000| Untracked 
|  22|0x0000000707000000, 0x0000000707200000, 0x0000000707200000|100%| S|CS|TAMS 0x0000000707000000| PB 0x0000000707000000| Complete 
|  23|0x0000000707200000, 0x0000000707400000, 0x0000000707400000|100%| S|CS|TAMS 0x0000000707200000| PB 0x0000000707200000| Complete 
|  24|0x0000000707400000, 0x0000000707400000, 0x0000000707600000|  0%| F|  |TAMS 0x0000000707400000| PB 0x0000000707400000| Untracked 
|  25|0x0000000707600000, 0x0000000707600000, 0x0000000707800000|  0%| F|  |TAMS 0x0000000707600000| PB 0x0000000707600000| Untracked 
|  26|0x0000000707800000, 0x0000000707800000, 0x0000000707a00000|  0%| F|  |TAMS 0x0000000707800000| PB 0x0000000707800000| Untracked 
|  27|0x0000000707a00000, 0x0000000707a00000, 0x0000000707c00000|  0%| F|  |TAMS 0x0000000707a00000| PB 0x0000000707a00000| Untracked 
|  28|0x0000000707c00000, 0x0000000707c00000, 0x0000000707e00000|  0%| F|  |TAMS 0x0000000707c00000| PB 0x0000000707c00000| Untracked 
|  29|0x0000000707e00000, 0x0000000707e00000, 0x0000000708000000|  0%| F|  |TAMS 0x0000000707e00000| PB 0x0000000707e00000| Untracked 
|  30|0x0000000708000000, 0x00000007081b2f70, 0x0000000708200000| 84%| E|  |TAMS 0x0000000708000000| PB 0x0000000708000000| Complete 
|  31|0x0000000708200000, 0x0000000708400000, 0x0000000708400000|100%| E|CS|TAMS 0x0000000708200000| PB 0x0000000708200000| Complete 
|  32|0x0000000708400000, 0x0000000708600000, 0x0000000708600000|100%| E|CS|TAMS 0x0000000708400000| PB 0x0000000708400000| Complete 
|  33|0x0000000708600000, 0x0000000708800000, 0x0000000708800000|100%| E|CS|TAMS 0x0000000708600000| PB 0x0000000708600000| Complete 
|  34|0x0000000708800000, 0x0000000708a00000, 0x0000000708a00000|100%| E|CS|TAMS 0x0000000708800000| PB 0x0000000708800000| Complete 
|  35|0x0000000708a00000, 0x0000000708c00000, 0x0000000708c00000|100%| E|CS|TAMS 0x0000000708a00000| PB 0x0000000708a00000| Complete 
|  36|0x0000000708c00000, 0x0000000708e00000, 0x0000000708e00000|100%| E|CS|TAMS 0x0000000708c00000| PB 0x0000000708c00000| Complete 
|  37|0x0000000708e00000, 0x0000000709000000, 0x0000000709000000|100%| E|CS|TAMS 0x0000000708e00000| PB 0x0000000708e00000| Complete 
|  38|0x0000000709000000, 0x0000000709200000, 0x0000000709200000|100%| E|CS|TAMS 0x0000000709000000| PB 0x0000000709000000| Complete 
| 105|0x0000000711600000, 0x0000000711800000, 0x0000000711800000|100%| E|CS|TAMS 0x0000000711600000| PB 0x0000000711600000| Complete 
| 106|0x0000000711800000, 0x0000000711a00000, 0x0000000711a00000|100%| E|  |TAMS 0x0000000711800000| PB 0x0000000711800000| Complete 
| 107|0x0000000711a00000, 0x0000000711c00000, 0x0000000711c00000|100%| E|CS|TAMS 0x0000000711a00000| PB 0x0000000711a00000| Complete 
| 108|0x0000000711c00000, 0x0000000711e00000, 0x0000000711e00000|100%| E|CS|TAMS 0x0000000711c00000| PB 0x0000000711c00000| Complete 
| 124|0x0000000713c00000, 0x0000000713e00000, 0x0000000713e00000|100%| E|CS|TAMS 0x0000000713c00000| PB 0x0000000713c00000| Complete 
| 125|0x0000000713e00000, 0x0000000714000000, 0x0000000714000000|100%| E|CS|TAMS 0x0000000713e00000| PB 0x0000000713e00000| Complete 

Card table byte_map: [0x00000210f8510000,0x00000210f8cf0000] _byte_map_base: 0x00000210f4cee000

Marking Bits: (CMBitMap*) 0x00000210f79bc510
 Bits: [0x00000210f8cf0000, 0x00000210fcbe0000)

Polling page: 0x00000210f5750000

Metaspace:

Usage:
  Non-class:     63.24 MB used.
      Class:      9.90 MB used.
       Both:     73.14 MB used.

Virtual space:
  Non-class space:       64.00 MB reserved,      63.62 MB (>99%) committed,  1 nodes.
      Class space:        1.00 GB reserved,      10.25 MB (  1%) committed,  1 nodes.
             Both:        1.06 GB reserved,      73.88 MB (  7%) committed. 

Chunk freelists:
   Non-Class:  414.00 KB
       Class:  5.76 MB
        Both:  6.16 MB

MaxMetaspaceSize: unlimited
CompressedClassSpaceSize: 1.00 GB
Initial GC threshold: 21.00 MB
Current GC threshold: 98.75 MB
CDS: on
 - commit_granule_bytes: 65536.
 - commit_granule_words: 8192.
 - virtual_space_node_default_size: 8388608.
 - enlarge_chunks_in_place: 1.
 - use_allocation_guard: 0.


Internal statistics:

num_allocs_failed_limit: 9.
num_arena_births: 1082.
num_arena_deaths: 0.
num_vsnodes_births: 2.
num_vsnodes_deaths: 0.
num_space_committed: 1182.
num_space_uncommitted: 0.
num_chunks_returned_to_freelist: 9.
num_chunks_taken_from_freelist: 3901.
num_chunk_merges: 9.
num_chunk_splits: 2786.
num_chunks_enlarged: 2127.
num_inconsistent_stats: 0.

CodeHeap 'non-profiled nmethods': size=120000Kb used=5025Kb max_used=5025Kb free=114974Kb
 bounds [0x00000210900f0000, 0x00000210905e0000, 0x0000021097620000]
CodeHeap 'profiled nmethods': size=120000Kb used=11716Kb max_used=11936Kb free=108283Kb
 bounds [0x0000021088620000, 0x00000210891d0000, 0x000002108fb50000]
CodeHeap 'non-nmethods': size=5760Kb used=1901Kb max_used=1974Kb free=3859Kb
 bounds [0x000002108fb50000, 0x000002108fdc0000, 0x00000210900f0000]
 total_blobs=6486 nmethods=5765 adapters=625
 compilation: enabled
              stopped_count=0, restarted_count=0
 full_count=0

Compilation events (20 events):
Event: 20.277 Thread 0x00000210deb91f50 nmethod 6658 0x0000021090397c90 code [0x0000021090397fa0, 0x0000021090399578]
Event: 20.311 Thread 0x00000210ff64afb0 6663       3       org.springframework.aop.scope.ScopedProxyFactoryBean::getObjectType (23 bytes)
Event: 20.311 Thread 0x00000210ff64afb0 nmethod 6663 0x0000021088f88d10 code [0x0000021088f88ec0, 0x0000021088f89128]
Event: 20.315 Thread 0x00000210ff64afb0 6664       3       java.lang.reflect.Constructor::hashCode (11 bytes)
Event: 20.315 Thread 0x00000210ff64afb0 nmethod 6664 0x0000021088f88790 code [0x0000021088f88960, 0x0000021088f88ba8]
Event: 20.316 Thread 0x00000210deb91f50 6665       4       org.springframework.util.ReflectionUtils::isObjectMethod (40 bytes)
Event: 20.320 Thread 0x00000210deb91f50 nmethod 6665 0x00000210903a6390 code [0x00000210903a6560, 0x00000210903a6a98]
Event: 20.320 Thread 0x00000210deb91f50 6666       4       org.springframework.core.BridgeMethodResolver::resolveBridgeMethod (180 bytes)
Event: 20.328 Thread 0x00000210ff64afb0 6667       3       org.springframework.core.annotation.AnnotationAwareOrderComparator::findOrder (18 bytes)
Event: 20.328 Thread 0x00000210ff64afb0 nmethod 6667 0x0000021088f87e90 code [0x0000021088f88080, 0x0000021088f88608]
Event: 20.331 Thread 0x00000210dd76d8a0 nmethod 6644 0x00000210905c6d90 code [0x00000210905c74c0, 0x00000210905cd790]
Event: 20.334 Thread 0x00000210dd76d8a0 6668       4       org.springframework.core.MethodClassKey::hashCode (30 bytes)
Event: 20.335 Thread 0x00000210ff64afb0 6669       3       org.springframework.core.BridgeMethodResolver::isResolvedTypeMatch (107 bytes)
Event: 20.336 Thread 0x00000210ff64afb0 nmethod 6669 0x0000021088fda110 code [0x0000021088fda460, 0x0000021088fdbb38]
Event: 20.337 Thread 0x00000210dd76d8a0 nmethod 6668 0x00000210903a5b90 code [0x00000210903a5d60, 0x00000210903a60d0]
Event: 20.340 Thread 0x00000210dd76d8a0 6670   !   4       org.springframework.util.ReflectionUtils::getDeclaredMethods (186 bytes)
Event: 20.441 Thread 0x00000210deb91f50 nmethod 6666 0x00000210905d0d90 code [0x00000210905d13e0, 0x00000210905d4888]
Event: 20.442 Thread 0x00000210deb91f50 6671       4       sun.invoke.util.BytecodeDescriptor::unparseSig (49 bytes)
Event: 20.456 Thread 0x00000210deb91f50 nmethod 6671 0x0000021090384a90 code [0x0000021090384d20, 0x00000210903858b0]
Event: 20.491 Thread 0x00000210dd76d8a0 nmethod 6670 0x00000210905d7b10 code [0x00000210905d8220, 0x00000210905dc2b8]

GC Heap History (20 events):
Event: 4.462 GC heap before
{Heap before GC invocations=3 (full 0):
 garbage-first heap   total 258048K, used 47776K [0x0000000704400000, 0x0000000800000000)
  region size 2048K, 19 young (38912K), 2 survivors (4096K)
 Metaspace       used 21112K, committed 21504K, reserved 1114112K
  class space    used 2480K, committed 2688K, reserved 1048576K
}
Event: 4.468 GC heap after
{Heap after GC invocations=4 (full 0):
 garbage-first heap   total 258048K, used 20438K [0x0000000704400000, 0x0000000800000000)
  region size 2048K, 4 young (8192K), 4 survivors (8192K)
 Metaspace       used 21112K, committed 21504K, reserved 1114112K
  class space    used 2480K, committed 2688K, reserved 1048576K
}
Event: 5.690 GC heap before
{Heap before GC invocations=5 (full 0):
 garbage-first heap   total 75776K, used 55254K [0x0000000704400000, 0x0000000800000000)
  region size 2048K, 22 young (45056K), 4 survivors (8192K)
 Metaspace       used 24764K, committed 25152K, reserved 1114112K
  class space    used 2970K, committed 3136K, reserved 1048576K
}
Event: 5.699 GC heap after
{Heap after GC invocations=6 (full 0):
 garbage-first heap   total 75776K, used 24121K [0x0000000704400000, 0x0000000800000000)
  region size 2048K, 2 young (4096K), 2 survivors (4096K)
 Metaspace       used 24764K, committed 25152K, reserved 1114112K
  class space    used 2970K, committed 3136K, reserved 1048576K
}
Event: 7.334 GC heap before
{Heap before GC invocations=6 (full 0):
 garbage-first heap   total 75776K, used 56889K [0x0000000704400000, 0x0000000800000000)
  region size 2048K, 18 young (36864K), 2 survivors (4096K)
 Metaspace       used 28094K, committed 28480K, reserved 1114112K
  class space    used 3398K, committed 3584K, reserved 1048576K
}
Event: 7.341 GC heap after
{Heap after GC invocations=7 (full 0):
 garbage-first heap   total 75776K, used 26120K [0x0000000704400000, 0x0000000800000000)
  region size 2048K, 2 young (4096K), 2 survivors (4096K)
 Metaspace       used 28094K, committed 28480K, reserved 1114112K
  class space    used 3398K, committed 3584K, reserved 1048576K
}
Event: 8.652 GC heap before
{Heap before GC invocations=7 (full 0):
 garbage-first heap   total 75776K, used 58888K [0x0000000704400000, 0x0000000800000000)
  region size 2048K, 18 young (36864K), 2 survivors (4096K)
 Metaspace       used 32408K, committed 32896K, reserved 1114112K
  class space    used 4089K, committed 4352K, reserved 1048576K
}
Event: 8.657 GC heap after
{Heap after GC invocations=8 (full 0):
 garbage-first heap   total 75776K, used 28269K [0x0000000704400000, 0x0000000800000000)
  region size 2048K, 3 young (6144K), 3 survivors (6144K)
 Metaspace       used 32408K, committed 32896K, reserved 1114112K
  class space    used 4089K, committed 4352K, reserved 1048576K
}
Event: 9.649 GC heap before
{Heap before GC invocations=8 (full 0):
 garbage-first heap   total 75776K, used 42605K [0x0000000704400000, 0x0000000800000000)
  region size 2048K, 11 young (22528K), 3 survivors (6144K)
 Metaspace       used 35573K, committed 36096K, reserved 1114112K
  class space    used 4569K, committed 4864K, reserved 1048576K
}
Event: 9.656 GC heap after
{Heap after GC invocations=9 (full 0):
 garbage-first heap   total 75776K, used 30158K [0x0000000704400000, 0x0000000800000000)
  region size 2048K, 3 young (6144K), 3 survivors (6144K)
 Metaspace       used 35573K, committed 36096K, reserved 1114112K
  class space    used 4569K, committed 4864K, reserved 1048576K
}
Event: 9.977 GC heap before
{Heap before GC invocations=10 (full 0):
 garbage-first heap   total 75776K, used 56782K [0x0000000704400000, 0x0000000800000000)
  region size 2048K, 17 young (34816K), 3 survivors (6144K)
 Metaspace       used 36470K, committed 36992K, reserved 1114112K
  class space    used 4655K, committed 4928K, reserved 1048576K
}
Event: 9.983 GC heap after
{Heap after GC invocations=11 (full 0):
 garbage-first heap   total 75776K, used 34298K [0x0000000704400000, 0x0000000800000000)
  region size 2048K, 3 young (6144K), 3 survivors (6144K)
 Metaspace       used 36470K, committed 36992K, reserved 1114112K
  class space    used 4655K, committed 4928K, reserved 1048576K
}
Event: 12.181 GC heap before
{Heap before GC invocations=11 (full 0):
 garbage-first heap   total 75776K, used 62970K [0x0000000704400000, 0x0000000800000000)
  region size 2048K, 17 young (34816K), 3 survivors (6144K)
 Metaspace       used 40857K, committed 41472K, reserved 1114112K
  class space    used 5242K, committed 5504K, reserved 1048576K
}
Event: 12.190 GC heap after
{Heap after GC invocations=12 (full 0):
 garbage-first heap   total 92160K, used 35705K [0x0000000704400000, 0x0000000800000000)
  region size 2048K, 2 young (4096K), 2 survivors (4096K)
 Metaspace       used 40857K, committed 41472K, reserved 1114112K
  class space    used 5242K, committed 5504K, reserved 1048576K
}
Event: 14.437 GC heap before
{Heap before GC invocations=12 (full 0):
 garbage-first heap   total 92160K, used 72569K [0x0000000704400000, 0x0000000800000000)
  region size 2048K, 21 young (43008K), 2 survivors (4096K)
 Metaspace       used 51991K, committed 52608K, reserved 1114112K
  class space    used 6824K, committed 7104K, reserved 1048576K
}
Event: 14.442 GC heap after
{Heap after GC invocations=13 (full 0):
 garbage-first heap   total 92160K, used 38502K [0x0000000704400000, 0x0000000800000000)
  region size 2048K, 3 young (6144K), 3 survivors (6144K)
 Metaspace       used 51991K, committed 52608K, reserved 1114112K
  class space    used 6824K, committed 7104K, reserved 1048576K
}
Event: 16.318 GC heap before
{Heap before GC invocations=13 (full 0):
 garbage-first heap   total 92160K, used 61030K [0x0000000704400000, 0x0000000800000000)
  region size 2048K, 16 young (32768K), 3 survivors (6144K)
 Metaspace       used 59891K, committed 60480K, reserved 1114112K
  class space    used 7890K, committed 8192K, reserved 1048576K
}
Event: 16.324 GC heap after
{Heap after GC invocations=14 (full 0):
 garbage-first heap   total 92160K, used 40047K [0x0000000704400000, 0x0000000800000000)
  region size 2048K, 3 young (6144K), 3 survivors (6144K)
 Metaspace       used 59891K, committed 60480K, reserved 1114112K
  class space    used 7890K, committed 8192K, reserved 1048576K
}
Event: 19.257 GC heap before
{Heap before GC invocations=15 (full 0):
 garbage-first heap   total 92160K, used 76911K [0x0000000704400000, 0x0000000800000000)
  region size 2048K, 21 young (43008K), 3 survivors (6144K)
 Metaspace       used 68216K, committed 68928K, reserved 1114112K
  class space    used 9222K, committed 9536K, reserved 1048576K
}
Event: 19.262 GC heap after
{Heap after GC invocations=16 (full 0):
 garbage-first heap   total 92160K, used 42674K [0x0000000704400000, 0x0000000800000000)
  region size 2048K, 2 young (4096K), 2 survivors (4096K)
 Metaspace       used 68216K, committed 68928K, reserved 1114112K
  class space    used 9222K, committed 9536K, reserved 1048576K
}

Dll operation events (13 events):
Event: 0.012 Loaded shared library C:\Users\Cong\.jdks\ms-21.0.6\bin\java.dll
Event: 0.058 Loaded shared library C:\Users\Cong\.jdks\ms-21.0.6\bin\jsvml.dll
Event: 0.266 Loaded shared library C:\Users\Cong\.jdks\ms-21.0.6\bin\zip.dll
Event: 0.272 Loaded shared library C:\Users\Cong\.jdks\ms-21.0.6\bin\instrument.dll
Event: 0.281 Loaded shared library C:\Users\Cong\.jdks\ms-21.0.6\bin\net.dll
Event: 0.284 Loaded shared library C:\Users\Cong\.jdks\ms-21.0.6\bin\nio.dll
Event: 0.290 Loaded shared library C:\Users\Cong\.jdks\ms-21.0.6\bin\zip.dll
Event: 0.660 Loaded shared library C:\Users\Cong\.jdks\ms-21.0.6\bin\extnet.dll
Event: 0.757 Loaded shared library C:\Users\Cong\.jdks\ms-21.0.6\bin\jimage.dll
Event: 1.726 Loaded shared library C:\Users\Cong\.jdks\ms-21.0.6\bin\management.dll
Event: 1.731 Loaded shared library C:\Users\Cong\.jdks\ms-21.0.6\bin\management_ext.dll
Event: 4.986 Loaded shared library C:\Users\Cong\.jdks\ms-21.0.6\bin\sunmscapi.dll
Event: 12.833 Loaded shared library C:\Users\Cong\.jdks\ms-21.0.6\bin\verify.dll

Deoptimization events (20 events):
Event: 19.990 Thread 0x00000210dda2cd20 Uncommon trap: trap_request=0xffffff45 fr.pc=0x000002109057904c relative=0x000000000000010c
Event: 19.990 Thread 0x00000210dda2cd20 Uncommon trap: reason=unstable_if action=reinterpret pc=0x000002109057904c method=sun.reflect.annotation.AnnotationType.invocationHandlerReturnType(Ljava/lang/Class;)Ljava/lang/Class; @ 24 c2
Event: 19.990 Thread 0x00000210dda2cd20 DEOPT PACKING pc=0x000002109057904c sp=0x000000bd3b0f7880
Event: 19.990 Thread 0x00000210dda2cd20 DEOPT UNPACKING pc=0x000002108fba7da2 sp=0x000000bd3b0f7818 mode 2
Event: 20.019 Thread 0x00000210dda2cd20 Uncommon trap: trap_request=0xffffff45 fr.pc=0x0000021090416ac8 relative=0x0000000000003f68
Event: 20.019 Thread 0x00000210dda2cd20 Uncommon trap: reason=unstable_if action=reinterpret pc=0x0000021090416ac8 method=org.springframework.boot.context.properties.source.ConfigurationPropertyName$ElementsParser.isAlpha(C)Z @ 9 c2
Event: 20.019 Thread 0x00000210dda2cd20 DEOPT PACKING pc=0x0000021090416ac8 sp=0x000000bd3b0f87b0
Event: 20.019 Thread 0x00000210dda2cd20 DEOPT UNPACKING pc=0x000002108fba7da2 sp=0x000000bd3b0f8658 mode 2
Event: 20.019 Thread 0x00000210dda2cd20 Uncommon trap: trap_request=0xffffff45 fr.pc=0x0000021090280ed4 relative=0x0000000000000214
Event: 20.019 Thread 0x00000210dda2cd20 Uncommon trap: reason=unstable_if action=reinterpret pc=0x0000021090280ed4 method=org.springframework.boot.context.properties.source.ConfigurationPropertyName$ElementsParser.isAlpha(C)Z @ 9 c2
Event: 20.019 Thread 0x00000210dda2cd20 DEOPT PACKING pc=0x0000021090280ed4 sp=0x000000bd3b0f8770
Event: 20.019 Thread 0x00000210dda2cd20 DEOPT UNPACKING pc=0x000002108fba7da2 sp=0x000000bd3b0f8650 mode 2
Event: 20.242 Thread 0x00000210dda2cd20 Uncommon trap: trap_request=0xffffffde fr.pc=0x0000021090376e14 relative=0x0000000000000174
Event: 20.242 Thread 0x00000210dda2cd20 Uncommon trap: reason=class_check action=maybe_recompile pc=0x0000021090376e14 method=java.lang.reflect.Method.equals(Ljava/lang/Object;)Z @ 1 c2
Event: 20.242 Thread 0x00000210dda2cd20 DEOPT PACKING pc=0x0000021090376e14 sp=0x000000bd3b0fa870
Event: 20.242 Thread 0x00000210dda2cd20 DEOPT UNPACKING pc=0x000002108fba7da2 sp=0x000000bd3b0fa7f8 mode 2
Event: 20.242 Thread 0x00000210dda2cd20 Uncommon trap: trap_request=0xffffffde fr.pc=0x0000021090376e14 relative=0x0000000000000174
Event: 20.242 Thread 0x00000210dda2cd20 Uncommon trap: reason=class_check action=maybe_recompile pc=0x0000021090376e14 method=java.lang.reflect.Method.equals(Ljava/lang/Object;)Z @ 1 c2
Event: 20.242 Thread 0x00000210dda2cd20 DEOPT PACKING pc=0x0000021090376e14 sp=0x000000bd3b0fa870
Event: 20.242 Thread 0x00000210dda2cd20 DEOPT UNPACKING pc=0x000002108fba7da2 sp=0x000000bd3b0fa7f8 mode 2

Classes loaded (20 events):
Event: 19.511 Loading class java/util/AbstractMap$SimpleEntry
Event: 19.511 Loading class java/util/AbstractMap$SimpleEntry done
Event: 19.598 Loading class java/util/function/DoubleSupplier
Event: 19.598 Loading class java/util/function/DoubleSupplier done
Event: 19.628 Loading class java/util/WeakHashMap$KeyIterator
Event: 19.629 Loading class java/util/WeakHashMap$HashIterator
Event: 19.629 Loading class java/util/WeakHashMap$HashIterator done
Event: 19.629 Loading class java/util/WeakHashMap$KeyIterator done
Event: 19.629 Loading class java/util/WeakHashMap$EntrySet
Event: 19.629 Loading class java/util/WeakHashMap$EntrySet done
Event: 19.630 Loading class java/util/WeakHashMap$EntryIterator
Event: 19.630 Loading class java/util/WeakHashMap$EntryIterator done
Event: 19.760 Loading class java/time/DurationEditor
Event: 19.760 Loading class java/time/DurationEditor done
Event: 19.937 Loading class java/util/Collections$SynchronizedRandomAccessList
Event: 19.937 Loading class java/util/Collections$SynchronizedList
Event: 19.937 Loading class java/util/Collections$SynchronizedList done
Event: 19.937 Loading class java/util/Collections$SynchronizedRandomAccessList done
Event: 20.513 Loading class java/util/regex/PatternSyntaxException
Event: 20.513 Loading class java/util/regex/PatternSyntaxException done

Classes unloaded (0 events):
No events

Classes redefined (0 events):
No events

Internal exceptions (20 events):
Event: 18.928 Thread 0x00000210dda2cd20 Exception <a 'java/lang/NoSuchMethodError'{0x0000000708745e88}: 'java.lang.Object java.lang.invoke.DirectMethodHandle$Holder.invokeSpecial(java.lang.Object, java.lang.Object, int, java.lang.Object, int)'> (0x0000000708745e88) 
thrown [s\src\hotspot\share\interpreter\linkResolver.cpp, line 773]
Event: 18.968 Thread 0x00000210dda2cd20 Implicit null exception at 0x0000021090561077 to 0x00000210905612e0
Event: 19.013 Thread 0x00000210dda2cd20 Implicit null exception at 0x000002109056c0a6 to 0x000002109056e430
Event: 19.027 Thread 0x00000210dda2cd20 Exception <a 'java/lang/IncompatibleClassChangeError'{0x0000000707a374e0}: Found class java.lang.Object, but interface was expected> (0x0000000707a374e0) 
thrown [s\src\hotspot\share\interpreter\linkResolver.cpp, line 840]
Event: 19.101 Thread 0x00000210dda2cd20 Exception <a 'java/lang/IncompatibleClassChangeError'{0x0000000707bcea10}: Found class java.lang.Object, but interface was expected> (0x0000000707bcea10) 
thrown [s\src\hotspot\share\interpreter\linkResolver.cpp, line 840]
Event: 19.200 Thread 0x00000210dda2cd20 Exception <a 'java/lang/IncompatibleClassChangeError'{0x00000007077543d8}: Found class java.lang.Object, but interface was expected> (0x00000007077543d8) 
thrown [s\src\hotspot\share\interpreter\linkResolver.cpp, line 840]
Event: 19.339 Thread 0x00000210dda2cd20 Exception <a 'java/lang/IncompatibleClassChangeError'{0x0000000713c91d08}: Found class java.lang.Object, but interface was expected> (0x0000000713c91d08) 
thrown [s\src\hotspot\share\interpreter\linkResolver.cpp, line 840]
Event: 19.340 Thread 0x00000210dda2cd20 Exception <a 'java/lang/IncompatibleClassChangeError'{0x0000000713c97460}: Found class java.lang.Object, but interface was expected> (0x0000000713c97460) 
thrown [s\src\hotspot\share\interpreter\linkResolver.cpp, line 840]
Event: 19.422 Thread 0x00000210dda2cd20 Exception <a 'java/lang/IncompatibleClassChangeError'{0x0000000711d7eb40}: Found class java.lang.Object, but interface was expected> (0x0000000711d7eb40) 
thrown [s\src\hotspot\share\interpreter\linkResolver.cpp, line 840]
Event: 19.484 Thread 0x00000210dda2cd20 Exception <a 'java/lang/NoSuchMethodError'{0x00000007118ba390}: 'java.lang.Object java.lang.invoke.DirectMethodHandle$Holder.invokeInterface(java.lang.Object, java.lang.Object, java.lang.Object, java.lang.Object)'> (0x00000007118ba390) 
thrown [s\src\hotspot\share\interpreter\linkResolver.cpp, line 773]
Event: 19.491 Thread 0x00000210dda2cd20 Exception <a 'java/lang/IncompatibleClassChangeError'{0x0000000711932398}: Found class java.lang.Object, but interface was expected> (0x0000000711932398) 
thrown [s\src\hotspot\share\interpreter\linkResolver.cpp, line 840]
Event: 19.552 Thread 0x00000210dda2cd20 Exception <a 'java/lang/NoSuchMethodError'{0x0000000709061210}: 'void java.lang.invoke.Invokers$Holder.invokeExact_MT(java.lang.Object, java.lang.Object, java.lang.Object, java.lang.Object)'> (0x0000000709061210) 
thrown [s\src\hotspot\share\interpreter\linkResolver.cpp, line 773]
Event: 19.565 Thread 0x00000210dda2cd20 Exception <a 'java/lang/IncompatibleClassChangeError'{0x00000007090e7e80}: Found class java.lang.Object, but interface was expected> (0x00000007090e7e80) 
thrown [s\src\hotspot\share\interpreter\linkResolver.cpp, line 840]
Event: 19.585 Thread 0x00000210dda2cd20 Exception <a 'java/lang/NoSuchMethodError'{0x0000000709151028}: 'java.lang.Object java.lang.invoke.DirectMethodHandle$Holder.newInvokeSpecial(java.lang.Object, java.lang.Object, java.lang.Object, long)'> (0x0000000709151028) 
thrown [s\src\hotspot\share\interpreter\linkResolver.cpp, line 773]
Event: 19.585 Thread 0x00000210dda2cd20 Exception <a 'java/lang/NoSuchMethodError'{0x0000000709155330}: 'java.lang.Object java.lang.invoke.DirectMethodHandle$Holder.invokeSpecial(java.lang.Object, java.lang.Object, java.lang.Object, java.lang.Object, long)'> (0x0000000709155330) 
thrown [s\src\hotspot\share\interpreter\linkResolver.cpp, line 773]
Event: 19.586 Thread 0x00000210dda2cd20 Exception <a 'java/lang/NoSuchMethodError'{0x0000000709158ef8}: 'java.lang.Object java.lang.invoke.Invokers$Holder.linkToTargetMethod(java.lang.Object, java.lang.Object, long, java.lang.Object)'> (0x0000000709158ef8) 
thrown [s\src\hotspot\share\interpreter\linkResolver.cpp, line 773]
Event: 19.607 Thread 0x00000210dda2cd20 Exception <a 'java/lang/NoSuchMethodError'{0x00000007091e6f90}: 'long java.lang.invoke.DirectMethodHandle$Holder.invokeStatic(java.lang.Object, java.lang.Object, int)'> (0x00000007091e6f90) 
thrown [s\src\hotspot\share\interpreter\linkResolver.cpp, line 773]
Event: 19.608 Thread 0x00000210dda2cd20 Exception <a 'java/lang/NoSuchMethodError'{0x00000007091f10b8}: 'void java.lang.invoke.DelegatingMethodHandle$Holder.reinvoke_L(java.lang.Object, java.lang.Object, long)'> (0x00000007091f10b8) 
thrown [s\src\hotspot\share\interpreter\linkResolver.cpp, line 773]
Event: 19.806 Thread 0x00000210dda2cd20 Exception <a 'java/lang/NoSuchMethodError'{0x0000000708a8d228}: 'java.lang.Object java.lang.invoke.DirectMethodHandle$Holder.newInvokeSpecial(java.lang.Object, java.lang.Object, java.lang.Object, java.lang.Object, java.lang.Object, java.lang.Object, java.lang.Object, java.lang.Object)'> (0x0000000708a8d228) 
thrown [s\src\hotspot\share\interpreter\linkResolver.cpp, line 773]
Event: 20.171 Thread 0x00000210dda2cd20 Exception <a 'java/lang/NoSuchMethodError'{0x00000007087c9ac0}: 'java.lang.Object java.lang.invoke.DirectMethodHandle$Holder.invokeVirtual(java.lang.Object, java.lang.Object, java.lang.Object, java.lang.Object, java.lang.Object, java.lang.Object, java.lang.Object)'> (0x00000007087c9ac0) 
thrown [s\src\hotspot\share\interpreter\linkResolver.cpp, line 773]

ZGC Phase Switch (0 events):
No events

VM Operations (20 events):
Event: 16.392 Executing VM operation: HandshakeAllThreads (Deoptimize)
Event: 16.392 Executing VM operation: HandshakeAllThreads (Deoptimize) done
Event: 16.509 Executing VM operation: HandshakeAllThreads (Deoptimize)
Event: 16.509 Executing VM operation: HandshakeAllThreads (Deoptimize) done
Event: 17.499 Executing VM operation: ICBufferFull
Event: 17.500 Executing VM operation: ICBufferFull done
Event: 18.500 Executing VM operation: Cleanup
Event: 18.858 Executing VM operation: Cleanup done
Event: 18.894 Executing VM operation: HandshakeAllThreads (Deoptimize)
Event: 18.894 Executing VM operation: HandshakeAllThreads (Deoptimize) done
Event: 19.210 Executing VM operation: HandshakeAllThreads (Deoptimize)
Event: 19.210 Executing VM operation: HandshakeAllThreads (Deoptimize) done
Event: 19.211 Executing VM operation: HandshakeAllThreads (Deoptimize)
Event: 19.212 Executing VM operation: HandshakeAllThreads (Deoptimize) done
Event: 19.257 Executing VM operation: G1CollectForAllocation (G1 Evacuation Pause)
Event: 19.262 Executing VM operation: G1CollectForAllocation (G1 Evacuation Pause) done
Event: 20.023 Executing VM operation: ICBufferFull
Event: 20.023 Executing VM operation: ICBufferFull done
Event: 21.026 Executing VM operation: Cleanup
Event: 21.026 Executing VM operation: Cleanup done

Memory protections (0 events):
No events

Nmethod flushes (20 events):
Event: 16.368 Thread 0x00000210ff60f920 flushing  nmethod 0x0000021088c5f790
Event: 16.368 Thread 0x00000210ff60f920 flushing  nmethod 0x0000021088c7a110
Event: 16.368 Thread 0x00000210ff60f920 flushing  nmethod 0x0000021088c7b990
Event: 16.368 Thread 0x00000210ff60f920 flushing  nmethod 0x0000021088c7e410
Event: 16.368 Thread 0x00000210ff60f920 flushing  nmethod 0x0000021088c85210
Event: 16.368 Thread 0x00000210ff60f920 flushing  nmethod 0x0000021088c85f10
Event: 16.368 Thread 0x00000210ff60f920 flushing  nmethod 0x0000021088c8af90
Event: 16.368 Thread 0x00000210ff60f920 flushing  nmethod 0x0000021088ca9190
Event: 16.368 Thread 0x00000210ff60f920 flushing  nmethod 0x0000021088caa190
Event: 16.368 Thread 0x00000210ff60f920 flushing  nmethod 0x0000021088cae990
Event: 16.368 Thread 0x00000210ff60f920 flushing  nmethod 0x0000021088d24490
Event: 16.368 Thread 0x00000210ff60f920 flushing  nmethod 0x0000021088d3fe90
Event: 16.368 Thread 0x00000210ff60f920 flushing  nmethod 0x0000021088d55490
Event: 16.368 Thread 0x00000210ff60f920 flushing  nmethod 0x0000021088d58710
Event: 16.368 Thread 0x00000210ff60f920 flushing  nmethod 0x0000021088d58e90
Event: 16.368 Thread 0x00000210ff60f920 flushing  nmethod 0x0000021088e7f090
Event: 16.368 Thread 0x00000210ff60f920 flushing  nmethod 0x0000021088e84990
Event: 16.368 Thread 0x00000210ff60f920 flushing  nmethod 0x0000021088ec7890
Event: 16.368 Thread 0x00000210ff60f920 flushing  nmethod 0x0000021088ec9790
Event: 16.368 Thread 0x00000210ff60f920 flushing  nmethod 0x0000021088ecb010

Events (20 events):
Event: 8.596 Thread 0x00000210ff64afb0 Thread added: 0x00000210df60a540
Event: 9.756 Thread 0x00000210df60a540 Thread exited: 0x00000210df60a540
Event: 9.760 Thread 0x00000210978a3c50 Thread exited: 0x00000210978a3c50
Event: 9.841 Thread 0x00000210ff64afb0 Thread added: 0x0000021097994370
Event: 9.857 Thread 0x00000210ff64afb0 Thread added: 0x00000210dde12b90
Event: 11.523 Thread 0x00000210dda2cd20 Thread added: 0x00000210e20b8660
Event: 11.525 Thread 0x00000210e20b8660 Thread added: 0x00000210e20b9380
Event: 11.531 Thread 0x00000210dda2cd20 Thread added: 0x00000210e20b8cf0
Event: 11.609 Thread 0x00000210dda2cd20 Thread added: 0x00000210e20badc0
Event: 12.158 Thread 0x00000210dde12b90 Thread exited: 0x00000210dde12b90
Event: 12.787 Thread 0x0000021097994370 Thread exited: 0x0000021097994370
Event: 14.083 Thread 0x00000210dda2cd20 Thread added: 0x00000210e20b9a10
Event: 14.199 Thread 0x00000210e20b9a10 Thread added: 0x00000210e20bb450
Event: 14.251 Thread 0x00000210ff64afb0 Thread added: 0x00000210e0ca73a0
Event: 14.476 Thread 0x00000210e0ca73a0 Thread exited: 0x00000210e0ca73a0
Event: 18.977 Thread 0x00000210ff64afb0 Thread added: 0x00000210dd76d8a0
Event: 18.977 Thread 0x00000210ff64afb0 Thread added: 0x00000210dd87bae0
Event: 19.232 Thread 0x00000210dd87bae0 Thread exited: 0x00000210dd87bae0
Event: 19.727 Thread 0x00000210e20bb450 Thread exited: 0x00000210e20bb450
Event: 19.728 Thread 0x00000210ff64afb0 Thread added: 0x00000210deb91f50


Dynamic libraries:
0x00007ff70c900000 - 0x00007ff70c90e000 	C:\Users\Cong\.jdks\ms-21.0.6\bin\java.exe
0x00007ffb34580000 - 0x00007ffb347e8000 	C:\WINDOWS\SYSTEM32\ntdll.dll
0x00007ffb329d0000 - 0x00007ffb32a99000 	C:\WINDOWS\System32\KERNEL32.DLL
0x00007ffb31b40000 - 0x00007ffb31f2d000 	C:\WINDOWS\System32\KERNELBASE.dll
0x00007ffb31810000 - 0x00007ffb3195b000 	C:\WINDOWS\System32\ucrtbase.dll
0x00007ffae8bd0000 - 0x00007ffae8bed000 	C:\Users\Cong\.jdks\ms-21.0.6\bin\VCRUNTIME140.dll
0x00007ffb16b70000 - 0x00007ffb16b88000 	C:\Users\Cong\.jdks\ms-21.0.6\bin\jli.dll
0x00007ffb33870000 - 0x00007ffb33a3c000 	C:\WINDOWS\System32\USER32.dll
0x00007ffb32170000 - 0x00007ffb32197000 	C:\WINDOWS\System32\win32u.dll
0x00007ffafd6b0000 - 0x00007ffafd94a000 	C:\WINDOWS\WinSxS\amd64_microsoft.windows.common-controls_6595b64144ccf1df_6.0.26100.4484_none_3e0e6d4ce32ef3b3\COMCTL32.dll
0x00007ffb32e20000 - 0x00007ffb32e4b000 	C:\WINDOWS\System32\GDI32.dll
0x00007ffb316d0000 - 0x00007ffb31807000 	C:\WINDOWS\System32\gdi32full.dll
0x00007ffb337c0000 - 0x00007ffb33869000 	C:\WINDOWS\System32\msvcrt.dll
0x00007ffb31a90000 - 0x00007ffb31b33000 	C:\WINDOWS\System32\msvcp_win.dll
0x00007ffb32990000 - 0x00007ffb329bf000 	C:\WINDOWS\System32\IMM32.DLL
0x00007ffb26680000 - 0x00007ffb2668c000 	C:\Users\Cong\.jdks\ms-21.0.6\bin\vcruntime140_1.dll
0x00007ffabb520000 - 0x00007ffabb5ad000 	C:\Users\Cong\.jdks\ms-21.0.6\bin\msvcp140.dll
0x00007ffaaadd0000 - 0x00007ffaabb68000 	C:\Users\Cong\.jdks\ms-21.0.6\bin\server\jvm.dll
0x00007ffb328c0000 - 0x00007ffb32974000 	C:\WINDOWS\System32\ADVAPI32.dll
0x00007ffb32d70000 - 0x00007ffb32e16000 	C:\WINDOWS\System32\sechost.dll
0x00007ffb32e50000 - 0x00007ffb32f68000 	C:\WINDOWS\System32\RPCRT4.dll
0x00007ffb33a40000 - 0x00007ffb33ab4000 	C:\WINDOWS\System32\WS2_32.dll
0x00007ffb31520000 - 0x00007ffb3157e000 	C:\WINDOWS\SYSTEM32\POWRPROF.dll
0x00007ffb1e800000 - 0x00007ffb1e80b000 	C:\WINDOWS\SYSTEM32\VERSION.dll
0x00007ffb23c60000 - 0x00007ffb23c95000 	C:\WINDOWS\SYSTEM32\WINMM.dll
0x00007ffb31500000 - 0x00007ffb31514000 	C:\WINDOWS\SYSTEM32\UMPDC.dll
0x00007ffb30470000 - 0x00007ffb3048b000 	C:\WINDOWS\SYSTEM32\kernel.appcore.dll
0x00007ffb16f50000 - 0x00007ffb16f5a000 	C:\Users\Cong\.jdks\ms-21.0.6\bin\jimage.dll
0x00007ffb2ed70000 - 0x00007ffb2efb1000 	C:\WINDOWS\SYSTEM32\DBGHELP.DLL
0x00007ffb324b0000 - 0x00007ffb32836000 	C:\WINDOWS\System32\combase.dll
0x00007ffb32c80000 - 0x00007ffb32d60000 	C:\WINDOWS\System32\OLEAUT32.dll
0x00007ffb17340000 - 0x00007ffb17383000 	C:\WINDOWS\SYSTEM32\dbgcore.DLL
0x00007ffb319f0000 - 0x00007ffb31a89000 	C:\WINDOWS\System32\bcryptPrimitives.dll
0x00007ffb15e70000 - 0x00007ffb15e7f000 	C:\Users\Cong\.jdks\ms-21.0.6\bin\instrument.dll
0x00007ffae6bc0000 - 0x00007ffae6be0000 	C:\Users\Cong\.jdks\ms-21.0.6\bin\java.dll
0x00007ffb32f70000 - 0x00007ffb336ba000 	C:\WINDOWS\System32\SHELL32.dll
0x00007ffb321a0000 - 0x00007ffb32314000 	C:\WINDOWS\System32\wintypes.dll
0x00007ffb2f2e0000 - 0x00007ffb2fb3b000 	C:\WINDOWS\SYSTEM32\windows.storage.dll
0x00007ffb336c0000 - 0x00007ffb337b5000 	C:\WINDOWS\System32\SHCORE.dll
0x00007ffb32850000 - 0x00007ffb328ba000 	C:\WINDOWS\System32\shlwapi.dll
0x00007ffb315e0000 - 0x00007ffb3160f000 	C:\WINDOWS\SYSTEM32\profapi.dll
0x00007ffab51e0000 - 0x00007ffab52b7000 	C:\Users\Cong\.jdks\ms-21.0.6\bin\jsvml.dll
0x00007ffad2870000 - 0x00007ffad2888000 	C:\Users\Cong\.jdks\ms-21.0.6\bin\zip.dll
0x00007ffb16a90000 - 0x00007ffb16aa0000 	C:\Users\Cong\.jdks\ms-21.0.6\bin\net.dll
0x00007ffb26b40000 - 0x00007ffb26c5e000 	C:\WINDOWS\SYSTEM32\WINHTTP.dll
0x00007ffb30a00000 - 0x00007ffb30a6a000 	C:\WINDOWS\system32\mswsock.dll
0x00007ffad53a0000 - 0x00007ffad53b6000 	C:\Users\Cong\.jdks\ms-21.0.6\bin\nio.dll
0x00007ffafc840000 - 0x00007ffafc849000 	C:\Users\Cong\.jdks\ms-21.0.6\bin\extnet.dll
0x00007ffafb170000 - 0x00007ffafb17a000 	C:\Users\Cong\.jdks\ms-21.0.6\bin\management.dll
0x00007ffaef760000 - 0x00007ffaef76b000 	C:\Users\Cong\.jdks\ms-21.0.6\bin\management_ext.dll
0x00007ffb33d60000 - 0x00007ffb33d68000 	C:\WINDOWS\System32\PSAPI.DLL
0x00007ffb2fe60000 - 0x00007ffb2fe93000 	C:\WINDOWS\SYSTEM32\IPHLPAPI.DLL
0x00007ffb323a0000 - 0x00007ffb323aa000 	C:\WINDOWS\System32\NSI.dll
0x00007ffb2fef0000 - 0x00007ffb30016000 	C:\WINDOWS\SYSTEM32\DNSAPI.dll
0x00007ffb23ae0000 - 0x00007ffb23aeb000 	C:\Windows\System32\rasadhlp.dll
0x00007ffb274a0000 - 0x00007ffb27526000 	C:\WINDOWS\System32\fwpuclnt.dll
0x00007ffb15990000 - 0x00007ffb1599e000 	C:\Users\Cong\.jdks\ms-21.0.6\bin\sunmscapi.dll
0x00007ffb31ff0000 - 0x00007ffb32167000 	C:\WINDOWS\System32\CRYPT32.dll
0x00007ffb30ed0000 - 0x00007ffb30f00000 	C:\WINDOWS\SYSTEM32\ncrypt.dll
0x00007ffb30e80000 - 0x00007ffb30ebf000 	C:\WINDOWS\SYSTEM32\NTASN1.dll
0x00007ffb30cb0000 - 0x00007ffb30ccb000 	C:\WINDOWS\SYSTEM32\CRYPTSP.dll
0x00007ffb303d0000 - 0x00007ffb3040b000 	C:\WINDOWS\system32\rsaenh.dll
0x00007ffb30aa0000 - 0x00007ffb30acb000 	C:\WINDOWS\SYSTEM32\USERENV.dll
0x00007ffb315b0000 - 0x00007ffb315d6000 	C:\WINDOWS\SYSTEM32\bcrypt.dll
0x00007ffb30cd0000 - 0x00007ffb30cdc000 	C:\WINDOWS\SYSTEM32\CRYPTBASE.dll
0x00007ffae8630000 - 0x00007ffae8640000 	C:\Users\Cong\.jdks\ms-21.0.6\bin\verify.dll

dbghelp: loaded successfully - version: 4.0.5 - missing functions: none
symbol engine: initialized successfully - sym options: 0x614 - pdb path: .;C:\Users\Cong\.jdks\ms-21.0.6\bin;C:\WINDOWS\SYSTEM32;C:\WINDOWS\WinSxS\amd64_microsoft.windows.common-controls_6595b64144ccf1df_6.0.26100.4484_none_3e0e6d4ce32ef3b3;C:\Users\Cong\.jdks\ms-21.0.6\bin\server

VM Arguments:
jvm_args: -javaagent:C:\Program Files\JetBrains\IntelliJ IDEA Community Edition 2024.3.4.1\lib\idea_rt.jar=54971 -Dfile.encoding=UTF-8 -Dsun.stdout.encoding=UTF-8 -Dsun.stderr.encoding=UTF-8 
java_command: com.example.identity_service.IdentityServiceApplication
java_class_path (initial): E:\DoAnUDPT\DistributedSystem-Clinic\backend\identity-service\target\classes;C:\Users\Cong\.m2\repository\org\springframework\boot\spring-boot-starter-actuator\3.5.3\spring-boot-starter-actuator-3.5.3.jar;C:\Users\Cong\.m2\repository\org\springframework\boot\spring-boot-starter\3.5.3\spring-boot-starter-3.5.3.jar;C:\Users\Cong\.m2\repository\org\springframework\boot\spring-boot-starter-logging\3.5.3\spring-boot-starter-logging-3.5.3.jar;C:\Users\Cong\.m2\repository\ch\qos\logback\logback-classic\1.5.18\logback-classic-1.5.18.jar;C:\Users\Cong\.m2\repository\ch\qos\logback\logback-core\1.5.18\logback-core-1.5.18.jar;C:\Users\Cong\.m2\repository\org\apache\logging\log4j\log4j-to-slf4j\2.24.3\log4j-to-slf4j-2.24.3.jar;C:\Users\Cong\.m2\repository\org\apache\logging\log4j\log4j-api\2.24.3\log4j-api-2.24.3.jar;C:\Users\Cong\.m2\repository\org\slf4j\jul-to-slf4j\2.0.17\jul-to-slf4j-2.0.17.jar;C:\Users\Cong\.m2\repository\jakarta\annotation\jakarta.annotation-api\2.1.1\jakarta.annotation-api-2.1.1.jar;C:\Users\Cong\.m2\repository\org\yaml\snakeyaml\2.4\snakeyaml-2.4.jar;C:\Users\Cong\.m2\repository\org\springframework\boot\spring-boot-actuator-autoconfigure\3.5.3\spring-boot-actuator-autoconfigure-3.5.3.jar;C:\Users\Cong\.m2\repository\org\springframework\boot\spring-boot-actuator\3.5.3\spring-boot-actuator-3.5.3.jar;C:\Users\Cong\.m2\repository\com\fasterxml\jackson\datatype\jackson-datatype-jsr310\2.19.1\jackson-datatype-jsr310-2.19.1.jar;C:\Users\Cong\.m2\repository\io\micrometer\micrometer-observation\1.15.1\micrometer-observation-1.15.1.jar;C:\Users\Cong\.m2\repository\io\micrometer\micrometer-commons\1.15.1\micrometer-commons-1.15.1.jar;C:\Users\Cong\.m2\repository\io\micrometer\micrometer-jakarta9\1.15.1\micrometer-jakarta9-1.15.1.jar;C:\Users\Cong\.m2\repository\io\micrometer\micrometer-core\1.15.1\micrometer-core-1.15.1.jar;C:\Users\Cong\.m2\repository\org\hdrhistogram\HdrHistogram\2.2.2\HdrHistogram-2.2.2.jar;C:\Users\Cong\.m2\repository\org\latencyutils\LatencyUtils\2.0.3\LatencyUtils-2.0.3.jar;C:\Users\Cong\.m2\repository\org\springframework\boot\spring-boot-starter-data-jpa\3.5.3\spring-boot-starter-data-jpa-3.5.3.jar;C:\Users\Cong\.m2\repository\org\springframework\boot\spring-boot-starter-jdbc\3.5.3\spring-boot-starter-jdbc-3.5.3.jar;C:\Users\Cong\.m2\repository\com\zaxxer\HikariCP\6.3.0\HikariCP-6.3.0.jar;C:\Users\Cong\.m2\repository\org\springframework\spring-jdbc\6.2.8\spring-jdbc-6.2.8.jar;C:\Users\Cong\.m2\repository\org\hibernate\orm\hibernate-core\6.6.18.Final\hibernate-core-6.6.18.Final.jar;C:\Users\Cong\.m2\repository\jakarta\persistence\jakarta.persistence-api\3.1.0\jakarta.persistence-api-3.1.0.jar;C:\Users\Cong\.m2\repository\jakarta\transaction\jakarta.transaction-api\2.0.1\jakarta.transaction-api-2.0.1.jar;C:\Users\Cong\.m2\repository\org\jboss\logging\jboss-logging\3.6.1.Final\jboss-logging-3.6.1.Final.jar;C:\Users\Cong\.m2\repository\org\hibernate\common\hibernate-commons-annotations\7.0.3.Final\hibernate-commons-annotations-7.0.3.Final.jar;C:\Users\Cong\.m2\repository\io\smallrye\jandex\3.2.0\jandex-3.2.0.jar;C:\Users\Cong\.m2\repository\com\fasterxml\classmate\1.7.0\classmate-1.7.0.jar;C:\Users\Cong\.m2\repository\net\bytebuddy\byte-buddy\1.17.6\byte-buddy-1.17.6.jar;C:\Users\Cong\.m2\repository\org\glassfish\jaxb\jaxb-runtime\4.0.5\jaxb-runtime-4.0.5.jar;C:\Users\Cong\.m2\repository\org\glassfish\jaxb\jaxb-core\4.0.5\jaxb-core-4.0.5.jar;C:\Users\Cong\.m2\repository\org\eclipse\angus\angus-activation\2.0.2\angus-activation-2.0.2.jar;C:\Users\Cong\.m2\repository\org\glassfish\jaxb\txw2\4.0.5\txw2-4.0.5.jar;C:\Users\Cong\.m2\repository\com\sun\istack\istack-commons-runtime\4.1.2\istack-commons-runtime-4.1.2.jar;C:\Users\Cong\.m2\repository\jakarta\inject\jakarta.inject-api\2.0.1\jakarta.inject-api-2.0.1.jar;C:\Users\Cong\.m2\repository\org\antlr\antlr4-runtime\4.13.0\antlr4-runtime-4.13.0.jar;C:\Users\Cong\.m2\repository\org\springframework\data\spring-data-jpa\3.5.1\spring-data-jpa-3.5.1.jar;C:\Users\Cong\.m2\repository\org\springframework\data\spring-data-commons\3.5.1\spring-data-commons-3.5.1.jar;C:\Users\Cong\.m2\repository\org\springframework\spring-orm\6.2.8\spring-orm-6.2.8.jar;C:\Users\Cong\.m2\repository\org\springframework\spring-context\6.2.8\spring-context-6.2.8.jar;C:\Users\Cong\.m2\repository\org\springframework\spring-tx\6.2.8\spring-tx-6.2.8.jar;C:\Users\Cong\.m2\repository\org\springframework\spring-beans\6.2.8\spring-beans-6.2.8.jar;C:\Users\Cong\.m2\repository\org\slf4j\slf4j-api\2.0.17\slf4j-api-2.0.17.jar;C:\Users\Cong\.m2\repository\org\springframework\spring-aspects\6.2.8\spring-aspects-6.2.8.jar;C:\Users\Cong\.m2\repository\org\aspectj\aspectjweaver\1.9.24\aspectjweaver-1.9.24.jar;C:\Users\Cong\.m2\repository\org\springframework\boot\spring-boot-starter-oauth2-resource-server\3.5.3\spring-boot-starter-oauth2-resource-server-3.5.3.jar;C:\Users\Cong\.m2\repository\org\springframework\security\spring-security-config\6.5.1\spring-security-config-6.5.1.jar;C:\Users\Cong\.m2\repository\org\springframework\security\spring-security-core\6.5.1\spring-security-core-6.5.1.jar;C:\Users\Cong\.m2\repository\org\springframework\security\spring-security-crypto\6.5.1\spring-security-crypto-6.5.1.jar;C:\Users\Cong\.m2\repository\org\springframework\spring-expression\6.2.8\spring-expression-6.2.8.jar;C:\Users\Cong\.m2\repository\org\springframework\security\spring-security-oauth2-resource-server\6.5.1\spring-security-oauth2-resource-server-6.5.1.jar;C:\Users\Cong\.m2\repository\org\springframework\security\spring-security-oauth2-core\6.5.1\spring-security-oauth2-core-6.5.1.jar;C:\Users\Cong\.m2\repository\org\springframework\security\spring-security-oauth2-jose\6.5.1\spring-security-oauth2-jose-6.5.1.jar;C:\Users\Cong\.m2\repository\org\springframework\boot\spring-boot-starter-security\3.5.3\spring-boot-starter-security-3.5.3.jar;C:\Users\Cong\.m2\repository\org\springframework\spring-aop\6.2.8\spring-aop-6.2.8.jar;C:\Users\Cong\.m2\repository\org\springframework\security\spring-security-web\6.5.1\spring-security-web-6.5.1.jar;C:\Users\Cong\.m2\repository\org\springframework\boot\spring-boot-starter-web\3.5.3\spring-boot-starter-web-3.5.3.jar;C:\Users\Cong\.m2\repository\org\springframework\boot\spring-boot-starter-json\3.5.3\spring-boot-starter-json-3.5.3.jar;C:\Users\Cong\.m2\repository\com\fasterxml\jackson\datatype\jackson-datatype-jdk8\2.19.1\jackson-datatype-jdk8-2.19.1.jar;C:\Users\Cong\.m2\repository\com\fasterxml\jackson\module\jackson-module-parameter-names\2.19.1\jackson-module-parameter-names-2.19.1.jar;C:\Users\Cong\.m2\repository\org\springframework\boot\spring-boot-starter-tomcat\3.5.3\spring-boot-starter-tomcat-3.5.3.jar;C:\Users\Cong\.m2\repository\org\apache\tomcat\embed\tomcat-embed-core\10.1.42\tomcat-embed-core-10.1.42.jar;C:\Users\Cong\.m2\repository\org\apache\tomcat\embed\tomcat-embed-el\10.1.42\tomcat-embed-el-10.1.42.jar;C:\Users\Cong\.m2\repository\org\apache\tomcat\embed\tomcat-embed-websocket\10.1.42\tomcat-embed-websocket-10.1.42.jar;C:\Users\Cong\.m2\repository\org\springframework\spring-web\6.2.8\spring-web-6.2.8.jar;C:\Users\Cong\.m2\repository\org\springframework\spring-webmvc\6.2.8\spring-webmvc-6.2.8.jar;C:\Users\Cong\.m2\repository\org\springframework\cloud\spring-cloud-starter-netflix-eureka-client\4.3.0\spring-cloud-starter-netflix-eureka-client-4.3.0.jar;C:\Users\Cong\.m2\repository\org\springframework\cloud\spring-cloud-starter\4.3.0\spring-cloud-starter-4.3.0.jar;C:\Users\Cong\.m2\repository\org\springframework\cloud\spring-cloud-context\4.3.0\spring-cloud-context-4.3.0.jar;C:\Users\Cong\.m2\repository\org\bouncycastle\bcprov-jdk18on\1.80\bcprov-jdk18on-1.80.jar;C:\Users\Cong\.m2\repository\org\springframework\cloud\spring-cloud-netflix-eureka-client\4.3.0\spring-cloud-netflix-eureka-client-4.3.0.jar;C:\Users\Cong\.m2\repository\org\apache\httpcomponents\client5\httpclient5\5.5\httpclient5-5.5.jar;C:\Users\Cong\.m2\repository\org\apache\httpcomponents\core5\httpcore5\5.3.4\httpcore5-5.3.4.jar;C:\Users\Cong\.m2\repository\org\apache\httpcomponents\core5\httpcore5-h2\5.3.4\httpcore5-h2-5.3.4.jar;C:\Users\Cong\.m2\repository\com\netflix\eureka\eureka-client\2.0.4\eureka-client-2.0.4.jar;C:\Users\Cong\.m2\repository\com\thoughtworks\xstream\xstream\1.4.20\xstream-1.4.20.jar;C:\Users\Cong\.m2\repository\io\github\x-stream\mxparser\1.2.2\mxparser-1.2.2.jar;C:\Users\Cong\.m2\repository\xmlpull\xmlpull\1.1.3.1\xmlpull-1.1.3.1.jar;C:\Users\Cong\.m2\repository\jakarta\ws\rs\jakarta.ws.rs-api\3.1.0\jakarta.ws.rs-api-3.1.0.jar;C:\Users\Cong\.m2\repository\com\netflix\spectator\spectator-api\1.7.3\spectator-api-1.7.3.jar;C:\Users\Cong\.m2\repository\org\apache\httpcomponents\httpclient\4.5.3\httpclient-4.5.3.jar;C:\Users\Cong\.m2\repository\org\apache\httpcomponents\httpcore\4.4.16\httpcore-4.4.16.jar;C:\Users\Cong\.m2\repository\commons-codec\commons-codec\1.18.0\commons-codec-1.18.0.jar;C:\Users\Cong\.m2\repository\commons-configuration\commons-configuration\1.10\commons-configuration-1.10.jar;C:\Users\Cong\.m2\repository\commons-lang\commons-lang\2.6\commons-lang-2.6.jar;C:\Users\Cong\.m2\repository\com\fasterxml\jackson\core\jackson-annotations\2.19.1\jackson-annotations-2.19.1.jar;C:\Users\Cong\.m2\repository\com\fasterxml\jackson\core\jackson-core\2.19.1\jackson-core-2.19.1.jar;C:\Users\Cong\.m2\repository\com\netflix\netflix-commons\netflix-eventbus\0.3.0\netflix-eventbus-0.3.0.jar;C:\Users\Cong\.m2\repository\com\netflix\netflix-commons\netflix-infix\0.3.0\netflix-infix-0.3.0.jar;C:\Users\Cong\.m2\repository\commons-jxpath\commons-jxpath\1.3\commons-jxpath-1.3.jar;C:\Users\Cong\.m2\repository\joda-time\joda-time\2.3\joda-time-2.3.jar;C:\Users\Cong\.m2\repository\org\antlr\antlr-runtime\3.4\antlr-runtime-3.4.jar;C:\Users\Cong\.m2\repository\org\antlr\stringtemplate\3.2.1\stringtemplate-3.2.1.jar;C:\Users\Cong\.m2\repository\antlr\antlr\2.7.7\antlr-2.7.7.jar;C:\Users\Cong\.m2\repository\com\google\guava\guava\14.0.1\guava-14.0.1.jar;C:\Users\Cong\.m2\repository\com\google\code\gson\gson\2.13.1\gson-2.13.1.jar;C:\Users\Cong\.m2\repository\com\google\errorprone\error_prone_annotations\2.38.0\error_prone_annotations-2.38.0.jar;C:\Users\Cong\.m2\repository\com\netflix\servo\servo-core\0.5.3\servo-core-0.5.3.jar;C:\Users\Cong\.m2\repository\org\apache\commons\commons-math\2.2\commons-math-2.2.jar;C:\Users\Cong\.m2\repository\javax\annotation\javax.annotation-api\1.2\javax.annotation-api-1.2.jar;C:\Users\Cong\.m2\repository\org\codehaus\jettison\jettison\1.5.4\jettison-1.5.4.jar;C:\Users\Cong\.m2\repository\org\springframework\cloud\spring-cloud-starter-loadbalancer\4.3.0\spring-cloud-starter-loadbalancer-4.3.0.jar;C:\Users\Cong\.m2\repository\org\springframework\cloud\spring-cloud-loadbalancer\4.3.0\spring-cloud-loadbalancer-4.3.0.jar;C:\Users\Cong\.m2\repository\io\projectreactor\reactor-core\3.7.7\reactor-core-3.7.7.jar;C:\Users\Cong\.m2\repository\org\reactivestreams\reactive-streams\1.0.4\reactive-streams-1.0.4.jar;C:\Users\Cong\.m2\repository\io\projectreactor\addons\reactor-extra\3.5.2\reactor-extra-3.5.2.jar;C:\Users\Cong\.m2\repository\org\springframework\boot\spring-boot-starter-cache\3.5.3\spring-boot-starter-cache-3.5.3.jar;C:\Users\Cong\.m2\repository\org\springframework\spring-context-support\6.2.8\spring-context-support-6.2.8.jar;C:\Users\Cong\.m2\repository\com\stoyanr\evictor\1.0.0\evictor-1.0.0.jar;C:\Users\Cong\.m2\repository\org\springframework\cloud\spring-cloud-starter-openfeign\4.3.0\spring-cloud-starter-openfeign-4.3.0.jar;C:\Users\Cong\.m2\repository\org\springframework\cloud\spring-cloud-openfeign-core\4.3.0\spring-cloud-openfeign-core-4.3.0.jar;C:\Users\Cong\.m2\repository\io\github\openfeign\feign-form-spring\13.6\feign-form-spring-13.6.jar;C:\Users\Cong\.m2\repository\org\apache\commons\commons-text\1.13.0\commons-text-1.13.0.jar;C:\Users\Cong\.m2\repository\org\apache\commons\commons-lang3\3.17.0\commons-lang3-3.17.0.jar;C:\Users\Cong\.m2\repository\io\github\openfeign\feign-form\13.6\feign-form-13.6.jar;C:\Users\Cong\.m2\repository\commons-fileupload\commons-fileupload\1.5\commons-fileupload-1.5.jar;C:\Users\Cong\.m2\repository\org\springframework\cloud\spring-cloud-commons\4.3.0\spring-cloud-commons-4.3.0.jar;C:\Users\Cong\.m2\repository\io\github\openfeign\feign-core\13.6\feign-core-13.6.jar;C:\Users\Cong\.m2\repository\io\github\openfeign\feign-slf4j\13.6\feign-slf4j-13.6.jar;C:\Users\Cong\.m2\repository\org\springframework\boot\spring-boot-devtools\3.5.3\spring-boot-devtools-3.5.3.jar;C:\Users\Cong\.m2\repository\org\springframework\boot\spring-boot\3.5.3\spring-boot-3.5.3.jar;C:\Users\Cong\.m2\repository\org\springframework\boot\spring-boot-autoconfigure\3.5.3\spring-boot-autoconfigure-3.5.3.jar;C:\Users\Cong\.m2\repository\com\mysql\mysql-connector-j\9.2.0\mysql-connector-j-9.2.0.jar;C:\Users\Cong\.m2\repository\org\springdoc\springdoc-openapi-starter-webmvc-ui\2.5.0\springdoc-openapi-starter-webmvc-ui-2.5.0.jar;C:\Users\Cong\.m2\repository\org\springdoc\springdoc-openapi-starter-webmvc-api\2.5.0\springdoc-openapi-starter-webmvc-api-2.5.0.jar;C:\Users\Cong\.m2\repository\org\springdoc\springdoc-openapi-starter-common\2.5.0\springdoc-openapi-starter-common-2.5.0.jar;C:\Users\Cong\.m2\repository\io\swagger\core\v3\swagger-core-jakarta\2.2.21\swagger-core-jakarta-2.2.21.jar;C:\Users\Cong\.m2\repository\io\swagger\core\v3\swagger-annotations-jakarta\2.2.21\swagger-annotations-jakarta-2.2.21.jar;C:\Users\Cong\.m2\repository\io\swagger\core\v3\swagger-models-jakarta\2.2.21\swagger-models-jakarta-2.2.21.jar;C:\Users\Cong\.m2\repository\jakarta\validation\jakarta.validation-api\3.0.2\jakarta.validation-api-3.0.2.jar;C:\Users\Cong\.m2\repository\com\fasterxml\jackson\dataformat\jackson-dataformat-yaml\2.19.1\jackson-dataformat-yaml-2.19.1.jar;C:\Users\Cong\.m2\repository\org\webjars\swagger-ui\5.13.0\swagger-ui-5.13.0.jar;C:\Users\Cong\.m2\repository\com\nimbusds\nimbus-jose-jwt\9.31\nimbus-jose-jwt-9.31.jar;C:\Users\Cong\.m2\repository\com\github\stephenc\jcip\jcip-annotations\1.0-1\jcip-annotations-1.0-1.jar;C:\Users\Cong\.m2\repository\io\jsonwebtoken\jjwt-api\0.11.5\jjwt-api-0.11.5.jar;C:\Users\Cong\.m2\repository\io\jsonwebtoken\jjwt-impl\0.11.5\jjwt-impl-0.11.5.jar;C:\Users\Cong\.m2\repository\io\jsonwebtoken\jjwt-jackson\0.11.5\jjwt-jackson-0.11.5.jar;C:\Users\Cong\.m2\repository\com\fasterxml\jackson\core\jackson-databind\2.19.1\jackson-databind-2.19.1.jar;C:\Users\Cong\.m2\repository\org\mapstruct\mapstruct\1.5.5.Final\mapstruct-1.5.5.Final.jar;C:\Users\Cong\.m2\repository\jakarta\xml\bind\jakarta.xml.bind-api\4.0.2\jakarta.xml.bind-api-4.0.2.jar;C:\Users\Cong\.m2\repository\jakarta\activation\jakarta.activation-api\2.1.3\jakarta.activation-api-2.1.3.jar;C:\Users\Cong\.m2\repository\org\springframework\spring-core\6.2.8\spring-core-6.2.8.jar;C:\Users\Cong\.m2\repository\org\springframework\spring-jcl\6.2.8\spring-jcl-6.2.8.jar
Launcher Type: SUN_STANDARD

[Global flags]
     intx CICompilerCount                          = 4                                         {product} {ergonomic}
     uint ConcGCThreads                            = 2                                         {product} {ergonomic}
     uint G1ConcRefinementThreads                  = 8                                         {product} {ergonomic}
   size_t G1HeapRegionSize                         = 2097152                                   {product} {ergonomic}
    uintx GCDrainStackTargetSize                   = 64                                        {product} {ergonomic}
   size_t InitialHeapSize                          = 264241152                                 {product} {ergonomic}
   size_t MarkStackSize                            = 4194304                                   {product} {ergonomic}
   size_t MaxHeapSize                              = 4223664128                                {product} {ergonomic}
   size_t MaxNewSize                               = 2533359616                                {product} {ergonomic}
   size_t MinHeapDeltaBytes                        = 2097152                                   {product} {ergonomic}
   size_t MinHeapSize                              = 8388608                                   {product} {ergonomic}
    uintx NonNMethodCodeHeapSize                   = 5839372                                {pd product} {ergonomic}
    uintx NonProfiledCodeHeapSize                  = 122909434                              {pd product} {ergonomic}
    uintx ProfiledCodeHeapSize                     = 122909434                              {pd product} {ergonomic}
    uintx ReservedCodeCacheSize                    = 251658240                              {pd product} {ergonomic}
     bool SegmentedCodeCache                       = true                                      {product} {ergonomic}
   size_t SoftMaxHeapSize                          = 4223664128                             {manageable} {ergonomic}
     bool UseCompressedOops                        = true                           {product lp64_product} {ergonomic}
     bool UseG1GC                                  = true                                      {product} {ergonomic}
     bool UseLargePagesIndividualAllocation        = false                                  {pd product} {ergonomic}

Logging:
Log output configuration:
 #0: stdout all=warning uptime,level,tags foldmultilines=false
 #1: stderr all=off uptime,level,tags foldmultilines=false

Environment Variables:
JAVA_HOME=C:\Program Files\Java\jdk-21
PATH=C:\Program Files\Common Files\Oracle\Java\javapath;C:\Program Files\Microsoft MPI\Bin\;C:\app\Cong\product\21c\dbhomeXE\bin;C:\Windows\system32;C:\Windows;C:\Windows\System32\Wbem;C:\Windows\System32\WindowsPowerShell\v1.0\;C:\Windows\System32\OpenSSH\;C:\Program Files\NVIDIA Corporation\NVIDIA NvDLISR;C:\WINDOWS\system32;C:\WINDOWS;C:\WINDOWS\System32\Wbem;C:\WINDOWS\System32\WindowsPowerShell\v1.0\;C:\WINDOWS\System32\OpenSSH\;C:\Program Files\nodejs\;C:\Program Files\dotnet\;C:\Program Files\Git\cmd;C:\Program Files\Microsoft SQL Server\Client SDK\ODBC\170\Tools\Binn\;C:\Program Files\Microsoft SQL Server\160\DTS\Binn\;C:\Program Files\Microsoft SQL Server\130\DTS\Binn\;C:\Program Files\Microsoft SQL Server\140\DTS\Binn\;C:\Program Files\Microsoft SQL Server\150\DTS\Binn\;C:\Program Files\Java\jdk-21\bin;C:\apache-maven-3.9.9\bin;C:\Program Files (x86)\Microsoft SQL Server\160\DTS\Binn\;C:\Users\Cong\Downloads\apache-jmeter-5.6.3\bin;C:\Program Files (x86)\Microsoft SQL Server\160\Tools\Binn\;C:\Program Files\Microsoft SQL Server\160\Tools\Binn\;C:\Program Files\Microsoft SQL Server\150\Tools\Binn\;C:\Program Files\Redis;C:\Program Files\Erlang OTP;;C:\Program Files\Docker\Docker\resources\bin;C:\Users\Cong\AppData\Local\Programs\Python\Python313\Scripts\;C:\Users\Cong\AppData\Local\Programs\Python\Python313\;C:\Users\Cong\AppData\Local\Programs\Python\Launcher\;C:\Users\Cong\AppData\Local\Microsoft\WindowsApps;C:\Users\Cong\AppData\Roaming\npm;C:\Users\Cong\.dotnet\tools;E:\Windsurf\bin;C:\Program Files\Java\jdk-21\bin;C:\Users\Cong\AppData\Local\Programs\Microsoft VS Code\bin
USERNAME=Cong
OS=Windows_NT
PROCESSOR_IDENTIFIER=Intel64 Family 6 Model 140 Stepping 1, GenuineIntel
TMP=C:\Users\Cong\AppData\Local\Temp
TEMP=C:\Users\Cong\AppData\Local\Temp




Periodic native trim disabled

---------------  S Y S T E M  ---------------

OS:
 Windows 11 , 64 bit Build 26100 (10.0.26100.4484)
OS uptime: 1 days 4:55 hours
Hyper-V role detected

CPU: total 8 (initial active 8) (4 cores per cpu, 2 threads per core) family 6 model 140 stepping 1 microcode 0xbc, cx8, cmov, fxsr, ht, mmx, 3dnowpref, sse, sse2, sse3, ssse3, sse4.1, sse4.2, popcnt, lzcnt, tsc, tscinvbit, avx, avx2, aes, erms, clmul, bmi1, bmi2, adx, avx512f, avx512dq, avx512cd, avx512bw, avx512vl, sha, fma, vzeroupper, avx512_vpopcntdq, avx512_vpclmulqdq, avx512_vaes, avx512_vnni, clflush, clflushopt, clwb, avx512_vbmi2, avx512_vbmi, hv, rdtscp, rdpid, fsrm, gfni, avx512_bitalg, f16c, cet_ibt, cet_ss, avx512_ifma
Processor Information for processor 0
  Max Mhz: 2803, Current Mhz: 1201, Mhz Limit: 2803
Processor Information for processor 1
  Max Mhz: 2803, Current Mhz: 2803, Mhz Limit: 2803
Processor Information for processor 2
  Max Mhz: 2803, Current Mhz: 2803, Mhz Limit: 2803
Processor Information for processor 3
  Max Mhz: 2803, Current Mhz: 2803, Mhz Limit: 2803
Processor Information for processor 4
  Max Mhz: 2803, Current Mhz: 2803, Mhz Limit: 2803
Processor Information for processor 5
  Max Mhz: 2803, Current Mhz: 2803, Mhz Limit: 2803
Processor Information for processor 6
  Max Mhz: 2803, Current Mhz: 2803, Mhz Limit: 2803
Processor Information for processor 7
  Max Mhz: 2803, Current Mhz: 2803, Mhz Limit: 2803

Memory: 4k page, system-wide physical 16106M (859M free)
TotalPageFile size 33516M (AvailPageFile size 21M)
current process WorkingSet (physical memory assigned to process): 290M, peak: 319M
current process commit charge ("private bytes"): 326M, peak: 404M

vm_info: OpenJDK 64-Bit Server VM (21.0.6+7-LTS) for windows-amd64 JRE (21.0.6+7-LTS), built on 2025-01-08T23:03:52Z by "MicrosoftCorporation" with unknown MS VC++:1939

END.
