#
# There is insufficient memory for the Java Runtime Environment to continue.
# Native memory allocation (malloc) failed to allocate 1607856 bytes. Error detail: Chunk::new
# Possible reasons:
#   The system is out of physical RAM or swap space
#   This process is running with CompressedOops enabled, and the Java Heap may be blocking the growth of the native heap
# Possible solutions:
#   Reduce memory load on the system
#   Increase physical memory or swap space
#   Check if swap backing store is full
#   Decrease Java heap size (-Xmx/-Xms)
#   Decrease number of Java threads
#   Decrease Java thread stack sizes (-Xss)
#   Set larger code cache with -XX:ReservedCodeCacheSize=
#   JVM is running with Zero Based Compressed Oops mode in which the Java heap is
#     placed in the first 32GB address space. The Java Heap base address is the
#     maximum limit for the native heap growth. Please use -XX:HeapBaseMinAddress
#     to set the Java Heap base and to place the Java Heap above 32GB virtual address.
# This output file may be truncated or incomplete.
#
#  Out of Memory Error (arena.cpp:168), pid=15464, tid=23344
#
# JRE version: OpenJDK Runtime Environment Microsoft-10800203 (21.0.6+7) (build 21.0.6+7-LTS)
# Java VM: OpenJDK 64-Bit Server VM Microsoft-10800203 (21.0.6+7-LTS, mixed mode, sharing, tiered, compressed oops, compressed class ptrs, g1 gc, windows-amd64)
# No core dump will be written. Minidumps are not enabled by default on client versions of Windows
#

---------------  S U M M A R Y ------------

Command Line: -javaagent:C:\Program Files\JetBrains\IntelliJ IDEA Community Edition 2024.3.4.1\lib\idea_rt.jar=57606 -Dfile.encoding=UTF-8 -Dsun.stdout.encoding=UTF-8 -Dsun.stderr.encoding=UTF-8 com.example.staff_service.StaffServiceApplication

Host: 11th Gen Intel(R) Core(TM) i7-1165G7 @ 2.80GHz, 8 cores, 15G,  Windows 11 , 64 bit Build 26100 (10.0.26100.4484)
Time: Thu Jul 10 02:46:01 2025 SE Asia Standard Time elapsed time: 12690.158969 seconds (0d 3h 31m 30s)

---------------  T H R E A D  ---------------

Current thread (0x00000189d1e0af40):  JavaThread "C2 CompilerThread0" daemon [_thread_in_native, id=23344, stack(0x0000001af2e00000,0x0000001af2f00000) (1024K)]


Current CompileTask:
C2:12690159 13236   !   4       sun.security.ssl.SSLCipher$T13GcmReadCipherGenerator$GcmReadCipher::decrypt (555 bytes)

Stack: [0x0000001af2e00000,0x0000001af2f00000]
Native frames: (J=compiled Java code, j=interpreted, Vv=VM code, C=native code)
V  [jvm.dll+0x6d4a09]
V  [jvm.dll+0x8af9a1]
V  [jvm.dll+0x8b1ece]
V  [jvm.dll+0x8b25b3]
V  [jvm.dll+0x2804e6]
V  [jvm.dll+0xc522d]
V  [jvm.dll+0xc5763]
V  [jvm.dll+0x3bb9f2]
V  [jvm.dll+0x3881b0]
V  [jvm.dll+0x38762a]
V  [jvm.dll+0x2481d5]
V  [jvm.dll+0x2477af]
V  [jvm.dll+0x1c799f]
V  [jvm.dll+0x2575d9]
V  [jvm.dll+0x25599a]
V  [jvm.dll+0x3f57c6]
V  [jvm.dll+0x85920b]
V  [jvm.dll+0x6d310d]
C  [ucrtbase.dll+0x37b0]
C  [KERNEL32.DLL+0x2e8d7]
C  [ntdll.dll+0x3c34c]


---------------  P R O C E S S  ---------------

Threads class SMR info:
_java_thread_list=0x0000018a1890a550, length=38, elements={
0x00000189d1dfb830, 0x00000189d1dfd0e0, 0x00000189d1e03180, 0x00000189d1e04c90,
0x00000189d1e06d60, 0x00000189d1e05320, 0x00000189d1e0af40, 0x00000189d1e0faa0,
0x00000189d1e073f0, 0x00000189d1e059b0, 0x00000189d1e03f70, 0x0000018a18408530,
0x0000018a1840ac90, 0x0000018a18407810, 0x0000018a18409250, 0x0000018a1840b320,
0x0000018a18408bc0, 0x0000018a1840cd60, 0x0000018a1840e7a0, 0x0000018a1840d3f0,
0x0000018a1840da80, 0x0000018a1840e110, 0x0000018a1840ee30, 0x00000189d1e04600,
0x00000189d1e066d0, 0x0000018a180a3590, 0x0000018a180a2f00, 0x0000018a180a3c20,
0x0000018a180a2870, 0x0000018a180a7730, 0x0000018a180a5cf0, 0x0000018a180a4940,
0x0000018a180a42b0, 0x0000018a180a4fd0, 0x0000018a180a5660, 0x0000018a180a7dc0,
0x0000018a180a70a0, 0x0000018a1a7c3ff0
}

Java Threads: ( => current thread )
  0x00000189d1dfb830 JavaThread "Reference Handler"          daemon [_thread_blocked, id=24184, stack(0x0000001af2800000,0x0000001af2900000) (1024K)]
  0x00000189d1dfd0e0 JavaThread "Finalizer"                  daemon [_thread_blocked, id=16576, stack(0x0000001af2900000,0x0000001af2a00000) (1024K)]
  0x00000189d1e03180 JavaThread "Signal Dispatcher"          daemon [_thread_blocked, id=28656, stack(0x0000001af2a00000,0x0000001af2b00000) (1024K)]
  0x00000189d1e04c90 JavaThread "Attach Listener"            daemon [_thread_blocked, id=12168, stack(0x0000001af2b00000,0x0000001af2c00000) (1024K)]
  0x00000189d1e06d60 JavaThread "Service Thread"             daemon [_thread_blocked, id=26596, stack(0x0000001af2c00000,0x0000001af2d00000) (1024K)]
  0x00000189d1e05320 JavaThread "Monitor Deflation Thread"   daemon [_thread_blocked, id=21572, stack(0x0000001af2d00000,0x0000001af2e00000) (1024K)]
=>0x00000189d1e0af40 JavaThread "C2 CompilerThread0"         daemon [_thread_in_native, id=23344, stack(0x0000001af2e00000,0x0000001af2f00000) (1024K)]
  0x00000189d1e0faa0 JavaThread "C1 CompilerThread0"         daemon [_thread_blocked, id=27616, stack(0x0000001af2f00000,0x0000001af3000000) (1024K)]
  0x00000189d1e073f0 JavaThread "Common-Cleaner"             daemon [_thread_blocked, id=21976, stack(0x0000001af3000000,0x0000001af3100000) (1024K)]
  0x00000189d1e059b0 JavaThread "Monitor Ctrl-Break"         daemon [_thread_in_native, id=24016, stack(0x0000001af3200000,0x0000001af3300000) (1024K)]
  0x00000189d1e03f70 JavaThread "Notification Thread"        daemon [_thread_blocked, id=14688, stack(0x0000001af3300000,0x0000001af3400000) (1024K)]
  0x0000018a18408530 JavaThread "Catalina-utility-1"                [_thread_blocked, id=15132, stack(0x0000001af3d00000,0x0000001af3e00000) (1024K)]
  0x0000018a1840ac90 JavaThread "Catalina-utility-2"                [_thread_blocked, id=17996, stack(0x0000001af4000000,0x0000001af4100000) (1024K)]
  0x0000018a18407810 JavaThread "container-0"                       [_thread_blocked, id=26924, stack(0x0000001af4100000,0x0000001af4200000) (1024K)]
  0x0000018a18409250 JavaThread "mysql-cj-abandoned-connection-cleanup" daemon [_thread_blocked, id=11336, stack(0x0000001af4200000,0x0000001af4300000) (1024K)]
  0x0000018a1840b320 JavaThread "HikariPool-1:housekeeper"   daemon [_thread_blocked, id=28440, stack(0x0000001af4400000,0x0000001af4500000) (1024K)]
  0x0000018a18408bc0 JavaThread "File Watcher"               daemon [_thread_blocked, id=3112, stack(0x0000001af4700000,0x0000001af4800000) (1024K)]
  0x0000018a1840cd60 JavaThread "spectator-gauge-polling-0"  daemon [_thread_blocked, id=22352, stack(0x0000001af4800000,0x0000001af4900000) (1024K)]
  0x0000018a1840e7a0 JavaThread "AsyncResolver-bootstrap-%d" daemon [_thread_blocked, id=16704, stack(0x0000001af4900000,0x0000001af4a00000) (1024K)]
  0x0000018a1840d3f0 JavaThread "DiscoveryClient-%d"         daemon [_thread_blocked, id=18948, stack(0x0000001af3900000,0x0000001af3a00000) (1024K)]
  0x0000018a1840da80 JavaThread "DiscoveryClient-%d"         daemon [_thread_blocked, id=25156, stack(0x0000001af4a00000,0x0000001af4b00000) (1024K)]
  0x0000018a1840e110 JavaThread "DiscoveryClient-InstanceInfoReplicator-%d" daemon [_thread_blocked, id=14960, stack(0x0000001af4b00000,0x0000001af4c00000) (1024K)]
  0x0000018a1840ee30 JavaThread "http-nio-8083-exec-1"       daemon [_thread_blocked, id=17468, stack(0x0000001af4c00000,0x0000001af4d00000) (1024K)]
  0x00000189d1e04600 JavaThread "http-nio-8083-exec-2"       daemon [_thread_blocked, id=28540, stack(0x0000001af4d00000,0x0000001af4e00000) (1024K)]
  0x00000189d1e066d0 JavaThread "http-nio-8083-exec-3"       daemon [_thread_blocked, id=28052, stack(0x0000001af4e00000,0x0000001af4f00000) (1024K)]
  0x0000018a180a3590 JavaThread "http-nio-8083-exec-4"       daemon [_thread_blocked, id=8016, stack(0x0000001af4f00000,0x0000001af5000000) (1024K)]
  0x0000018a180a2f00 JavaThread "http-nio-8083-exec-5"       daemon [_thread_blocked, id=6900, stack(0x0000001af5000000,0x0000001af5100000) (1024K)]
  0x0000018a180a3c20 JavaThread "http-nio-8083-exec-6"       daemon [_thread_blocked, id=22492, stack(0x0000001af5100000,0x0000001af5200000) (1024K)]
  0x0000018a180a2870 JavaThread "http-nio-8083-exec-7"       daemon [_thread_blocked, id=18616, stack(0x0000001af5200000,0x0000001af5300000) (1024K)]
  0x0000018a180a7730 JavaThread "http-nio-8083-exec-8"       daemon [_thread_blocked, id=21584, stack(0x0000001af5300000,0x0000001af5400000) (1024K)]
  0x0000018a180a5cf0 JavaThread "http-nio-8083-exec-9"       daemon [_thread_blocked, id=27440, stack(0x0000001af5400000,0x0000001af5500000) (1024K)]
  0x0000018a180a4940 JavaThread "http-nio-8083-exec-10"      daemon [_thread_blocked, id=27836, stack(0x0000001af5500000,0x0000001af5600000) (1024K)]
  0x0000018a180a42b0 JavaThread "http-nio-8083-Poller"       daemon [_thread_in_native, id=12348, stack(0x0000001af5600000,0x0000001af5700000) (1024K)]
  0x0000018a180a4fd0 JavaThread "http-nio-8083-Acceptor"     daemon [_thread_in_native, id=16360, stack(0x0000001af5700000,0x0000001af5800000) (1024K)]
  0x0000018a180a5660 JavaThread "DestroyJavaVM"                     [_thread_blocked, id=25084, stack(0x0000001af2000000,0x0000001af2100000) (1024K)]
  0x0000018a180a7dc0 JavaThread "DiscoveryClient-HeartbeatExecutor-%d" daemon [_thread_blocked, id=28416, stack(0x0000001af3b00000,0x0000001af3c00000) (1024K)]
  0x0000018a180a70a0 JavaThread "DiscoveryClient-CacheRefreshExecutor-%d" daemon [_thread_blocked, id=26888, stack(0x0000001af3c00000,0x0000001af3d00000) (1024K)]
  0x0000018a1a7c3ff0 JavaThread "AsyncResolver-bootstrap-executor-%d" daemon [_thread_blocked, id=12804, stack(0x0000001af1e00000,0x0000001af1f00000) (1024K)]
Total: 38

Other Threads:
  0x00000189d1ddab20 VMThread "VM Thread"                           [id=27656, stack(0x0000001af2700000,0x0000001af2800000) (1024K)]
  0x00000189d1dc76d0 WatcherThread "VM Periodic Task Thread"        [id=12776, stack(0x0000001af2600000,0x0000001af2700000) (1024K)]
  0x00000189b2b56de0 WorkerThread "GC Thread#0"                     [id=22484, stack(0x0000001af2100000,0x0000001af2200000) (1024K)]
  0x0000018a178f4890 WorkerThread "GC Thread#1"                     [id=27084, stack(0x0000001af3400000,0x0000001af3500000) (1024K)]
  0x0000018a178f4c30 WorkerThread "GC Thread#2"                     [id=14296, stack(0x0000001af3500000,0x0000001af3600000) (1024K)]
  0x0000018a178f4fd0 WorkerThread "GC Thread#3"                     [id=25404, stack(0x0000001af3600000,0x0000001af3700000) (1024K)]
  0x0000018a17bcc1b0 WorkerThread "GC Thread#4"                     [id=28088, stack(0x0000001af3700000,0x0000001af3800000) (1024K)]
  0x0000018a17bcc550 WorkerThread "GC Thread#5"                     [id=24112, stack(0x0000001af3800000,0x0000001af3900000) (1024K)]
  0x0000018a17fc8410 WorkerThread "GC Thread#6"                     [id=9272, stack(0x0000001af3a00000,0x0000001af3b00000) (1024K)]
  0x0000018a1874ba10 WorkerThread "GC Thread#7"                     [id=17800, stack(0x0000001af3e00000,0x0000001af3f00000) (1024K)]
  0x00000189b2b67980 ConcurrentGCThread "G1 Main Marker"            [id=20276, stack(0x0000001af2200000,0x0000001af2300000) (1024K)]
  0x00000189b2b68480 WorkerThread "G1 Conc#0"                       [id=20292, stack(0x0000001af2300000,0x0000001af2400000) (1024K)]
  0x0000018a1a856ea0 WorkerThread "G1 Conc#1"                       [id=24452, stack(0x0000001af3f00000,0x0000001af4000000) (1024K)]
  0x00000189b2b9e620 ConcurrentGCThread "G1 Refine#0"               [id=27072, stack(0x0000001af2400000,0x0000001af2500000) (1024K)]
  0x00000189d1c952e0 ConcurrentGCThread "G1 Service"                [id=23576, stack(0x0000001af2500000,0x0000001af2600000) (1024K)]
Total: 15

Threads with active compile tasks:
C2 CompilerThread0  12690380 13236   !   4       sun.security.ssl.SSLCipher$T13GcmReadCipherGenerator$GcmReadCipher::decrypt (555 bytes)
Total: 1

VM state: not at safepoint (normal execution)

VM Mutex/Monitor currently owned by a thread: None

Heap address: 0x0000000704400000, size: 4028 MB, Compressed Oops mode: Zero based, Oop shift amount: 3

CDS archive(s) mapped at: [0x00000189d2000000-0x00000189d2c80000-0x00000189d2c80000), size 13107200, SharedBaseAddress: 0x00000189d2000000, ArchiveRelocationMode: 1.
Compressed class space mapped at: 0x00000189d3000000-0x0000018a13000000, reserved size: 1073741824
Narrow klass base: 0x00000189d2000000, Narrow klass shift: 0, Narrow klass range: 0x100000000

GC Precious Log:
 CardTable entry size: 512
 Card Set container configuration: InlinePtr #cards 4 size 8 Array Of Cards #cards 16 size 48 Howl #buckets 8 coarsen threshold 3686 Howl Bitmap #cards 512 size 80 coarsen threshold 460 Card regions per heap region 1 cards per card region 4096
 CPUs: 8 total, 8 available
 Memory: 16106M
 Large Page Support: Disabled
 NUMA Support: Disabled
 Compressed Oops: Enabled (Zero based)
 Heap Region Size: 2M
 Heap Min Capacity: 8M
 Heap Initial Capacity: 252M
 Heap Max Capacity: 4028M
 Pre-touch: Disabled
 Parallel Workers: 8
 Concurrent Workers: 2
 Concurrent Refinement Workers: 8
 Periodic GC: Disabled

Heap:
 garbage-first heap   total 108544K, used 70970K [0x0000000704400000, 0x0000000800000000)
  region size 2048K, 11 young (22528K), 1 survivors (2048K)
 Metaspace       used 99558K, committed 100864K, reserved 1179648K
  class space    used 13140K, committed 13824K, reserved 1048576K

Heap Regions: E=young(eden), S=young(survivor), O=old, HS=humongous(starts), HC=humongous(continues), CS=collection set, F=free, TAMS=top-at-mark-start, PB=parsable bottom
|   0|0x0000000704400000, 0x0000000704600000, 0x0000000704600000|100%| O|  |TAMS 0x0000000704400000| PB 0x0000000704400000| Untracked 
|   1|0x0000000704600000, 0x0000000704800000, 0x0000000704800000|100%| O|  |TAMS 0x0000000704600000| PB 0x0000000704600000| Untracked 
|   2|0x0000000704800000, 0x0000000704a00000, 0x0000000704a00000|100%| O|  |TAMS 0x0000000704800000| PB 0x0000000704800000| Untracked 
|   3|0x0000000704a00000, 0x0000000704c00000, 0x0000000704c00000|100%| O|  |TAMS 0x0000000704a00000| PB 0x0000000704a00000| Untracked 
|   4|0x0000000704c00000, 0x0000000704e00000, 0x0000000704e00000|100%| O|  |TAMS 0x0000000704c00000| PB 0x0000000704c00000| Untracked 
|   5|0x0000000704e00000, 0x0000000705000000, 0x0000000705000000|100%| O|  |TAMS 0x0000000704e00000| PB 0x0000000704e00000| Untracked 
|   6|0x0000000705000000, 0x0000000705200000, 0x0000000705200000|100%| O|  |TAMS 0x0000000705000000| PB 0x0000000705000000| Untracked 
|   7|0x0000000705200000, 0x0000000705400000, 0x0000000705400000|100%| O|  |TAMS 0x0000000705200000| PB 0x0000000705200000| Untracked 
|   8|0x0000000705400000, 0x0000000705600000, 0x0000000705600000|100%| O|  |TAMS 0x0000000705400000| PB 0x0000000705400000| Untracked 
|   9|0x0000000705600000, 0x0000000705800000, 0x0000000705800000|100%| O|  |TAMS 0x0000000705600000| PB 0x0000000705600000| Untracked 
|  10|0x0000000705800000, 0x0000000705800000, 0x0000000705a00000|  0%| F|  |TAMS 0x0000000705800000| PB 0x0000000705800000| Untracked 
|  11|0x0000000705a00000, 0x0000000705bee380, 0x0000000705c00000| 96%| O|  |TAMS 0x0000000705a00000| PB 0x0000000705a00000| Untracked 
|  12|0x0000000705c00000, 0x0000000705e00000, 0x0000000705e00000|100%| O|  |TAMS 0x0000000705c00000| PB 0x0000000705c00000| Untracked 
|  13|0x0000000705e00000, 0x0000000705e00000, 0x0000000706000000|  0%| F|  |TAMS 0x0000000705e00000| PB 0x0000000705e00000| Untracked 
|  14|0x0000000706000000, 0x0000000706200000, 0x0000000706200000|100%| O|  |TAMS 0x0000000706000000| PB 0x0000000706000000| Untracked 
|  15|0x0000000706200000, 0x0000000706400000, 0x0000000706400000|100%| O|  |TAMS 0x0000000706200000| PB 0x0000000706200000| Untracked 
|  16|0x0000000706400000, 0x0000000706600000, 0x0000000706600000|100%| O|  |TAMS 0x0000000706400000| PB 0x0000000706400000| Untracked 
|  17|0x0000000706600000, 0x0000000706600000, 0x0000000706800000|  0%| F|  |TAMS 0x0000000706600000| PB 0x0000000706600000| Untracked 
|  18|0x0000000706800000, 0x0000000706a00000, 0x0000000706a00000|100%| O|  |TAMS 0x0000000706800000| PB 0x0000000706800000| Untracked 
|  19|0x0000000706a00000, 0x0000000706c00000, 0x0000000706c00000|100%| O|  |TAMS 0x0000000706a00000| PB 0x0000000706a00000| Untracked 
|  20|0x0000000706c00000, 0x0000000706e00000, 0x0000000706e00000|100%| O|  |TAMS 0x0000000706c00000| PB 0x0000000706c00000| Untracked 
|  21|0x0000000706e00000, 0x0000000707000000, 0x0000000707000000|100%| O|  |TAMS 0x0000000706e00000| PB 0x0000000706e00000| Untracked 
|  22|0x0000000707000000, 0x0000000707000000, 0x0000000707200000|  0%| F|  |TAMS 0x0000000707000000| PB 0x0000000707000000| Untracked 
|  23|0x0000000707200000, 0x0000000707400000, 0x0000000707400000|100%| O|  |TAMS 0x0000000707200000| PB 0x0000000707200000| Untracked 
|  24|0x0000000707400000, 0x0000000707400000, 0x0000000707600000|  0%| F|  |TAMS 0x0000000707400000| PB 0x0000000707400000| Untracked 
|  25|0x0000000707600000, 0x0000000707760530, 0x0000000707800000| 68%| S|CS|TAMS 0x0000000707600000| PB 0x0000000707600000| Complete 
|  26|0x0000000707800000, 0x0000000707800000, 0x0000000707a00000|  0%| F|  |TAMS 0x0000000707800000| PB 0x0000000707800000| Untracked 
|  27|0x0000000707a00000, 0x0000000707a00000, 0x0000000707c00000|  0%| F|  |TAMS 0x0000000707a00000| PB 0x0000000707a00000| Untracked 
|  28|0x0000000707c00000, 0x0000000707e00000, 0x0000000707e00000|100%| O|  |TAMS 0x0000000707c00000| PB 0x0000000707c00000| Untracked 
|  29|0x0000000707e00000, 0x0000000708000000, 0x0000000708000000|100%| O|  |TAMS 0x0000000707e00000| PB 0x0000000707e00000| Untracked 
|  30|0x0000000708000000, 0x0000000708200000, 0x0000000708200000|100%| O|  |TAMS 0x0000000708000000| PB 0x0000000708000000| Untracked 
|  31|0x0000000708200000, 0x0000000708400000, 0x0000000708400000|100%| O|  |TAMS 0x0000000708200000| PB 0x0000000708200000| Untracked 
|  32|0x0000000708400000, 0x0000000708400000, 0x0000000708600000|  0%| F|  |TAMS 0x0000000708400000| PB 0x0000000708400000| Untracked 
|  33|0x0000000708600000, 0x0000000708600000, 0x0000000708800000|  0%| F|  |TAMS 0x0000000708600000| PB 0x0000000708600000| Untracked 
|  34|0x0000000708800000, 0x0000000708800000, 0x0000000708a00000|  0%| F|  |TAMS 0x0000000708800000| PB 0x0000000708800000| Untracked 
|  35|0x0000000708a00000, 0x0000000708a00000, 0x0000000708c00000|  0%| F|  |TAMS 0x0000000708a00000| PB 0x0000000708a00000| Untracked 
|  36|0x0000000708c00000, 0x0000000708c00000, 0x0000000708e00000|  0%| F|  |TAMS 0x0000000708c00000| PB 0x0000000708c00000| Untracked 
|  37|0x0000000708e00000, 0x0000000708e00000, 0x0000000709000000|  0%| F|  |TAMS 0x0000000708e00000| PB 0x0000000708e00000| Untracked 
|  38|0x0000000709000000, 0x0000000709000000, 0x0000000709200000|  0%| F|  |TAMS 0x0000000709000000| PB 0x0000000709000000| Untracked 
|  39|0x0000000709200000, 0x0000000709200000, 0x0000000709400000|  0%| F|  |TAMS 0x0000000709200000| PB 0x0000000709200000| Untracked 
|  40|0x0000000709400000, 0x0000000709400000, 0x0000000709600000|  0%| F|  |TAMS 0x0000000709400000| PB 0x0000000709400000| Untracked 
|  41|0x0000000709600000, 0x0000000709600000, 0x0000000709800000|  0%| F|  |TAMS 0x0000000709600000| PB 0x0000000709600000| Untracked 
|  42|0x0000000709800000, 0x00000007098c4848, 0x0000000709a00000| 38%| E|  |TAMS 0x0000000709800000| PB 0x0000000709800000| Complete 
|  43|0x0000000709a00000, 0x0000000709c00000, 0x0000000709c00000|100%| E|CS|TAMS 0x0000000709a00000| PB 0x0000000709a00000| Complete 
|  44|0x0000000709c00000, 0x0000000709e00000, 0x0000000709e00000|100%| E|CS|TAMS 0x0000000709c00000| PB 0x0000000709c00000| Complete 
|  45|0x0000000709e00000, 0x000000070a000000, 0x000000070a000000|100%| E|CS|TAMS 0x0000000709e00000| PB 0x0000000709e00000| Complete 
|  46|0x000000070a000000, 0x000000070a200000, 0x000000070a200000|100%| E|CS|TAMS 0x000000070a000000| PB 0x000000070a000000| Complete 
| 108|0x0000000711c00000, 0x0000000711e00000, 0x0000000711e00000|100%| E|CS|TAMS 0x0000000711c00000| PB 0x0000000711c00000| Complete 
| 109|0x0000000711e00000, 0x0000000712000000, 0x0000000712000000|100%| E|CS|TAMS 0x0000000711e00000| PB 0x0000000711e00000| Complete 
| 110|0x0000000712000000, 0x0000000712200000, 0x0000000712200000|100%| E|CS|TAMS 0x0000000712000000| PB 0x0000000712000000| Complete 
| 124|0x0000000713c00000, 0x0000000713e00000, 0x0000000713e00000|100%| E|CS|TAMS 0x0000000713c00000| PB 0x0000000713c00000| Complete 
| 125|0x0000000713e00000, 0x0000000714000000, 0x0000000714000000|100%| E|CS|TAMS 0x0000000713e00000| PB 0x0000000713e00000| Complete 
|2013|0x00000007ffe00000, 0x0000000800000000, 0x0000000800000000|100%| O|  |TAMS 0x00000007ffe00000| PB 0x00000007ffe00000| Untracked 

Card table byte_map: [0x00000189cace0000,0x00000189cb4c0000] _byte_map_base: 0x00000189c74be000

Marking Bits: (CMBitMap*) 0x00000189b2b574e0
 Bits: [0x00000189cb4c0000, 0x00000189cf3b0000)

Polling page: 0x00000189b0910000

Metaspace:

Usage:
  Non-class:     84.39 MB used.
      Class:     12.83 MB used.
       Both:     97.23 MB used.

Virtual space:
  Non-class space:      128.00 MB reserved,      85.00 MB ( 66%) committed,  2 nodes.
      Class space:        1.00 GB reserved,      13.50 MB (  1%) committed,  1 nodes.
             Both:        1.12 GB reserved,      98.50 MB (  9%) committed. 

Chunk freelists:
   Non-Class:  10.86 MB
       Class:  2.80 MB
        Both:  13.66 MB

MaxMetaspaceSize: unlimited
CompressedClassSpaceSize: 1.00 GB
Initial GC threshold: 21.00 MB
Current GC threshold: 164.06 MB
CDS: on
 - commit_granule_bytes: 65536.
 - commit_granule_words: 8192.
 - virtual_space_node_default_size: 8388608.
 - enlarge_chunks_in_place: 1.
 - use_allocation_guard: 0.


Internal statistics:

num_allocs_failed_limit: 12.
num_arena_births: 1654.
num_arena_deaths: 668.
num_vsnodes_births: 3.
num_vsnodes_deaths: 0.
num_space_committed: 1576.
num_space_uncommitted: 0.
num_chunks_returned_to_freelist: 755.
num_chunks_taken_from_freelist: 5433.
num_chunk_merges: 204.
num_chunk_splits: 3731.
num_chunks_enlarged: 2814.
num_inconsistent_stats: 0.

CodeHeap 'non-profiled nmethods': size=120000Kb used=6319Kb max_used=6743Kb free=113680Kb
 bounds [0x00000189c2c90000, 0x00000189c3340000, 0x00000189ca1c0000]
CodeHeap 'profiled nmethods': size=120000Kb used=16053Kb max_used=18558Kb free=103946Kb
 bounds [0x00000189bb1c0000, 0x00000189bc3f0000, 0x00000189c26f0000]
CodeHeap 'non-nmethods': size=5760Kb used=2037Kb max_used=2083Kb free=3722Kb
 bounds [0x00000189c26f0000, 0x00000189c2960000, 0x00000189c2c90000]
 total_blobs=9007 nmethods=8203 adapters=707
 compilation: enabled
              stopped_count=0, restarted_count=0
 full_count=0

Compilation events (20 events):
Event: 12246.599 Thread 0x00000189d1e0af40 nmethod 13225 0x00000189c3253f10 code [0x00000189c32540a0, 0x00000189c32542b0]
Event: 12305.825 Thread 0x00000189d1e0af40 13227       4       sun.security.ssl.ProtocolVersion::useTLS13PlusSpec (47 bytes)
Event: 12305.828 Thread 0x00000189d1e0af40 nmethod 13227 0x00000189c2feeb10 code [0x00000189c2feeca0, 0x00000189c2feed68]
Event: 12381.750 Thread 0x00000189d1e0af40 13228       4       java.lang.Thread::getContextClassLoader (30 bytes)
Event: 12381.752 Thread 0x00000189d1e0af40 nmethod 13228 0x00000189c2e88810 code [0x00000189c2e889a0, 0x00000189c2e88a48]
Event: 12463.814 Thread 0x00000189d1e0af40 13229       4       java.util.stream.AbstractPipeline::close (48 bytes)
Event: 12463.822 Thread 0x00000189d1e0af40 nmethod 13229 0x00000189c3253790 code [0x00000189c3253940, 0x00000189c3253bc0]
Event: 12536.986 Thread 0x00000189d1e0af40 13230   !   4       java.lang.ref.ReferenceQueue::remove (61 bytes)
Event: 12537.153 Thread 0x00000189d1e0af40 nmethod 13230 0x00000189c2ebad10 code [0x00000189c2ebb0a0, 0x00000189c2ebd308]
Event: 12537.153 Thread 0x00000189d1e0af40 13231       4       java.lang.ref.ReferenceQueue::remove0 (64 bytes)
Event: 12537.280 Thread 0x00000189d1e0af40 nmethod 13231 0x00000189c318ca90 code [0x00000189c318cdc0, 0x00000189c318eda8]
Event: 12583.914 Thread 0x00000189d1e0af40 13232       4       org.springframework.util.MultiValueMapAdapter::isEmpty (10 bytes)
Event: 12583.919 Thread 0x00000189d1e0af40 nmethod 13232 0x00000189c3101f90 code [0x00000189c3102120, 0x00000189c3102220]
Event: 12613.951 Thread 0x00000189d1e0af40 13233       4       org.springframework.web.util.RfcUriParser$State$7::handleNext (92 bytes)
Event: 12613.955 Thread 0x00000189d1e0af40 nmethod 13233 0x00000189c3101b90 code [0x00000189c3101d20, 0x00000189c3101e48]
Event: 12613.955 Thread 0x00000189d1e0af40 13234       4       org.springframework.web.util.RfcUriParser$InternalParser::countDownPercentEncodingInPath (82 bytes)
Event: 12613.957 Thread 0x00000189d1e0af40 nmethod 13234 0x00000189c3101890 code [0x00000189c3101a20, 0x00000189c3101ad0]
Event: 12673.997 Thread 0x00000189d1e0af40 13235       4       java.util.regex.Pattern$$Lambda/0x800000031::is (9 bytes)
Event: 12674.001 Thread 0x00000189d1e0af40 nmethod 13235 0x00000189c3101410 code [0x00000189c31015a0, 0x00000189c3101658]
Event: 12688.642 Thread 0x00000189d1e0af40 13236   !   4       sun.security.ssl.SSLCipher$T13GcmReadCipherGenerator$GcmReadCipher::decrypt (555 bytes)

GC Heap History (20 events):
Event: 3807.880 GC heap before
{Heap before GC invocations=30 (full 0):
 garbage-first heap   total 106496K, used 90243K [0x0000000704400000, 0x0000000800000000)
  region size 2048K, 16 young (32768K), 2 survivors (4096K)
 Metaspace       used 99252K, committed 100352K, reserved 1179648K
  class space    used 13303K, committed 13824K, reserved 1048576K
}
Event: 3807.898 GC heap after
{Heap after GC invocations=31 (full 0):
 garbage-first heap   total 106496K, used 62256K [0x0000000704400000, 0x0000000800000000)
  region size 2048K, 1 young (2048K), 1 survivors (2048K)
 Metaspace       used 99252K, committed 100352K, reserved 1179648K
  class space    used 13303K, committed 13824K, reserved 1048576K
}
Event: 4545.165 GC heap before
{Heap before GC invocations=31 (full 0):
 garbage-first heap   total 106496K, used 95024K [0x0000000704400000, 0x0000000800000000)
  region size 2048K, 17 young (34816K), 1 survivors (2048K)
 Metaspace       used 99396K, committed 100480K, reserved 1179648K
  class space    used 13305K, committed 13824K, reserved 1048576K
}
Event: 4545.194 GC heap after
{Heap after GC invocations=32 (full 0):
 garbage-first heap   total 106496K, used 61527K [0x0000000704400000, 0x0000000800000000)
  region size 2048K, 1 young (2048K), 1 survivors (2048K)
 Metaspace       used 99396K, committed 100480K, reserved 1179648K
  class space    used 13305K, committed 13824K, reserved 1048576K
}
Event: 5208.971 GC heap before
{Heap before GC invocations=32 (full 0):
 garbage-first heap   total 106496K, used 94295K [0x0000000704400000, 0x0000000800000000)
  region size 2048K, 17 young (34816K), 1 survivors (2048K)
 Metaspace       used 99476K, committed 100544K, reserved 1179648K
  class space    used 13305K, committed 13824K, reserved 1048576K
}
Event: 5209.005 GC heap after
{Heap after GC invocations=33 (full 0):
 garbage-first heap   total 106496K, used 61692K [0x0000000704400000, 0x0000000800000000)
  region size 2048K, 1 young (2048K), 1 survivors (2048K)
 Metaspace       used 99476K, committed 100544K, reserved 1179648K
  class space    used 13305K, committed 13824K, reserved 1048576K
}
Event: 5949.445 GC heap before
{Heap before GC invocations=34 (full 0):
 garbage-first heap   total 106496K, used 94460K [0x0000000704400000, 0x0000000800000000)
  region size 2048K, 17 young (34816K), 1 survivors (2048K)
 Metaspace       used 99018K, committed 100544K, reserved 1179648K
  class space    used 13146K, committed 13824K, reserved 1048576K
}
Event: 5949.460 GC heap after
{Heap after GC invocations=35 (full 0):
 garbage-first heap   total 106496K, used 61521K [0x0000000704400000, 0x0000000800000000)
  region size 2048K, 1 young (2048K), 1 survivors (2048K)
 Metaspace       used 99018K, committed 100544K, reserved 1179648K
  class space    used 13146K, committed 13824K, reserved 1048576K
}
Event: 6638.698 GC heap before
{Heap before GC invocations=35 (full 0):
 garbage-first heap   total 106496K, used 94289K [0x0000000704400000, 0x0000000800000000)
  region size 2048K, 17 young (34816K), 1 survivors (2048K)
 Metaspace       used 99120K, committed 100608K, reserved 1179648K
  class space    used 13146K, committed 13824K, reserved 1048576K
}
Event: 6638.740 GC heap after
{Heap after GC invocations=36 (full 0):
 garbage-first heap   total 106496K, used 56281K [0x0000000704400000, 0x0000000800000000)
  region size 2048K, 1 young (2048K), 1 survivors (2048K)
 Metaspace       used 99120K, committed 100608K, reserved 1179648K
  class space    used 13146K, committed 13824K, reserved 1048576K
}
Event: 7486.621 GC heap before
{Heap before GC invocations=36 (full 0):
 garbage-first heap   total 106496K, used 95193K [0x0000000704400000, 0x0000000800000000)
  region size 2048K, 20 young (40960K), 1 survivors (2048K)
 Metaspace       used 99223K, committed 100672K, reserved 1179648K
  class space    used 13146K, committed 13824K, reserved 1048576K
}
Event: 7486.636 GC heap after
{Heap after GC invocations=37 (full 0):
 garbage-first heap   total 106496K, used 56364K [0x0000000704400000, 0x0000000800000000)
  region size 2048K, 1 young (2048K), 1 survivors (2048K)
 Metaspace       used 99223K, committed 100672K, reserved 1179648K
  class space    used 13146K, committed 13824K, reserved 1048576K
}
Event: 8335.183 GC heap before
{Heap before GC invocations=37 (full 0):
 garbage-first heap   total 106496K, used 95276K [0x0000000704400000, 0x0000000800000000)
  region size 2048K, 20 young (40960K), 1 survivors (2048K)
 Metaspace       used 99444K, committed 100800K, reserved 1179648K
  class space    used 13146K, committed 13824K, reserved 1048576K
}
Event: 8335.206 GC heap after
{Heap after GC invocations=38 (full 0):
 garbage-first heap   total 106496K, used 56466K [0x0000000704400000, 0x0000000800000000)
  region size 2048K, 1 young (2048K), 1 survivors (2048K)
 Metaspace       used 99444K, committed 100800K, reserved 1179648K
  class space    used 13146K, committed 13824K, reserved 1048576K
}
Event: 10427.992 GC heap before
{Heap before GC invocations=39 (full 0):
 garbage-first heap   total 106496K, used 95378K [0x0000000704400000, 0x0000000800000000)
  region size 2048K, 20 young (40960K), 1 survivors (2048K)
 Metaspace       used 99502K, committed 100800K, reserved 1179648K
  class space    used 13140K, committed 13824K, reserved 1048576K
}
Event: 10428.070 GC heap after
{Heap after GC invocations=40 (full 0):
 garbage-first heap   total 106496K, used 56664K [0x0000000704400000, 0x0000000800000000)
  region size 2048K, 1 young (2048K), 1 survivors (2048K)
 Metaspace       used 99502K, committed 100800K, reserved 1179648K
  class space    used 13140K, committed 13824K, reserved 1048576K
}
Event: 11344.106 GC heap before
{Heap before GC invocations=40 (full 0):
 garbage-first heap   total 106496K, used 95576K [0x0000000704400000, 0x0000000800000000)
  region size 2048K, 20 young (40960K), 1 survivors (2048K)
 Metaspace       used 99518K, committed 100800K, reserved 1179648K
  class space    used 13140K, committed 13824K, reserved 1048576K
}
Event: 11344.212 GC heap after
{Heap after GC invocations=41 (full 0):
 garbage-first heap   total 108544K, used 52442K [0x0000000704400000, 0x0000000800000000)
  region size 2048K, 1 young (2048K), 1 survivors (2048K)
 Metaspace       used 99518K, committed 100800K, reserved 1179648K
  class space    used 13140K, committed 13824K, reserved 1048576K
}
Event: 12246.542 GC heap before
{Heap before GC invocations=41 (full 0):
 garbage-first heap   total 108544K, used 95450K [0x0000000704400000, 0x0000000800000000)
  region size 2048K, 22 young (45056K), 1 survivors (2048K)
 Metaspace       used 99558K, committed 100864K, reserved 1179648K
  class space    used 13140K, committed 13824K, reserved 1048576K
}
Event: 12246.588 GC heap after
{Heap after GC invocations=42 (full 0):
 garbage-first heap   total 108544K, used 52538K [0x0000000704400000, 0x0000000800000000)
  region size 2048K, 1 young (2048K), 1 survivors (2048K)
 Metaspace       used 99558K, committed 100864K, reserved 1179648K
  class space    used 13140K, committed 13824K, reserved 1048576K
}

Dll operation events (13 events):
Event: 0.028 Loaded shared library C:\Users\Cong\.jdks\ms-21.0.6\bin\java.dll
Event: 0.103 Loaded shared library C:\Users\Cong\.jdks\ms-21.0.6\bin\jsvml.dll
Event: 0.241 Loaded shared library C:\Users\Cong\.jdks\ms-21.0.6\bin\zip.dll
Event: 0.245 Loaded shared library C:\Users\Cong\.jdks\ms-21.0.6\bin\instrument.dll
Event: 0.265 Loaded shared library C:\Users\Cong\.jdks\ms-21.0.6\bin\net.dll
Event: 0.273 Loaded shared library C:\Users\Cong\.jdks\ms-21.0.6\bin\nio.dll
Event: 0.283 Loaded shared library C:\Users\Cong\.jdks\ms-21.0.6\bin\zip.dll
Event: 0.498 Loaded shared library C:\Users\Cong\.jdks\ms-21.0.6\bin\extnet.dll
Event: 0.534 Loaded shared library C:\Users\Cong\.jdks\ms-21.0.6\bin\jimage.dll
Event: 1.132 Loaded shared library C:\Users\Cong\.jdks\ms-21.0.6\bin\management.dll
Event: 1.135 Loaded shared library C:\Users\Cong\.jdks\ms-21.0.6\bin\management_ext.dll
Event: 2.395 Loaded shared library C:\Users\Cong\.jdks\ms-21.0.6\bin\sunmscapi.dll
Event: 6.536 Loaded shared library C:\Users\Cong\.jdks\ms-21.0.6\bin\verify.dll

Deoptimization events (20 events):
Event: 10571.855 Thread 0x0000018a180a70a0 Uncommon trap: trap_request=0xffffffd6 fr.pc=0x00000189c2dac11c relative=0x000000000000071c
Event: 10571.855 Thread 0x0000018a180a70a0 Uncommon trap: reason=array_check action=maybe_recompile pc=0x00000189c2dac11c method=java.util.ComparableTimSort.binarySort([Ljava/lang/Object;III)V @ 215 c2
Event: 10571.855 Thread 0x0000018a180a70a0 DEOPT PACKING pc=0x00000189c2dac11c sp=0x0000001af3cfde30
Event: 10571.855 Thread 0x0000018a180a70a0 DEOPT UNPACKING pc=0x00000189c2747da2 sp=0x0000001af3cfddd0 mode 2
Event: 10571.876 Thread 0x0000018a180a70a0 Uncommon trap: trap_request=0xffffffd6 fr.pc=0x00000189c2dac11c relative=0x000000000000071c
Event: 10571.876 Thread 0x0000018a180a70a0 Uncommon trap: reason=array_check action=maybe_recompile pc=0x00000189c2dac11c method=java.util.ComparableTimSort.binarySort([Ljava/lang/Object;III)V @ 215 c2
Event: 10571.876 Thread 0x0000018a180a70a0 DEOPT PACKING pc=0x00000189c2dac11c sp=0x0000001af3cfdd50
Event: 10571.877 Thread 0x0000018a180a70a0 DEOPT UNPACKING pc=0x00000189c2747da2 sp=0x0000001af3cfdcf0 mode 2
Event: 11082.303 Thread 0x0000018a180a7dc0 Uncommon trap: trap_request=0xffffffd6 fr.pc=0x00000189c2edc79c relative=0x000000000000081c
Event: 11082.303 Thread 0x0000018a180a7dc0 Uncommon trap: reason=array_check action=maybe_recompile pc=0x00000189c2edc79c method=java.util.ComparableTimSort.binarySort([Ljava/lang/Object;III)V @ 193 c2
Event: 11082.304 Thread 0x0000018a180a7dc0 DEOPT PACKING pc=0x00000189c2edc79c sp=0x0000001af3bfe090
Event: 11082.304 Thread 0x0000018a180a7dc0 DEOPT UNPACKING pc=0x00000189c2747da2 sp=0x0000001af3bfe030 mode 2
Event: 11082.423 Thread 0x0000018a180a70a0 Uncommon trap: trap_request=0xffffffd6 fr.pc=0x00000189c2edc79c relative=0x000000000000081c
Event: 11082.423 Thread 0x0000018a180a70a0 Uncommon trap: reason=array_check action=maybe_recompile pc=0x00000189c2edc79c method=java.util.ComparableTimSort.binarySort([Ljava/lang/Object;III)V @ 193 c2
Event: 11082.423 Thread 0x0000018a180a70a0 DEOPT PACKING pc=0x00000189c2edc79c sp=0x0000001af3cfde30
Event: 11082.423 Thread 0x0000018a180a70a0 DEOPT UNPACKING pc=0x00000189c2747da2 sp=0x0000001af3cfddd0 mode 2
Event: 11262.650 Thread 0x0000018a180a7dc0 Uncommon trap: trap_request=0xffffff45 fr.pc=0x00000189c31dacec relative=0x0000000000000acc
Event: 11262.650 Thread 0x0000018a180a7dc0 Uncommon trap: reason=unstable_if action=reinterpret pc=0x00000189c31dacec method=java.util.concurrent.locks.ReentrantLock$Sync.tryLock()Z @ 19 c2
Event: 11262.651 Thread 0x0000018a180a7dc0 DEOPT PACKING pc=0x00000189c31dacec sp=0x0000001af3bfe0b0
Event: 11262.651 Thread 0x0000018a180a7dc0 DEOPT UNPACKING pc=0x00000189c2747da2 sp=0x0000001af3bfdfc0 mode 2

Classes loaded (20 events):
Event: 2614.035 Loading class java/util/TreeMap$EntrySpliterator
Event: 2614.037 Loading class java/util/TreeMap$EntrySpliterator done
Event: 2614.350 Loading class java/text/CharacterIterator
Event: 2614.350 Loading class java/text/CharacterIterator done
Event: 2614.351 Loading class java/text/StringCharacterIterator
Event: 2614.352 Loading class java/text/StringCharacterIterator done
Event: 2614.452 Loading class java/lang/package-info
Event: 2614.452 Loading class java/lang/package-info done
Event: 2614.500 Loading class java/time/package-info
Event: 2614.500 Loading class java/time/package-info done
Event: 2614.520 Loading class java/util/package-info
Event: 2614.520 Loading class java/util/package-info done
Event: 2614.554 Loading class java/util/stream/ReduceOps$4
Event: 2614.555 Loading class java/util/stream/ReduceOps$4 done
Event: 2614.555 Loading class java/util/stream/ReduceOps$4ReducingSink
Event: 2614.555 Loading class java/util/stream/ReduceOps$4ReducingSink done
Event: 2614.606 Loading class sun/reflect/annotation/AnnotationInvocationHandler$1
Event: 2614.607 Loading class sun/reflect/annotation/AnnotationInvocationHandler$1 done
Event: 2614.857 Loading class java/time/Instant$1
Event: 2614.857 Loading class java/time/Instant$1 done

Classes unloaded (20 events):
Event: 5209.224 Thread 0x00000189d1ddab20 Unloading class 0x00000189d3017000 'java/lang/invoke/LambdaForm$MH+0x00000189d3017000'
Event: 5209.224 Thread 0x00000189d1ddab20 Unloading class 0x00000189d3016400 'java/lang/invoke/LambdaForm$MH+0x00000189d3016400'
Event: 5209.224 Thread 0x00000189d1ddab20 Unloading class 0x00000189d3015400 'java/lang/invoke/LambdaForm$MH+0x00000189d3015400'
Event: 5209.224 Thread 0x00000189d1ddab20 Unloading class 0x00000189d3014800 'java/lang/invoke/LambdaForm$MH+0x00000189d3014800'
Event: 5209.224 Thread 0x00000189d1ddab20 Unloading class 0x00000189d3014000 'java/lang/invoke/LambdaForm$MH+0x00000189d3014000'
Event: 5209.224 Thread 0x00000189d1ddab20 Unloading class 0x00000189d3002400 'java/lang/invoke/LambdaForm$MH+0x00000189d3002400'
Event: 5209.224 Thread 0x00000189d1ddab20 Unloading class 0x00000189d3002000 'java/lang/invoke/LambdaForm$MH+0x00000189d3002000'
Event: 5209.224 Thread 0x00000189d1ddab20 Unloading class 0x00000189d3001c00 'java/lang/invoke/LambdaForm$MH+0x00000189d3001c00'
Event: 8335.376 Thread 0x00000189d1ddab20 Unloading class 0x00000189d3d68000 'java/lang/invoke/LambdaForm$MH+0x00000189d3d68000'
Event: 8335.376 Thread 0x00000189d1ddab20 Unloading class 0x00000189d3b44400 'java/lang/invoke/LambdaForm$MH+0x00000189d3b44400'
Event: 8335.376 Thread 0x00000189d1ddab20 Unloading class 0x00000189d3b44000 'java/lang/invoke/LambdaForm$MH+0x00000189d3b44000'
Event: 8335.376 Thread 0x00000189d1ddab20 Unloading class 0x00000189d3848000 'java/lang/invoke/LambdaForm$MH+0x00000189d3848000'
Event: 8335.376 Thread 0x00000189d1ddab20 Unloading class 0x00000189d3480000 'java/lang/invoke/LambdaForm$MH+0x00000189d3480000'
Event: 8335.376 Thread 0x00000189d1ddab20 Unloading class 0x00000189d3238000 'java/lang/invoke/LambdaForm$MH+0x00000189d3238000'
Event: 8335.376 Thread 0x00000189d1ddab20 Unloading class 0x00000189d30a4800 'java/lang/invoke/LambdaForm$MH+0x00000189d30a4800'
Event: 8335.376 Thread 0x00000189d1ddab20 Unloading class 0x00000189d301b400 'java/lang/invoke/LambdaForm$MH+0x00000189d301b400'
Event: 8335.377 Thread 0x00000189d1ddab20 Unloading class 0x00000189d301ac00 'java/lang/invoke/LambdaForm$MH+0x00000189d301ac00'
Event: 8335.377 Thread 0x00000189d1ddab20 Unloading class 0x00000189d301a400 'java/lang/invoke/LambdaForm$MH+0x00000189d301a400'
Event: 8335.377 Thread 0x00000189d1ddab20 Unloading class 0x00000189d301a000 'java/lang/invoke/LambdaForm$MH+0x00000189d301a000'
Event: 8335.377 Thread 0x00000189d1ddab20 Unloading class 0x00000189d3001400 'java/lang/invoke/LambdaForm$MH+0x00000189d3001400'

Classes redefined (0 events):
No events

Internal exceptions (20 events):
Event: 2923.326 Thread 0x0000018a1a7c1890 Exception <a 'java/io/IOException'{0x0000000709a872f8}> (0x0000000709a872f8) 
thrown [s\src\hotspot\share\prims\jni.cpp, line 520]
Event: 2923.337 Thread 0x0000018a1a7c1890 Exception <a 'java/io/IOException'{0x0000000709a881f0}> (0x0000000709a881f0) 
thrown [s\src\hotspot\share\prims\jni.cpp, line 520]
Event: 4459.180 Thread 0x0000018a180a8ae0 Exception <a 'java/io/IOException'{0x00000007091c16e0}> (0x00000007091c16e0) 
thrown [s\src\hotspot\share\prims\jni.cpp, line 520]
Event: 4459.184 Thread 0x0000018a180a8ae0 Exception <a 'java/io/IOException'{0x00000007091c25d8}> (0x00000007091c25d8) 
thrown [s\src\hotspot\share\prims\jni.cpp, line 520]
Event: 5389.181 Thread 0x0000018a18408530 Implicit null exception at 0x00000189c2d2cdd4 to 0x00000189c2d2d0a0
Event: 5390.193 Thread 0x0000018a18408530 Implicit null exception at 0x00000189c2d2cdd4 to 0x00000189c2d2d0a0
Event: 5391.186 Thread 0x0000018a18408530 Implicit null exception at 0x00000189c2d2cdd4 to 0x00000189c2d2d0a0
Event: 5392.193 Thread 0x0000018a18408530 Implicit null exception at 0x00000189c2d2cdd4 to 0x00000189c2d2d0a0
Event: 6618.857 Thread 0x0000018a180a7dc0 Implicit null exception at 0x00000189c304f55a to 0x00000189c3051be4
Event: 7099.677 Thread 0x0000018a180a70a0 Implicit null exception at 0x00000189c2f91a42 to 0x00000189c2f91db4
Event: 7099.677 Thread 0x0000018a180a70a0 Implicit null exception at 0x00000189c2ef4a93 to 0x00000189c2ef4b8d
Event: 8359.959 Thread 0x0000018a180a8ae0 Exception <a 'java/io/IOException'{0x0000000713f77568}> (0x0000000713f77568) 
thrown [s\src\hotspot\share\prims\jni.cpp, line 520]
Event: 10317.331 Thread 0x0000018a180a8ae0 Exception <a 'java/io/IOException'{0x0000000708eaf0f0}> (0x0000000708eaf0f0) 
thrown [s\src\hotspot\share\prims\jni.cpp, line 520]
Event: 10317.338 Thread 0x0000018a180a8ae0 Exception <a 'java/io/IOException'{0x0000000708eafe58}> (0x0000000708eafe58) 
thrown [s\src\hotspot\share\prims\jni.cpp, line 520]
Event: 10317.477 Thread 0x0000018a180a8ae0 Exception <a 'java/io/IOException'{0x0000000708ec46a0}> (0x0000000708ec46a0) 
thrown [s\src\hotspot\share\prims\jni.cpp, line 520]
Event: 10317.477 Thread 0x0000018a180a8ae0 Exception <a 'java/io/IOException'{0x0000000708ec52c0}> (0x0000000708ec52c0) 
thrown [s\src\hotspot\share\prims\jni.cpp, line 520]
Event: 11709.703 Thread 0x0000018a180a9800 Exception <a 'java/io/IOException'{0x0000000709d61090}> (0x0000000709d61090) 
thrown [s\src\hotspot\share\prims\jni.cpp, line 520]
Event: 11709.710 Thread 0x0000018a180a9800 Exception <a 'java/io/IOException'{0x0000000709d61fb8}> (0x0000000709d61fb8) 
thrown [s\src\hotspot\share\prims\jni.cpp, line 520]
Event: 12091.473 Thread 0x0000018a180a8ae0 Exception <a 'java/io/IOException'{0x00000007088033d8}> (0x00000007088033d8) 
thrown [s\src\hotspot\share\prims\jni.cpp, line 520]
Event: 12091.474 Thread 0x0000018a180a8ae0 Exception <a 'java/io/IOException'{0x0000000708803ff8}> (0x0000000708803ff8) 
thrown [s\src\hotspot\share\prims\jni.cpp, line 520]

ZGC Phase Switch (0 events):
No events

VM Operations (20 events):
Event: 11569.776 Executing VM operation: Cleanup
Event: 11569.776 Executing VM operation: Cleanup done
Event: 11623.174 Executing VM operation: Cleanup
Event: 11623.174 Executing VM operation: Cleanup done
Event: 11710.806 Executing VM operation: Cleanup
Event: 11710.806 Executing VM operation: Cleanup done
Event: 11983.715 Executing VM operation: Cleanup
Event: 11983.715 Executing VM operation: Cleanup done
Event: 12017.960 Executing VM operation: Cleanup
Event: 12017.960 Executing VM operation: Cleanup done
Event: 12092.396 Executing VM operation: Cleanup
Event: 12092.396 Executing VM operation: Cleanup done
Event: 12133.686 Executing VM operation: Cleanup
Event: 12133.686 Executing VM operation: Cleanup done
Event: 12246.540 Executing VM operation: G1CollectForAllocation (G1 Evacuation Pause)
Event: 12246.588 Executing VM operation: G1CollectForAllocation (G1 Evacuation Pause) done
Event: 12254.626 Executing VM operation: Cleanup
Event: 12254.626 Executing VM operation: Cleanup done
Event: 12585.042 Executing VM operation: Cleanup
Event: 12585.042 Executing VM operation: Cleanup done

Memory protections (0 events):
No events

Nmethod flushes (20 events):
Event: 8335.484 Thread 0x00000189d1ddab20 flushing  nmethod 0x00000189bbdc7810
Event: 8335.484 Thread 0x00000189d1ddab20 flushing  nmethod 0x00000189bbdcb090
Event: 8335.484 Thread 0x00000189d1ddab20 flushing  nmethod 0x00000189bbf9e690
Event: 8335.484 Thread 0x00000189d1ddab20 flushing  nmethod 0x00000189bc09f590
Event: 8335.484 Thread 0x00000189d1ddab20 flushing  nmethod 0x00000189bc0a1d90
Event: 8335.484 Thread 0x00000189d1ddab20 flushing  nmethod 0x00000189c2e1a510
Event: 8335.484 Thread 0x00000189d1ddab20 flushing  nmethod 0x00000189bb2cce10
Event: 8335.484 Thread 0x00000189d1ddab20 flushing  nmethod 0x00000189bb2cf710
Event: 8335.484 Thread 0x00000189d1ddab20 flushing  nmethod 0x00000189bb2d0e90
Event: 8335.484 Thread 0x00000189d1ddab20 flushing  nmethod 0x00000189bb3b0410
Event: 8335.484 Thread 0x00000189d1ddab20 flushing  nmethod 0x00000189bb5a8790
Event: 8335.484 Thread 0x00000189d1ddab20 flushing  nmethod 0x00000189bb749290
Event: 8335.484 Thread 0x00000189d1ddab20 flushing  nmethod 0x00000189bb837990
Event: 8335.484 Thread 0x00000189d1ddab20 flushing  nmethod 0x00000189bb83c690
Event: 8335.485 Thread 0x00000189d1ddab20 flushing  nmethod 0x00000189bb882790
Event: 8335.485 Thread 0x00000189d1ddab20 flushing  nmethod 0x00000189bbc52090
Event: 8335.485 Thread 0x00000189d1ddab20 flushing  nmethod 0x00000189bbda9d10
Event: 8335.485 Thread 0x00000189d1ddab20 flushing  nmethod 0x00000189bbdab690
Event: 8335.485 Thread 0x00000189d1ddab20 flushing  nmethod 0x00000189bc123690
Event: 8335.485 Thread 0x00000189d1ddab20 flushing  nmethod 0x00000189bc211c10

Events (20 events):
Event: 11963.306 Thread 0x0000018a1840b320 Thread added: 0x0000018a180a8450
Event: 11963.310 Thread 0x0000018a180a8450 Thread added: 0x0000018a180a9800
Event: 11968.317 Thread 0x0000018a180a8450 Thread exited: 0x0000018a180a8450
Event: 11968.399 Thread 0x0000018a180a9800 Thread exited: 0x0000018a180a9800
Event: 11996.381 Thread 0x0000018a1840b320 Thread added: 0x0000018a180a6a10
Event: 11996.396 Thread 0x0000018a180a6a10 Thread added: 0x0000018a180a9800
Event: 12001.411 Thread 0x0000018a180a6a10 Thread exited: 0x0000018a180a6a10
Event: 12001.487 Thread 0x0000018a180a9800 Thread exited: 0x0000018a180a9800
Event: 12017.542 Thread 0x0000018a1840b320 Thread added: 0x0000018a180a6a10
Event: 12017.553 Thread 0x0000018a180a6a10 Thread added: 0x0000018a180a9800
Event: 12022.558 Thread 0x0000018a180a6a10 Thread exited: 0x0000018a180a6a10
Event: 12022.635 Thread 0x0000018a180a9800 Thread exited: 0x0000018a180a9800
Event: 12053.188 Thread 0x0000018a1840b320 Thread added: 0x0000018a180a6380
Event: 12053.192 Thread 0x0000018a180a6380 Thread added: 0x0000018a180a8450
Event: 12058.200 Thread 0x0000018a180a6380 Thread exited: 0x0000018a180a6380
Event: 12058.307 Thread 0x0000018a180a8450 Thread exited: 0x0000018a180a8450
Event: 12091.468 Thread 0x0000018a1840b320 Thread added: 0x0000018a180a8ae0
Event: 12091.477 Thread 0x0000018a180a8ae0 Thread added: 0x0000018a180a9800
Event: 12097.974 Thread 0x0000018a180a8ae0 Thread exited: 0x0000018a180a8ae0
Event: 12098.053 Thread 0x0000018a180a9800 Thread exited: 0x0000018a180a9800


Dynamic libraries:
0x00007ff62a080000 - 0x00007ff62a08e000 	C:\Users\Cong\.jdks\ms-21.0.6\bin\java.exe
0x00007ffb34580000 - 0x00007ffb347e8000 	C:\WINDOWS\SYSTEM32\ntdll.dll
0x00007ffb329d0000 - 0x00007ffb32a99000 	C:\WINDOWS\System32\KERNEL32.DLL
0x00007ffb31b40000 - 0x00007ffb31f2d000 	C:\WINDOWS\System32\KERNELBASE.dll
0x00007ffb31810000 - 0x00007ffb3195b000 	C:\WINDOWS\System32\ucrtbase.dll
0x00007ffad5560000 - 0x00007ffad5578000 	C:\Users\Cong\.jdks\ms-21.0.6\bin\jli.dll
0x00007ffb33870000 - 0x00007ffb33a3c000 	C:\WINDOWS\System32\USER32.dll
0x00007ffb32170000 - 0x00007ffb32197000 	C:\WINDOWS\System32\win32u.dll
0x00007ffb32e20000 - 0x00007ffb32e4b000 	C:\WINDOWS\System32\GDI32.dll
0x00007ffad6db0000 - 0x00007ffad6dcd000 	C:\Users\Cong\.jdks\ms-21.0.6\bin\VCRUNTIME140.dll
0x00007ffafd6b0000 - 0x00007ffafd94a000 	C:\WINDOWS\WinSxS\amd64_microsoft.windows.common-controls_6595b64144ccf1df_6.0.26100.4484_none_3e0e6d4ce32ef3b3\COMCTL32.dll
0x00007ffb316d0000 - 0x00007ffb31807000 	C:\WINDOWS\System32\gdi32full.dll
0x00007ffb337c0000 - 0x00007ffb33869000 	C:\WINDOWS\System32\msvcrt.dll
0x00007ffb31a90000 - 0x00007ffb31b33000 	C:\WINDOWS\System32\msvcp_win.dll
0x00007ffb32990000 - 0x00007ffb329bf000 	C:\WINDOWS\System32\IMM32.DLL
0x00007ffae2e30000 - 0x00007ffae2e3c000 	C:\Users\Cong\.jdks\ms-21.0.6\bin\vcruntime140_1.dll
0x00007ffad4390000 - 0x00007ffad441d000 	C:\Users\Cong\.jdks\ms-21.0.6\bin\msvcp140.dll
0x00007ffa43600000 - 0x00007ffa44398000 	C:\Users\Cong\.jdks\ms-21.0.6\bin\server\jvm.dll
0x00007ffb328c0000 - 0x00007ffb32974000 	C:\WINDOWS\System32\ADVAPI32.dll
0x00007ffb32d70000 - 0x00007ffb32e16000 	C:\WINDOWS\System32\sechost.dll
0x00007ffb32e50000 - 0x00007ffb32f68000 	C:\WINDOWS\System32\RPCRT4.dll
0x00007ffb33a40000 - 0x00007ffb33ab4000 	C:\WINDOWS\System32\WS2_32.dll
0x00007ffb31520000 - 0x00007ffb3157e000 	C:\WINDOWS\SYSTEM32\POWRPROF.dll
0x00007ffb23c60000 - 0x00007ffb23c95000 	C:\WINDOWS\SYSTEM32\WINMM.dll
0x00007ffb1e800000 - 0x00007ffb1e80b000 	C:\WINDOWS\SYSTEM32\VERSION.dll
0x00007ffb31500000 - 0x00007ffb31514000 	C:\WINDOWS\SYSTEM32\UMPDC.dll
0x00007ffb30470000 - 0x00007ffb3048b000 	C:\WINDOWS\SYSTEM32\kernel.appcore.dll
0x00007ffae2e10000 - 0x00007ffae2e1a000 	C:\Users\Cong\.jdks\ms-21.0.6\bin\jimage.dll
0x00007ffb2ed70000 - 0x00007ffb2efb1000 	C:\WINDOWS\SYSTEM32\DBGHELP.DLL
0x00007ffb324b0000 - 0x00007ffb32836000 	C:\WINDOWS\System32\combase.dll
0x00007ffb32c80000 - 0x00007ffb32d60000 	C:\WINDOWS\System32\OLEAUT32.dll
0x00007ffb17340000 - 0x00007ffb17383000 	C:\WINDOWS\SYSTEM32\dbgcore.DLL
0x00007ffb319f0000 - 0x00007ffb31a89000 	C:\WINDOWS\System32\bcryptPrimitives.dll
0x00007ffb16b70000 - 0x00007ffb16b7f000 	C:\Users\Cong\.jdks\ms-21.0.6\bin\instrument.dll
0x00007ffad5540000 - 0x00007ffad5560000 	C:\Users\Cong\.jdks\ms-21.0.6\bin\java.dll
0x00007ffb32f70000 - 0x00007ffb336ba000 	C:\WINDOWS\System32\SHELL32.dll
0x00007ffb321a0000 - 0x00007ffb32314000 	C:\WINDOWS\System32\wintypes.dll
0x00007ffb2f2e0000 - 0x00007ffb2fb3b000 	C:\WINDOWS\SYSTEM32\windows.storage.dll
0x00007ffb336c0000 - 0x00007ffb337b5000 	C:\WINDOWS\System32\SHCORE.dll
0x00007ffb32850000 - 0x00007ffb328ba000 	C:\WINDOWS\System32\shlwapi.dll
0x00007ffb315e0000 - 0x00007ffb3160f000 	C:\WINDOWS\SYSTEM32\profapi.dll
0x00007ffab7330000 - 0x00007ffab7407000 	C:\Users\Cong\.jdks\ms-21.0.6\bin\jsvml.dll
0x00007ffad5010000 - 0x00007ffad5028000 	C:\Users\Cong\.jdks\ms-21.0.6\bin\zip.dll
0x00007ffae2de0000 - 0x00007ffae2df0000 	C:\Users\Cong\.jdks\ms-21.0.6\bin\net.dll
0x00007ffb26b40000 - 0x00007ffb26c5e000 	C:\WINDOWS\SYSTEM32\WINHTTP.dll
0x00007ffb30a00000 - 0x00007ffb30a6a000 	C:\WINDOWS\system32\mswsock.dll
0x00007ffad5380000 - 0x00007ffad5396000 	C:\Users\Cong\.jdks\ms-21.0.6\bin\nio.dll
0x00007ffadec00000 - 0x00007ffadec09000 	C:\Users\Cong\.jdks\ms-21.0.6\bin\extnet.dll
0x00007ffb16b60000 - 0x00007ffb16b6a000 	C:\Users\Cong\.jdks\ms-21.0.6\bin\management.dll
0x00007ffafb170000 - 0x00007ffafb17b000 	C:\Users\Cong\.jdks\ms-21.0.6\bin\management_ext.dll
0x00007ffb33d60000 - 0x00007ffb33d68000 	C:\WINDOWS\System32\PSAPI.DLL
0x00007ffb2fe60000 - 0x00007ffb2fe93000 	C:\WINDOWS\SYSTEM32\IPHLPAPI.DLL
0x00007ffb323a0000 - 0x00007ffb323aa000 	C:\WINDOWS\System32\NSI.dll
0x00007ffb2fef0000 - 0x00007ffb30016000 	C:\WINDOWS\SYSTEM32\DNSAPI.dll
0x00007ffb23ae0000 - 0x00007ffb23aeb000 	C:\Windows\System32\rasadhlp.dll
0x00007ffae2d40000 - 0x00007ffae2d4e000 	C:\Users\Cong\.jdks\ms-21.0.6\bin\sunmscapi.dll
0x00007ffb31ff0000 - 0x00007ffb32167000 	C:\WINDOWS\System32\CRYPT32.dll
0x00007ffb30ed0000 - 0x00007ffb30f00000 	C:\WINDOWS\SYSTEM32\ncrypt.dll
0x00007ffb30e80000 - 0x00007ffb30ebf000 	C:\WINDOWS\SYSTEM32\NTASN1.dll
0x00007ffb30cb0000 - 0x00007ffb30ccb000 	C:\WINDOWS\SYSTEM32\CRYPTSP.dll
0x00007ffb303d0000 - 0x00007ffb3040b000 	C:\WINDOWS\system32\rsaenh.dll
0x00007ffb30aa0000 - 0x00007ffb30acb000 	C:\WINDOWS\SYSTEM32\USERENV.dll
0x00007ffb315b0000 - 0x00007ffb315d6000 	C:\WINDOWS\SYSTEM32\bcrypt.dll
0x00007ffb30cd0000 - 0x00007ffb30cdc000 	C:\WINDOWS\SYSTEM32\CRYPTBASE.dll
0x00007ffaddb30000 - 0x00007ffaddb40000 	C:\Users\Cong\.jdks\ms-21.0.6\bin\verify.dll
0x00007ffb274a0000 - 0x00007ffb27526000 	C:\WINDOWS\System32\fwpuclnt.dll
0x00007ffae2e20000 - 0x00007ffae2e28000 	C:\WINDOWS\system32\wshunix.dll

dbghelp: loaded successfully - version: 4.0.5 - missing functions: none
symbol engine: initialized successfully - sym options: 0x614 - pdb path: .;C:\Users\Cong\.jdks\ms-21.0.6\bin;C:\WINDOWS\SYSTEM32;C:\WINDOWS\WinSxS\amd64_microsoft.windows.common-controls_6595b64144ccf1df_6.0.26100.4484_none_3e0e6d4ce32ef3b3;C:\Users\Cong\.jdks\ms-21.0.6\bin\server

VM Arguments:
jvm_args: -javaagent:C:\Program Files\JetBrains\IntelliJ IDEA Community Edition 2024.3.4.1\lib\idea_rt.jar=57606 -Dfile.encoding=UTF-8 -Dsun.stdout.encoding=UTF-8 -Dsun.stderr.encoding=UTF-8 
java_command: com.example.staff_service.StaffServiceApplication
java_class_path (initial): E:\DoAnUDPT\DistributedSystem-Clinic\backend\staff-service\target\classes;C:\Users\Cong\.m2\repository\org\springframework\boot\spring-boot-starter-actuator\3.5.0\spring-boot-starter-actuator-3.5.0.jar;C:\Users\Cong\.m2\repository\org\springframework\boot\spring-boot-starter\3.5.0\spring-boot-starter-3.5.0.jar;C:\Users\Cong\.m2\repository\org\springframework\boot\spring-boot-starter-logging\3.5.0\spring-boot-starter-logging-3.5.0.jar;C:\Users\Cong\.m2\repository\org\apache\logging\log4j\log4j-to-slf4j\2.24.3\log4j-to-slf4j-2.24.3.jar;C:\Users\Cong\.m2\repository\org\apache\logging\log4j\log4j-api\2.24.3\log4j-api-2.24.3.jar;C:\Users\Cong\.m2\repository\org\slf4j\jul-to-slf4j\2.0.17\jul-to-slf4j-2.0.17.jar;C:\Users\Cong\.m2\repository\jakarta\annotation\jakarta.annotation-api\2.1.1\jakarta.annotation-api-2.1.1.jar;C:\Users\Cong\.m2\repository\org\yaml\snakeyaml\2.4\snakeyaml-2.4.jar;C:\Users\Cong\.m2\repository\org\springframework\boot\spring-boot-actuator-autoconfigure\3.5.0\spring-boot-actuator-autoconfigure-3.5.0.jar;C:\Users\Cong\.m2\repository\org\springframework\boot\spring-boot-actuator\3.5.0\spring-boot-actuator-3.5.0.jar;C:\Users\Cong\.m2\repository\com\fasterxml\jackson\core\jackson-databind\2.19.0\jackson-databind-2.19.0.jar;C:\Users\Cong\.m2\repository\com\fasterxml\jackson\datatype\jackson-datatype-jsr310\2.19.0\jackson-datatype-jsr310-2.19.0.jar;C:\Users\Cong\.m2\repository\io\micrometer\micrometer-observation\1.15.0\micrometer-observation-1.15.0.jar;C:\Users\Cong\.m2\repository\io\micrometer\micrometer-commons\1.15.0\micrometer-commons-1.15.0.jar;C:\Users\Cong\.m2\repository\io\micrometer\micrometer-jakarta9\1.15.0\micrometer-jakarta9-1.15.0.jar;C:\Users\Cong\.m2\repository\io\micrometer\micrometer-core\1.15.0\micrometer-core-1.15.0.jar;C:\Users\Cong\.m2\repository\org\hdrhistogram\HdrHistogram\2.2.2\HdrHistogram-2.2.2.jar;C:\Users\Cong\.m2\repository\org\latencyutils\LatencyUtils\2.0.3\LatencyUtils-2.0.3.jar;C:\Users\Cong\.m2\repository\org\springframework\boot\spring-boot-starter-data-jpa\3.5.0\spring-boot-starter-data-jpa-3.5.0.jar;C:\Users\Cong\.m2\repository\org\springframework\boot\spring-boot-starter-jdbc\3.5.0\spring-boot-starter-jdbc-3.5.0.jar;C:\Users\Cong\.m2\repository\com\zaxxer\HikariCP\6.3.0\HikariCP-6.3.0.jar;C:\Users\Cong\.m2\repository\org\springframework\spring-jdbc\6.2.7\spring-jdbc-6.2.7.jar;C:\Users\Cong\.m2\repository\org\hibernate\orm\hibernate-core\6.6.15.Final\hibernate-core-6.6.15.Final.jar;C:\Users\Cong\.m2\repository\jakarta\persistence\jakarta.persistence-api\3.1.0\jakarta.persistence-api-3.1.0.jar;C:\Users\Cong\.m2\repository\jakarta\transaction\jakarta.transaction-api\2.0.1\jakarta.transaction-api-2.0.1.jar;C:\Users\Cong\.m2\repository\org\jboss\logging\jboss-logging\3.6.1.Final\jboss-logging-3.6.1.Final.jar;C:\Users\Cong\.m2\repository\org\hibernate\common\hibernate-commons-annotations\7.0.3.Final\hibernate-commons-annotations-7.0.3.Final.jar;C:\Users\Cong\.m2\repository\io\smallrye\jandex\3.2.0\jandex-3.2.0.jar;C:\Users\Cong\.m2\repository\com\fasterxml\classmate\1.7.0\classmate-1.7.0.jar;C:\Users\Cong\.m2\repository\net\bytebuddy\byte-buddy\1.17.5\byte-buddy-1.17.5.jar;C:\Users\Cong\.m2\repository\org\glassfish\jaxb\jaxb-runtime\4.0.5\jaxb-runtime-4.0.5.jar;C:\Users\Cong\.m2\repository\org\glassfish\jaxb\jaxb-core\4.0.5\jaxb-core-4.0.5.jar;C:\Users\Cong\.m2\repository\org\eclipse\angus\angus-activation\2.0.2\angus-activation-2.0.2.jar;C:\Users\Cong\.m2\repository\org\glassfish\jaxb\txw2\4.0.5\txw2-4.0.5.jar;C:\Users\Cong\.m2\repository\com\sun\istack\istack-commons-runtime\4.1.2\istack-commons-runtime-4.1.2.jar;C:\Users\Cong\.m2\repository\jakarta\inject\jakarta.inject-api\2.0.1\jakarta.inject-api-2.0.1.jar;C:\Users\Cong\.m2\repository\org\antlr\antlr4-runtime\4.13.0\antlr4-runtime-4.13.0.jar;C:\Users\Cong\.m2\repository\org\springframework\data\spring-data-jpa\3.5.0\spring-data-jpa-3.5.0.jar;C:\Users\Cong\.m2\repository\org\springframework\data\spring-data-commons\3.5.0\spring-data-commons-3.5.0.jar;C:\Users\Cong\.m2\repository\org\springframework\spring-orm\6.2.7\spring-orm-6.2.7.jar;C:\Users\Cong\.m2\repository\org\springframework\spring-aop\6.2.7\spring-aop-6.2.7.jar;C:\Users\Cong\.m2\repository\org\springframework\spring-beans\6.2.7\spring-beans-6.2.7.jar;C:\Users\Cong\.m2\repository\org\slf4j\slf4j-api\2.0.17\slf4j-api-2.0.17.jar;C:\Users\Cong\.m2\repository\org\springframework\spring-aspects\6.2.7\spring-aspects-6.2.7.jar;C:\Users\Cong\.m2\repository\org\aspectj\aspectjweaver\1.9.24\aspectjweaver-1.9.24.jar;C:\Users\Cong\.m2\repository\org\springframework\boot\spring-boot-starter-web\3.5.0\spring-boot-starter-web-3.5.0.jar;C:\Users\Cong\.m2\repository\org\springframework\boot\spring-boot-starter-json\3.5.0\spring-boot-starter-json-3.5.0.jar;C:\Users\Cong\.m2\repository\com\fasterxml\jackson\datatype\jackson-datatype-jdk8\2.19.0\jackson-datatype-jdk8-2.19.0.jar;C:\Users\Cong\.m2\repository\com\fasterxml\jackson\module\jackson-module-parameter-names\2.19.0\jackson-module-parameter-names-2.19.0.jar;C:\Users\Cong\.m2\repository\org\springframework\boot\spring-boot-starter-tomcat\3.5.0\spring-boot-starter-tomcat-3.5.0.jar;C:\Users\Cong\.m2\repository\org\apache\tomcat\embed\tomcat-embed-core\10.1.41\tomcat-embed-core-10.1.41.jar;C:\Users\Cong\.m2\repository\org\apache\tomcat\embed\tomcat-embed-el\10.1.41\tomcat-embed-el-10.1.41.jar;C:\Users\Cong\.m2\repository\org\apache\tomcat\embed\tomcat-embed-websocket\10.1.41\tomcat-embed-websocket-10.1.41.jar;C:\Users\Cong\.m2\repository\org\springframework\spring-web\6.2.7\spring-web-6.2.7.jar;C:\Users\Cong\.m2\repository\org\springframework\spring-webmvc\6.2.7\spring-webmvc-6.2.7.jar;C:\Users\Cong\.m2\repository\org\springframework\spring-expression\6.2.7\spring-expression-6.2.7.jar;C:\Users\Cong\.m2\repository\org\springframework\cloud\spring-cloud-starter-openfeign\4.3.0\spring-cloud-starter-openfeign-4.3.0.jar;C:\Users\Cong\.m2\repository\org\springframework\cloud\spring-cloud-starter\4.3.0\spring-cloud-starter-4.3.0.jar;C:\Users\Cong\.m2\repository\org\springframework\cloud\spring-cloud-context\4.3.0\spring-cloud-context-4.3.0.jar;C:\Users\Cong\.m2\repository\org\bouncycastle\bcprov-jdk18on\1.80\bcprov-jdk18on-1.80.jar;C:\Users\Cong\.m2\repository\org\springframework\cloud\spring-cloud-openfeign-core\4.3.0\spring-cloud-openfeign-core-4.3.0.jar;C:\Users\Cong\.m2\repository\io\github\openfeign\feign-form-spring\13.6\feign-form-spring-13.6.jar;C:\Users\Cong\.m2\repository\org\apache\commons\commons-text\1.13.0\commons-text-1.13.0.jar;C:\Users\Cong\.m2\repository\org\apache\commons\commons-lang3\3.17.0\commons-lang3-3.17.0.jar;C:\Users\Cong\.m2\repository\io\github\openfeign\feign-form\13.6\feign-form-13.6.jar;C:\Users\Cong\.m2\repository\commons-fileupload\commons-fileupload\1.5\commons-fileupload-1.5.jar;C:\Users\Cong\.m2\repository\org\springframework\cloud\spring-cloud-commons\4.3.0\spring-cloud-commons-4.3.0.jar;C:\Users\Cong\.m2\repository\org\springframework\security\spring-security-crypto\6.5.0\spring-security-crypto-6.5.0.jar;C:\Users\Cong\.m2\repository\io\github\openfeign\feign-core\13.6\feign-core-13.6.jar;C:\Users\Cong\.m2\repository\io\github\openfeign\feign-slf4j\13.6\feign-slf4j-13.6.jar;C:\Users\Cong\.m2\repository\org\springframework\kafka\spring-kafka\3.3.6\spring-kafka-3.3.6.jar;C:\Users\Cong\.m2\repository\org\springframework\spring-context\6.2.7\spring-context-6.2.7.jar;C:\Users\Cong\.m2\repository\org\springframework\spring-messaging\6.2.7\spring-messaging-6.2.7.jar;C:\Users\Cong\.m2\repository\org\springframework\spring-tx\6.2.7\spring-tx-6.2.7.jar;C:\Users\Cong\.m2\repository\org\springframework\retry\spring-retry\2.0.12\spring-retry-2.0.12.jar;C:\Users\Cong\.m2\repository\org\apache\kafka\kafka-clients\3.9.1\kafka-clients-3.9.1.jar;C:\Users\Cong\.m2\repository\com\github\luben\zstd-jni\1.5.6-4\zstd-jni-1.5.6-4.jar;C:\Users\Cong\.m2\repository\org\lz4\lz4-java\1.8.0\lz4-java-1.8.0.jar;C:\Users\Cong\.m2\repository\org\xerial\snappy\snappy-java\1.1.10.5\snappy-java-1.1.10.5.jar;C:\Users\Cong\.m2\repository\org\mapstruct\mapstruct\1.5.5.Final\mapstruct-1.5.5.Final.jar;C:\Users\Cong\.m2\repository\org\springframework\boot\spring-boot-devtools\3.5.0\spring-boot-devtools-3.5.0.jar;C:\Users\Cong\.m2\repository\org\springframework\boot\spring-boot\3.5.0\spring-boot-3.5.0.jar;C:\Users\Cong\.m2\repository\org\springframework\boot\spring-boot-autoconfigure\3.5.0\spring-boot-autoconfigure-3.5.0.jar;C:\Users\Cong\.m2\repository\com\mysql\mysql-connector-j\9.2.0\mysql-connector-j-9.2.0.jar;C:\Users\Cong\.m2\repository\org\springdoc\springdoc-openapi-starter-webmvc-ui\2.5.0\springdoc-openapi-starter-webmvc-ui-2.5.0.jar;C:\Users\Cong\.m2\repository\org\springdoc\springdoc-openapi-starter-webmvc-api\2.5.0\springdoc-openapi-starter-webmvc-api-2.5.0.jar;C:\Users\Cong\.m2\repository\org\springdoc\springdoc-openapi-starter-common\2.5.0\springdoc-openapi-starter-common-2.5.0.jar;C:\Users\Cong\.m2\repository\io\swagger\core\v3\swagger-core-jakarta\2.2.21\swagger-core-jakarta-2.2.21.jar;C:\Users\Cong\.m2\repository\io\swagger\core\v3\swagger-annotations-jakarta\2.2.21\swagger-annotations-jakarta-2.2.21.jar;C:\Users\Cong\.m2\repository\io\swagger\core\v3\swagger-models-jakarta\2.2.21\swagger-models-jakarta-2.2.21.jar;C:\Users\Cong\.m2\repository\jakarta\validation\jakarta.validation-api\3.0.2\jakarta.validation-api-3.0.2.jar;C:\Users\Cong\.m2\repository\com\fasterxml\jackson\dataformat\jackson-dataformat-yaml\2.19.0\jackson-dataformat-yaml-2.19.0.jar;C:\Users\Cong\.m2\repository\org\webjars\swagger-ui\5.13.0\swagger-ui-5.13.0.jar;C:\Users\Cong\.m2\repository\org\springframework\cloud\spring-cloud-starter-netflix-eureka-client\4.3.0\spring-cloud-starter-netflix-eureka-client-4.3.0.jar;C:\Users\Cong\.m2\repository\org\springframework\cloud\spring-cloud-netflix-eureka-client\4.3.0\spring-cloud-netflix-eureka-client-4.3.0.jar;C:\Users\Cong\.m2\repository\org\apache\httpcomponents\client5\httpclient5\5.4.4\httpclient5-5.4.4.jar;C:\Users\Cong\.m2\repository\org\apache\httpcomponents\core5\httpcore5\5.3.4\httpcore5-5.3.4.jar;C:\Users\Cong\.m2\repository\org\apache\httpcomponents\core5\httpcore5-h2\5.3.4\httpcore5-h2-5.3.4.jar;C:\Users\Cong\.m2\repository\com\netflix\eureka\eureka-client\2.0.4\eureka-client-2.0.4.jar;C:\Users\Cong\.m2\repository\com\thoughtworks\xstream\xstream\1.4.20\xstream-1.4.20.jar;C:\Users\Cong\.m2\repository\io\github\x-stream\mxparser\1.2.2\mxparser-1.2.2.jar;C:\Users\Cong\.m2\repository\xmlpull\xmlpull\1.1.3.1\xmlpull-1.1.3.1.jar;C:\Users\Cong\.m2\repository\jakarta\ws\rs\jakarta.ws.rs-api\3.1.0\jakarta.ws.rs-api-3.1.0.jar;C:\Users\Cong\.m2\repository\com\netflix\spectator\spectator-api\1.7.3\spectator-api-1.7.3.jar;C:\Users\Cong\.m2\repository\org\apache\httpcomponents\httpclient\4.5.3\httpclient-4.5.3.jar;C:\Users\Cong\.m2\repository\org\apache\httpcomponents\httpcore\4.4.16\httpcore-4.4.16.jar;C:\Users\Cong\.m2\repository\commons-codec\commons-codec\1.18.0\commons-codec-1.18.0.jar;C:\Users\Cong\.m2\repository\commons-configuration\commons-configuration\1.10\commons-configuration-1.10.jar;C:\Users\Cong\.m2\repository\commons-lang\commons-lang\2.6\commons-lang-2.6.jar;C:\Users\Cong\.m2\repository\com\fasterxml\jackson\core\jackson-annotations\2.19.0\jackson-annotations-2.19.0.jar;C:\Users\Cong\.m2\repository\com\fasterxml\jackson\core\jackson-core\2.19.0\jackson-core-2.19.0.jar;C:\Users\Cong\.m2\repository\com\netflix\netflix-commons\netflix-eventbus\0.3.0\netflix-eventbus-0.3.0.jar;C:\Users\Cong\.m2\repository\com\netflix\netflix-commons\netflix-infix\0.3.0\netflix-infix-0.3.0.jar;C:\Users\Cong\.m2\repository\commons-jxpath\commons-jxpath\1.3\commons-jxpath-1.3.jar;C:\Users\Cong\.m2\repository\joda-time\joda-time\2.3\joda-time-2.3.jar;C:\Users\Cong\.m2\repository\org\antlr\antlr-runtime\3.4\antlr-runtime-3.4.jar;C:\Users\Cong\.m2\repository\org\antlr\stringtemplate\3.2.1\stringtemplate-3.2.1.jar;C:\Users\Cong\.m2\repository\antlr\antlr\2.7.7\antlr-2.7.7.jar;C:\Users\Cong\.m2\repository\com\google\guava\guava\14.0.1\guava-14.0.1.jar;C:\Users\Cong\.m2\repository\com\google\code\gson\gson\2.13.1\gson-2.13.1.jar;C:\Users\Cong\.m2\repository\com\netflix\servo\servo-core\0.5.3\servo-core-0.5.3.jar;C:\Users\Cong\.m2\repository\org\apache\commons\commons-math\2.2\commons-math-2.2.jar;C:\Users\Cong\.m2\repository\javax\annotation\javax.annotation-api\1.2\javax.annotation-api-1.2.jar;C:\Users\Cong\.m2\repository\org\codehaus\jettison\jettison\1.5.4\jettison-1.5.4.jar;C:\Users\Cong\.m2\repository\org\springframework\cloud\spring-cloud-starter-loadbalancer\4.3.0\spring-cloud-starter-loadbalancer-4.3.0.jar;C:\Users\Cong\.m2\repository\org\springframework\cloud\spring-cloud-loadbalancer\4.3.0\spring-cloud-loadbalancer-4.3.0.jar;C:\Users\Cong\.m2\repository\io\projectreactor\reactor-core\3.7.6\reactor-core-3.7.6.jar;C:\Users\Cong\.m2\repository\org\reactivestreams\reactive-streams\1.0.4\reactive-streams-1.0.4.jar;C:\Users\Cong\.m2\repository\io\projectreactor\addons\reactor-extra\3.5.2\reactor-extra-3.5.2.jar;C:\Users\Cong\.m2\repository\org\springframework\boot\spring-boot-starter-cache\3.5.0\spring-boot-starter-cache-3.5.0.jar;C:\Users\Cong\.m2\repository\org\springframework\spring-context-support\6.2.7\spring-context-support-6.2.7.jar;C:\Users\Cong\.m2\repository\com\stoyanr\evictor\1.0.0\evictor-1.0.0.jar;C:\Users\Cong\.m2\repository\jakarta\xml\bind\jakarta.xml.bind-api\4.0.2\jakarta.xml.bind-api-4.0.2.jar;C:\Users\Cong\.m2\repository\jakarta\activation\jakarta.activation-api\2.1.3\jakarta.activation-api-2.1.3.jar;C:\Users\Cong\.m2\repository\org\springframework\spring-core\6.2.7\spring-core-6.2.7.jar;C:\Users\Cong\.m2\repository\org\springframework\spring-jcl\6.2.7\spring-jcl-6.2.7.jar;C:\Users\Cong\.m2\repository\ch\qos\logback\logback-core\1.5.18\logback-core-1.5.18.jar;C:\Users\Cong\.m2\repository\ch\qos\logback\logback-classic\1.5.18\logback-classic-1.5.18.jar;C:\Users\Cong\.m2\repository\com\google\errorprone\error_prone_annotations\2.36.0\error_prone_annotations-2.36.0.jar
Launcher Type: SUN_STANDARD

[Global flags]
     intx CICompilerCount                          = 4                                         {product} {ergonomic}
     uint ConcGCThreads                            = 2                                         {product} {ergonomic}
     uint G1ConcRefinementThreads                  = 8                                         {product} {ergonomic}
   size_t G1HeapRegionSize                         = 2097152                                   {product} {ergonomic}
    uintx GCDrainStackTargetSize                   = 64                                        {product} {ergonomic}
   size_t InitialHeapSize                          = 264241152                                 {product} {ergonomic}
   size_t MarkStackSize                            = 4194304                                   {product} {ergonomic}
   size_t MaxHeapSize                              = 4223664128                                {product} {ergonomic}
   size_t MaxNewSize                               = 2533359616                                {product} {ergonomic}
   size_t MinHeapDeltaBytes                        = 2097152                                   {product} {ergonomic}
   size_t MinHeapSize                              = 8388608                                   {product} {ergonomic}
    uintx NonNMethodCodeHeapSize                   = 5839372                                {pd product} {ergonomic}
    uintx NonProfiledCodeHeapSize                  = 122909434                              {pd product} {ergonomic}
    uintx ProfiledCodeHeapSize                     = 122909434                              {pd product} {ergonomic}
    uintx ReservedCodeCacheSize                    = 251658240                              {pd product} {ergonomic}
     bool SegmentedCodeCache                       = true                                      {product} {ergonomic}
   size_t SoftMaxHeapSize                          = 4223664128                             {manageable} {ergonomic}
     bool UseCompressedOops                        = true                           {product lp64_product} {ergonomic}
     bool UseG1GC                                  = true                                      {product} {ergonomic}
     bool UseLargePagesIndividualAllocation        = false                                  {pd product} {ergonomic}

Logging:
Log output configuration:
 #0: stdout all=warning uptime,level,tags foldmultilines=false
 #1: stderr all=off uptime,level,tags foldmultilines=false

Environment Variables:
JAVA_HOME=C:\Program Files\Java\jdk-21
PATH=C:\Program Files\Common Files\Oracle\Java\javapath;C:\Program Files\Microsoft MPI\Bin\;C:\app\Cong\product\21c\dbhomeXE\bin;C:\Windows\system32;C:\Windows;C:\Windows\System32\Wbem;C:\Windows\System32\WindowsPowerShell\v1.0\;C:\Windows\System32\OpenSSH\;C:\Program Files\NVIDIA Corporation\NVIDIA NvDLISR;C:\WINDOWS\system32;C:\WINDOWS;C:\WINDOWS\System32\Wbem;C:\WINDOWS\System32\WindowsPowerShell\v1.0\;C:\WINDOWS\System32\OpenSSH\;C:\Program Files\nodejs\;C:\Program Files\dotnet\;C:\Program Files\Git\cmd;C:\Program Files\Microsoft SQL Server\Client SDK\ODBC\170\Tools\Binn\;C:\Program Files\Microsoft SQL Server\160\DTS\Binn\;C:\Program Files\Microsoft SQL Server\130\DTS\Binn\;C:\Program Files\Microsoft SQL Server\140\DTS\Binn\;C:\Program Files\Microsoft SQL Server\150\DTS\Binn\;C:\Program Files\Docker\Docker\resources\bin;C:\Program Files\Java\jdk-21\bin;C:\apache-maven-3.9.9\bin;C:\Program Files (x86)\Microsoft SQL Server\160\DTS\Binn\;C:\Users\Cong\Downloads\apache-jmeter-5.6.3\bin;C:\Program Files (x86)\Microsoft SQL Server\160\Tools\Binn\;C:\Program Files\Microsoft SQL Server\160\Tools\Binn\;C:\Program Files\Microsoft SQL Server\150\Tools\Binn\;C:\Program Files\Redis;C:\Program Files\Erlang OTP;C:\Users\Cong\AppData\Local\Programs\Python\Python313\Scripts\;C:\Users\Cong\AppData\Local\Programs\Python\Python313\;C:\Users\Cong\AppData\Local\Programs\Python\Launcher\;C:\Users\Cong\AppData\Local\Microsoft\WindowsApps;C:\Users\Cong\AppData\Roaming\npm;C:\Users\Cong\.dotnet\tools;E:\Windsurf\bin;C:\Program Files\Java\jdk-21\bin;C:\Users\Cong\AppData\Local\Programs\Microsoft VS Code\bin
USERNAME=Cong
OS=Windows_NT
PROCESSOR_IDENTIFIER=Intel64 Family 6 Model 140 Stepping 1, GenuineIntel
TMP=C:\Users\Cong\AppData\Local\Temp
TEMP=C:\Users\Cong\AppData\Local\Temp




Periodic native trim disabled

---------------  S Y S T E M  ---------------

OS:
 Windows 11 , 64 bit Build 26100 (10.0.26100.4484)
OS uptime: 0 days 7:47 hours
Hyper-V role detected

CPU: total 8 (initial active 8) (4 cores per cpu, 2 threads per core) family 6 model 140 stepping 1 microcode 0xbc, cx8, cmov, fxsr, ht, mmx, 3dnowpref, sse, sse2, sse3, ssse3, sse4.1, sse4.2, popcnt, lzcnt, tsc, tscinvbit, avx, avx2, aes, erms, clmul, bmi1, bmi2, adx, avx512f, avx512dq, avx512cd, avx512bw, avx512vl, sha, fma, vzeroupper, avx512_vpopcntdq, avx512_vpclmulqdq, avx512_vaes, avx512_vnni, clflush, clflushopt, clwb, avx512_vbmi2, avx512_vbmi, hv, rdtscp, rdpid, fsrm, gfni, avx512_bitalg, f16c, cet_ibt, cet_ss, avx512_ifma
Processor Information for processor 0
  Max Mhz: 2803, Current Mhz: 2803, Mhz Limit: 2803
Processor Information for processor 1
  Max Mhz: 2803, Current Mhz: 2803, Mhz Limit: 2803
Processor Information for processor 2
  Max Mhz: 2803, Current Mhz: 2803, Mhz Limit: 2803
Processor Information for processor 3
  Max Mhz: 2803, Current Mhz: 2803, Mhz Limit: 2803
Processor Information for processor 4
  Max Mhz: 2803, Current Mhz: 2803, Mhz Limit: 2803
Processor Information for processor 5
  Max Mhz: 2803, Current Mhz: 1001, Mhz Limit: 2803
Processor Information for processor 6
  Max Mhz: 2803, Current Mhz: 2803, Mhz Limit: 2803
Processor Information for processor 7
  Max Mhz: 2803, Current Mhz: 2803, Mhz Limit: 2803

Memory: 4k page, system-wide physical 16106M (1372M free)
TotalPageFile size 33516M (AvailPageFile size 6M)
current process WorkingSet (physical memory assigned to process): 76M, peak: 367M
current process commit charge ("private bytes"): 401M, peak: 423M

vm_info: OpenJDK 64-Bit Server VM (21.0.6+7-LTS) for windows-amd64 JRE (21.0.6+7-LTS), built on 2025-01-08T23:03:52Z by "MicrosoftCorporation" with unknown MS VC++:1939

END.
