#
# There is insufficient memory for the Java Runtime Environment to continue.
# Native memory allocation (malloc) failed to allocate 604928 bytes. Error detail: Chunk::new
# Possible reasons:
#   The system is out of physical RAM or swap space
#   This process is running with CompressedOops enabled, and the Java Heap may be blocking the growth of the native heap
# Possible solutions:
#   Reduce memory load on the system
#   Increase physical memory or swap space
#   Check if swap backing store is full
#   Decrease Java heap size (-Xmx/-Xms)
#   Decrease number of Java threads
#   Decrease Java thread stack sizes (-Xss)
#   Set larger code cache with -XX:ReservedCodeCacheSize=
#   JVM is running with Zero Based Compressed Oops mode in which the Java heap is
#     placed in the first 32GB address space. The Java Heap base address is the
#     maximum limit for the native heap growth. Please use -XX:HeapBaseMinAddress
#     to set the Java Heap base and to place the Java Heap above 32GB virtual address.
# This output file may be truncated or incomplete.
#
#  Out of Memory Error (arena.cpp:168), pid=31676, tid=4552
#
# JRE version: OpenJDK Runtime Environment Microsoft-10800203 (21.0.6+7) (build 21.0.6+7-LTS)
# Java VM: OpenJDK 64-Bit Server VM Microsoft-10800203 (21.0.6+7-LTS, mixed mode, sharing, tiered, compressed oops, compressed class ptrs, g1 gc, windows-amd64)
# No core dump will be written. Minidumps are not enabled by default on client versions of Windows
#

---------------  S U M M A R Y ------------

Command Line: -javaagent:C:\Program Files\JetBrains\IntelliJ IDEA Community Edition 2024.3.4.1\lib\idea_rt.jar=55880 -Dfile.encoding=UTF-8 -Dsun.stdout.encoding=UTF-8 -Dsun.stderr.encoding=UTF-8 com.example.staff_service.StaffServiceApplication

Host: 11th Gen Intel(R) Core(TM) i7-1165G7 @ 2.80GHz, 8 cores, 15G,  Windows 11 , 64 bit Build 26100 (10.0.26100.4484)
Time: Thu Jul 10 23:54:29 2025 SE Asia Standard Time elapsed time: 17.257158 seconds (0d 0h 0m 17s)

---------------  T H R E A D  ---------------

Current thread (0x0000024049c6bd10):  JavaThread "C2 CompilerThread0" daemon [_thread_in_native, id=4552, stack(0x000000e43a000000,0x000000e43a100000) (1024K)]


Current CompileTask:
C2:17257 6710       4       jdk.internal.org.objectweb.asm.ClassWriter::toByteArray (1517 bytes)

Stack: [0x000000e43a000000,0x000000e43a100000]
Native frames: (J=compiled Java code, j=interpreted, Vv=VM code, C=native code)
V  [jvm.dll+0x6d4a09]
V  [jvm.dll+0x8af9a1]
V  [jvm.dll+0x8b1ece]
V  [jvm.dll+0x8b25b3]
V  [jvm.dll+0x2804e6]
V  [jvm.dll+0xc522d]
V  [jvm.dll+0xc5763]
V  [jvm.dll+0x3bba2c]
V  [jvm.dll+0x3881b0]
V  [jvm.dll+0x38762a]
V  [jvm.dll+0x2481d5]
V  [jvm.dll+0x2477af]
V  [jvm.dll+0x1c799f]
V  [jvm.dll+0x2575d9]
V  [jvm.dll+0x25599a]
V  [jvm.dll+0x3f57c6]
V  [jvm.dll+0x85920b]
V  [jvm.dll+0x6d310d]
C  [ucrtbase.dll+0x37b0]
C  [KERNEL32.DLL+0x2e8d7]
C  [ntdll.dll+0x3c34c]


---------------  P R O C E S S  ---------------

Threads class SMR info:
_java_thread_list=0x0000024092c451e0, length=20, elements={
0x000002402a95e940, 0x0000024049c5ac40, 0x0000024049c5b980, 0x0000024049c601b0,
0x0000024049c63780, 0x0000024049c689c0, 0x0000024049c6a420, 0x0000024049c6bd10,
0x0000024049c6d440, 0x0000024049c2c000, 0x000002408f90e2a0, 0x000002408f90e900,
0x00000240902ee6b0, 0x000002408fdd4ce0, 0x00000240947d0970, 0x00000240947d1d20,
0x00000240947d1000, 0x00000240947d3760, 0x00000240947d23b0, 0x00000240947d02e0
}

Java Threads: ( => current thread )
  0x000002402a95e940 JavaThread "main"                              [_thread_blocked, id=33828, stack(0x000000e439200000,0x000000e439300000) (1024K)]
  0x0000024049c5ac40 JavaThread "Reference Handler"          daemon [_thread_blocked, id=25116, stack(0x000000e439a00000,0x000000e439b00000) (1024K)]
  0x0000024049c5b980 JavaThread "Finalizer"                  daemon [_thread_blocked, id=15272, stack(0x000000e439b00000,0x000000e439c00000) (1024K)]
  0x0000024049c601b0 JavaThread "Signal Dispatcher"          daemon [_thread_blocked, id=13112, stack(0x000000e439c00000,0x000000e439d00000) (1024K)]
  0x0000024049c63780 JavaThread "Attach Listener"            daemon [_thread_blocked, id=6716, stack(0x000000e439d00000,0x000000e439e00000) (1024K)]
  0x0000024049c689c0 JavaThread "Service Thread"             daemon [_thread_blocked, id=14796, stack(0x000000e439e00000,0x000000e439f00000) (1024K)]
  0x0000024049c6a420 JavaThread "Monitor Deflation Thread"   daemon [_thread_blocked, id=17200, stack(0x000000e439f00000,0x000000e43a000000) (1024K)]
=>0x0000024049c6bd10 JavaThread "C2 CompilerThread0"         daemon [_thread_in_native, id=4552, stack(0x000000e43a000000,0x000000e43a100000) (1024K)]
  0x0000024049c6d440 JavaThread "C1 CompilerThread0"         daemon [_thread_blocked, id=14712, stack(0x000000e43a100000,0x000000e43a200000) (1024K)]
  0x0000024049c2c000 JavaThread "Common-Cleaner"             daemon [_thread_blocked, id=2128, stack(0x000000e43a200000,0x000000e43a300000) (1024K)]
  0x000002408f90e2a0 JavaThread "Monitor Ctrl-Break"         daemon [_thread_in_native, id=22332, stack(0x000000e43a400000,0x000000e43a500000) (1024K)]
  0x000002408f90e900 JavaThread "Notification Thread"        daemon [_thread_blocked, id=34228, stack(0x000000e43a500000,0x000000e43a600000) (1024K)]
  0x00000240902ee6b0 JavaThread "Thread-0"                          [_thread_blocked, id=28188, stack(0x000000e43ad00000,0x000000e43ae00000) (1024K)]
  0x000002408fdd4ce0 JavaThread "restartedMain"                     [_thread_blocked, id=28320, stack(0x000000e43ae00000,0x000000e43af00000) (1024K)]
  0x00000240947d0970 JavaThread "Catalina-utility-1"                [_thread_blocked, id=10692, stack(0x000000e43b000000,0x000000e43b100000) (1024K)]
  0x00000240947d1d20 JavaThread "Catalina-utility-2"                [_thread_blocked, id=14368, stack(0x000000e43b100000,0x000000e43b200000) (1024K)]
  0x00000240947d1000 JavaThread "container-0"                       [_thread_blocked, id=14648, stack(0x000000e43b300000,0x000000e43b400000) (1024K)]
  0x00000240947d3760 JavaThread "mysql-cj-abandoned-connection-cleanup" daemon [_thread_blocked, id=10916, stack(0x000000e43b400000,0x000000e43b500000) (1024K)]
  0x00000240947d23b0 JavaThread "HikariPool-1:housekeeper"   daemon [_thread_blocked, id=15960, stack(0x000000e43b600000,0x000000e43b700000) (1024K)]
  0x00000240947d02e0 JavaThread "HikariPool-1:connection-adder" daemon [_thread_blocked, id=16604, stack(0x000000e43b700000,0x000000e43b800000) (1024K)]
Total: 20

Other Threads:
  0x0000024049c3bea0 VMThread "VM Thread"                           [id=33620, stack(0x000000e439900000,0x000000e439a00000) (1024K)] _threads_hazard_ptr=0x0000024092c451e0
  0x0000024049c2b580 WatcherThread "VM Periodic Task Thread"        [id=5456, stack(0x000000e439800000,0x000000e439900000) (1024K)]
  0x000002402a9c7b50 WorkerThread "GC Thread#0"                     [id=30132, stack(0x000000e439300000,0x000000e439400000) (1024K)]
  0x000002408fbaeee0 WorkerThread "GC Thread#1"                     [id=34592, stack(0x000000e43a600000,0x000000e43a700000) (1024K)]
  0x000002408fbae060 WorkerThread "GC Thread#2"                     [id=17340, stack(0x000000e43a700000,0x000000e43a800000) (1024K)]
  0x000002408fbaf280 WorkerThread "GC Thread#3"                     [id=22600, stack(0x000000e43a800000,0x000000e43a900000) (1024K)]
  0x000002408fbaeb40 WorkerThread "GC Thread#4"                     [id=16140, stack(0x000000e43a900000,0x000000e43aa00000) (1024K)]
  0x000002408fbaf620 WorkerThread "GC Thread#5"                     [id=26468, stack(0x000000e43aa00000,0x000000e43ab00000) (1024K)]
  0x000002408fbae400 WorkerThread "GC Thread#6"                     [id=34428, stack(0x000000e43ac00000,0x000000e43ad00000) (1024K)]
  0x000002408fbadcc0 WorkerThread "GC Thread#7"                     [id=21668, stack(0x000000e43af00000,0x000000e43b000000) (1024K)]
  0x000002402a9d9570 ConcurrentGCThread "G1 Main Marker"            [id=22780, stack(0x000000e439400000,0x000000e439500000) (1024K)]
  0x000002402a9da810 WorkerThread "G1 Conc#0"                       [id=2264, stack(0x000000e439500000,0x000000e439600000) (1024K)]
  0x0000024092529100 WorkerThread "G1 Conc#1"                       [id=13852, stack(0x000000e43b200000,0x000000e43b300000) (1024K)]
  0x0000024049af5610 ConcurrentGCThread "G1 Refine#0"               [id=31756, stack(0x000000e439600000,0x000000e439700000) (1024K)]
  0x0000024049af8050 ConcurrentGCThread "G1 Service"                [id=7260, stack(0x000000e439700000,0x000000e439800000) (1024K)]
Total: 15

Threads with active compile tasks:
C2 CompilerThread0  17267 6710       4       jdk.internal.org.objectweb.asm.ClassWriter::toByteArray (1517 bytes)
Total: 1

VM state: synchronizing (normal execution)

VM Mutex/Monitor currently owned by a thread:  ([mutex/lock_event])
[0x00007ffaaba864f0] Threads_lock - owner thread: 0x0000024049c3bea0

Heap address: 0x0000000704400000, size: 4028 MB, Compressed Oops mode: Zero based, Oop shift amount: 3

CDS archive(s) mapped at: [0x000002404a000000-0x000002404ac80000-0x000002404ac80000), size 13107200, SharedBaseAddress: 0x000002404a000000, ArchiveRelocationMode: 1.
Compressed class space mapped at: 0x000002404b000000-0x000002408b000000, reserved size: 1073741824
Narrow klass base: 0x000002404a000000, Narrow klass shift: 0, Narrow klass range: 0x100000000

GC Precious Log:
 CardTable entry size: 512
 Card Set container configuration: InlinePtr #cards 4 size 8 Array Of Cards #cards 16 size 48 Howl #buckets 8 coarsen threshold 3686 Howl Bitmap #cards 512 size 80 coarsen threshold 460 Card regions per heap region 1 cards per card region 4096
 CPUs: 8 total, 8 available
 Memory: 16106M
 Large Page Support: Disabled
 NUMA Support: Disabled
 Compressed Oops: Enabled (Zero based)
 Heap Region Size: 2M
 Heap Min Capacity: 8M
 Heap Initial Capacity: 252M
 Heap Max Capacity: 4028M
 Pre-touch: Disabled
 Parallel Workers: 8
 Concurrent Workers: 2
 Concurrent Refinement Workers: 8
 Periodic GC: Disabled

Heap:
 garbage-first heap   total 79872K, used 41410K [0x0000000704400000, 0x0000000800000000)
  region size 2048K, 3 young (6144K), 2 survivors (4096K)
 Metaspace       used 69138K, committed 69888K, reserved 1114112K
  class space    used 9204K, committed 9536K, reserved 1048576K

Heap Regions: E=young(eden), S=young(survivor), O=old, HS=humongous(starts), HC=humongous(continues), CS=collection set, F=free, TAMS=top-at-mark-start, PB=parsable bottom
|   0|0x0000000704400000, 0x0000000704600000, 0x0000000704600000|100%| O|  |TAMS 0x0000000704400000| PB 0x0000000704400000| Untracked 
|   1|0x0000000704600000, 0x0000000704800000, 0x0000000704800000|100%| O|  |TAMS 0x0000000704600000| PB 0x0000000704600000| Untracked 
|   2|0x0000000704800000, 0x0000000704a00000, 0x0000000704a00000|100%| O|  |TAMS 0x0000000704800000| PB 0x0000000704800000| Untracked 
|   3|0x0000000704a00000, 0x0000000704c00000, 0x0000000704c00000|100%| O|  |TAMS 0x0000000704a00000| PB 0x0000000704a00000| Untracked 
|   4|0x0000000704c00000, 0x0000000704e00000, 0x0000000704e00000|100%| O|  |TAMS 0x0000000704c00000| PB 0x0000000704c00000| Untracked 
|   5|0x0000000704e00000, 0x0000000705000000, 0x0000000705000000|100%| O|  |TAMS 0x0000000704e00000| PB 0x0000000704e00000| Untracked 
|   6|0x0000000705000000, 0x0000000705200000, 0x0000000705200000|100%| O|Cm|TAMS 0x0000000705000000| PB 0x0000000705000000| Complete 
|   7|0x0000000705200000, 0x0000000705400000, 0x0000000705400000|100%| O|  |TAMS 0x0000000705200000| PB 0x0000000705200000| Untracked 
|   8|0x0000000705400000, 0x0000000705600000, 0x0000000705600000|100%| O|  |TAMS 0x0000000705400000| PB 0x0000000705400000| Untracked 
|   9|0x0000000705600000, 0x0000000705800000, 0x0000000705800000|100%| O|  |TAMS 0x0000000705600000| PB 0x0000000705600000| Untracked 
|  10|0x0000000705800000, 0x0000000705a00000, 0x0000000705a00000|100%| O|  |TAMS 0x0000000705800000| PB 0x0000000705800000| Untracked 
|  11|0x0000000705a00000, 0x0000000705c00000, 0x0000000705c00000|100%| O|  |TAMS 0x0000000705a00000| PB 0x0000000705a00000| Untracked 
|  12|0x0000000705c00000, 0x0000000705e00000, 0x0000000705e00000|100%| O|  |TAMS 0x0000000705c00000| PB 0x0000000705c00000| Untracked 
|  13|0x0000000705e00000, 0x0000000706000000, 0x0000000706000000|100%| O|  |TAMS 0x0000000705e00000| PB 0x0000000705e00000| Untracked 
|  14|0x0000000706000000, 0x0000000706200000, 0x0000000706200000|100%| O|  |TAMS 0x0000000706000000| PB 0x0000000706000000| Untracked 
|  15|0x0000000706200000, 0x0000000706400000, 0x0000000706400000|100%| O|  |TAMS 0x0000000706200000| PB 0x0000000706200000| Untracked 
|  16|0x0000000706400000, 0x0000000706600000, 0x0000000706600000|100%| O|  |TAMS 0x0000000706400000| PB 0x0000000706400000| Untracked 
|  17|0x0000000706600000, 0x00000007067da1a8, 0x0000000706800000| 92%| O|  |TAMS 0x0000000706600000| PB 0x0000000706600000| Untracked 
|  18|0x0000000706800000, 0x0000000706800000, 0x0000000706a00000|  0%| F|  |TAMS 0x0000000706800000| PB 0x0000000706800000| Untracked 
|  19|0x0000000706a00000, 0x0000000706a00000, 0x0000000706c00000|  0%| F|  |TAMS 0x0000000706a00000| PB 0x0000000706a00000| Untracked 
|  20|0x0000000706c00000, 0x0000000706e00000, 0x0000000706e00000|100%| O|  |TAMS 0x0000000706c00000| PB 0x0000000706c00000| Untracked 
|  21|0x0000000706e00000, 0x0000000706e00000, 0x0000000707000000|  0%| F|  |TAMS 0x0000000706e00000| PB 0x0000000706e00000| Untracked 
|  22|0x0000000707000000, 0x00000007070967f8, 0x0000000707200000| 29%| S|CS|TAMS 0x0000000707000000| PB 0x0000000707000000| Complete 
|  23|0x0000000707200000, 0x0000000707400000, 0x0000000707400000|100%| S|CS|TAMS 0x0000000707200000| PB 0x0000000707200000| Complete 
|  24|0x0000000707400000, 0x0000000707400000, 0x0000000707600000|  0%| F|  |TAMS 0x0000000707400000| PB 0x0000000707400000| Untracked 
|  25|0x0000000707600000, 0x0000000707600000, 0x0000000707800000|  0%| F|  |TAMS 0x0000000707600000| PB 0x0000000707600000| Untracked 
|  26|0x0000000707800000, 0x0000000707800000, 0x0000000707a00000|  0%| F|  |TAMS 0x0000000707800000| PB 0x0000000707800000| Untracked 
|  27|0x0000000707a00000, 0x0000000707a00000, 0x0000000707c00000|  0%| F|  |TAMS 0x0000000707a00000| PB 0x0000000707a00000| Untracked 
|  28|0x0000000707c00000, 0x0000000707c00000, 0x0000000707e00000|  0%| F|  |TAMS 0x0000000707c00000| PB 0x0000000707c00000| Untracked 
|  29|0x0000000707e00000, 0x0000000707e00000, 0x0000000708000000|  0%| F|  |TAMS 0x0000000707e00000| PB 0x0000000707e00000| Untracked 
|  30|0x0000000708000000, 0x0000000708000000, 0x0000000708200000|  0%| F|  |TAMS 0x0000000708000000| PB 0x0000000708000000| Untracked 
|  31|0x0000000708200000, 0x0000000708200000, 0x0000000708400000|  0%| F|  |TAMS 0x0000000708200000| PB 0x0000000708200000| Untracked 
|  32|0x0000000708400000, 0x0000000708400000, 0x0000000708600000|  0%| F|  |TAMS 0x0000000708400000| PB 0x0000000708400000| Untracked 
|  33|0x0000000708600000, 0x0000000708600000, 0x0000000708800000|  0%| F|  |TAMS 0x0000000708600000| PB 0x0000000708600000| Untracked 
| 110|0x0000000712000000, 0x0000000712000000, 0x0000000712200000|  0%| F|  |TAMS 0x0000000712000000| PB 0x0000000712000000| Untracked 
| 111|0x0000000712200000, 0x0000000712200000, 0x0000000712400000|  0%| F|  |TAMS 0x0000000712200000| PB 0x0000000712200000| Untracked 
| 112|0x0000000712400000, 0x0000000712400000, 0x0000000712600000|  0%| F|  |TAMS 0x0000000712400000| PB 0x0000000712400000| Untracked 
| 124|0x0000000713c00000, 0x0000000713c00000, 0x0000000713e00000|  0%| F|  |TAMS 0x0000000713c00000| PB 0x0000000713c00000| Untracked 
| 125|0x0000000713e00000, 0x0000000713ffa4b0, 0x0000000714000000| 98%| E|  |TAMS 0x0000000713e00000| PB 0x0000000713e00000| Complete 

Card table byte_map: [0x0000024042b40000,0x0000024043320000] _byte_map_base: 0x000002403f31e000

Marking Bits: (CMBitMap*) 0x000002402a9c8250
 Bits: [0x0000024043320000, 0x0000024047210000)

Polling page: 0x00000240285e0000

Metaspace:

Usage:
  Non-class:     58.53 MB used.
      Class:      8.99 MB used.
       Both:     67.52 MB used.

Virtual space:
  Non-class space:       64.00 MB reserved,      58.94 MB ( 92%) committed,  1 nodes.
      Class space:        1.00 GB reserved,       9.31 MB ( <1%) committed,  1 nodes.
             Both:        1.06 GB reserved,      68.25 MB (  6%) committed. 

Chunk freelists:
   Non-Class:  4.28 MB
       Class:  6.64 MB
        Both:  10.92 MB

MaxMetaspaceSize: unlimited
CompressedClassSpaceSize: 1.00 GB
Initial GC threshold: 21.00 MB
Current GC threshold: 100.75 MB
CDS: on
 - commit_granule_bytes: 65536.
 - commit_granule_words: 8192.
 - virtual_space_node_default_size: 8388608.
 - enlarge_chunks_in_place: 1.
 - use_allocation_guard: 0.


Internal statistics:

num_allocs_failed_limit: 17.
num_arena_births: 980.
num_arena_deaths: 0.
num_vsnodes_births: 2.
num_vsnodes_deaths: 0.
num_space_committed: 1092.
num_space_uncommitted: 0.
num_chunks_returned_to_freelist: 17.
num_chunks_taken_from_freelist: 3473.
num_chunk_merges: 14.
num_chunk_splits: 2450.
num_chunks_enlarged: 1838.
num_inconsistent_stats: 0.

CodeHeap 'non-profiled nmethods': size=120000Kb used=4339Kb max_used=4924Kb free=115660Kb
 bounds [0x000002403ab00000, 0x000002403afd0000, 0x0000024042030000]
CodeHeap 'profiled nmethods': size=120000Kb used=11589Kb max_used=12569Kb free=108410Kb
 bounds [0x0000024033030000, 0x0000024033c80000, 0x000002403a560000]
CodeHeap 'non-nmethods': size=5760Kb used=1937Kb max_used=1957Kb free=3822Kb
 bounds [0x000002403a560000, 0x000002403a7d0000, 0x000002403ab00000]
 total_blobs=6558 nmethods=5816 adapters=646
 compilation: enabled
              stopped_count=0, restarted_count=0
 full_count=0

Compilation events (20 events):
Event: 15.231 Thread 0x0000024049c6d440 6715       3       jdk.internal.misc.Unsafe::getAndAddLong (27 bytes)
Event: 15.231 Thread 0x0000024049c6d440 nmethod 6715 0x0000024033159d90 code [0x0000024033159f40, 0x000002403315a180]
Event: 15.234 Thread 0x0000024049c6d440 6716       3       org.springframework.beans.factory.config.BeanExpressionContext::equals (45 bytes)
Event: 15.234 Thread 0x0000024049c6d440 nmethod 6716 0x0000024033159710 code [0x00000240331598c0, 0x0000024033159cb8]
Event: 15.237 Thread 0x0000024049c6d440 6717       3       java.beans.MethodRef::<init> (5 bytes)
Event: 15.237 Thread 0x0000024049c6d440 nmethod 6717 0x000002403356bc10 code [0x000002403356bdc0, 0x000002403356bf28]
Event: 15.237 Thread 0x0000024049c6d440 6718       1       java.beans.FeatureDescriptor::setName (6 bytes)
Event: 15.237 Thread 0x0000024049c6d440 nmethod 6718 0x000002403acdf990 code [0x000002403acdfb20, 0x000002403acdfc38]
Event: 15.237 Thread 0x0000024049c6d440 6719       1       java.beans.FeatureDescriptor::getName (5 bytes)
Event: 15.237 Thread 0x0000024049c6d440 nmethod 6719 0x000002403acdf690 code [0x000002403acdf820, 0x000002403acdf8f0]
Event: 15.237 Thread 0x0000024049c6d440 6720       1       org.springframework.beans.GenericTypeAwarePropertyDescriptor::getReadMethod (5 bytes)
Event: 15.237 Thread 0x0000024049c6d440 nmethod 6720 0x000002403acdf390 code [0x000002403acdf520, 0x000002403acdf5f0]
Event: 15.237 Thread 0x0000024049c6d440 6721       3       org.springframework.core.ResolvableType$DefaultVariableResolver::resolveVariable (9 bytes)
Event: 15.237 Thread 0x0000024049c6d440 nmethod 6721 0x00000240335c5a90 code [0x00000240335c5c40, 0x00000240335c5d88]
Event: 15.240 Thread 0x0000024049c6d440 6722       3       java.lang.reflect.Method::equals (65 bytes)
Event: 15.240 Thread 0x0000024049c6d440 nmethod 6722 0x0000024033184410 code [0x0000024033184600, 0x0000024033184cb0]
Event: 15.244 Thread 0x0000024049c6d440 6723       3       org.springframework.expression.common.LiteralExpression::getValue (6 bytes)
Event: 15.244 Thread 0x0000024049c6d440 nmethod 6723 0x0000024033621490 code [0x0000024033621640, 0x00000240336217c0]
Event: 15.244 Thread 0x0000024049c6d440 6724       3       org.springframework.expression.common.LiteralExpression::getValue (5 bytes)
Event: 15.244 Thread 0x0000024049c6d440 nmethod 6724 0x0000024033523010 code [0x00000240335231a0, 0x00000240335232b0]

GC Heap History (20 events):
Event: 3.910 GC heap before
{Heap before GC invocations=3 (full 0):
 garbage-first heap   total 258048K, used 39584K [0x0000000704400000, 0x0000000800000000)
  region size 2048K, 15 young (30720K), 2 survivors (4096K)
 Metaspace       used 21188K, committed 21504K, reserved 1114112K
  class space    used 2534K, committed 2688K, reserved 1048576K
}
Event: 3.915 GC heap after
{Heap after GC invocations=4 (full 0):
 garbage-first heap   total 258048K, used 19625K [0x0000000704400000, 0x0000000800000000)
  region size 2048K, 3 young (6144K), 3 survivors (6144K)
 Metaspace       used 21188K, committed 21504K, reserved 1114112K
  class space    used 2534K, committed 2688K, reserved 1048576K
}
Event: 5.684 GC heap before
{Heap before GC invocations=5 (full 0):
 garbage-first heap   total 69632K, used 68777K [0x0000000704400000, 0x0000000800000000)
  region size 2048K, 27 young (55296K), 3 survivors (6144K)
 Metaspace       used 25118K, committed 25472K, reserved 1114112K
  class space    used 3000K, committed 3136K, reserved 1048576K
}
Event: 5.695 GC heap after
{Heap after GC invocations=6 (full 0):
 garbage-first heap   total 79872K, used 23905K [0x0000000704400000, 0x0000000800000000)
  region size 2048K, 5 young (10240K), 5 survivors (10240K)
 Metaspace       used 25118K, committed 25472K, reserved 1114112K
  class space    used 3000K, committed 3136K, reserved 1048576K
}
Event: 7.148 GC heap before
{Heap before GC invocations=6 (full 0):
 garbage-first heap   total 79872K, used 60769K [0x0000000704400000, 0x0000000800000000)
  region size 2048K, 23 young (47104K), 5 survivors (10240K)
 Metaspace       used 30313K, committed 30656K, reserved 1114112K
  class space    used 3768K, committed 3904K, reserved 1048576K
}
Event: 7.156 GC heap after
{Heap after GC invocations=7 (full 0):
 garbage-first heap   total 79872K, used 25718K [0x0000000704400000, 0x0000000800000000)
  region size 2048K, 2 young (4096K), 2 survivors (4096K)
 Metaspace       used 30313K, committed 30656K, reserved 1114112K
  class space    used 3768K, committed 3904K, reserved 1048576K
}
Event: 8.731 GC heap before
{Heap before GC invocations=7 (full 0):
 garbage-first heap   total 79872K, used 62582K [0x0000000704400000, 0x0000000800000000)
  region size 2048K, 20 young (40960K), 2 survivors (4096K)
 Metaspace       used 35489K, committed 35968K, reserved 1114112K
  class space    used 4536K, committed 4736K, reserved 1048576K
}
Event: 8.737 GC heap after
{Heap after GC invocations=8 (full 0):
 garbage-first heap   total 79872K, used 28745K [0x0000000704400000, 0x0000000800000000)
  region size 2048K, 3 young (6144K), 3 survivors (6144K)
 Metaspace       used 35489K, committed 35968K, reserved 1114112K
  class space    used 4536K, committed 4736K, reserved 1048576K
}
Event: 8.795 GC heap before
{Heap before GC invocations=8 (full 0):
 garbage-first heap   total 79872K, used 30793K [0x0000000704400000, 0x0000000800000000)
  region size 2048K, 5 young (10240K), 3 survivors (6144K)
 Metaspace       used 35947K, committed 36480K, reserved 1114112K
  class space    used 4584K, committed 4864K, reserved 1048576K
}
Event: 8.801 GC heap after
{Heap after GC invocations=9 (full 0):
 garbage-first heap   total 79872K, used 29281K [0x0000000704400000, 0x0000000800000000)
  region size 2048K, 1 young (2048K), 1 survivors (2048K)
 Metaspace       used 35947K, committed 36480K, reserved 1114112K
  class space    used 4584K, committed 4864K, reserved 1048576K
}
Event: 9.239 GC heap before
{Heap before GC invocations=10 (full 0):
 garbage-first heap   total 79872K, used 64097K [0x0000000704400000, 0x0000000800000000)
  region size 2048K, 19 young (38912K), 1 survivors (2048K)
 Metaspace       used 37529K, committed 38016K, reserved 1114112K
  class space    used 4755K, committed 4992K, reserved 1048576K
}
Event: 9.246 GC heap after
{Heap after GC invocations=11 (full 0):
 garbage-first heap   total 79872K, used 32817K [0x0000000704400000, 0x0000000800000000)
  region size 2048K, 3 young (6144K), 3 survivors (6144K)
 Metaspace       used 37529K, committed 38016K, reserved 1114112K
  class space    used 4755K, committed 4992K, reserved 1048576K
}
Event: 10.706 GC heap before
{Heap before GC invocations=11 (full 0):
 garbage-first heap   total 79872K, used 65585K [0x0000000704400000, 0x0000000800000000)
  region size 2048K, 19 young (38912K), 3 survivors (6144K)
 Metaspace       used 44626K, committed 45248K, reserved 1114112K
  class space    used 5789K, committed 6080K, reserved 1048576K
}
Event: 10.715 GC heap after
{Heap after GC invocations=12 (full 0):
 garbage-first heap   total 79872K, used 35887K [0x0000000704400000, 0x0000000800000000)
  region size 2048K, 2 young (4096K), 2 survivors (4096K)
 Metaspace       used 44626K, committed 45248K, reserved 1114112K
  class space    used 5789K, committed 6080K, reserved 1048576K
}
Event: 12.162 GC heap before
{Heap before GC invocations=12 (full 0):
 garbage-first heap   total 79872K, used 64559K [0x0000000704400000, 0x0000000800000000)
  region size 2048K, 16 young (32768K), 2 survivors (4096K)
 Metaspace       used 55209K, committed 55872K, reserved 1114112K
  class space    used 7170K, committed 7488K, reserved 1048576K
}
Event: 12.166 GC heap after
{Heap after GC invocations=13 (full 0):
 garbage-first heap   total 79872K, used 38947K [0x0000000704400000, 0x0000000800000000)
  region size 2048K, 2 young (4096K), 2 survivors (4096K)
 Metaspace       used 55209K, committed 55872K, reserved 1114112K
  class space    used 7170K, committed 7488K, reserved 1048576K
}
Event: 12.815 GC heap before
{Heap before GC invocations=13 (full 0):
 garbage-first heap   total 79872K, used 57379K [0x0000000704400000, 0x0000000800000000)
  region size 2048K, 13 young (26624K), 2 survivors (4096K)
 Metaspace       used 60640K, committed 61248K, reserved 1114112K
  class space    used 7790K, committed 8064K, reserved 1048576K
}
Event: 12.822 GC heap after
{Heap after GC invocations=14 (full 0):
 garbage-first heap   total 79872K, used 40223K [0x0000000704400000, 0x0000000800000000)
  region size 2048K, 1 young (2048K), 1 survivors (2048K)
 Metaspace       used 60640K, committed 61248K, reserved 1114112K
  class space    used 7790K, committed 8064K, reserved 1048576K
}
Event: 15.216 GC heap before
{Heap before GC invocations=15 (full 0):
 garbage-first heap   total 79872K, used 68895K [0x0000000704400000, 0x0000000800000000)
  region size 2048K, 15 young (30720K), 1 survivors (2048K)
 Metaspace       used 69026K, committed 69760K, reserved 1114112K
  class space    used 9194K, committed 9536K, reserved 1048576K
}
Event: 15.219 GC heap after
{Heap after GC invocations=16 (full 0):
 garbage-first heap   total 79872K, used 41410K [0x0000000704400000, 0x0000000800000000)
  region size 2048K, 2 young (4096K), 2 survivors (4096K)
 Metaspace       used 69026K, committed 69760K, reserved 1114112K
  class space    used 9194K, committed 9536K, reserved 1048576K
}

Dll operation events (13 events):
Event: 0.033 Loaded shared library C:\Users\Cong\.jdks\ms-21.0.6\bin\java.dll
Event: 0.153 Loaded shared library C:\Users\Cong\.jdks\ms-21.0.6\bin\jsvml.dll
Event: 0.408 Loaded shared library C:\Users\Cong\.jdks\ms-21.0.6\bin\zip.dll
Event: 0.411 Loaded shared library C:\Users\Cong\.jdks\ms-21.0.6\bin\instrument.dll
Event: 0.416 Loaded shared library C:\Users\Cong\.jdks\ms-21.0.6\bin\net.dll
Event: 0.419 Loaded shared library C:\Users\Cong\.jdks\ms-21.0.6\bin\nio.dll
Event: 0.424 Loaded shared library C:\Users\Cong\.jdks\ms-21.0.6\bin\zip.dll
Event: 0.779 Loaded shared library C:\Users\Cong\.jdks\ms-21.0.6\bin\extnet.dll
Event: 0.844 Loaded shared library C:\Users\Cong\.jdks\ms-21.0.6\bin\jimage.dll
Event: 1.779 Loaded shared library C:\Users\Cong\.jdks\ms-21.0.6\bin\management.dll
Event: 1.782 Loaded shared library C:\Users\Cong\.jdks\ms-21.0.6\bin\management_ext.dll
Event: 3.964 Loaded shared library C:\Users\Cong\.jdks\ms-21.0.6\bin\sunmscapi.dll
Event: 10.657 Loaded shared library C:\Users\Cong\.jdks\ms-21.0.6\bin\verify.dll

Deoptimization events (20 events):
Event: 15.225 Thread 0x000002408fdd4ce0 Uncommon trap: trap_request=0xffffff45 fr.pc=0x000002403afc759c relative=0x00000000000000dc
Event: 15.225 Thread 0x000002408fdd4ce0 Uncommon trap: reason=unstable_if action=reinterpret pc=0x000002403afc759c method=java.lang.reflect.Method.equals(Ljava/lang/Object;)Z @ 45 c2
Event: 15.225 Thread 0x000002408fdd4ce0 DEOPT PACKING pc=0x000002403afc759c sp=0x000000e43aefdff0
Event: 15.225 Thread 0x000002408fdd4ce0 DEOPT UNPACKING pc=0x000002403a5b7da2 sp=0x000000e43aefdf78 mode 2
Event: 15.229 Thread 0x000002408fdd4ce0 Uncommon trap: trap_request=0xffffffbe fr.pc=0x000002403aebdbcc relative=0x000000000000416c
Event: 15.229 Thread 0x000002408fdd4ce0 Uncommon trap: reason=profile_predicate action=maybe_recompile pc=0x000002403aebdbcc method=org.springframework.util.ReflectionUtils.doWithMethods(Ljava/lang/Class;Lorg/springframework/util/ReflectionUtils$MethodCallback;Lorg/springframework/util/Reflecti
Event: 15.229 Thread 0x000002408fdd4ce0 DEOPT PACKING pc=0x000002403aebdbcc sp=0x000000e43aefe1d0
Event: 15.229 Thread 0x000002408fdd4ce0 DEOPT UNPACKING pc=0x000002403a5b7da2 sp=0x000000e43aefe1e0 mode 2
Event: 15.229 Thread 0x000002408fdd4ce0 Uncommon trap: trap_request=0xffffffbe fr.pc=0x000002403aebdbcc relative=0x000000000000416c
Event: 15.229 Thread 0x000002408fdd4ce0 Uncommon trap: reason=profile_predicate action=maybe_recompile pc=0x000002403aebdbcc method=org.springframework.util.ReflectionUtils.doWithMethods(Ljava/lang/Class;Lorg/springframework/util/ReflectionUtils$MethodCallback;Lorg/springframework/util/Reflecti
Event: 15.229 Thread 0x000002408fdd4ce0 DEOPT PACKING pc=0x000002403aebdbcc sp=0x000000e43aefe110
Event: 15.229 Thread 0x000002408fdd4ce0 DEOPT UNPACKING pc=0x000002403a5b7da2 sp=0x000000e43aefe138 mode 2
Event: 15.230 Thread 0x000002408fdd4ce0 Uncommon trap: trap_request=0xffffffbe fr.pc=0x000002403aeedfa8 relative=0x0000000000003568
Event: 15.230 Thread 0x000002408fdd4ce0 Uncommon trap: reason=profile_predicate action=maybe_recompile pc=0x000002403aeedfa8 method=org.springframework.core.annotation.AnnotationsScanner.processClassInheritedAnnotations(Ljava/lang/Object;Ljava/lang/Class;Lorg/springframework/core/annotation/Ann
Event: 15.230 Thread 0x000002408fdd4ce0 DEOPT PACKING pc=0x000002403aeedfa8 sp=0x000000e43aefe350
Event: 15.230 Thread 0x000002408fdd4ce0 DEOPT UNPACKING pc=0x000002403a5b7da2 sp=0x000000e43aefe0b0 mode 2
Event: 15.245 Thread 0x000002408fdd4ce0 Uncommon trap: trap_request=0xfffffff4 fr.pc=0x000002403af67374 relative=0x0000000000000334
Event: 15.245 Thread 0x000002408fdd4ce0 Uncommon trap: reason=null_check action=make_not_entrant pc=0x000002403af67374 method=sun.invoke.util.VerifyType.isNullConversion(Ljava/lang/Class;Ljava/lang/Class;Z)Z @ 67 c2
Event: 15.245 Thread 0x000002408fdd4ce0 DEOPT PACKING pc=0x000002403af67374 sp=0x000000e43aefbca0
Event: 15.245 Thread 0x000002408fdd4ce0 DEOPT UNPACKING pc=0x000002403a5b7da2 sp=0x000000e43aefbc20 mode 2

Classes loaded (20 events):
Event: 12.583 Loading class java/util/concurrent/CompletableFuture$Completion
Event: 12.583 Loading class java/util/concurrent/CompletableFuture$AsynchronousCompletionTask
Event: 12.584 Loading class java/util/concurrent/CompletableFuture$AsynchronousCompletionTask done
Event: 12.584 Loading class java/util/concurrent/CompletableFuture$Completion done
Event: 12.663 Loading class java/util/concurrent/CancellationException
Event: 12.663 Loading class java/util/concurrent/CancellationException done
Event: 13.119 Loading class java/util/ArrayList$ListItr
Event: 13.119 Loading class java/util/ArrayList$ListItr done
Event: 13.173 Loading class java/util/AbstractList$SubList
Event: 13.174 Loading class java/util/AbstractList$SubList done
Event: 13.254 Loading class java/lang/reflect/AnnotatedArrayType
Event: 13.254 Loading class java/lang/reflect/AnnotatedArrayType done
Event: 13.304 Loading class java/lang/foreign/ValueLayout
Event: 13.305 Loading class java/lang/foreign/MemoryLayout
Event: 13.305 Loading class java/lang/foreign/MemoryLayout done
Event: 13.305 Loading class java/lang/foreign/ValueLayout done
Event: 13.394 Loading class java/lang/reflect/AnnotatedParameterizedType
Event: 13.394 Loading class java/lang/reflect/AnnotatedParameterizedType done
Event: 15.221 Loading class javax/naming/Reference
Event: 15.221 Loading class javax/naming/Reference done

Classes unloaded (0 events):
No events

Classes redefined (0 events):
No events

Internal exceptions (20 events):
Event: 12.650 Thread 0x000002408fdd4ce0 Implicit null exception at 0x000002403abfb93a to 0x000002403abfb974
Event: 12.672 Thread 0x000002408fdd4ce0 Exception <a 'java/lang/IncompatibleClassChangeError'{0x00000007080c4720}: Found class java.lang.Object, but interface was expected> (0x00000007080c4720) 
thrown [s\src\hotspot\share\interpreter\linkResolver.cpp, line 840]
Event: 12.697 Thread 0x000002408fdd4ce0 Exception <a 'java/lang/NoSuchMethodError'{0x0000000708172c00}: 'java.lang.Object java.lang.invoke.DirectMethodHandle$Holder.invokeStaticInit(java.lang.Object, java.lang.Object, int, java.lang.Object)'> (0x0000000708172c00) 
thrown [s\src\hotspot\share\interpreter\linkResolver.cpp, line 773]
Event: 13.474 Thread 0x000002408fdd4ce0 Exception <a 'java/lang/NoSuchMethodError'{0x000000070800d220}: 'void java.lang.invoke.DirectMethodHandle$Holder.invokeStaticInit(java.lang.Object, int, java.lang.Object, java.lang.Object, java.lang.Object, java.lang.Object)'> (0x000000070800d220) 
thrown [s\src\hotspot\share\interpreter\linkResolver.cpp, line 773]
Event: 13.564 Thread 0x000002408fdd4ce0 Exception <a 'java/lang/NoSuchMethodError'{0x000000070813e948}: 'int java.lang.invoke.DirectMethodHandle$Holder.invokeStatic(java.lang.Object, java.lang.Object, java.lang.Object, java.lang.Object, java.lang.Object, java.lang.Object)'> (0x000000070813e948) 
thrown [s\src\hotspot\share\interpreter\linkResolver.cpp, line 773]
Event: 13.570 Thread 0x000002408fdd4ce0 Exception <a 'java/lang/NoSuchMethodError'{0x000000070814f4c8}: 'int java.lang.invoke.DirectMethodHandle$Holder.invokeStatic(java.lang.Object, java.lang.Object, java.lang.Object, java.lang.Object, java.lang.Object)'> (0x000000070814f4c8) 
thrown [s\src\hotspot\share\interpreter\linkResolver.cpp, line 773]
Event: 13.589 Thread 0x000002408fdd4ce0 Exception <a 'java/lang/NoSuchMethodError'{0x00000007081cfe68}: 'java.lang.Object java.lang.invoke.DirectMethodHandle$Holder.newInvokeSpecial(java.lang.Object, java.lang.Object, int, java.lang.Object)'> (0x00000007081cfe68) 
thrown [s\src\hotspot\share\interpreter\linkResolver.cpp, line 773]
Event: 13.589 Thread 0x000002408fdd4ce0 Exception <a 'java/lang/NoSuchMethodError'{0x00000007081d37e8}: 'java.lang.Object java.lang.invoke.Invokers$Holder.linkToTargetMethod(java.lang.Object, int, java.lang.Object, java.lang.Object)'> (0x00000007081d37e8) 
thrown [s\src\hotspot\share\interpreter\linkResolver.cpp, line 773]
Event: 13.639 Thread 0x000002408fdd4ce0 Exception <a 'java/lang/NoSuchMethodError'{0x0000000707e906d8}: 'void java.lang.invoke.DirectMethodHandle$Holder.invokeSpecial(java.lang.Object, java.lang.Object, java.lang.Object, java.lang.Object, java.lang.Object, java.lang.Object, java.lang.Object, java.lang.Object)'> (0x0000000707e906d8) 
thrown [s\src\hotspot\share\interpreter\linkResolver.cpp, line 773]
Event: 13.678 Thread 0x000002408fdd4ce0 Exception <a 'java/lang/NoSuchMethodError'{0x0000000707ec7dc8}: 'void java.lang.invoke.DirectMethodHandle$Holder.invokeSpecial(java.lang.Object, java.lang.Object, int, java.lang.Object)'> (0x0000000707ec7dc8) 
thrown [s\src\hotspot\share\interpreter\linkResolver.cpp, line 773]
Event: 13.789 Thread 0x000002408fdd4ce0 Exception <a 'java/lang/NoSuchMethodError'{0x0000000707c29450}: 'java.lang.Object java.lang.invoke.DirectMethodHandle$Holder.newInvokeSpecial(java.lang.Object, java.lang.Object, java.lang.Object, java.lang.Object, java.lang.Object, int, java.lang.Object)'> (0x0000000707c29450) 
thrown [s\src\hotspot\share\interpreter\linkResolver.cpp, line 773]
Event: 13.799 Thread 0x000002408fdd4ce0 Exception <a 'java/lang/NoSuchMethodError'{0x0000000707c587c0}: 'java.lang.Object java.lang.invoke.Invokers$Holder.linkToTargetMethod(java.lang.Object, java.lang.Object, java.lang.Object, java.lang.Object, java.lang.Object, java.lang.Object, java.lang.Object, java.lang.Object, java.lang.Object, java.lang.Object, java.lang.Object, java.lang.Object)'> (0x0000000707c587c0) 
thrown [s\src\hotspot\share\interpreter\linkResolver.cpp, line 773]
Event: 13.909 Thread 0x000002408fdd4ce0 Exception <a 'java/lang/IncompatibleClassChangeError'{0x0000000707da9c58}: Found class java.lang.Object, but interface was expected> (0x0000000707da9c58) 
thrown [s\src\hotspot\share\interpreter\linkResolver.cpp, line 840]
Event: 13.935 Thread 0x000002408fdd4ce0 Exception <a 'java/lang/NoSuchMethodError'{0x000000070781e658}: 'java.lang.Object java.lang.invoke.DirectMethodHandle$Holder.newInvokeSpecial(java.lang.Object, java.lang.Object, int, java.lang.Object, int, java.lang.Object, java.lang.Object)'> (0x000000070781e658) 
thrown [s\src\hotspot\share\interpreter\linkResolver.cpp, line 773]
Event: 13.942 Thread 0x000002408fdd4ce0 Exception <a 'java/lang/NoSuchMethodError'{0x0000000707864740}: 'java.lang.Object java.lang.invoke.DirectMethodHandle$Holder.newInvokeSpecial(java.lang.Object, java.lang.Object, java.lang.Object, java.lang.Object, java.lang.Object, java.lang.Object, java.lang.Object, int)'> (0x0000000707864740) 
thrown [s\src\hotspot\share\interpreter\linkResolver.cpp, line 773]
Event: 13.943 Thread 0x000002408fdd4ce0 Exception <a 'java/lang/NoSuchMethodError'{0x0000000707868c98}: 'java.lang.Object java.lang.invoke.DirectMethodHandle$Holder.invokeSpecial(java.lang.Object, java.lang.Object, java.lang.Object, java.lang.Object, java.lang.Object, java.lang.Object, java.lang.Object, java.lang.Object, int)'> (0x0000000707868c98) 
thrown [s\src\hotspot\share\interpreter\linkResolver.cpp, line 773]
Event: 13.943 Thread 0x000002408fdd4ce0 Exception <a 'java/lang/NoSuchMethodError'{0x000000070786cc78}: 'java.lang.Object java.lang.invoke.Invokers$Holder.linkToTargetMethod(java.lang.Object, java.lang.Object, java.lang.Object, java.lang.Object, java.lang.Object, java.lang.Object, int, java.lang.Object)'> (0x000000070786cc78) 
thrown [s\src\hotspot\share\interpreter\linkResolver.cpp, line 773]
Event: 15.194 Thread 0x000002408fdd4ce0 Exception <a 'java/lang/NoSuchMethodError'{0x00000007075849d0}: 'java.lang.Object java.lang.invoke.DirectMethodHandle$Holder.invokeSpecial(java.lang.Object, java.lang.Object, int, java.lang.Object, int)'> (0x00000007075849d0) 
thrown [s\src\hotspot\share\interpreter\linkResolver.cpp, line 773]
Event: 15.229 Thread 0x000002408fdd4ce0 Exception <a 'java/lang/NoSuchMethodError'{0x0000000713e917f0}: 'void java.lang.invoke.Invokers$Holder.invokeExact_MT(java.lang.Object, java.lang.Object, java.lang.Object, java.lang.Object)'> (0x0000000713e917f0) 
thrown [s\src\hotspot\share\interpreter\linkResolver.cpp, line 773]
Event: 15.245 Thread 0x000002408fdd4ce0 Implicit null exception at 0x000002403af670f7 to 0x000002403af67360

ZGC Phase Switch (0 events):
No events

VM Operations (20 events):
Event: 12.846 Executing VM operation: CollectForMetadataAllocation (Metadata GC Threshold) done
Event: 12.865 Executing VM operation: G1PauseRemark
Event: 12.872 Executing VM operation: G1PauseRemark done
Event: 12.888 Executing VM operation: G1PauseCleanup
Event: 12.888 Executing VM operation: G1PauseCleanup done
Event: 13.115 Executing VM operation: HandshakeAllThreads (Deoptimize)
Event: 13.115 Executing VM operation: HandshakeAllThreads (Deoptimize) done
Event: 13.121 Executing VM operation: HandshakeAllThreads (Deoptimize)
Event: 13.121 Executing VM operation: HandshakeAllThreads (Deoptimize) done
Event: 13.153 Executing VM operation: HandshakeAllThreads (Deoptimize)
Event: 13.153 Executing VM operation: HandshakeAllThreads (Deoptimize) done
Event: 13.469 Executing VM operation: ICBufferFull
Event: 13.469 Executing VM operation: ICBufferFull done
Event: 14.133 Executing VM operation: HandshakeAllThreads (Deoptimize)
Event: 14.133 Executing VM operation: HandshakeAllThreads (Deoptimize) done
Event: 15.146 Executing VM operation: Cleanup
Event: 15.192 Executing VM operation: Cleanup done
Event: 15.216 Executing VM operation: G1CollectForAllocation (G1 Evacuation Pause)
Event: 15.219 Executing VM operation: G1CollectForAllocation (G1 Evacuation Pause) done
Event: 16.220 Executing VM operation: Cleanup

Memory protections (0 events):
No events

Nmethod flushes (20 events):
Event: 12.871 Thread 0x0000024049c3bea0 flushing  nmethod 0x0000024033480390
Event: 12.871 Thread 0x0000024049c3bea0 flushing  nmethod 0x00000240335f2510
Event: 12.871 Thread 0x0000024049c3bea0 flushing  nmethod 0x00000240335f2910
Event: 12.871 Thread 0x0000024049c3bea0 flushing  nmethod 0x00000240335f6590
Event: 12.871 Thread 0x0000024049c3bea0 flushing  nmethod 0x000002403365af90
Event: 12.871 Thread 0x0000024049c3bea0 flushing  nmethod 0x0000024033667710
Event: 12.871 Thread 0x0000024049c3bea0 flushing  nmethod 0x000002403366ab90
Event: 12.871 Thread 0x0000024049c3bea0 flushing  nmethod 0x000002403366cf90
Event: 12.871 Thread 0x0000024049c3bea0 flushing  nmethod 0x000002403366ee90
Event: 12.871 Thread 0x0000024049c3bea0 flushing  nmethod 0x000002403366f510
Event: 12.871 Thread 0x0000024049c3bea0 flushing  nmethod 0x000002403368cc90
Event: 12.871 Thread 0x0000024049c3bea0 flushing  nmethod 0x000002403368d190
Event: 12.871 Thread 0x0000024049c3bea0 flushing  nmethod 0x000002403368e910
Event: 12.871 Thread 0x0000024049c3bea0 flushing  nmethod 0x0000024033690190
Event: 12.871 Thread 0x0000024049c3bea0 flushing  nmethod 0x0000024033701c10
Event: 12.871 Thread 0x0000024049c3bea0 flushing  nmethod 0x0000024033708b10
Event: 12.871 Thread 0x0000024049c3bea0 flushing  nmethod 0x000002403377ff10
Event: 12.871 Thread 0x0000024049c3bea0 flushing  nmethod 0x000002403388fe90
Event: 12.871 Thread 0x0000024049c3bea0 flushing  nmethod 0x00000240338dfb90
Event: 12.871 Thread 0x0000024049c3bea0 flushing  nmethod 0x0000024033a4de10

Events (20 events):
Event: 3.406 Thread 0x0000024049c6d440 Thread added: 0x0000024091207c10
Event: 3.874 Thread 0x000002408fdd4ce0 Thread added: 0x0000024090ea7fd0
Event: 4.050 Thread 0x000002409014f330 Thread exited: 0x000002409014f330
Event: 4.090 Thread 0x0000024090ea7fd0 Thread exited: 0x0000024090ea7fd0
Event: 7.063 Thread 0x0000024091207c10 Thread exited: 0x0000024091207c10
Event: 8.205 Thread 0x0000024049c6d440 Thread added: 0x0000024092e93790
Event: 9.735 Thread 0x000002408fdd4ce0 Thread added: 0x00000240947d0970
Event: 9.742 Thread 0x000002408fdd4ce0 Thread added: 0x00000240947d1d20
Event: 9.749 Thread 0x000002408fdd4ce0 Thread added: 0x00000240947d1000
Event: 9.845 Thread 0x000002408fdd4ce0 Thread added: 0x00000240947d3760
Event: 11.260 Thread 0x0000024092e93790 Thread exited: 0x0000024092e93790
Event: 11.400 Thread 0x000002408f346670 Thread exited: 0x000002408f346670
Event: 11.598 Thread 0x0000024049c6d440 Thread added: 0x000002408f346670
Event: 11.600 Thread 0x0000024049c6bd10 Thread added: 0x000002409425ac50
Event: 11.785 Thread 0x000002408fdd4ce0 Thread added: 0x00000240947d23b0
Event: 11.947 Thread 0x00000240947d23b0 Thread added: 0x00000240947d02e0
Event: 12.620 Thread 0x000002409425ac50 Thread exited: 0x000002409425ac50
Event: 12.623 Thread 0x000002408f346670 Thread exited: 0x000002408f346670
Event: 13.420 Thread 0x0000024049c6d440 Thread added: 0x0000024090c42430
Event: 13.572 Thread 0x0000024090c42430 Thread exited: 0x0000024090c42430


Dynamic libraries:
0x00007ff70c900000 - 0x00007ff70c90e000 	C:\Users\Cong\.jdks\ms-21.0.6\bin\java.exe
0x00007ffb34580000 - 0x00007ffb347e8000 	C:\WINDOWS\SYSTEM32\ntdll.dll
0x00007ffb329d0000 - 0x00007ffb32a99000 	C:\WINDOWS\System32\KERNEL32.DLL
0x00007ffb31b40000 - 0x00007ffb31f2d000 	C:\WINDOWS\System32\KERNELBASE.dll
0x00007ffb31810000 - 0x00007ffb3195b000 	C:\WINDOWS\System32\ucrtbase.dll
0x00007ffb16b70000 - 0x00007ffb16b88000 	C:\Users\Cong\.jdks\ms-21.0.6\bin\jli.dll
0x00007ffb33870000 - 0x00007ffb33a3c000 	C:\WINDOWS\System32\USER32.dll
0x00007ffb32170000 - 0x00007ffb32197000 	C:\WINDOWS\System32\win32u.dll
0x00007ffb32e20000 - 0x00007ffb32e4b000 	C:\WINDOWS\System32\GDI32.dll
0x00007ffb316d0000 - 0x00007ffb31807000 	C:\WINDOWS\System32\gdi32full.dll
0x00007ffb31a90000 - 0x00007ffb31b33000 	C:\WINDOWS\System32\msvcp_win.dll
0x00007ffae8bd0000 - 0x00007ffae8bed000 	C:\Users\Cong\.jdks\ms-21.0.6\bin\VCRUNTIME140.dll
0x00007ffafd6b0000 - 0x00007ffafd94a000 	C:\WINDOWS\WinSxS\amd64_microsoft.windows.common-controls_6595b64144ccf1df_6.0.26100.4484_none_3e0e6d4ce32ef3b3\COMCTL32.dll
0x00007ffb337c0000 - 0x00007ffb33869000 	C:\WINDOWS\System32\msvcrt.dll
0x00007ffb32990000 - 0x00007ffb329bf000 	C:\WINDOWS\System32\IMM32.DLL
0x00007ffb26680000 - 0x00007ffb2668c000 	C:\Users\Cong\.jdks\ms-21.0.6\bin\vcruntime140_1.dll
0x00007ffabb520000 - 0x00007ffabb5ad000 	C:\Users\Cong\.jdks\ms-21.0.6\bin\msvcp140.dll
0x00007ffaaadd0000 - 0x00007ffaabb68000 	C:\Users\Cong\.jdks\ms-21.0.6\bin\server\jvm.dll
0x00007ffb328c0000 - 0x00007ffb32974000 	C:\WINDOWS\System32\ADVAPI32.dll
0x00007ffb32d70000 - 0x00007ffb32e16000 	C:\WINDOWS\System32\sechost.dll
0x00007ffb32e50000 - 0x00007ffb32f68000 	C:\WINDOWS\System32\RPCRT4.dll
0x00007ffb33a40000 - 0x00007ffb33ab4000 	C:\WINDOWS\System32\WS2_32.dll
0x00007ffb31520000 - 0x00007ffb3157e000 	C:\WINDOWS\SYSTEM32\POWRPROF.dll
0x00007ffb23c60000 - 0x00007ffb23c95000 	C:\WINDOWS\SYSTEM32\WINMM.dll
0x00007ffb1e800000 - 0x00007ffb1e80b000 	C:\WINDOWS\SYSTEM32\VERSION.dll
0x00007ffb31500000 - 0x00007ffb31514000 	C:\WINDOWS\SYSTEM32\UMPDC.dll
0x00007ffb30470000 - 0x00007ffb3048b000 	C:\WINDOWS\SYSTEM32\kernel.appcore.dll
0x00007ffb16f50000 - 0x00007ffb16f5a000 	C:\Users\Cong\.jdks\ms-21.0.6\bin\jimage.dll
0x00007ffb2ed70000 - 0x00007ffb2efb1000 	C:\WINDOWS\SYSTEM32\DBGHELP.DLL
0x00007ffb324b0000 - 0x00007ffb32836000 	C:\WINDOWS\System32\combase.dll
0x00007ffb32c80000 - 0x00007ffb32d60000 	C:\WINDOWS\System32\OLEAUT32.dll
0x00007ffb17340000 - 0x00007ffb17383000 	C:\WINDOWS\SYSTEM32\dbgcore.DLL
0x00007ffb319f0000 - 0x00007ffb31a89000 	C:\WINDOWS\System32\bcryptPrimitives.dll
0x00007ffb15e70000 - 0x00007ffb15e7f000 	C:\Users\Cong\.jdks\ms-21.0.6\bin\instrument.dll
0x00007ffae6bc0000 - 0x00007ffae6be0000 	C:\Users\Cong\.jdks\ms-21.0.6\bin\java.dll
0x00007ffb32f70000 - 0x00007ffb336ba000 	C:\WINDOWS\System32\SHELL32.dll
0x00007ffb321a0000 - 0x00007ffb32314000 	C:\WINDOWS\System32\wintypes.dll
0x00007ffb2f2e0000 - 0x00007ffb2fb3b000 	C:\WINDOWS\SYSTEM32\windows.storage.dll
0x00007ffb336c0000 - 0x00007ffb337b5000 	C:\WINDOWS\System32\SHCORE.dll
0x00007ffb32850000 - 0x00007ffb328ba000 	C:\WINDOWS\System32\shlwapi.dll
0x00007ffb315e0000 - 0x00007ffb3160f000 	C:\WINDOWS\SYSTEM32\profapi.dll
0x00007ffab51e0000 - 0x00007ffab52b7000 	C:\Users\Cong\.jdks\ms-21.0.6\bin\jsvml.dll
0x00007ffad2870000 - 0x00007ffad2888000 	C:\Users\Cong\.jdks\ms-21.0.6\bin\zip.dll
0x00007ffb16a90000 - 0x00007ffb16aa0000 	C:\Users\Cong\.jdks\ms-21.0.6\bin\net.dll
0x00007ffb26b40000 - 0x00007ffb26c5e000 	C:\WINDOWS\SYSTEM32\WINHTTP.dll
0x00007ffb30a00000 - 0x00007ffb30a6a000 	C:\WINDOWS\system32\mswsock.dll
0x00007ffad53a0000 - 0x00007ffad53b6000 	C:\Users\Cong\.jdks\ms-21.0.6\bin\nio.dll
0x00007ffafc840000 - 0x00007ffafc849000 	C:\Users\Cong\.jdks\ms-21.0.6\bin\extnet.dll
0x00007ffafb170000 - 0x00007ffafb17a000 	C:\Users\Cong\.jdks\ms-21.0.6\bin\management.dll
0x00007ffaef760000 - 0x00007ffaef76b000 	C:\Users\Cong\.jdks\ms-21.0.6\bin\management_ext.dll
0x00007ffb33d60000 - 0x00007ffb33d68000 	C:\WINDOWS\System32\PSAPI.DLL
0x00007ffb2fe60000 - 0x00007ffb2fe93000 	C:\WINDOWS\SYSTEM32\IPHLPAPI.DLL
0x00007ffb323a0000 - 0x00007ffb323aa000 	C:\WINDOWS\System32\NSI.dll
0x00007ffb2fef0000 - 0x00007ffb30016000 	C:\WINDOWS\SYSTEM32\DNSAPI.dll
0x00007ffb23ae0000 - 0x00007ffb23aeb000 	C:\Windows\System32\rasadhlp.dll
0x00007ffb274a0000 - 0x00007ffb27526000 	C:\WINDOWS\System32\fwpuclnt.dll
0x00007ffb15990000 - 0x00007ffb1599e000 	C:\Users\Cong\.jdks\ms-21.0.6\bin\sunmscapi.dll
0x00007ffb31ff0000 - 0x00007ffb32167000 	C:\WINDOWS\System32\CRYPT32.dll
0x00007ffb30ed0000 - 0x00007ffb30f00000 	C:\WINDOWS\SYSTEM32\ncrypt.dll
0x00007ffb30e80000 - 0x00007ffb30ebf000 	C:\WINDOWS\SYSTEM32\NTASN1.dll
0x00007ffb30cb0000 - 0x00007ffb30ccb000 	C:\WINDOWS\SYSTEM32\CRYPTSP.dll
0x00007ffb303d0000 - 0x00007ffb3040b000 	C:\WINDOWS\system32\rsaenh.dll
0x00007ffb30aa0000 - 0x00007ffb30acb000 	C:\WINDOWS\SYSTEM32\USERENV.dll
0x00007ffb315b0000 - 0x00007ffb315d6000 	C:\WINDOWS\SYSTEM32\bcrypt.dll
0x00007ffb30cd0000 - 0x00007ffb30cdc000 	C:\WINDOWS\SYSTEM32\CRYPTBASE.dll
0x00007ffae8630000 - 0x00007ffae8640000 	C:\Users\Cong\.jdks\ms-21.0.6\bin\verify.dll

dbghelp: loaded successfully - version: 4.0.5 - missing functions: none
symbol engine: initialized successfully - sym options: 0x614 - pdb path: .;C:\Users\Cong\.jdks\ms-21.0.6\bin;C:\WINDOWS\SYSTEM32;C:\WINDOWS\WinSxS\amd64_microsoft.windows.common-controls_6595b64144ccf1df_6.0.26100.4484_none_3e0e6d4ce32ef3b3;C:\Users\Cong\.jdks\ms-21.0.6\bin\server

VM Arguments:
jvm_args: -javaagent:C:\Program Files\JetBrains\IntelliJ IDEA Community Edition 2024.3.4.1\lib\idea_rt.jar=55880 -Dfile.encoding=UTF-8 -Dsun.stdout.encoding=UTF-8 -Dsun.stderr.encoding=UTF-8 
java_command: com.example.staff_service.StaffServiceApplication
java_class_path (initial): E:\DoAnUDPT\DistributedSystem-Clinic\backend\staff-service\target\classes;C:\Users\Cong\.m2\repository\org\springframework\boot\spring-boot-starter-actuator\3.5.0\spring-boot-starter-actuator-3.5.0.jar;C:\Users\Cong\.m2\repository\org\springframework\boot\spring-boot-starter\3.5.0\spring-boot-starter-3.5.0.jar;C:\Users\Cong\.m2\repository\org\springframework\boot\spring-boot-starter-logging\3.5.0\spring-boot-starter-logging-3.5.0.jar;C:\Users\Cong\.m2\repository\org\apache\logging\log4j\log4j-to-slf4j\2.24.3\log4j-to-slf4j-2.24.3.jar;C:\Users\Cong\.m2\repository\org\apache\logging\log4j\log4j-api\2.24.3\log4j-api-2.24.3.jar;C:\Users\Cong\.m2\repository\org\slf4j\jul-to-slf4j\2.0.17\jul-to-slf4j-2.0.17.jar;C:\Users\Cong\.m2\repository\jakarta\annotation\jakarta.annotation-api\2.1.1\jakarta.annotation-api-2.1.1.jar;C:\Users\Cong\.m2\repository\org\yaml\snakeyaml\2.4\snakeyaml-2.4.jar;C:\Users\Cong\.m2\repository\org\springframework\boot\spring-boot-actuator-autoconfigure\3.5.0\spring-boot-actuator-autoconfigure-3.5.0.jar;C:\Users\Cong\.m2\repository\org\springframework\boot\spring-boot-actuator\3.5.0\spring-boot-actuator-3.5.0.jar;C:\Users\Cong\.m2\repository\com\fasterxml\jackson\core\jackson-databind\2.19.0\jackson-databind-2.19.0.jar;C:\Users\Cong\.m2\repository\com\fasterxml\jackson\datatype\jackson-datatype-jsr310\2.19.0\jackson-datatype-jsr310-2.19.0.jar;C:\Users\Cong\.m2\repository\io\micrometer\micrometer-observation\1.15.0\micrometer-observation-1.15.0.jar;C:\Users\Cong\.m2\repository\io\micrometer\micrometer-commons\1.15.0\micrometer-commons-1.15.0.jar;C:\Users\Cong\.m2\repository\io\micrometer\micrometer-jakarta9\1.15.0\micrometer-jakarta9-1.15.0.jar;C:\Users\Cong\.m2\repository\io\micrometer\micrometer-core\1.15.0\micrometer-core-1.15.0.jar;C:\Users\Cong\.m2\repository\org\hdrhistogram\HdrHistogram\2.2.2\HdrHistogram-2.2.2.jar;C:\Users\Cong\.m2\repository\org\latencyutils\LatencyUtils\2.0.3\LatencyUtils-2.0.3.jar;C:\Users\Cong\.m2\repository\org\springframework\boot\spring-boot-starter-data-jpa\3.5.0\spring-boot-starter-data-jpa-3.5.0.jar;C:\Users\Cong\.m2\repository\org\springframework\boot\spring-boot-starter-jdbc\3.5.0\spring-boot-starter-jdbc-3.5.0.jar;C:\Users\Cong\.m2\repository\com\zaxxer\HikariCP\6.3.0\HikariCP-6.3.0.jar;C:\Users\Cong\.m2\repository\org\springframework\spring-jdbc\6.2.7\spring-jdbc-6.2.7.jar;C:\Users\Cong\.m2\repository\org\hibernate\orm\hibernate-core\6.6.15.Final\hibernate-core-6.6.15.Final.jar;C:\Users\Cong\.m2\repository\jakarta\persistence\jakarta.persistence-api\3.1.0\jakarta.persistence-api-3.1.0.jar;C:\Users\Cong\.m2\repository\jakarta\transaction\jakarta.transaction-api\2.0.1\jakarta.transaction-api-2.0.1.jar;C:\Users\Cong\.m2\repository\org\jboss\logging\jboss-logging\3.6.1.Final\jboss-logging-3.6.1.Final.jar;C:\Users\Cong\.m2\repository\org\hibernate\common\hibernate-commons-annotations\7.0.3.Final\hibernate-commons-annotations-7.0.3.Final.jar;C:\Users\Cong\.m2\repository\io\smallrye\jandex\3.2.0\jandex-3.2.0.jar;C:\Users\Cong\.m2\repository\com\fasterxml\classmate\1.7.0\classmate-1.7.0.jar;C:\Users\Cong\.m2\repository\net\bytebuddy\byte-buddy\1.17.5\byte-buddy-1.17.5.jar;C:\Users\Cong\.m2\repository\org\glassfish\jaxb\jaxb-runtime\4.0.5\jaxb-runtime-4.0.5.jar;C:\Users\Cong\.m2\repository\org\glassfish\jaxb\jaxb-core\4.0.5\jaxb-core-4.0.5.jar;C:\Users\Cong\.m2\repository\org\eclipse\angus\angus-activation\2.0.2\angus-activation-2.0.2.jar;C:\Users\Cong\.m2\repository\org\glassfish\jaxb\txw2\4.0.5\txw2-4.0.5.jar;C:\Users\Cong\.m2\repository\com\sun\istack\istack-commons-runtime\4.1.2\istack-commons-runtime-4.1.2.jar;C:\Users\Cong\.m2\repository\jakarta\inject\jakarta.inject-api\2.0.1\jakarta.inject-api-2.0.1.jar;C:\Users\Cong\.m2\repository\org\antlr\antlr4-runtime\4.13.0\antlr4-runtime-4.13.0.jar;C:\Users\Cong\.m2\repository\org\springframework\data\spring-data-jpa\3.5.0\spring-data-jpa-3.5.0.jar;C:\Users\Cong\.m2\repository\org\springframework\data\spring-data-commons\3.5.0\spring-data-commons-3.5.0.jar;C:\Users\Cong\.m2\repository\org\springframework\spring-orm\6.2.7\spring-orm-6.2.7.jar;C:\Users\Cong\.m2\repository\org\springframework\spring-aop\6.2.7\spring-aop-6.2.7.jar;C:\Users\Cong\.m2\repository\org\springframework\spring-beans\6.2.7\spring-beans-6.2.7.jar;C:\Users\Cong\.m2\repository\org\slf4j\slf4j-api\2.0.17\slf4j-api-2.0.17.jar;C:\Users\Cong\.m2\repository\org\springframework\spring-aspects\6.2.7\spring-aspects-6.2.7.jar;C:\Users\Cong\.m2\repository\org\aspectj\aspectjweaver\1.9.24\aspectjweaver-1.9.24.jar;C:\Users\Cong\.m2\repository\org\springframework\boot\spring-boot-starter-web\3.5.0\spring-boot-starter-web-3.5.0.jar;C:\Users\Cong\.m2\repository\org\springframework\boot\spring-boot-starter-json\3.5.0\spring-boot-starter-json-3.5.0.jar;C:\Users\Cong\.m2\repository\com\fasterxml\jackson\datatype\jackson-datatype-jdk8\2.19.0\jackson-datatype-jdk8-2.19.0.jar;C:\Users\Cong\.m2\repository\com\fasterxml\jackson\module\jackson-module-parameter-names\2.19.0\jackson-module-parameter-names-2.19.0.jar;C:\Users\Cong\.m2\repository\org\springframework\boot\spring-boot-starter-tomcat\3.5.0\spring-boot-starter-tomcat-3.5.0.jar;C:\Users\Cong\.m2\repository\org\apache\tomcat\embed\tomcat-embed-core\10.1.41\tomcat-embed-core-10.1.41.jar;C:\Users\Cong\.m2\repository\org\apache\tomcat\embed\tomcat-embed-el\10.1.41\tomcat-embed-el-10.1.41.jar;C:\Users\Cong\.m2\repository\org\apache\tomcat\embed\tomcat-embed-websocket\10.1.41\tomcat-embed-websocket-10.1.41.jar;C:\Users\Cong\.m2\repository\org\springframework\spring-web\6.2.7\spring-web-6.2.7.jar;C:\Users\Cong\.m2\repository\org\springframework\spring-webmvc\6.2.7\spring-webmvc-6.2.7.jar;C:\Users\Cong\.m2\repository\org\springframework\spring-expression\6.2.7\spring-expression-6.2.7.jar;C:\Users\Cong\.m2\repository\org\springframework\cloud\spring-cloud-starter-openfeign\4.3.0\spring-cloud-starter-openfeign-4.3.0.jar;C:\Users\Cong\.m2\repository\org\springframework\cloud\spring-cloud-starter\4.3.0\spring-cloud-starter-4.3.0.jar;C:\Users\Cong\.m2\repository\org\springframework\cloud\spring-cloud-context\4.3.0\spring-cloud-context-4.3.0.jar;C:\Users\Cong\.m2\repository\org\bouncycastle\bcprov-jdk18on\1.80\bcprov-jdk18on-1.80.jar;C:\Users\Cong\.m2\repository\org\springframework\cloud\spring-cloud-openfeign-core\4.3.0\spring-cloud-openfeign-core-4.3.0.jar;C:\Users\Cong\.m2\repository\io\github\openfeign\feign-form-spring\13.6\feign-form-spring-13.6.jar;C:\Users\Cong\.m2\repository\org\apache\commons\commons-text\1.13.0\commons-text-1.13.0.jar;C:\Users\Cong\.m2\repository\org\apache\commons\commons-lang3\3.17.0\commons-lang3-3.17.0.jar;C:\Users\Cong\.m2\repository\io\github\openfeign\feign-form\13.6\feign-form-13.6.jar;C:\Users\Cong\.m2\repository\commons-fileupload\commons-fileupload\1.5\commons-fileupload-1.5.jar;C:\Users\Cong\.m2\repository\org\springframework\cloud\spring-cloud-commons\4.3.0\spring-cloud-commons-4.3.0.jar;C:\Users\Cong\.m2\repository\org\springframework\security\spring-security-crypto\6.5.0\spring-security-crypto-6.5.0.jar;C:\Users\Cong\.m2\repository\io\github\openfeign\feign-core\13.6\feign-core-13.6.jar;C:\Users\Cong\.m2\repository\io\github\openfeign\feign-slf4j\13.6\feign-slf4j-13.6.jar;C:\Users\Cong\.m2\repository\org\springframework\kafka\spring-kafka\3.3.6\spring-kafka-3.3.6.jar;C:\Users\Cong\.m2\repository\org\springframework\spring-context\6.2.7\spring-context-6.2.7.jar;C:\Users\Cong\.m2\repository\org\springframework\spring-messaging\6.2.7\spring-messaging-6.2.7.jar;C:\Users\Cong\.m2\repository\org\springframework\spring-tx\6.2.7\spring-tx-6.2.7.jar;C:\Users\Cong\.m2\repository\org\springframework\retry\spring-retry\2.0.12\spring-retry-2.0.12.jar;C:\Users\Cong\.m2\repository\org\apache\kafka\kafka-clients\3.9.1\kafka-clients-3.9.1.jar;C:\Users\Cong\.m2\repository\com\github\luben\zstd-jni\1.5.6-4\zstd-jni-1.5.6-4.jar;C:\Users\Cong\.m2\repository\org\lz4\lz4-java\1.8.0\lz4-java-1.8.0.jar;C:\Users\Cong\.m2\repository\org\xerial\snappy\snappy-java\1.1.10.5\snappy-java-1.1.10.5.jar;C:\Users\Cong\.m2\repository\org\mapstruct\mapstruct\1.5.5.Final\mapstruct-1.5.5.Final.jar;C:\Users\Cong\.m2\repository\org\springframework\boot\spring-boot-devtools\3.5.0\spring-boot-devtools-3.5.0.jar;C:\Users\Cong\.m2\repository\org\springframework\boot\spring-boot\3.5.0\spring-boot-3.5.0.jar;C:\Users\Cong\.m2\repository\org\springframework\boot\spring-boot-autoconfigure\3.5.0\spring-boot-autoconfigure-3.5.0.jar;C:\Users\Cong\.m2\repository\com\mysql\mysql-connector-j\9.2.0\mysql-connector-j-9.2.0.jar;C:\Users\Cong\.m2\repository\org\springdoc\springdoc-openapi-starter-webmvc-ui\2.5.0\springdoc-openapi-starter-webmvc-ui-2.5.0.jar;C:\Users\Cong\.m2\repository\org\springdoc\springdoc-openapi-starter-webmvc-api\2.5.0\springdoc-openapi-starter-webmvc-api-2.5.0.jar;C:\Users\Cong\.m2\repository\org\springdoc\springdoc-openapi-starter-common\2.5.0\springdoc-openapi-starter-common-2.5.0.jar;C:\Users\Cong\.m2\repository\io\swagger\core\v3\swagger-core-jakarta\2.2.21\swagger-core-jakarta-2.2.21.jar;C:\Users\Cong\.m2\repository\io\swagger\core\v3\swagger-annotations-jakarta\2.2.21\swagger-annotations-jakarta-2.2.21.jar;C:\Users\Cong\.m2\repository\io\swagger\core\v3\swagger-models-jakarta\2.2.21\swagger-models-jakarta-2.2.21.jar;C:\Users\Cong\.m2\repository\jakarta\validation\jakarta.validation-api\3.0.2\jakarta.validation-api-3.0.2.jar;C:\Users\Cong\.m2\repository\com\fasterxml\jackson\dataformat\jackson-dataformat-yaml\2.19.0\jackson-dataformat-yaml-2.19.0.jar;C:\Users\Cong\.m2\repository\org\webjars\swagger-ui\5.13.0\swagger-ui-5.13.0.jar;C:\Users\Cong\.m2\repository\org\springframework\cloud\spring-cloud-starter-netflix-eureka-client\4.3.0\spring-cloud-starter-netflix-eureka-client-4.3.0.jar;C:\Users\Cong\.m2\repository\org\springframework\cloud\spring-cloud-netflix-eureka-client\4.3.0\spring-cloud-netflix-eureka-client-4.3.0.jar;C:\Users\Cong\.m2\repository\org\apache\httpcomponents\client5\httpclient5\5.4.4\httpclient5-5.4.4.jar;C:\Users\Cong\.m2\repository\org\apache\httpcomponents\core5\httpcore5\5.3.4\httpcore5-5.3.4.jar;C:\Users\Cong\.m2\repository\org\apache\httpcomponents\core5\httpcore5-h2\5.3.4\httpcore5-h2-5.3.4.jar;C:\Users\Cong\.m2\repository\com\netflix\eureka\eureka-client\2.0.4\eureka-client-2.0.4.jar;C:\Users\Cong\.m2\repository\com\thoughtworks\xstream\xstream\1.4.20\xstream-1.4.20.jar;C:\Users\Cong\.m2\repository\io\github\x-stream\mxparser\1.2.2\mxparser-1.2.2.jar;C:\Users\Cong\.m2\repository\xmlpull\xmlpull\1.1.3.1\xmlpull-1.1.3.1.jar;C:\Users\Cong\.m2\repository\jakarta\ws\rs\jakarta.ws.rs-api\3.1.0\jakarta.ws.rs-api-3.1.0.jar;C:\Users\Cong\.m2\repository\com\netflix\spectator\spectator-api\1.7.3\spectator-api-1.7.3.jar;C:\Users\Cong\.m2\repository\org\apache\httpcomponents\httpclient\4.5.3\httpclient-4.5.3.jar;C:\Users\Cong\.m2\repository\org\apache\httpcomponents\httpcore\4.4.16\httpcore-4.4.16.jar;C:\Users\Cong\.m2\repository\commons-codec\commons-codec\1.18.0\commons-codec-1.18.0.jar;C:\Users\Cong\.m2\repository\commons-configuration\commons-configuration\1.10\commons-configuration-1.10.jar;C:\Users\Cong\.m2\repository\commons-lang\commons-lang\2.6\commons-lang-2.6.jar;C:\Users\Cong\.m2\repository\com\fasterxml\jackson\core\jackson-annotations\2.19.0\jackson-annotations-2.19.0.jar;C:\Users\Cong\.m2\repository\com\fasterxml\jackson\core\jackson-core\2.19.0\jackson-core-2.19.0.jar;C:\Users\Cong\.m2\repository\com\netflix\netflix-commons\netflix-eventbus\0.3.0\netflix-eventbus-0.3.0.jar;C:\Users\Cong\.m2\repository\com\netflix\netflix-commons\netflix-infix\0.3.0\netflix-infix-0.3.0.jar;C:\Users\Cong\.m2\repository\commons-jxpath\commons-jxpath\1.3\commons-jxpath-1.3.jar;C:\Users\Cong\.m2\repository\joda-time\joda-time\2.3\joda-time-2.3.jar;C:\Users\Cong\.m2\repository\org\antlr\antlr-runtime\3.4\antlr-runtime-3.4.jar;C:\Users\Cong\.m2\repository\org\antlr\stringtemplate\3.2.1\stringtemplate-3.2.1.jar;C:\Users\Cong\.m2\repository\antlr\antlr\2.7.7\antlr-2.7.7.jar;C:\Users\Cong\.m2\repository\com\google\guava\guava\14.0.1\guava-14.0.1.jar;C:\Users\Cong\.m2\repository\com\google\code\gson\gson\2.13.1\gson-2.13.1.jar;C:\Users\Cong\.m2\repository\com\netflix\servo\servo-core\0.5.3\servo-core-0.5.3.jar;C:\Users\Cong\.m2\repository\org\apache\commons\commons-math\2.2\commons-math-2.2.jar;C:\Users\Cong\.m2\repository\javax\annotation\javax.annotation-api\1.2\javax.annotation-api-1.2.jar;C:\Users\Cong\.m2\repository\org\codehaus\jettison\jettison\1.5.4\jettison-1.5.4.jar;C:\Users\Cong\.m2\repository\org\springframework\cloud\spring-cloud-starter-loadbalancer\4.3.0\spring-cloud-starter-loadbalancer-4.3.0.jar;C:\Users\Cong\.m2\repository\org\springframework\cloud\spring-cloud-loadbalancer\4.3.0\spring-cloud-loadbalancer-4.3.0.jar;C:\Users\Cong\.m2\repository\io\projectreactor\reactor-core\3.7.6\reactor-core-3.7.6.jar;C:\Users\Cong\.m2\repository\org\reactivestreams\reactive-streams\1.0.4\reactive-streams-1.0.4.jar;C:\Users\Cong\.m2\repository\io\projectreactor\addons\reactor-extra\3.5.2\reactor-extra-3.5.2.jar;C:\Users\Cong\.m2\repository\org\springframework\boot\spring-boot-starter-cache\3.5.0\spring-boot-starter-cache-3.5.0.jar;C:\Users\Cong\.m2\repository\org\springframework\spring-context-support\6.2.7\spring-context-support-6.2.7.jar;C:\Users\Cong\.m2\repository\com\stoyanr\evictor\1.0.0\evictor-1.0.0.jar;C:\Users\Cong\.m2\repository\jakarta\xml\bind\jakarta.xml.bind-api\4.0.2\jakarta.xml.bind-api-4.0.2.jar;C:\Users\Cong\.m2\repository\jakarta\activation\jakarta.activation-api\2.1.3\jakarta.activation-api-2.1.3.jar;C:\Users\Cong\.m2\repository\org\springframework\spring-core\6.2.7\spring-core-6.2.7.jar;C:\Users\Cong\.m2\repository\org\springframework\spring-jcl\6.2.7\spring-jcl-6.2.7.jar;C:\Users\Cong\.m2\repository\ch\qos\logback\logback-core\1.5.18\logback-core-1.5.18.jar;C:\Users\Cong\.m2\repository\ch\qos\logback\logback-classic\1.5.18\logback-classic-1.5.18.jar;C:\Users\Cong\.m2\repository\com\google\errorprone\error_prone_annotations\2.36.0\error_prone_annotations-2.36.0.jar
Launcher Type: SUN_STANDARD

[Global flags]
     intx CICompilerCount                          = 4                                         {product} {ergonomic}
     uint ConcGCThreads                            = 2                                         {product} {ergonomic}
     uint G1ConcRefinementThreads                  = 8                                         {product} {ergonomic}
   size_t G1HeapRegionSize                         = 2097152                                   {product} {ergonomic}
    uintx GCDrainStackTargetSize                   = 64                                        {product} {ergonomic}
   size_t InitialHeapSize                          = 264241152                                 {product} {ergonomic}
   size_t MarkStackSize                            = 4194304                                   {product} {ergonomic}
   size_t MaxHeapSize                              = 4223664128                                {product} {ergonomic}
   size_t MaxNewSize                               = 2533359616                                {product} {ergonomic}
   size_t MinHeapDeltaBytes                        = 2097152                                   {product} {ergonomic}
   size_t MinHeapSize                              = 8388608                                   {product} {ergonomic}
    uintx NonNMethodCodeHeapSize                   = 5839372                                {pd product} {ergonomic}
    uintx NonProfiledCodeHeapSize                  = 122909434                              {pd product} {ergonomic}
    uintx ProfiledCodeHeapSize                     = 122909434                              {pd product} {ergonomic}
    uintx ReservedCodeCacheSize                    = 251658240                              {pd product} {ergonomic}
     bool SegmentedCodeCache                       = true                                      {product} {ergonomic}
   size_t SoftMaxHeapSize                          = 4223664128                             {manageable} {ergonomic}
     bool UseCompressedOops                        = true                           {product lp64_product} {ergonomic}
     bool UseG1GC                                  = true                                      {product} {ergonomic}
     bool UseLargePagesIndividualAllocation        = false                                  {pd product} {ergonomic}

Logging:
Log output configuration:
 #0: stdout all=warning uptime,level,tags foldmultilines=false
 #1: stderr all=off uptime,level,tags foldmultilines=false

Environment Variables:
JAVA_HOME=C:\Program Files\Java\jdk-21
PATH=C:\Program Files\Common Files\Oracle\Java\javapath;C:\Program Files\Microsoft MPI\Bin\;C:\app\Cong\product\21c\dbhomeXE\bin;C:\Windows\system32;C:\Windows;C:\Windows\System32\Wbem;C:\Windows\System32\WindowsPowerShell\v1.0\;C:\Windows\System32\OpenSSH\;C:\Program Files\NVIDIA Corporation\NVIDIA NvDLISR;C:\WINDOWS\system32;C:\WINDOWS;C:\WINDOWS\System32\Wbem;C:\WINDOWS\System32\WindowsPowerShell\v1.0\;C:\WINDOWS\System32\OpenSSH\;C:\Program Files\nodejs\;C:\Program Files\dotnet\;C:\Program Files\Git\cmd;C:\Program Files\Microsoft SQL Server\Client SDK\ODBC\170\Tools\Binn\;C:\Program Files\Microsoft SQL Server\160\DTS\Binn\;C:\Program Files\Microsoft SQL Server\130\DTS\Binn\;C:\Program Files\Microsoft SQL Server\140\DTS\Binn\;C:\Program Files\Microsoft SQL Server\150\DTS\Binn\;C:\Program Files\Java\jdk-21\bin;C:\apache-maven-3.9.9\bin;C:\Program Files (x86)\Microsoft SQL Server\160\DTS\Binn\;C:\Users\Cong\Downloads\apache-jmeter-5.6.3\bin;C:\Program Files (x86)\Microsoft SQL Server\160\Tools\Binn\;C:\Program Files\Microsoft SQL Server\160\Tools\Binn\;C:\Program Files\Microsoft SQL Server\150\Tools\Binn\;C:\Program Files\Redis;C:\Program Files\Erlang OTP;;C:\Program Files\Docker\Docker\resources\bin;C:\Users\Cong\AppData\Local\Programs\Python\Python313\Scripts\;C:\Users\Cong\AppData\Local\Programs\Python\Python313\;C:\Users\Cong\AppData\Local\Programs\Python\Launcher\;C:\Users\Cong\AppData\Local\Microsoft\WindowsApps;C:\Users\Cong\AppData\Roaming\npm;C:\Users\Cong\.dotnet\tools;E:\Windsurf\bin;C:\Program Files\Java\jdk-21\bin;C:\Users\Cong\AppData\Local\Programs\Microsoft VS Code\bin
USERNAME=Cong
OS=Windows_NT
PROCESSOR_IDENTIFIER=Intel64 Family 6 Model 140 Stepping 1, GenuineIntel
TMP=C:\Users\Cong\AppData\Local\Temp
TEMP=C:\Users\Cong\AppData\Local\Temp




Periodic native trim disabled

---------------  S Y S T E M  ---------------

OS:
 Windows 11 , 64 bit Build 26100 (10.0.26100.4484)
OS uptime: 1 days 4:56 hours
Hyper-V role detected

CPU: total 8 (initial active 8) (4 cores per cpu, 2 threads per core) family 6 model 140 stepping 1 microcode 0xbc, cx8, cmov, fxsr, ht, mmx, 3dnowpref, sse, sse2, sse3, ssse3, sse4.1, sse4.2, popcnt, lzcnt, tsc, tscinvbit, avx, avx2, aes, erms, clmul, bmi1, bmi2, adx, avx512f, avx512dq, avx512cd, avx512bw, avx512vl, sha, fma, vzeroupper, avx512_vpopcntdq, avx512_vpclmulqdq, avx512_vaes, avx512_vnni, clflush, clflushopt, clwb, avx512_vbmi2, avx512_vbmi, hv, rdtscp, rdpid, fsrm, gfni, avx512_bitalg, f16c, cet_ibt, cet_ss, avx512_ifma
Processor Information for the first 8 processors :
  Max Mhz: 2803, Current Mhz: 2803, Mhz Limit: 2803

Memory: 4k page, system-wide physical 16106M (579M free)
TotalPageFile size 33516M (AvailPageFile size 34M)
current process WorkingSet (physical memory assigned to process): 264M, peak: 289M
current process commit charge ("private bytes"): 299M, peak: 419M

vm_info: OpenJDK 64-Bit Server VM (21.0.6+7-LTS) for windows-amd64 JRE (21.0.6+7-LTS), built on 2025-01-08T23:03:52Z by "MicrosoftCorporation" with unknown MS VC++:1939

END.
