#
# There is insufficient memory for the Java Runtime Environment to continue.
# Native memory allocation (malloc) failed to allocate 1176016 bytes. Error detail: Chunk::new
# Possible reasons:
#   The system is out of physical RAM or swap space
#   This process is running with CompressedOops enabled, and the Java Heap may be blocking the growth of the native heap
# Possible solutions:
#   Reduce memory load on the system
#   Increase physical memory or swap space
#   Check if swap backing store is full
#   Decrease Java heap size (-Xmx/-Xms)
#   Decrease number of Java threads
#   Decrease Java thread stack sizes (-Xss)
#   Set larger code cache with -XX:ReservedCodeCacheSize=
#   JVM is running with Zero Based Compressed Oops mode in which the Java heap is
#     placed in the first 32GB address space. The Java Heap base address is the
#     maximum limit for the native heap growth. Please use -XX:HeapBaseMinAddress
#     to set the Java Heap base and to place the Java Heap above 32GB virtual address.
# This output file may be truncated or incomplete.
#
#  Out of Memory Error (arena.cpp:168), pid=1124, tid=17976
#
# JRE version: OpenJDK Runtime Environment Microsoft-10800203 (21.0.6+7) (build 21.0.6+7-LTS)
# Java VM: OpenJDK 64-Bit Server VM Microsoft-10800203 (21.0.6+7-LTS, mixed mode, sharing, tiered, compressed oops, compressed class ptrs, g1 gc, windows-amd64)
# No core dump will be written. Minidumps are not enabled by default on client versions of Windows
#

---------------  S U M M A R Y ------------

Command Line: -javaagent:C:\Program Files\JetBrains\IntelliJ IDEA Community Edition 2024.3.4.1\lib\idea_rt.jar=55264 -Dfile.encoding=UTF-8 -Dsun.stdout.encoding=UTF-8 -Dsun.stderr.encoding=UTF-8 com.example.patient_service.PatientServiceApplication

Host: 11th Gen Intel(R) Core(TM) i7-1165G7 @ 2.80GHz, 8 cores, 15G,  Windows 11 , 64 bit Build 26100 (10.0.26100.4484)
Time: Thu Jul 10 23:53:34 2025 SE Asia Standard Time elapsed time: 9.638985 seconds (0d 0h 0m 9s)

---------------  T H R E A D  ---------------

Current thread (0x0000028bff69bf80):  JavaThread "C2 CompilerThread0" daemon [_thread_in_native, id=17976, stack(0x0000008c5b300000,0x0000008c5b400000) (1024K)]


Current CompileTask:
C2:9639 2351       4       java.lang.invoke.MethodType::makeImpl (109 bytes)

Stack: [0x0000008c5b300000,0x0000008c5b400000]
Native frames: (J=compiled Java code, j=interpreted, Vv=VM code, C=native code)
V  [jvm.dll+0x6d4a09]
V  [jvm.dll+0x8af9a1]
V  [jvm.dll+0x8b1ece]
V  [jvm.dll+0x8b25b3]
V  [jvm.dll+0x2804e6]
V  [jvm.dll+0xc522d]
V  [jvm.dll+0xc5763]
V  [jvm.dll+0x3bb9f2]
V  [jvm.dll+0x1e0325]
V  [jvm.dll+0x248343]
V  [jvm.dll+0x2477af]
V  [jvm.dll+0x1c799f]
V  [jvm.dll+0x2575d9]
V  [jvm.dll+0x25599a]
V  [jvm.dll+0x3f57c6]
V  [jvm.dll+0x85920b]
V  [jvm.dll+0x6d310d]
C  [ucrtbase.dll+0x37b0]
C  [KERNEL32.DLL+0x2e8d7]
C  [ntdll.dll+0x3c34c]


---------------  P R O C E S S  ---------------

Threads class SMR info:
_java_thread_list=0x0000028bdac20bb0, length=16, elements={
0x0000028bf5283c70, 0x0000028bff68bb40, 0x0000028bff68c880, 0x0000028bff68fb30,
0x0000028bff6951c0, 0x0000028bff6987a0, 0x0000028bff6991f0, 0x0000028bff69bf80,
0x0000028bff6a0100, 0x0000028bda1d8720, 0x0000028bda7c2860, 0x0000028bda7daf50,
0x0000028bdaf240a0, 0x0000028bdb17a8d0, 0x0000028bdbb57700, 0x0000028bdb21ea00
}

Java Threads: ( => current thread )
  0x0000028bf5283c70 JavaThread "main"                              [_thread_blocked, id=4988, stack(0x0000008c5a500000,0x0000008c5a600000) (1024K)]
  0x0000028bff68bb40 JavaThread "Reference Handler"          daemon [_thread_blocked, id=12656, stack(0x0000008c5ad00000,0x0000008c5ae00000) (1024K)]
  0x0000028bff68c880 JavaThread "Finalizer"                  daemon [_thread_blocked, id=23620, stack(0x0000008c5ae00000,0x0000008c5af00000) (1024K)]
  0x0000028bff68fb30 JavaThread "Signal Dispatcher"          daemon [_thread_blocked, id=23856, stack(0x0000008c5af00000,0x0000008c5b000000) (1024K)]
  0x0000028bff6951c0 JavaThread "Attach Listener"            daemon [_thread_blocked, id=8500, stack(0x0000008c5b000000,0x0000008c5b100000) (1024K)]
  0x0000028bff6987a0 JavaThread "Service Thread"             daemon [_thread_blocked, id=27824, stack(0x0000008c5b100000,0x0000008c5b200000) (1024K)]
  0x0000028bff6991f0 JavaThread "Monitor Deflation Thread"   daemon [_thread_blocked, id=29980, stack(0x0000008c5b200000,0x0000008c5b300000) (1024K)]
=>0x0000028bff69bf80 JavaThread "C2 CompilerThread0"         daemon [_thread_in_native, id=17976, stack(0x0000008c5b300000,0x0000008c5b400000) (1024K)]
  0x0000028bff6a0100 JavaThread "C1 CompilerThread0"         daemon [_thread_blocked, id=34460, stack(0x0000008c5b400000,0x0000008c5b500000) (1024K)]
  0x0000028bda1d8720 JavaThread "Common-Cleaner"             daemon [_thread_blocked, id=25284, stack(0x0000008c5b500000,0x0000008c5b600000) (1024K)]
  0x0000028bda7c2860 JavaThread "Monitor Ctrl-Break"         daemon [_thread_in_native, id=12052, stack(0x0000008c5b600000,0x0000008c5b700000) (1024K)]
  0x0000028bda7daf50 JavaThread "Notification Thread"        daemon [_thread_blocked, id=23736, stack(0x0000008c5b700000,0x0000008c5b800000) (1024K)]
  0x0000028bdaf240a0 JavaThread "Thread-0"                          [_thread_blocked, id=11636, stack(0x0000008c5b800000,0x0000008c5b900000) (1024K)]
  0x0000028bdb17a8d0 JavaThread "restartedMain"                     [_thread_blocked, id=24292, stack(0x0000008c5be00000,0x0000008c5bf00000) (1024K)]
  0x0000028bdbb57700 JavaThread "background-preinit"                [_thread_in_native, id=32128, stack(0x0000008c5bf00000,0x0000008c5c000000) (1024K)]
  0x0000028bdb21ea00 JavaThread "C2 CompilerThread1"         daemon [_thread_blocked, id=7684, stack(0x0000008c5c000000,0x0000008c5c100000) (1024K)]
Total: 16

Other Threads:
  0x0000028bff66f7c0 VMThread "VM Thread"                           [id=19220, stack(0x0000008c5ac00000,0x0000008c5ad00000) (1024K)]
  0x0000028bff65d140 WatcherThread "VM Periodic Task Thread"        [id=17116, stack(0x0000008c5ab00000,0x0000008c5ac00000) (1024K)]
  0x0000028bf52ec4f0 WorkerThread "GC Thread#0"                     [id=14232, stack(0x0000008c5a600000,0x0000008c5a700000) (1024K)]
  0x0000028bdaa70ca0 WorkerThread "GC Thread#1"                     [id=17352, stack(0x0000008c5b900000,0x0000008c5ba00000) (1024K)]
  0x0000028bdab76350 WorkerThread "GC Thread#2"                     [id=23644, stack(0x0000008c5ba00000,0x0000008c5bb00000) (1024K)]
  0x0000028bdab766f0 WorkerThread "GC Thread#3"                     [id=4540, stack(0x0000008c5bb00000,0x0000008c5bc00000) (1024K)]
  0x0000028bda930910 WorkerThread "GC Thread#4"                     [id=10720, stack(0x0000008c5bc00000,0x0000008c5bd00000) (1024K)]
  0x0000028bda930cb0 WorkerThread "GC Thread#5"                     [id=21916, stack(0x0000008c5bd00000,0x0000008c5be00000) (1024K)]
  0x0000028bf52fd090 ConcurrentGCThread "G1 Main Marker"            [id=13696, stack(0x0000008c5a700000,0x0000008c5a800000) (1024K)]
  0x0000028bf52fea10 WorkerThread "G1 Conc#0"                       [id=23424, stack(0x0000008c5a800000,0x0000008c5a900000) (1024K)]
  0x0000028bff528e70 ConcurrentGCThread "G1 Refine#0"               [id=28244, stack(0x0000008c5a900000,0x0000008c5aa00000) (1024K)]
  0x0000028bff5298f0 ConcurrentGCThread "G1 Service"                [id=13556, stack(0x0000008c5aa00000,0x0000008c5ab00000) (1024K)]
Total: 12

Threads with active compile tasks:
C2 CompilerThread0  9652 2351       4       java.lang.invoke.MethodType::makeImpl (109 bytes)
Total: 1

VM state: not at safepoint (normal execution)

VM Mutex/Monitor currently owned by a thread: None

Heap address: 0x0000000704400000, size: 4028 MB, Compressed Oops mode: Zero based, Oop shift amount: 3

CDS archive(s) mapped at: [0x0000028b95000000-0x0000028b95c80000-0x0000028b95c80000), size 13107200, SharedBaseAddress: 0x0000028b95000000, ArchiveRelocationMode: 1.
Compressed class space mapped at: 0x0000028b96000000-0x0000028bd6000000, reserved size: 1073741824
Narrow klass base: 0x0000028b95000000, Narrow klass shift: 0, Narrow klass range: 0x100000000

GC Precious Log:
 CardTable entry size: 512
 Card Set container configuration: InlinePtr #cards 4 size 8 Array Of Cards #cards 16 size 48 Howl #buckets 8 coarsen threshold 3686 Howl Bitmap #cards 512 size 80 coarsen threshold 460 Card regions per heap region 1 cards per card region 4096
 CPUs: 8 total, 8 available
 Memory: 16106M
 Large Page Support: Disabled
 NUMA Support: Disabled
 Compressed Oops: Enabled (Zero based)
 Heap Region Size: 2M
 Heap Min Capacity: 8M
 Heap Initial Capacity: 252M
 Heap Max Capacity: 4028M
 Pre-touch: Disabled
 Parallel Workers: 8
 Concurrent Workers: 2
 Concurrent Refinement Workers: 8
 Periodic GC: Disabled

Heap:
 garbage-first heap   total 258048K, used 57394K [0x0000000704400000, 0x0000000800000000)
  region size 2048K, 24 young (49152K), 2 survivors (4096K)
 Metaspace       used 14506K, committed 14848K, reserved 1114112K
  class space    used 1747K, committed 1920K, reserved 1048576K

Heap Regions: E=young(eden), S=young(survivor), O=old, HS=humongous(starts), HC=humongous(continues), CS=collection set, F=free, TAMS=top-at-mark-start, PB=parsable bottom
|   0|0x0000000704400000, 0x0000000704600000, 0x0000000704600000|100%| O|  |TAMS 0x0000000704400000| PB 0x0000000704400000| Untracked 
|   1|0x0000000704600000, 0x0000000704800000, 0x0000000704800000|100%| O|  |TAMS 0x0000000704600000| PB 0x0000000704600000| Untracked 
|   2|0x0000000704800000, 0x0000000704a00000, 0x0000000704a00000|100%| O|  |TAMS 0x0000000704800000| PB 0x0000000704800000| Untracked 
|   3|0x0000000704a00000, 0x0000000704c00000, 0x0000000704c00000|100%| O|  |TAMS 0x0000000704a00000| PB 0x0000000704a00000| Untracked 
|   4|0x0000000704c00000, 0x0000000704e00000, 0x0000000704e00000|100%| O|  |TAMS 0x0000000704c00000| PB 0x0000000704c00000| Untracked 
|   5|0x0000000704e00000, 0x0000000704e18c90, 0x0000000705000000|  4%| O|  |TAMS 0x0000000704e00000| PB 0x0000000704e00000| Untracked 
|   6|0x0000000705000000, 0x0000000705000000, 0x0000000705200000|  0%| F|  |TAMS 0x0000000705000000| PB 0x0000000705000000| Untracked 
|   7|0x0000000705200000, 0x0000000705200000, 0x0000000705400000|  0%| F|  |TAMS 0x0000000705200000| PB 0x0000000705200000| Untracked 
|   8|0x0000000705400000, 0x0000000705400000, 0x0000000705600000|  0%| F|  |TAMS 0x0000000705400000| PB 0x0000000705400000| Untracked 
|   9|0x0000000705600000, 0x0000000705600000, 0x0000000705800000|  0%| F|  |TAMS 0x0000000705600000| PB 0x0000000705600000| Untracked 
|  10|0x0000000705800000, 0x0000000705800000, 0x0000000705a00000|  0%| F|  |TAMS 0x0000000705800000| PB 0x0000000705800000| Untracked 
|  11|0x0000000705a00000, 0x0000000705a00000, 0x0000000705c00000|  0%| F|  |TAMS 0x0000000705a00000| PB 0x0000000705a00000| Untracked 
|  12|0x0000000705c00000, 0x0000000705c00000, 0x0000000705e00000|  0%| F|  |TAMS 0x0000000705c00000| PB 0x0000000705c00000| Untracked 
|  13|0x0000000705e00000, 0x0000000705e00000, 0x0000000706000000|  0%| F|  |TAMS 0x0000000705e00000| PB 0x0000000705e00000| Untracked 
|  14|0x0000000706000000, 0x0000000706000000, 0x0000000706200000|  0%| F|  |TAMS 0x0000000706000000| PB 0x0000000706000000| Untracked 
|  15|0x0000000706200000, 0x0000000706200000, 0x0000000706400000|  0%| F|  |TAMS 0x0000000706200000| PB 0x0000000706200000| Untracked 
|  16|0x0000000706400000, 0x0000000706400000, 0x0000000706600000|  0%| F|  |TAMS 0x0000000706400000| PB 0x0000000706400000| Untracked 
|  17|0x0000000706600000, 0x0000000706600000, 0x0000000706800000|  0%| F|  |TAMS 0x0000000706600000| PB 0x0000000706600000| Untracked 
|  18|0x0000000706800000, 0x0000000706800000, 0x0000000706a00000|  0%| F|  |TAMS 0x0000000706800000| PB 0x0000000706800000| Untracked 
|  19|0x0000000706a00000, 0x0000000706a00000, 0x0000000706c00000|  0%| F|  |TAMS 0x0000000706a00000| PB 0x0000000706a00000| Untracked 
|  20|0x0000000706c00000, 0x0000000706c00000, 0x0000000706e00000|  0%| F|  |TAMS 0x0000000706c00000| PB 0x0000000706c00000| Untracked 
|  21|0x0000000706e00000, 0x0000000706e00000, 0x0000000707000000|  0%| F|  |TAMS 0x0000000706e00000| PB 0x0000000706e00000| Untracked 
|  22|0x0000000707000000, 0x0000000707000000, 0x0000000707200000|  0%| F|  |TAMS 0x0000000707000000| PB 0x0000000707000000| Untracked 
|  23|0x0000000707200000, 0x0000000707200000, 0x0000000707400000|  0%| F|  |TAMS 0x0000000707200000| PB 0x0000000707200000| Untracked 
|  24|0x0000000707400000, 0x0000000707400000, 0x0000000707600000|  0%| F|  |TAMS 0x0000000707400000| PB 0x0000000707400000| Untracked 
|  25|0x0000000707600000, 0x0000000707600000, 0x0000000707800000|  0%| F|  |TAMS 0x0000000707600000| PB 0x0000000707600000| Untracked 
|  26|0x0000000707800000, 0x0000000707800000, 0x0000000707a00000|  0%| F|  |TAMS 0x0000000707800000| PB 0x0000000707800000| Untracked 
|  27|0x0000000707a00000, 0x0000000707a00000, 0x0000000707c00000|  0%| F|  |TAMS 0x0000000707a00000| PB 0x0000000707a00000| Untracked 
|  28|0x0000000707c00000, 0x0000000707c00000, 0x0000000707e00000|  0%| F|  |TAMS 0x0000000707c00000| PB 0x0000000707c00000| Untracked 
|  29|0x0000000707e00000, 0x0000000707e00000, 0x0000000708000000|  0%| F|  |TAMS 0x0000000707e00000| PB 0x0000000707e00000| Untracked 
|  30|0x0000000708000000, 0x0000000708000000, 0x0000000708200000|  0%| F|  |TAMS 0x0000000708000000| PB 0x0000000708000000| Untracked 
|  31|0x0000000708200000, 0x0000000708200000, 0x0000000708400000|  0%| F|  |TAMS 0x0000000708200000| PB 0x0000000708200000| Untracked 
|  32|0x0000000708400000, 0x0000000708400000, 0x0000000708600000|  0%| F|  |TAMS 0x0000000708400000| PB 0x0000000708400000| Untracked 
|  33|0x0000000708600000, 0x0000000708600000, 0x0000000708800000|  0%| F|  |TAMS 0x0000000708600000| PB 0x0000000708600000| Untracked 
|  34|0x0000000708800000, 0x0000000708800000, 0x0000000708a00000|  0%| F|  |TAMS 0x0000000708800000| PB 0x0000000708800000| Untracked 
|  35|0x0000000708a00000, 0x0000000708a00000, 0x0000000708c00000|  0%| F|  |TAMS 0x0000000708a00000| PB 0x0000000708a00000| Untracked 
|  36|0x0000000708c00000, 0x0000000708c00000, 0x0000000708e00000|  0%| F|  |TAMS 0x0000000708c00000| PB 0x0000000708c00000| Untracked 
|  37|0x0000000708e00000, 0x0000000708e00000, 0x0000000709000000|  0%| F|  |TAMS 0x0000000708e00000| PB 0x0000000708e00000| Untracked 
|  38|0x0000000709000000, 0x0000000709000000, 0x0000000709200000|  0%| F|  |TAMS 0x0000000709000000| PB 0x0000000709000000| Untracked 
|  39|0x0000000709200000, 0x0000000709200000, 0x0000000709400000|  0%| F|  |TAMS 0x0000000709200000| PB 0x0000000709200000| Untracked 
|  40|0x0000000709400000, 0x0000000709400000, 0x0000000709600000|  0%| F|  |TAMS 0x0000000709400000| PB 0x0000000709400000| Untracked 
|  41|0x0000000709600000, 0x0000000709600000, 0x0000000709800000|  0%| F|  |TAMS 0x0000000709600000| PB 0x0000000709600000| Untracked 
|  42|0x0000000709800000, 0x0000000709800000, 0x0000000709a00000|  0%| F|  |TAMS 0x0000000709800000| PB 0x0000000709800000| Untracked 
|  43|0x0000000709a00000, 0x0000000709a00000, 0x0000000709c00000|  0%| F|  |TAMS 0x0000000709a00000| PB 0x0000000709a00000| Untracked 
|  44|0x0000000709c00000, 0x0000000709c00000, 0x0000000709e00000|  0%| F|  |TAMS 0x0000000709c00000| PB 0x0000000709c00000| Untracked 
|  45|0x0000000709e00000, 0x0000000709e00000, 0x000000070a000000|  0%| F|  |TAMS 0x0000000709e00000| PB 0x0000000709e00000| Untracked 
|  46|0x000000070a000000, 0x000000070a000000, 0x000000070a200000|  0%| F|  |TAMS 0x000000070a000000| PB 0x000000070a000000| Untracked 
|  47|0x000000070a200000, 0x000000070a200000, 0x000000070a400000|  0%| F|  |TAMS 0x000000070a200000| PB 0x000000070a200000| Untracked 
|  48|0x000000070a400000, 0x000000070a400000, 0x000000070a600000|  0%| F|  |TAMS 0x000000070a400000| PB 0x000000070a400000| Untracked 
|  49|0x000000070a600000, 0x000000070a600000, 0x000000070a800000|  0%| F|  |TAMS 0x000000070a600000| PB 0x000000070a600000| Untracked 
|  50|0x000000070a800000, 0x000000070a800000, 0x000000070aa00000|  0%| F|  |TAMS 0x000000070a800000| PB 0x000000070a800000| Untracked 
|  51|0x000000070aa00000, 0x000000070aa00000, 0x000000070ac00000|  0%| F|  |TAMS 0x000000070aa00000| PB 0x000000070aa00000| Untracked 
|  52|0x000000070ac00000, 0x000000070ac00000, 0x000000070ae00000|  0%| F|  |TAMS 0x000000070ac00000| PB 0x000000070ac00000| Untracked 
|  53|0x000000070ae00000, 0x000000070ae00000, 0x000000070b000000|  0%| F|  |TAMS 0x000000070ae00000| PB 0x000000070ae00000| Untracked 
|  54|0x000000070b000000, 0x000000070b000000, 0x000000070b200000|  0%| F|  |TAMS 0x000000070b000000| PB 0x000000070b000000| Untracked 
|  55|0x000000070b200000, 0x000000070b200000, 0x000000070b400000|  0%| F|  |TAMS 0x000000070b200000| PB 0x000000070b200000| Untracked 
|  56|0x000000070b400000, 0x000000070b400000, 0x000000070b600000|  0%| F|  |TAMS 0x000000070b400000| PB 0x000000070b400000| Untracked 
|  57|0x000000070b600000, 0x000000070b600000, 0x000000070b800000|  0%| F|  |TAMS 0x000000070b600000| PB 0x000000070b600000| Untracked 
|  58|0x000000070b800000, 0x000000070b800000, 0x000000070ba00000|  0%| F|  |TAMS 0x000000070b800000| PB 0x000000070b800000| Untracked 
|  59|0x000000070ba00000, 0x000000070ba00000, 0x000000070bc00000|  0%| F|  |TAMS 0x000000070ba00000| PB 0x000000070ba00000| Untracked 
|  60|0x000000070bc00000, 0x000000070bc00000, 0x000000070be00000|  0%| F|  |TAMS 0x000000070bc00000| PB 0x000000070bc00000| Untracked 
|  61|0x000000070be00000, 0x000000070be00000, 0x000000070c000000|  0%| F|  |TAMS 0x000000070be00000| PB 0x000000070be00000| Untracked 
|  62|0x000000070c000000, 0x000000070c000000, 0x000000070c200000|  0%| F|  |TAMS 0x000000070c000000| PB 0x000000070c000000| Untracked 
|  63|0x000000070c200000, 0x000000070c200000, 0x000000070c400000|  0%| F|  |TAMS 0x000000070c200000| PB 0x000000070c200000| Untracked 
|  64|0x000000070c400000, 0x000000070c400000, 0x000000070c600000|  0%| F|  |TAMS 0x000000070c400000| PB 0x000000070c400000| Untracked 
|  65|0x000000070c600000, 0x000000070c600000, 0x000000070c800000|  0%| F|  |TAMS 0x000000070c600000| PB 0x000000070c600000| Untracked 
|  66|0x000000070c800000, 0x000000070c800000, 0x000000070ca00000|  0%| F|  |TAMS 0x000000070c800000| PB 0x000000070c800000| Untracked 
|  67|0x000000070ca00000, 0x000000070ca00000, 0x000000070cc00000|  0%| F|  |TAMS 0x000000070ca00000| PB 0x000000070ca00000| Untracked 
|  68|0x000000070cc00000, 0x000000070cc00000, 0x000000070ce00000|  0%| F|  |TAMS 0x000000070cc00000| PB 0x000000070cc00000| Untracked 
|  69|0x000000070ce00000, 0x000000070ce00000, 0x000000070d000000|  0%| F|  |TAMS 0x000000070ce00000| PB 0x000000070ce00000| Untracked 
|  70|0x000000070d000000, 0x000000070d000000, 0x000000070d200000|  0%| F|  |TAMS 0x000000070d000000| PB 0x000000070d000000| Untracked 
|  71|0x000000070d200000, 0x000000070d200000, 0x000000070d400000|  0%| F|  |TAMS 0x000000070d200000| PB 0x000000070d200000| Untracked 
|  72|0x000000070d400000, 0x000000070d400000, 0x000000070d600000|  0%| F|  |TAMS 0x000000070d400000| PB 0x000000070d400000| Untracked 
|  73|0x000000070d600000, 0x000000070d600000, 0x000000070d800000|  0%| F|  |TAMS 0x000000070d600000| PB 0x000000070d600000| Untracked 
|  74|0x000000070d800000, 0x000000070d800000, 0x000000070da00000|  0%| F|  |TAMS 0x000000070d800000| PB 0x000000070d800000| Untracked 
|  75|0x000000070da00000, 0x000000070da00000, 0x000000070dc00000|  0%| F|  |TAMS 0x000000070da00000| PB 0x000000070da00000| Untracked 
|  76|0x000000070dc00000, 0x000000070dc00000, 0x000000070de00000|  0%| F|  |TAMS 0x000000070dc00000| PB 0x000000070dc00000| Untracked 
|  77|0x000000070de00000, 0x000000070de00000, 0x000000070e000000|  0%| F|  |TAMS 0x000000070de00000| PB 0x000000070de00000| Untracked 
|  78|0x000000070e000000, 0x000000070e000000, 0x000000070e200000|  0%| F|  |TAMS 0x000000070e000000| PB 0x000000070e000000| Untracked 
|  79|0x000000070e200000, 0x000000070e200000, 0x000000070e400000|  0%| F|  |TAMS 0x000000070e200000| PB 0x000000070e200000| Untracked 
|  80|0x000000070e400000, 0x000000070e400000, 0x000000070e600000|  0%| F|  |TAMS 0x000000070e400000| PB 0x000000070e400000| Untracked 
|  81|0x000000070e600000, 0x000000070e600000, 0x000000070e800000|  0%| F|  |TAMS 0x000000070e600000| PB 0x000000070e600000| Untracked 
|  82|0x000000070e800000, 0x000000070e800000, 0x000000070ea00000|  0%| F|  |TAMS 0x000000070e800000| PB 0x000000070e800000| Untracked 
|  83|0x000000070ea00000, 0x000000070ea00000, 0x000000070ec00000|  0%| F|  |TAMS 0x000000070ea00000| PB 0x000000070ea00000| Untracked 
|  84|0x000000070ec00000, 0x000000070ec00000, 0x000000070ee00000|  0%| F|  |TAMS 0x000000070ec00000| PB 0x000000070ec00000| Untracked 
|  85|0x000000070ee00000, 0x000000070ee00000, 0x000000070f000000|  0%| F|  |TAMS 0x000000070ee00000| PB 0x000000070ee00000| Untracked 
|  86|0x000000070f000000, 0x000000070f000000, 0x000000070f200000|  0%| F|  |TAMS 0x000000070f000000| PB 0x000000070f000000| Untracked 
|  87|0x000000070f200000, 0x000000070f200000, 0x000000070f400000|  0%| F|  |TAMS 0x000000070f200000| PB 0x000000070f200000| Untracked 
|  88|0x000000070f400000, 0x000000070f400000, 0x000000070f600000|  0%| F|  |TAMS 0x000000070f400000| PB 0x000000070f400000| Untracked 
|  89|0x000000070f600000, 0x000000070f600000, 0x000000070f800000|  0%| F|  |TAMS 0x000000070f600000| PB 0x000000070f600000| Untracked 
|  90|0x000000070f800000, 0x000000070f800000, 0x000000070fa00000|  0%| F|  |TAMS 0x000000070f800000| PB 0x000000070f800000| Untracked 
|  91|0x000000070fa00000, 0x000000070fa00000, 0x000000070fc00000|  0%| F|  |TAMS 0x000000070fa00000| PB 0x000000070fa00000| Untracked 
|  92|0x000000070fc00000, 0x000000070fc00000, 0x000000070fe00000|  0%| F|  |TAMS 0x000000070fc00000| PB 0x000000070fc00000| Untracked 
|  93|0x000000070fe00000, 0x000000070fe00000, 0x0000000710000000|  0%| F|  |TAMS 0x000000070fe00000| PB 0x000000070fe00000| Untracked 
|  94|0x0000000710000000, 0x0000000710000000, 0x0000000710200000|  0%| F|  |TAMS 0x0000000710000000| PB 0x0000000710000000| Untracked 
|  95|0x0000000710200000, 0x0000000710200000, 0x0000000710400000|  0%| F|  |TAMS 0x0000000710200000| PB 0x0000000710200000| Untracked 
|  96|0x0000000710400000, 0x0000000710400000, 0x0000000710600000|  0%| F|  |TAMS 0x0000000710400000| PB 0x0000000710400000| Untracked 
|  97|0x0000000710600000, 0x0000000710600000, 0x0000000710800000|  0%| F|  |TAMS 0x0000000710600000| PB 0x0000000710600000| Untracked 
|  98|0x0000000710800000, 0x0000000710800000, 0x0000000710a00000|  0%| F|  |TAMS 0x0000000710800000| PB 0x0000000710800000| Untracked 
|  99|0x0000000710a00000, 0x0000000710a00000, 0x0000000710c00000|  0%| F|  |TAMS 0x0000000710a00000| PB 0x0000000710a00000| Untracked 
| 100|0x0000000710c00000, 0x0000000710c00000, 0x0000000710e00000|  0%| F|  |TAMS 0x0000000710c00000| PB 0x0000000710c00000| Untracked 
| 101|0x0000000710e00000, 0x0000000710e00000, 0x0000000711000000|  0%| F|  |TAMS 0x0000000710e00000| PB 0x0000000710e00000| Untracked 
| 102|0x0000000711000000, 0x0000000711084368, 0x0000000711200000| 25%| E|  |TAMS 0x0000000711000000| PB 0x0000000711000000| Complete 
| 103|0x0000000711200000, 0x0000000711400000, 0x0000000711400000|100%| E|CS|TAMS 0x0000000711200000| PB 0x0000000711200000| Complete 
| 104|0x0000000711400000, 0x0000000711600000, 0x0000000711600000|100%| E|CS|TAMS 0x0000000711400000| PB 0x0000000711400000| Complete 
| 105|0x0000000711600000, 0x0000000711800000, 0x0000000711800000|100%| E|CS|TAMS 0x0000000711600000| PB 0x0000000711600000| Complete 
| 106|0x0000000711800000, 0x0000000711a00000, 0x0000000711a00000|100%| E|CS|TAMS 0x0000000711800000| PB 0x0000000711800000| Complete 
| 107|0x0000000711a00000, 0x0000000711c00000, 0x0000000711c00000|100%| E|CS|TAMS 0x0000000711a00000| PB 0x0000000711a00000| Complete 
| 108|0x0000000711c00000, 0x0000000711e00000, 0x0000000711e00000|100%| E|CS|TAMS 0x0000000711c00000| PB 0x0000000711c00000| Complete 
| 109|0x0000000711e00000, 0x0000000712000000, 0x0000000712000000|100%| E|CS|TAMS 0x0000000711e00000| PB 0x0000000711e00000| Complete 
| 110|0x0000000712000000, 0x0000000712200000, 0x0000000712200000|100%| E|CS|TAMS 0x0000000712000000| PB 0x0000000712000000| Complete 
| 111|0x0000000712200000, 0x0000000712400000, 0x0000000712400000|100%| E|CS|TAMS 0x0000000712200000| PB 0x0000000712200000| Complete 
| 112|0x0000000712400000, 0x0000000712600000, 0x0000000712600000|100%| E|CS|TAMS 0x0000000712400000| PB 0x0000000712400000| Complete 
| 113|0x0000000712600000, 0x0000000712800000, 0x0000000712800000|100%| E|CS|TAMS 0x0000000712600000| PB 0x0000000712600000| Complete 
| 114|0x0000000712800000, 0x0000000712a00000, 0x0000000712a00000|100%| E|CS|TAMS 0x0000000712800000| PB 0x0000000712800000| Complete 
| 115|0x0000000712a00000, 0x0000000712bf3c10, 0x0000000712c00000| 97%| S|CS|TAMS 0x0000000712a00000| PB 0x0000000712a00000| Complete 
| 116|0x0000000712c00000, 0x0000000712e00000, 0x0000000712e00000|100%| S|CS|TAMS 0x0000000712c00000| PB 0x0000000712c00000| Complete 
| 117|0x0000000712e00000, 0x0000000713000000, 0x0000000713000000|100%| E|CS|TAMS 0x0000000712e00000| PB 0x0000000712e00000| Complete 
| 118|0x0000000713000000, 0x0000000713200000, 0x0000000713200000|100%| E|CS|TAMS 0x0000000713000000| PB 0x0000000713000000| Complete 
| 119|0x0000000713200000, 0x0000000713400000, 0x0000000713400000|100%| E|CS|TAMS 0x0000000713200000| PB 0x0000000713200000| Complete 
| 120|0x0000000713400000, 0x0000000713600000, 0x0000000713600000|100%| E|CS|TAMS 0x0000000713400000| PB 0x0000000713400000| Complete 
| 121|0x0000000713600000, 0x0000000713800000, 0x0000000713800000|100%| E|CS|TAMS 0x0000000713600000| PB 0x0000000713600000| Complete 
| 122|0x0000000713800000, 0x0000000713a00000, 0x0000000713a00000|100%| E|CS|TAMS 0x0000000713800000| PB 0x0000000713800000| Complete 
| 123|0x0000000713a00000, 0x0000000713c00000, 0x0000000713c00000|100%| E|CS|TAMS 0x0000000713a00000| PB 0x0000000713a00000| Complete 
| 124|0x0000000713c00000, 0x0000000713e00000, 0x0000000713e00000|100%| E|CS|TAMS 0x0000000713c00000| PB 0x0000000713c00000| Complete 
| 125|0x0000000713e00000, 0x0000000714000000, 0x0000000714000000|100%| E|CS|TAMS 0x0000000713e00000| PB 0x0000000713e00000| Complete 

Card table byte_map: [0x0000028bfe460000,0x0000028bfec40000] _byte_map_base: 0x0000028bfac3e000

Marking Bits: (CMBitMap*) 0x0000028bf52ecbf0
 Bits: [0x0000028b8f000000, 0x0000028b92ef0000)

Polling page: 0x0000028bf3100000

Metaspace:

Usage:
  Non-class:     12.46 MB used.
      Class:      1.71 MB used.
       Both:     14.17 MB used.

Virtual space:
  Non-class space:       64.00 MB reserved,      12.62 MB ( 20%) committed,  1 nodes.
      Class space:        1.00 GB reserved,       1.88 MB ( <1%) committed,  1 nodes.
             Both:        1.06 GB reserved,      14.50 MB (  1%) committed. 

Chunk freelists:
   Non-Class:  2.69 MB
       Class:  13.95 MB
        Both:  16.64 MB

MaxMetaspaceSize: unlimited
CompressedClassSpaceSize: 1.00 GB
Initial GC threshold: 21.00 MB
Current GC threshold: 21.00 MB
CDS: on
 - commit_granule_bytes: 65536.
 - commit_granule_words: 8192.
 - virtual_space_node_default_size: 8388608.
 - enlarge_chunks_in_place: 1.
 - use_allocation_guard: 0.


Internal statistics:

num_allocs_failed_limit: 0.
num_arena_births: 388.
num_arena_deaths: 0.
num_vsnodes_births: 2.
num_vsnodes_deaths: 0.
num_space_committed: 232.
num_space_uncommitted: 0.
num_chunks_returned_to_freelist: 0.
num_chunks_taken_from_freelist: 843.
num_chunk_merges: 0.
num_chunk_splits: 524.
num_chunks_enlarged: 324.
num_inconsistent_stats: 0.

CodeHeap 'non-profiled nmethods': size=120000Kb used=1098Kb max_used=1098Kb free=118901Kb
 bounds [0x0000028b87ad0000, 0x0000028b87d40000, 0x0000028b8f000000]
CodeHeap 'profiled nmethods': size=120000Kb used=4464Kb max_used=4464Kb free=115535Kb
 bounds [0x0000028b80000000, 0x0000028b80460000, 0x0000028b87530000]
CodeHeap 'non-nmethods': size=5760Kb used=1564Kb max_used=1586Kb free=4195Kb
 bounds [0x0000028b87530000, 0x0000028b877a0000, 0x0000028b87ad0000]
 total_blobs=2905 nmethods=2398 adapters=411
 compilation: enabled
              stopped_count=0, restarted_count=0
 full_count=0

Compilation events (20 events):
Event: 8.616 Thread 0x0000028bff6a0100 nmethod 2384 0x0000028b80447f90 code [0x0000028b80448240, 0x0000028b80449040]
Event: 8.617 Thread 0x0000028bff6a0100 2386       3       java.lang.reflect.ProxyGenerator::dotToSlash (9 bytes)
Event: 8.617 Thread 0x0000028bff6a0100 nmethod 2386 0x0000028b80449690 code [0x0000028b80449840, 0x0000028b80449970]
Event: 8.617 Thread 0x0000028bdb21ea00 2373       4       java.util.ImmutableCollections$MapN::probe (60 bytes)
Event: 8.622 Thread 0x0000028bff6a0100 2388       3       java.nio.HeapByteBuffer::getShort (29 bytes)
Event: 8.623 Thread 0x0000028bff6a0100 nmethod 2388 0x0000028b80449a10 code [0x0000028b80449c80, 0x0000028b8044a680]
Event: 8.623 Thread 0x0000028bff6a0100 2389   !   3       jdk.internal.misc.ScopedMemoryAccess::getShortUnaligned (18 bytes)
Event: 8.623 Thread 0x0000028bff6a0100 nmethod 2389 0x0000028b8044aa90 code [0x0000028b8044ac80, 0x0000028b8044b1a8]
Event: 8.623 Thread 0x0000028bff6a0100 2390       3       java.lang.invoke.BoundMethodHandle$Species_LL::make (12 bytes)
Event: 8.624 Thread 0x0000028bff6a0100 nmethod 2390 0x0000028b8044b490 code [0x0000028b8044b640, 0x0000028b8044b918]
Event: 8.624 Thread 0x0000028bff6a0100 2391       3       java.lang.invoke.BoundMethodHandle$Species_LL::<init> (18 bytes)
Event: 8.624 Thread 0x0000028bff6a0100 nmethod 2391 0x0000028b8044ba10 code [0x0000028b8044bbc0, 0x0000028b8044be60]
Event: 8.628 Thread 0x0000028bdb21ea00 nmethod 2373 0x0000028b87be0b90 code [0x0000028b87be0d80, 0x0000028b87be13e8]
Event: 8.628 Thread 0x0000028bdb21ea00 2385       4       jdk.internal.org.objectweb.asm.SymbolTable::get (13 bytes)
Event: 8.628 Thread 0x0000028bdb21ea00 nmethod 2385 0x0000028b87be1690 code [0x0000028b87be1820, 0x0000028b87be1928]
Event: 8.628 Thread 0x0000028bdb21ea00 2359       4       org.springframework.util.ObjectUtils::nullSafeEquals (55 bytes)
Event: 8.629 Thread 0x0000028bdb21ea00 nmethod 2359 0x0000028b87be1a10 code [0x0000028b87be1ba0, 0x0000028b87be1cf0]
Event: 8.629 Thread 0x0000028bdb21ea00 2358       4       java.lang.Integer::valueOf (32 bytes)
Event: 8.630 Thread 0x0000028bdb21ea00 nmethod 2358 0x0000028b87be1e10 code [0x0000028b87be1fa0, 0x0000028b87be2090]
Event: 8.636 Thread 0x0000028bff6a0100 2393       3       java.lang.invoke.AbstractValidatingLambdaMetafactory::validateMetafactoryArgs (607 bytes)

GC Heap History (4 events):
Event: 1.985 GC heap before
{Heap before GC invocations=0 (full 0):
 garbage-first heap   total 258048K, used 20480K [0x0000000704400000, 0x0000000800000000)
  region size 2048K, 11 young (22528K), 0 survivors (0K)
 Metaspace       used 2933K, committed 3136K, reserved 1114112K
  class space    used 285K, committed 384K, reserved 1048576K
}
Event: 2.001 GC heap after
{Heap after GC invocations=1 (full 0):
 garbage-first heap   total 258048K, used 10282K [0x0000000704400000, 0x0000000800000000)
  region size 2048K, 2 young (4096K), 2 survivors (4096K)
 Metaspace       used 2933K, committed 3136K, reserved 1114112K
  class space    used 285K, committed 384K, reserved 1048576K
}
Event: 2.550 GC heap before
{Heap before GC invocations=1 (full 0):
 garbage-first heap   total 258048K, used 26666K [0x0000000704400000, 0x0000000800000000)
  region size 2048K, 11 young (22528K), 2 survivors (4096K)
 Metaspace       used 5281K, committed 5440K, reserved 1114112K
  class space    used 530K, committed 640K, reserved 1048576K
}
Event: 2.554 GC heap after
{Heap after GC invocations=2 (full 0):
 garbage-first heap   total 258048K, used 14386K [0x0000000704400000, 0x0000000800000000)
  region size 2048K, 2 young (4096K), 2 survivors (4096K)
 Metaspace       used 5281K, committed 5440K, reserved 1114112K
  class space    used 530K, committed 640K, reserved 1048576K
}

Dll operation events (11 events):
Event: 0.057 Loaded shared library C:\Users\Cong\.jdks\ms-21.0.6\bin\java.dll
Event: 0.120 Loaded shared library C:\Users\Cong\.jdks\ms-21.0.6\bin\jsvml.dll
Event: 0.608 Loaded shared library C:\Users\Cong\.jdks\ms-21.0.6\bin\zip.dll
Event: 0.612 Loaded shared library C:\Users\Cong\.jdks\ms-21.0.6\bin\instrument.dll
Event: 0.620 Loaded shared library C:\Users\Cong\.jdks\ms-21.0.6\bin\net.dll
Event: 0.623 Loaded shared library C:\Users\Cong\.jdks\ms-21.0.6\bin\nio.dll
Event: 0.627 Loaded shared library C:\Users\Cong\.jdks\ms-21.0.6\bin\zip.dll
Event: 1.446 Loaded shared library C:\Users\Cong\.jdks\ms-21.0.6\bin\extnet.dll
Event: 1.453 Loaded shared library C:\Users\Cong\.jdks\ms-21.0.6\bin\jimage.dll
Event: 2.771 Loaded shared library C:\Users\Cong\.jdks\ms-21.0.6\bin\management.dll
Event: 2.776 Loaded shared library C:\Users\Cong\.jdks\ms-21.0.6\bin\management_ext.dll

Deoptimization events (20 events):
Event: 4.343 Thread 0x0000028bdb17a8d0 Uncommon trap: trap_request=0xffffff45 fr.pc=0x0000028b87af11a8 relative=0x00000000000004c8
Event: 4.343 Thread 0x0000028bdb17a8d0 Uncommon trap: reason=unstable_if action=reinterpret pc=0x0000028b87af11a8 method=java.lang.AbstractStringBuilder.isLatin1()Z @ 10 c2
Event: 4.343 Thread 0x0000028bdb17a8d0 DEOPT PACKING pc=0x0000028b87af11a8 sp=0x0000008c5befd0f0
Event: 4.343 Thread 0x0000028bdb17a8d0 DEOPT UNPACKING pc=0x0000028b87587da2 sp=0x0000008c5befd080 mode 2
Event: 4.343 Thread 0x0000028bdb17a8d0 Uncommon trap: trap_request=0xffffff45 fr.pc=0x0000028b87b840a0 relative=0x0000000000000560
Event: 4.343 Thread 0x0000028bdb17a8d0 Uncommon trap: reason=unstable_if action=reinterpret pc=0x0000028b87b840a0 method=java.lang.AbstractStringBuilder.isLatin1()Z @ 10 c2
Event: 4.343 Thread 0x0000028bdb17a8d0 DEOPT PACKING pc=0x0000028b87b840a0 sp=0x0000008c5befd290
Event: 4.343 Thread 0x0000028bdb17a8d0 DEOPT UNPACKING pc=0x0000028b87587da2 sp=0x0000008c5befd128 mode 2
Event: 4.343 Thread 0x0000028bdb17a8d0 Uncommon trap: trap_request=0xffffff45 fr.pc=0x0000028b87ae7a68 relative=0x0000000000000048
Event: 4.343 Thread 0x0000028bdb17a8d0 Uncommon trap: reason=unstable_if action=reinterpret pc=0x0000028b87ae7a68 method=java.lang.StringLatin1.canEncode(I)Z @ 4 c2
Event: 4.343 Thread 0x0000028bdb17a8d0 DEOPT PACKING pc=0x0000028b87ae7a68 sp=0x0000008c5befd0f0
Event: 4.343 Thread 0x0000028bdb17a8d0 DEOPT UNPACKING pc=0x0000028b87587da2 sp=0x0000008c5befd080 mode 2
Event: 4.343 Thread 0x0000028bdb17a8d0 Uncommon trap: trap_request=0xffffff45 fr.pc=0x0000028b87b24cfc relative=0x000000000000051c
Event: 4.343 Thread 0x0000028bdb17a8d0 Uncommon trap: reason=unstable_if action=reinterpret pc=0x0000028b87b24cfc method=java.lang.AbstractStringBuilder.isLatin1()Z @ 10 c2
Event: 4.343 Thread 0x0000028bdb17a8d0 DEOPT PACKING pc=0x0000028b87b24cfc sp=0x0000008c5befd1c0
Event: 4.343 Thread 0x0000028bdb17a8d0 DEOPT UNPACKING pc=0x0000028b87587da2 sp=0x0000008c5befd128 mode 2
Event: 5.287 Thread 0x0000028bdb17a8d0 Uncommon trap: trap_request=0xffffff45 fr.pc=0x0000028b87b4b040 relative=0x0000000000000360
Event: 5.287 Thread 0x0000028bdb17a8d0 Uncommon trap: reason=unstable_if action=reinterpret pc=0x0000028b87b4b040 method=java.lang.Integer.parseInt(Ljava/lang/String;I)I @ 119 c2
Event: 5.287 Thread 0x0000028bdb17a8d0 DEOPT PACKING pc=0x0000028b87b4b040 sp=0x0000008c5befd9d0
Event: 5.287 Thread 0x0000028bdb17a8d0 DEOPT UNPACKING pc=0x0000028b87587da2 sp=0x0000008c5befd938 mode 2

Classes loaded (20 events):
Event: 5.522 Loading class com/sun/org/apache/xalan/internal/utils/FeaturePropertyBase done
Event: 5.522 Loading class com/sun/org/apache/xalan/internal/utils/XMLSecurityPropertyManager done
Event: 5.522 Loading class com/sun/org/apache/xalan/internal/utils/FeaturePropertyBase$State
Event: 5.522 Loading class com/sun/org/apache/xalan/internal/utils/FeaturePropertyBase$State done
Event: 5.522 Loading class com/sun/org/apache/xalan/internal/utils/XMLSecurityPropertyManager$Property
Event: 5.522 Loading class com/sun/org/apache/xalan/internal/utils/XMLSecurityPropertyManager$Property done
Event: 5.522 Loading class jdk/xml/internal/XMLSecurityManager
Event: 5.523 Loading class jdk/xml/internal/XMLSecurityManager done
Event: 5.523 Loading class jdk/xml/internal/XMLSecurityManager$Limit
Event: 5.523 Loading class jdk/xml/internal/XMLSecurityManager$Limit done
Event: 5.523 Loading class jdk/xml/internal/XMLSecurityManager$Processor
Event: 5.523 Loading class jdk/xml/internal/XMLSecurityManager$Processor done
Event: 5.523 Loading class jdk/xml/internal/XMLSecurityManager$NameMap
Event: 5.523 Loading class jdk/xml/internal/XMLSecurityManager$NameMap done
Event: 5.523 Loading class jdk/xml/internal/JdkProperty
Event: 5.523 Loading class jdk/xml/internal/JdkProperty done
Event: 5.533 Loading class java/lang/CloneNotSupportedException
Event: 5.533 Loading class java/lang/CloneNotSupportedException done
Event: 8.615 Loading class java/lang/Deprecated
Event: 8.615 Loading class java/lang/Deprecated done

Classes unloaded (0 events):
No events

Classes redefined (0 events):
No events

Internal exceptions (20 events):
Event: 4.367 Thread 0x0000028bdb17a8d0 Exception <a 'java/lang/NoSuchMethodError'{0x00000007121071c8}: 'int java.lang.invoke.DirectMethodHandle$Holder.invokeStaticInit(java.lang.Object, float, float)'> (0x00000007121071c8) 
thrown [s\src\hotspot\share\interpreter\linkResolver.cpp, line 773]
Event: 4.368 Thread 0x0000028bdb17a8d0 Exception <a 'java/lang/NoSuchMethodError'{0x000000071210df08}: 'int java.lang.invoke.DirectMethodHandle$Holder.invokeStaticInit(java.lang.Object, double, double)'> (0x000000071210df08) 
thrown [s\src\hotspot\share\interpreter\linkResolver.cpp, line 773]
Event: 4.368 Thread 0x0000028bdb17a8d0 Exception <a 'java/lang/NoSuchMethodError'{0x0000000712112720}: 'int java.lang.invoke.DirectMethodHandle$Holder.invokeStatic(java.lang.Object, long)'> (0x0000000712112720) 
thrown [s\src\hotspot\share\interpreter\linkResolver.cpp, line 773]
Event: 4.370 Thread 0x0000028bdb17a8d0 Exception <a 'java/lang/NoSuchMethodError'{0x0000000712134a40}: 'int java.lang.invoke.Invokers$Holder.linkToTargetMethod(java.lang.Object, java.lang.Object)'> (0x0000000712134a40) 
thrown [s\src\hotspot\share\interpreter\linkResolver.cpp, line 773]
Event: 4.386 Thread 0x0000028bdb17a8d0 Exception <a 'java/lang/NoSuchMethodError'{0x00000007121b1650}: 'java.lang.Object java.lang.invoke.DirectMethodHandle$Holder.invokeSpecial(java.lang.Object, java.lang.Object, java.lang.Object, int, java.lang.Object)'> (0x00000007121b1650) 
thrown [s\src\hotspot\share\interpreter\linkResolver.cpp, line 773]
Event: 4.387 Thread 0x0000028bdb17a8d0 Exception <a 'java/lang/NoSuchMethodError'{0x00000007121b9018}: 'java.lang.Object java.lang.invoke.DirectMethodHandle$Holder.newInvokeSpecial(java.lang.Object, java.lang.Object, java.lang.Object, int, java.lang.Object)'> (0x00000007121b9018) 
thrown [s\src\hotspot\share\interpreter\linkResolver.cpp, line 773]
Event: 4.387 Thread 0x0000028bdb17a8d0 Exception <a 'java/lang/NoSuchMethodError'{0x00000007121c05e0}: 'java.lang.Object java.lang.invoke.Invokers$Holder.linkToTargetMethod(java.lang.Object, java.lang.Object, int, java.lang.Object, java.lang.Object)'> (0x00000007121c05e0) 
thrown [s\src\hotspot\share\interpreter\linkResolver.cpp, line 773]
Event: 4.389 Thread 0x0000028bdb17a8d0 Exception <a 'java/lang/NoSuchMethodError'{0x00000007121cfa58}: 'java.lang.Object java.lang.invoke.DirectMethodHandle$Holder.newInvokeSpecial(java.lang.Object, int, java.lang.Object)'> (0x00000007121cfa58) 
thrown [s\src\hotspot\share\interpreter\linkResolver.cpp, line 773]
Event: 4.389 Thread 0x0000028bdb17a8d0 Exception <a 'java/lang/NoSuchMethodError'{0x00000007121d43c8}: 'int java.lang.invoke.DirectMethodHandle$Holder.invokeSpecialIFC(java.lang.Object, java.lang.Object, java.lang.Object, java.lang.Object)'> (0x00000007121d43c8) 
thrown [s\src\hotspot\share\interpreter\linkResolver.cpp, line 773]
Event: 4.417 Thread 0x0000028bdb17a8d0 Exception <a 'java/lang/NoSuchMethodError'{0x0000000711ed3e38}: 'void java.lang.invoke.DirectMethodHandle$Holder.invokeInterface(java.lang.Object, java.lang.Object, java.lang.Object)'> (0x0000000711ed3e38) 
thrown [s\src\hotspot\share\interpreter\linkResolver.cpp, line 773]
Event: 4.428 Thread 0x0000028bdb17a8d0 Exception <a 'java/lang/NoSuchMethodError'{0x0000000711f3e318}: 'void java.lang.invoke.DirectMethodHandle$Holder.invokeStatic(java.lang.Object, java.lang.Object, int)'> (0x0000000711f3e318) 
thrown [s\src\hotspot\share\interpreter\linkResolver.cpp, line 773]
Event: 4.442 Thread 0x0000028bdb17a8d0 Exception <a 'java/lang/NoSuchMethodError'{0x0000000711f98bd0}: 'java.lang.Object java.lang.invoke.Invokers$Holder.invoke_MT(java.lang.Object, java.lang.Object, java.lang.Object, java.lang.Object, java.lang.Object, java.lang.Object, java.lang.Object, java.lang.Object, java.lang.Object)'> (0x0000000711f98bd0) 
thrown [s\src\hotspot\share\interpreter\linkResolver.cpp, line 773]
Event: 4.448 Thread 0x0000028bdb17a8d0 Exception <a 'java/lang/NoSuchMethodError'{0x0000000711fc4f50}: 'java.lang.reflect.Field[] java.lang.Class.getDeclaredFields(java.lang.Class)'> (0x0000000711fc4f50) 
thrown [s\src\hotspot\share\interpreter\linkResolver.cpp, line 773]
Event: 4.979 Thread 0x0000028bdb17a8d0 Exception <a 'java/lang/NoSuchMethodError'{0x0000000711cbcbb0}: 'void java.lang.invoke.DirectMethodHandle$Holder.invokeStaticInit(java.lang.Object, java.lang.Object, java.lang.Object)'> (0x0000000711cbcbb0) 
thrown [s\src\hotspot\share\interpreter\linkResolver.cpp, line 773]
Event: 4.985 Thread 0x0000028bdb17a8d0 Exception <a 'java/lang/NoSuchMethodError'{0x0000000711cf3920}: 'java.lang.Object java.lang.invoke.DirectMethodHandle$Holder.invokeStaticInit(java.lang.Object, int)'> (0x0000000711cf3920) 
thrown [s\src\hotspot\share\interpreter\linkResolver.cpp, line 773]
Event: 4.989 Thread 0x0000028bdb17a8d0 Exception <a 'java/lang/NoSuchMethodError'{0x0000000711cfdd08}: 'java.lang.Object java.lang.invoke.DirectMethodHandle$Holder.invokeStatic(java.lang.Object, int, java.lang.Object)'> (0x0000000711cfdd08) 
thrown [s\src\hotspot\share\interpreter\linkResolver.cpp, line 773]
Event: 4.990 Thread 0x0000028bdb17a8d0 Exception <a 'java/lang/NoSuchMethodError'{0x0000000711d015f0}: 'java.lang.Object java.lang.invoke.DirectMethodHandle$Holder.invokeStaticInit(java.lang.Object, int, java.lang.Object)'> (0x0000000711d015f0) 
thrown [s\src\hotspot\share\interpreter\linkResolver.cpp, line 773]
Event: 5.040 Thread 0x0000028bdb17a8d0 Exception <a 'java/lang/NoSuchMethodError'{0x0000000711d1f1c0}: 'java.lang.Object java.lang.invoke.DirectMethodHandle$Holder.invokeVirtual(java.lang.Object, java.lang.Object, java.lang.Object)'> (0x0000000711d1f1c0) 
thrown [s\src\hotspot\share\interpreter\linkResolver.cpp, line 773]
Event: 5.086 Thread 0x0000028bdb17a8d0 Exception <a 'java/lang/NoSuchMethodError'{0x0000000711de4e28}: 'void java.lang.invoke.DirectMethodHandle$Holder.invokeVirtual(java.lang.Object, java.lang.Object, java.lang.Object, java.lang.Object)'> (0x0000000711de4e28) 
thrown [s\src\hotspot\share\interpreter\linkResolver.cpp, line 773]
Event: 5.348 Thread 0x0000028bdb17a8d0 Exception <a 'java/lang/IncompatibleClassChangeError'{0x0000000711877a50}: Found class java.lang.Object, but interface was expected> (0x0000000711877a50) 
thrown [s\src\hotspot\share\interpreter\linkResolver.cpp, line 840]

ZGC Phase Switch (0 events):
No events

VM Operations (20 events):
Event: 2.756 Executing VM operation: HandshakeAllThreads (Deoptimize) done
Event: 3.767 Executing VM operation: Cleanup
Event: 4.017 Executing VM operation: Cleanup done
Event: 4.060 Executing VM operation: HandshakeAllThreads (Deoptimize)
Event: 4.060 Executing VM operation: HandshakeAllThreads (Deoptimize) done
Event: 4.362 Executing VM operation: HandshakeAllThreads (Deoptimize)
Event: 4.362 Executing VM operation: HandshakeAllThreads (Deoptimize) done
Event: 4.407 Executing VM operation: HandshakeAllThreads (Deoptimize)
Event: 4.407 Executing VM operation: HandshakeAllThreads (Deoptimize) done
Event: 4.413 Executing VM operation: ICBufferFull
Event: 4.413 Executing VM operation: ICBufferFull done
Event: 5.283 Executing VM operation: HandshakeAllThreads (Deoptimize)
Event: 5.283 Executing VM operation: HandshakeAllThreads (Deoptimize) done
Event: 5.298 Executing VM operation: HandshakeAllThreads (Deoptimize)
Event: 5.299 Executing VM operation: HandshakeAllThreads (Deoptimize) done
Event: 5.299 Executing VM operation: HandshakeAllThreads (Deoptimize)
Event: 5.299 Executing VM operation: HandshakeAllThreads (Deoptimize) done
Event: 6.306 Executing VM operation: Cleanup
Event: 6.307 Executing VM operation: Cleanup done
Event: 9.331 Executing VM operation: Cleanup

Memory protections (0 events):
No events

Nmethod flushes (0 events):
No events

Events (20 events):
Event: 0.108 Thread 0x0000028bf5283c70 Thread added: 0x0000028bff6991f0
Event: 0.108 Thread 0x0000028bf5283c70 Thread added: 0x0000028bff69bf80
Event: 0.108 Thread 0x0000028bf5283c70 Thread added: 0x0000028bff6a0100
Event: 0.494 Thread 0x0000028bf5283c70 Thread added: 0x0000028bda1d8720
Event: 0.645 Thread 0x0000028bff6a0100 Thread added: 0x0000028bda1f25f0
Event: 1.098 Thread 0x0000028bda1f25f0 Thread exited: 0x0000028bda1f25f0
Event: 1.292 Thread 0x0000028bf5283c70 Thread added: 0x0000028bda7c2860
Event: 1.292 Thread 0x0000028bf5283c70 Thread added: 0x0000028bda7daf50
Event: 1.484 Thread 0x0000028bff6a0100 Thread added: 0x0000028bda949ee0
Event: 2.307 Thread 0x0000028bff69bf80 Thread added: 0x0000028bdaa6e440
Event: 2.789 Thread 0x0000028bda949ee0 Thread exited: 0x0000028bda949ee0
Event: 2.789 Thread 0x0000028bdaa6e440 Thread exited: 0x0000028bdaa6e440
Event: 2.951 Thread 0x0000028bf5283c70 Thread added: 0x0000028bdaf240a0
Event: 2.958 Thread 0x0000028bdaf240a0 Thread added: 0x0000028bdb17a8d0
Event: 4.420 Thread 0x0000028bff6a0100 Thread added: 0x0000028bdb225200
Event: 4.479 Thread 0x0000028bdb17a8d0 Thread added: 0x0000028bdb7630e0
Event: 4.937 Thread 0x0000028bdb225200 Thread exited: 0x0000028bdb225200
Event: 4.942 Thread 0x0000028bdb7630e0 Thread exited: 0x0000028bdb7630e0
Event: 5.341 Thread 0x0000028bdb17a8d0 Thread added: 0x0000028bdbb57700
Event: 8.617 Thread 0x0000028bff6a0100 Thread added: 0x0000028bdb21ea00


Dynamic libraries:
0x00007ff70c900000 - 0x00007ff70c90e000 	C:\Users\Cong\.jdks\ms-21.0.6\bin\java.exe
0x00007ffb34580000 - 0x00007ffb347e8000 	C:\WINDOWS\SYSTEM32\ntdll.dll
0x00007ffb329d0000 - 0x00007ffb32a99000 	C:\WINDOWS\System32\KERNEL32.DLL
0x00007ffb31b40000 - 0x00007ffb31f2d000 	C:\WINDOWS\System32\KERNELBASE.dll
0x00007ffb31810000 - 0x00007ffb3195b000 	C:\WINDOWS\System32\ucrtbase.dll
0x00007ffb16b70000 - 0x00007ffb16b88000 	C:\Users\Cong\.jdks\ms-21.0.6\bin\jli.dll
0x00007ffb33870000 - 0x00007ffb33a3c000 	C:\WINDOWS\System32\USER32.dll
0x00007ffb32170000 - 0x00007ffb32197000 	C:\WINDOWS\System32\win32u.dll
0x00007ffae8bd0000 - 0x00007ffae8bed000 	C:\Users\Cong\.jdks\ms-21.0.6\bin\VCRUNTIME140.dll
0x00007ffb32e20000 - 0x00007ffb32e4b000 	C:\WINDOWS\System32\GDI32.dll
0x00007ffafd6b0000 - 0x00007ffafd94a000 	C:\WINDOWS\WinSxS\amd64_microsoft.windows.common-controls_6595b64144ccf1df_6.0.26100.4484_none_3e0e6d4ce32ef3b3\COMCTL32.dll
0x00007ffb337c0000 - 0x00007ffb33869000 	C:\WINDOWS\System32\msvcrt.dll
0x00007ffb316d0000 - 0x00007ffb31807000 	C:\WINDOWS\System32\gdi32full.dll
0x00007ffb31a90000 - 0x00007ffb31b33000 	C:\WINDOWS\System32\msvcp_win.dll
0x00007ffb32990000 - 0x00007ffb329bf000 	C:\WINDOWS\System32\IMM32.DLL
0x00007ffb26680000 - 0x00007ffb2668c000 	C:\Users\Cong\.jdks\ms-21.0.6\bin\vcruntime140_1.dll
0x00007ffabb520000 - 0x00007ffabb5ad000 	C:\Users\Cong\.jdks\ms-21.0.6\bin\msvcp140.dll
0x00007ffaaadd0000 - 0x00007ffaabb68000 	C:\Users\Cong\.jdks\ms-21.0.6\bin\server\jvm.dll
0x00007ffb328c0000 - 0x00007ffb32974000 	C:\WINDOWS\System32\ADVAPI32.dll
0x00007ffb32d70000 - 0x00007ffb32e16000 	C:\WINDOWS\System32\sechost.dll
0x00007ffb32e50000 - 0x00007ffb32f68000 	C:\WINDOWS\System32\RPCRT4.dll
0x00007ffb33a40000 - 0x00007ffb33ab4000 	C:\WINDOWS\System32\WS2_32.dll
0x00007ffb31520000 - 0x00007ffb3157e000 	C:\WINDOWS\SYSTEM32\POWRPROF.dll
0x00007ffb23c60000 - 0x00007ffb23c95000 	C:\WINDOWS\SYSTEM32\WINMM.dll
0x00007ffb1e800000 - 0x00007ffb1e80b000 	C:\WINDOWS\SYSTEM32\VERSION.dll
0x00007ffb31500000 - 0x00007ffb31514000 	C:\WINDOWS\SYSTEM32\UMPDC.dll
0x00007ffb30470000 - 0x00007ffb3048b000 	C:\WINDOWS\SYSTEM32\kernel.appcore.dll
0x00007ffb16f50000 - 0x00007ffb16f5a000 	C:\Users\Cong\.jdks\ms-21.0.6\bin\jimage.dll
0x00007ffb2ed70000 - 0x00007ffb2efb1000 	C:\WINDOWS\SYSTEM32\DBGHELP.DLL
0x00007ffb324b0000 - 0x00007ffb32836000 	C:\WINDOWS\System32\combase.dll
0x00007ffb32c80000 - 0x00007ffb32d60000 	C:\WINDOWS\System32\OLEAUT32.dll
0x00007ffb17340000 - 0x00007ffb17383000 	C:\WINDOWS\SYSTEM32\dbgcore.DLL
0x00007ffb319f0000 - 0x00007ffb31a89000 	C:\WINDOWS\System32\bcryptPrimitives.dll
0x00007ffb15e70000 - 0x00007ffb15e7f000 	C:\Users\Cong\.jdks\ms-21.0.6\bin\instrument.dll
0x00007ffae6bc0000 - 0x00007ffae6be0000 	C:\Users\Cong\.jdks\ms-21.0.6\bin\java.dll
0x00007ffb32f70000 - 0x00007ffb336ba000 	C:\WINDOWS\System32\SHELL32.dll
0x00007ffb321a0000 - 0x00007ffb32314000 	C:\WINDOWS\System32\wintypes.dll
0x00007ffb2f2e0000 - 0x00007ffb2fb3b000 	C:\WINDOWS\SYSTEM32\windows.storage.dll
0x00007ffb336c0000 - 0x00007ffb337b5000 	C:\WINDOWS\System32\SHCORE.dll
0x00007ffb32850000 - 0x00007ffb328ba000 	C:\WINDOWS\System32\shlwapi.dll
0x00007ffb315e0000 - 0x00007ffb3160f000 	C:\WINDOWS\SYSTEM32\profapi.dll
0x00007ffab51e0000 - 0x00007ffab52b7000 	C:\Users\Cong\.jdks\ms-21.0.6\bin\jsvml.dll
0x00007ffad2870000 - 0x00007ffad2888000 	C:\Users\Cong\.jdks\ms-21.0.6\bin\zip.dll
0x00007ffb16a90000 - 0x00007ffb16aa0000 	C:\Users\Cong\.jdks\ms-21.0.6\bin\net.dll
0x00007ffb26b40000 - 0x00007ffb26c5e000 	C:\WINDOWS\SYSTEM32\WINHTTP.dll
0x00007ffb30a00000 - 0x00007ffb30a6a000 	C:\WINDOWS\system32\mswsock.dll
0x00007ffad53a0000 - 0x00007ffad53b6000 	C:\Users\Cong\.jdks\ms-21.0.6\bin\nio.dll
0x00007ffafc840000 - 0x00007ffafc849000 	C:\Users\Cong\.jdks\ms-21.0.6\bin\extnet.dll
0x00007ffafb170000 - 0x00007ffafb17a000 	C:\Users\Cong\.jdks\ms-21.0.6\bin\management.dll
0x00007ffaef760000 - 0x00007ffaef76b000 	C:\Users\Cong\.jdks\ms-21.0.6\bin\management_ext.dll
0x00007ffb33d60000 - 0x00007ffb33d68000 	C:\WINDOWS\System32\PSAPI.DLL
0x00007ffb2fe60000 - 0x00007ffb2fe93000 	C:\WINDOWS\SYSTEM32\IPHLPAPI.DLL
0x00007ffb323a0000 - 0x00007ffb323aa000 	C:\WINDOWS\System32\NSI.dll
0x00007ffb2fef0000 - 0x00007ffb30016000 	C:\WINDOWS\SYSTEM32\DNSAPI.dll
0x00007ffb23ae0000 - 0x00007ffb23aeb000 	C:\Windows\System32\rasadhlp.dll
0x00007ffb274a0000 - 0x00007ffb27526000 	C:\WINDOWS\System32\fwpuclnt.dll

dbghelp: loaded successfully - version: 4.0.5 - missing functions: none
symbol engine: initialized successfully - sym options: 0x614 - pdb path: .;C:\Users\Cong\.jdks\ms-21.0.6\bin;C:\WINDOWS\SYSTEM32;C:\WINDOWS\WinSxS\amd64_microsoft.windows.common-controls_6595b64144ccf1df_6.0.26100.4484_none_3e0e6d4ce32ef3b3;C:\Users\Cong\.jdks\ms-21.0.6\bin\server

VM Arguments:
jvm_args: -javaagent:C:\Program Files\JetBrains\IntelliJ IDEA Community Edition 2024.3.4.1\lib\idea_rt.jar=55264 -Dfile.encoding=UTF-8 -Dsun.stdout.encoding=UTF-8 -Dsun.stderr.encoding=UTF-8 
java_command: com.example.patient_service.PatientServiceApplication
java_class_path (initial): E:\DoAnUDPT\DistributedSystem-Clinic\backend\patient-service\target\classes;C:\Users\Cong\.m2\repository\org\springframework\boot\spring-boot-starter-actuator\3.5.0\spring-boot-starter-actuator-3.5.0.jar;C:\Users\Cong\.m2\repository\org\springframework\boot\spring-boot-starter\3.5.0\spring-boot-starter-3.5.0.jar;C:\Users\Cong\.m2\repository\org\springframework\boot\spring-boot-starter-logging\3.5.0\spring-boot-starter-logging-3.5.0.jar;C:\Users\Cong\.m2\repository\org\apache\logging\log4j\log4j-to-slf4j\2.24.3\log4j-to-slf4j-2.24.3.jar;C:\Users\Cong\.m2\repository\org\apache\logging\log4j\log4j-api\2.24.3\log4j-api-2.24.3.jar;C:\Users\Cong\.m2\repository\org\slf4j\jul-to-slf4j\2.0.17\jul-to-slf4j-2.0.17.jar;C:\Users\Cong\.m2\repository\jakarta\annotation\jakarta.annotation-api\2.1.1\jakarta.annotation-api-2.1.1.jar;C:\Users\Cong\.m2\repository\org\yaml\snakeyaml\2.4\snakeyaml-2.4.jar;C:\Users\Cong\.m2\repository\org\springframework\boot\spring-boot-actuator-autoconfigure\3.5.0\spring-boot-actuator-autoconfigure-3.5.0.jar;C:\Users\Cong\.m2\repository\org\springframework\boot\spring-boot-actuator\3.5.0\spring-boot-actuator-3.5.0.jar;C:\Users\Cong\.m2\repository\com\fasterxml\jackson\core\jackson-databind\2.19.0\jackson-databind-2.19.0.jar;C:\Users\Cong\.m2\repository\com\fasterxml\jackson\datatype\jackson-datatype-jsr310\2.19.0\jackson-datatype-jsr310-2.19.0.jar;C:\Users\Cong\.m2\repository\io\micrometer\micrometer-observation\1.15.0\micrometer-observation-1.15.0.jar;C:\Users\Cong\.m2\repository\io\micrometer\micrometer-commons\1.15.0\micrometer-commons-1.15.0.jar;C:\Users\Cong\.m2\repository\io\micrometer\micrometer-jakarta9\1.15.0\micrometer-jakarta9-1.15.0.jar;C:\Users\Cong\.m2\repository\io\micrometer\micrometer-core\1.15.0\micrometer-core-1.15.0.jar;C:\Users\Cong\.m2\repository\org\hdrhistogram\HdrHistogram\2.2.2\HdrHistogram-2.2.2.jar;C:\Users\Cong\.m2\repository\org\latencyutils\LatencyUtils\2.0.3\LatencyUtils-2.0.3.jar;C:\Users\Cong\.m2\repository\org\springframework\boot\spring-boot-starter-data-jpa\3.5.0\spring-boot-starter-data-jpa-3.5.0.jar;C:\Users\Cong\.m2\repository\org\springframework\boot\spring-boot-starter-jdbc\3.5.0\spring-boot-starter-jdbc-3.5.0.jar;C:\Users\Cong\.m2\repository\com\zaxxer\HikariCP\6.3.0\HikariCP-6.3.0.jar;C:\Users\Cong\.m2\repository\org\springframework\spring-jdbc\6.2.7\spring-jdbc-6.2.7.jar;C:\Users\Cong\.m2\repository\org\hibernate\orm\hibernate-core\6.6.15.Final\hibernate-core-6.6.15.Final.jar;C:\Users\Cong\.m2\repository\jakarta\persistence\jakarta.persistence-api\3.1.0\jakarta.persistence-api-3.1.0.jar;C:\Users\Cong\.m2\repository\jakarta\transaction\jakarta.transaction-api\2.0.1\jakarta.transaction-api-2.0.1.jar;C:\Users\Cong\.m2\repository\org\jboss\logging\jboss-logging\3.6.1.Final\jboss-logging-3.6.1.Final.jar;C:\Users\Cong\.m2\repository\org\hibernate\common\hibernate-commons-annotations\7.0.3.Final\hibernate-commons-annotations-7.0.3.Final.jar;C:\Users\Cong\.m2\repository\io\smallrye\jandex\3.2.0\jandex-3.2.0.jar;C:\Users\Cong\.m2\repository\com\fasterxml\classmate\1.7.0\classmate-1.7.0.jar;C:\Users\Cong\.m2\repository\net\bytebuddy\byte-buddy\1.17.5\byte-buddy-1.17.5.jar;C:\Users\Cong\.m2\repository\org\glassfish\jaxb\jaxb-runtime\4.0.5\jaxb-runtime-4.0.5.jar;C:\Users\Cong\.m2\repository\org\glassfish\jaxb\jaxb-core\4.0.5\jaxb-core-4.0.5.jar;C:\Users\Cong\.m2\repository\org\eclipse\angus\angus-activation\2.0.2\angus-activation-2.0.2.jar;C:\Users\Cong\.m2\repository\org\glassfish\jaxb\txw2\4.0.5\txw2-4.0.5.jar;C:\Users\Cong\.m2\repository\com\sun\istack\istack-commons-runtime\4.1.2\istack-commons-runtime-4.1.2.jar;C:\Users\Cong\.m2\repository\jakarta\inject\jakarta.inject-api\2.0.1\jakarta.inject-api-2.0.1.jar;C:\Users\Cong\.m2\repository\org\antlr\antlr4-runtime\4.13.0\antlr4-runtime-4.13.0.jar;C:\Users\Cong\.m2\repository\org\springframework\data\spring-data-jpa\3.5.0\spring-data-jpa-3.5.0.jar;C:\Users\Cong\.m2\repository\org\springframework\data\spring-data-commons\3.5.0\spring-data-commons-3.5.0.jar;C:\Users\Cong\.m2\repository\org\springframework\spring-orm\6.2.7\spring-orm-6.2.7.jar;C:\Users\Cong\.m2\repository\org\springframework\spring-beans\6.2.7\spring-beans-6.2.7.jar;C:\Users\Cong\.m2\repository\org\slf4j\slf4j-api\2.0.17\slf4j-api-2.0.17.jar;C:\Users\Cong\.m2\repository\org\springframework\spring-aspects\6.2.7\spring-aspects-6.2.7.jar;C:\Users\Cong\.m2\repository\org\aspectj\aspectjweaver\1.9.24\aspectjweaver-1.9.24.jar;C:\Users\Cong\.m2\repository\org\springframework\boot\spring-boot-starter-web\3.5.0\spring-boot-starter-web-3.5.0.jar;C:\Users\Cong\.m2\repository\org\springframework\boot\spring-boot-starter-json\3.5.0\spring-boot-starter-json-3.5.0.jar;C:\Users\Cong\.m2\repository\com\fasterxml\jackson\datatype\jackson-datatype-jdk8\2.19.0\jackson-datatype-jdk8-2.19.0.jar;C:\Users\Cong\.m2\repository\com\fasterxml\jackson\module\jackson-module-parameter-names\2.19.0\jackson-module-parameter-names-2.19.0.jar;C:\Users\Cong\.m2\repository\org\springframework\boot\spring-boot-starter-tomcat\3.5.0\spring-boot-starter-tomcat-3.5.0.jar;C:\Users\Cong\.m2\repository\org\apache\tomcat\embed\tomcat-embed-core\10.1.41\tomcat-embed-core-10.1.41.jar;C:\Users\Cong\.m2\repository\org\apache\tomcat\embed\tomcat-embed-el\10.1.41\tomcat-embed-el-10.1.41.jar;C:\Users\Cong\.m2\repository\org\apache\tomcat\embed\tomcat-embed-websocket\10.1.41\tomcat-embed-websocket-10.1.41.jar;C:\Users\Cong\.m2\repository\org\springframework\spring-web\6.2.7\spring-web-6.2.7.jar;C:\Users\Cong\.m2\repository\org\springframework\spring-webmvc\6.2.7\spring-webmvc-6.2.7.jar;C:\Users\Cong\.m2\repository\org\springframework\spring-expression\6.2.7\spring-expression-6.2.7.jar;C:\Users\Cong\.m2\repository\org\springframework\cloud\spring-cloud-starter-openfeign\4.3.0\spring-cloud-starter-openfeign-4.3.0.jar;C:\Users\Cong\.m2\repository\org\springframework\cloud\spring-cloud-starter\4.3.0\spring-cloud-starter-4.3.0.jar;C:\Users\Cong\.m2\repository\org\springframework\cloud\spring-cloud-context\4.3.0\spring-cloud-context-4.3.0.jar;C:\Users\Cong\.m2\repository\org\bouncycastle\bcprov-jdk18on\1.80\bcprov-jdk18on-1.80.jar;C:\Users\Cong\.m2\repository\org\springframework\cloud\spring-cloud-openfeign-core\4.3.0\spring-cloud-openfeign-core-4.3.0.jar;C:\Users\Cong\.m2\repository\io\github\openfeign\feign-form-spring\13.6\feign-form-spring-13.6.jar;C:\Users\Cong\.m2\repository\org\apache\commons\commons-text\1.13.0\commons-text-1.13.0.jar;C:\Users\Cong\.m2\repository\org\apache\commons\commons-lang3\3.17.0\commons-lang3-3.17.0.jar;C:\Users\Cong\.m2\repository\io\github\openfeign\feign-form\13.6\feign-form-13.6.jar;C:\Users\Cong\.m2\repository\commons-fileupload\commons-fileupload\1.5\commons-fileupload-1.5.jar;C:\Users\Cong\.m2\repository\org\springframework\cloud\spring-cloud-commons\4.3.0\spring-cloud-commons-4.3.0.jar;C:\Users\Cong\.m2\repository\org\springframework\security\spring-security-crypto\6.5.0\spring-security-crypto-6.5.0.jar;C:\Users\Cong\.m2\repository\io\github\openfeign\feign-core\13.6\feign-core-13.6.jar;C:\Users\Cong\.m2\repository\io\github\openfeign\feign-slf4j\13.6\feign-slf4j-13.6.jar;C:\Users\Cong\.m2\repository\org\springframework\kafka\spring-kafka\3.3.6\spring-kafka-3.3.6.jar;C:\Users\Cong\.m2\repository\org\springframework\spring-context\6.2.7\spring-context-6.2.7.jar;C:\Users\Cong\.m2\repository\org\springframework\spring-messaging\6.2.7\spring-messaging-6.2.7.jar;C:\Users\Cong\.m2\repository\org\springframework\spring-tx\6.2.7\spring-tx-6.2.7.jar;C:\Users\Cong\.m2\repository\org\springframework\retry\spring-retry\2.0.12\spring-retry-2.0.12.jar;C:\Users\Cong\.m2\repository\org\apache\kafka\kafka-clients\3.9.1\kafka-clients-3.9.1.jar;C:\Users\Cong\.m2\repository\com\github\luben\zstd-jni\1.5.6-4\zstd-jni-1.5.6-4.jar;C:\Users\Cong\.m2\repository\org\lz4\lz4-java\1.8.0\lz4-java-1.8.0.jar;C:\Users\Cong\.m2\repository\org\xerial\snappy\snappy-java\1.1.10.5\snappy-java-1.1.10.5.jar;C:\Users\Cong\.m2\repository\org\springframework\boot\spring-boot-devtools\3.5.0\spring-boot-devtools-3.5.0.jar;C:\Users\Cong\.m2\repository\org\springframework\boot\spring-boot\3.5.0\spring-boot-3.5.0.jar;C:\Users\Cong\.m2\repository\org\springframework\boot\spring-boot-autoconfigure\3.5.0\spring-boot-autoconfigure-3.5.0.jar;C:\Users\Cong\.m2\repository\com\mysql\mysql-connector-j\9.2.0\mysql-connector-j-9.2.0.jar;C:\Users\Cong\.m2\repository\org\springdoc\springdoc-openapi-starter-webmvc-ui\2.5.0\springdoc-openapi-starter-webmvc-ui-2.5.0.jar;C:\Users\Cong\.m2\repository\org\springdoc\springdoc-openapi-starter-webmvc-api\2.5.0\springdoc-openapi-starter-webmvc-api-2.5.0.jar;C:\Users\Cong\.m2\repository\org\springdoc\springdoc-openapi-starter-common\2.5.0\springdoc-openapi-starter-common-2.5.0.jar;C:\Users\Cong\.m2\repository\io\swagger\core\v3\swagger-core-jakarta\2.2.21\swagger-core-jakarta-2.2.21.jar;C:\Users\Cong\.m2\repository\io\swagger\core\v3\swagger-annotations-jakarta\2.2.21\swagger-annotations-jakarta-2.2.21.jar;C:\Users\Cong\.m2\repository\io\swagger\core\v3\swagger-models-jakarta\2.2.21\swagger-models-jakarta-2.2.21.jar;C:\Users\Cong\.m2\repository\jakarta\validation\jakarta.validation-api\3.0.2\jakarta.validation-api-3.0.2.jar;C:\Users\Cong\.m2\repository\com\fasterxml\jackson\dataformat\jackson-dataformat-yaml\2.19.0\jackson-dataformat-yaml-2.19.0.jar;C:\Users\Cong\.m2\repository\org\webjars\swagger-ui\5.13.0\swagger-ui-5.13.0.jar;C:\Users\Cong\.m2\repository\org\mapstruct\mapstruct\1.5.5.Final\mapstruct-1.5.5.Final.jar;C:\Users\Cong\.m2\repository\org\springframework\boot\spring-boot-starter-oauth2-resource-server\3.5.0\spring-boot-starter-oauth2-resource-server-3.5.0.jar;C:\Users\Cong\.m2\repository\org\springframework\security\spring-security-config\6.5.0\spring-security-config-6.5.0.jar;C:\Users\Cong\.m2\repository\org\springframework\security\spring-security-core\6.5.0\spring-security-core-6.5.0.jar;C:\Users\Cong\.m2\repository\org\springframework\security\spring-security-oauth2-resource-server\6.5.0\spring-security-oauth2-resource-server-6.5.0.jar;C:\Users\Cong\.m2\repository\org\springframework\security\spring-security-oauth2-core\6.5.0\spring-security-oauth2-core-6.5.0.jar;C:\Users\Cong\.m2\repository\org\springframework\security\spring-security-oauth2-jose\6.5.0\spring-security-oauth2-jose-6.5.0.jar;C:\Users\Cong\.m2\repository\com\nimbusds\nimbus-jose-jwt\9.37.3\nimbus-jose-jwt-9.37.3.jar;C:\Users\Cong\.m2\repository\com\github\stephenc\jcip\jcip-annotations\1.0-1\jcip-annotations-1.0-1.jar;C:\Users\Cong\.m2\repository\org\springframework\boot\spring-boot-starter-security\3.5.0\spring-boot-starter-security-3.5.0.jar;C:\Users\Cong\.m2\repository\org\springframework\spring-aop\6.2.7\spring-aop-6.2.7.jar;C:\Users\Cong\.m2\repository\org\springframework\security\spring-security-web\6.5.0\spring-security-web-6.5.0.jar;C:\Users\Cong\.m2\repository\org\springframework\cloud\spring-cloud-starter-netflix-eureka-client\4.3.0\spring-cloud-starter-netflix-eureka-client-4.3.0.jar;C:\Users\Cong\.m2\repository\org\springframework\cloud\spring-cloud-netflix-eureka-client\4.3.0\spring-cloud-netflix-eureka-client-4.3.0.jar;C:\Users\Cong\.m2\repository\org\apache\httpcomponents\client5\httpclient5\5.4.4\httpclient5-5.4.4.jar;C:\Users\Cong\.m2\repository\org\apache\httpcomponents\core5\httpcore5\5.3.4\httpcore5-5.3.4.jar;C:\Users\Cong\.m2\repository\org\apache\httpcomponents\core5\httpcore5-h2\5.3.4\httpcore5-h2-5.3.4.jar;C:\Users\Cong\.m2\repository\com\netflix\eureka\eureka-client\2.0.4\eureka-client-2.0.4.jar;C:\Users\Cong\.m2\repository\com\thoughtworks\xstream\xstream\1.4.20\xstream-1.4.20.jar;C:\Users\Cong\.m2\repository\io\github\x-stream\mxparser\1.2.2\mxparser-1.2.2.jar;C:\Users\Cong\.m2\repository\xmlpull\xmlpull\1.1.3.1\xmlpull-1.1.3.1.jar;C:\Users\Cong\.m2\repository\jakarta\ws\rs\jakarta.ws.rs-api\3.1.0\jakarta.ws.rs-api-3.1.0.jar;C:\Users\Cong\.m2\repository\com\netflix\spectator\spectator-api\1.7.3\spectator-api-1.7.3.jar;C:\Users\Cong\.m2\repository\org\apache\httpcomponents\httpclient\4.5.3\httpclient-4.5.3.jar;C:\Users\Cong\.m2\repository\org\apache\httpcomponents\httpcore\4.4.16\httpcore-4.4.16.jar;C:\Users\Cong\.m2\repository\commons-codec\commons-codec\1.18.0\commons-codec-1.18.0.jar;C:\Users\Cong\.m2\repository\commons-configuration\commons-configuration\1.10\commons-configuration-1.10.jar;C:\Users\Cong\.m2\repository\commons-lang\commons-lang\2.6\commons-lang-2.6.jar;C:\Users\Cong\.m2\repository\com\fasterxml\jackson\core\jackson-annotations\2.19.0\jackson-annotations-2.19.0.jar;C:\Users\Cong\.m2\repository\com\fasterxml\jackson\core\jackson-core\2.19.0\jackson-core-2.19.0.jar;C:\Users\Cong\.m2\repository\com\netflix\netflix-commons\netflix-eventbus\0.3.0\netflix-eventbus-0.3.0.jar;C:\Users\Cong\.m2\repository\com\netflix\netflix-commons\netflix-infix\0.3.0\netflix-infix-0.3.0.jar;C:\Users\Cong\.m2\repository\commons-jxpath\commons-jxpath\1.3\commons-jxpath-1.3.jar;C:\Users\Cong\.m2\repository\joda-time\joda-time\2.3\joda-time-2.3.jar;C:\Users\Cong\.m2\repository\org\antlr\antlr-runtime\3.4\antlr-runtime-3.4.jar;C:\Users\Cong\.m2\repository\org\antlr\stringtemplate\3.2.1\stringtemplate-3.2.1.jar;C:\Users\Cong\.m2\repository\antlr\antlr\2.7.7\antlr-2.7.7.jar;C:\Users\Cong\.m2\repository\com\google\guava\guava\14.0.1\guava-14.0.1.jar;C:\Users\Cong\.m2\repository\com\google\code\gson\gson\2.13.1\gson-2.13.1.jar;C:\Users\Cong\.m2\repository\com\netflix\servo\servo-core\0.5.3\servo-core-0.5.3.jar;C:\Users\Cong\.m2\repository\org\apache\commons\commons-math\2.2\commons-math-2.2.jar;C:\Users\Cong\.m2\repository\javax\annotation\javax.annotation-api\1.2\javax.annotation-api-1.2.jar;C:\Users\Cong\.m2\repository\org\codehaus\jettison\jettison\1.5.4\jettison-1.5.4.jar;C:\Users\Cong\.m2\repository\org\springframework\cloud\spring-cloud-starter-loadbalancer\4.3.0\spring-cloud-starter-loadbalancer-4.3.0.jar;C:\Users\Cong\.m2\repository\org\springframework\cloud\spring-cloud-loadbalancer\4.3.0\spring-cloud-loadbalancer-4.3.0.jar;C:\Users\Cong\.m2\repository\io\projectreactor\reactor-core\3.7.6\reactor-core-3.7.6.jar;C:\Users\Cong\.m2\repository\org\reactivestreams\reactive-streams\1.0.4\reactive-streams-1.0.4.jar;C:\Users\Cong\.m2\repository\io\projectreactor\addons\reactor-extra\3.5.2\reactor-extra-3.5.2.jar;C:\Users\Cong\.m2\repository\org\springframework\boot\spring-boot-starter-cache\3.5.0\spring-boot-starter-cache-3.5.0.jar;C:\Users\Cong\.m2\repository\org\springframework\spring-context-support\6.2.7\spring-context-support-6.2.7.jar;C:\Users\Cong\.m2\repository\com\stoyanr\evictor\1.0.0\evictor-1.0.0.jar;C:\Users\Cong\.m2\repository\jakarta\xml\bind\jakarta.xml.bind-api\4.0.2\jakarta.xml.bind-api-4.0.2.jar;C:\Users\Cong\.m2\repository\jakarta\activation\jakarta.activation-api\2.1.3\jakarta.activation-api-2.1.3.jar;C:\Users\Cong\.m2\repository\org\springframework\spring-core\6.2.7\spring-core-6.2.7.jar;C:\Users\Cong\.m2\repository\org\springframework\spring-jcl\6.2.7\spring-jcl-6.2.7.jar;C:\Users\Cong\.m2\repository\ch\qos\logback\logback-core\1.5.18\logback-core-1.5.18.jar;C:\Users\Cong\.m2\repository\ch\qos\logback\logback-classic\1.5.18\logback-classic-1.5.18.jar;C:\Users\Cong\.m2\repository\com\google\errorprone\error_prone_annotations\2.36.0\error_prone_annotations-2.36.0.jar
Launcher Type: SUN_STANDARD

[Global flags]
     intx CICompilerCount                          = 4                                         {product} {ergonomic}
     uint ConcGCThreads                            = 2                                         {product} {ergonomic}
     uint G1ConcRefinementThreads                  = 8                                         {product} {ergonomic}
   size_t G1HeapRegionSize                         = 2097152                                   {product} {ergonomic}
    uintx GCDrainStackTargetSize                   = 64                                        {product} {ergonomic}
   size_t InitialHeapSize                          = 264241152                                 {product} {ergonomic}
   size_t MarkStackSize                            = 4194304                                   {product} {ergonomic}
   size_t MaxHeapSize                              = 4223664128                                {product} {ergonomic}
   size_t MaxNewSize                               = 2533359616                                {product} {ergonomic}
   size_t MinHeapDeltaBytes                        = 2097152                                   {product} {ergonomic}
   size_t MinHeapSize                              = 8388608                                   {product} {ergonomic}
    uintx NonNMethodCodeHeapSize                   = 5839372                                {pd product} {ergonomic}
    uintx NonProfiledCodeHeapSize                  = 122909434                              {pd product} {ergonomic}
    uintx ProfiledCodeHeapSize                     = 122909434                              {pd product} {ergonomic}
    uintx ReservedCodeCacheSize                    = 251658240                              {pd product} {ergonomic}
     bool SegmentedCodeCache                       = true                                      {product} {ergonomic}
   size_t SoftMaxHeapSize                          = 4223664128                             {manageable} {ergonomic}
     bool UseCompressedOops                        = true                           {product lp64_product} {ergonomic}
     bool UseG1GC                                  = true                                      {product} {ergonomic}
     bool UseLargePagesIndividualAllocation        = false                                  {pd product} {ergonomic}

Logging:
Log output configuration:
 #0: stdout all=warning uptime,level,tags foldmultilines=false
 #1: stderr all=off uptime,level,tags foldmultilines=false

Environment Variables:
JAVA_HOME=C:\Program Files\Java\jdk-21
PATH=C:\Program Files\Common Files\Oracle\Java\javapath;C:\Program Files\Microsoft MPI\Bin\;C:\app\Cong\product\21c\dbhomeXE\bin;C:\Windows\system32;C:\Windows;C:\Windows\System32\Wbem;C:\Windows\System32\WindowsPowerShell\v1.0\;C:\Windows\System32\OpenSSH\;C:\Program Files\NVIDIA Corporation\NVIDIA NvDLISR;C:\WINDOWS\system32;C:\WINDOWS;C:\WINDOWS\System32\Wbem;C:\WINDOWS\System32\WindowsPowerShell\v1.0\;C:\WINDOWS\System32\OpenSSH\;C:\Program Files\nodejs\;C:\Program Files\dotnet\;C:\Program Files\Git\cmd;C:\Program Files\Microsoft SQL Server\Client SDK\ODBC\170\Tools\Binn\;C:\Program Files\Microsoft SQL Server\160\DTS\Binn\;C:\Program Files\Microsoft SQL Server\130\DTS\Binn\;C:\Program Files\Microsoft SQL Server\140\DTS\Binn\;C:\Program Files\Microsoft SQL Server\150\DTS\Binn\;C:\Program Files\Java\jdk-21\bin;C:\apache-maven-3.9.9\bin;C:\Program Files (x86)\Microsoft SQL Server\160\DTS\Binn\;C:\Users\Cong\Downloads\apache-jmeter-5.6.3\bin;C:\Program Files (x86)\Microsoft SQL Server\160\Tools\Binn\;C:\Program Files\Microsoft SQL Server\160\Tools\Binn\;C:\Program Files\Microsoft SQL Server\150\Tools\Binn\;C:\Program Files\Redis;C:\Program Files\Erlang OTP;;C:\Program Files\Docker\Docker\resources\bin;C:\Users\Cong\AppData\Local\Programs\Python\Python313\Scripts\;C:\Users\Cong\AppData\Local\Programs\Python\Python313\;C:\Users\Cong\AppData\Local\Programs\Python\Launcher\;C:\Users\Cong\AppData\Local\Microsoft\WindowsApps;C:\Users\Cong\AppData\Roaming\npm;C:\Users\Cong\.dotnet\tools;E:\Windsurf\bin;C:\Program Files\Java\jdk-21\bin;C:\Users\Cong\AppData\Local\Programs\Microsoft VS Code\bin
USERNAME=Cong
OS=Windows_NT
PROCESSOR_IDENTIFIER=Intel64 Family 6 Model 140 Stepping 1, GenuineIntel
TMP=C:\Users\Cong\AppData\Local\Temp
TEMP=C:\Users\Cong\AppData\Local\Temp




Periodic native trim disabled

---------------  S Y S T E M  ---------------

OS:
 Windows 11 , 64 bit Build 26100 (10.0.26100.4484)
OS uptime: 1 days 4:55 hours
Hyper-V role detected

CPU: total 8 (initial active 8) (4 cores per cpu, 2 threads per core) family 6 model 140 stepping 1 microcode 0xbc, cx8, cmov, fxsr, ht, mmx, 3dnowpref, sse, sse2, sse3, ssse3, sse4.1, sse4.2, popcnt, lzcnt, tsc, tscinvbit, avx, avx2, aes, erms, clmul, bmi1, bmi2, adx, avx512f, avx512dq, avx512cd, avx512bw, avx512vl, sha, fma, vzeroupper, avx512_vpopcntdq, avx512_vpclmulqdq, avx512_vaes, avx512_vnni, clflush, clflushopt, clwb, avx512_vbmi2, avx512_vbmi, hv, rdtscp, rdpid, fsrm, gfni, avx512_bitalg, f16c, cet_ibt, cet_ss, avx512_ifma
Processor Information for the first 8 processors :
  Max Mhz: 2803, Current Mhz: 2803, Mhz Limit: 2803

Memory: 4k page, system-wide physical 16106M (823M free)
TotalPageFile size 33516M (AvailPageFile size 0M)
current process WorkingSet (physical memory assigned to process): 150M, peak: 151M
current process commit charge ("private bytes"): 388M, peak: 390M

vm_info: OpenJDK 64-Bit Server VM (21.0.6+7-LTS) for windows-amd64 JRE (21.0.6+7-LTS), built on 2025-01-08T23:03:52Z by "MicrosoftCorporation" with unknown MS VC++:1939

END.
