#
# There is insufficient memory for the Java Runtime Environment to continue.
# Native memory allocation (malloc) failed to allocate 1037616 bytes. Error detail: Chunk::new
# Possible reasons:
#   The system is out of physical RAM or swap space
#   This process is running with CompressedOops enabled, and the Java Heap may be blocking the growth of the native heap
# Possible solutions:
#   Reduce memory load on the system
#   Increase physical memory or swap space
#   Check if swap backing store is full
#   Decrease Java heap size (-Xmx/-Xms)
#   Decrease number of Java threads
#   Decrease Java thread stack sizes (-Xss)
#   Set larger code cache with -XX:ReservedCodeCacheSize=
#   JVM is running with Zero Based Compressed Oops mode in which the Java heap is
#     placed in the first 32GB address space. The Java Heap base address is the
#     maximum limit for the native heap growth. Please use -XX:HeapBaseMinAddress
#     to set the Java Heap base and to place the Java Heap above 32GB virtual address.
# This output file may be truncated or incomplete.
#
#  Out of Memory Error (arena.cpp:168), pid=20808, tid=29556
#
# JRE version: OpenJDK Runtime Environment Microsoft-10800203 (21.0.6+7) (build 21.0.6+7-LTS)
# Java VM: OpenJDK 64-Bit Server VM Microsoft-10800203 (21.0.6+7-LTS, mixed mode, sharing, tiered, compressed oops, compressed class ptrs, g1 gc, windows-amd64)
# No core dump will be written. Minidumps are not enabled by default on client versions of Windows
#

---------------  S U M M A R Y ------------

Command Line: -javaagent:C:\Program Files\JetBrains\IntelliJ IDEA Community Edition 2024.3.4.1\lib\idea_rt.jar=56011 -Dfile.encoding=UTF-8 -Dsun.stdout.encoding=UTF-8 -Dsun.stderr.encoding=UTF-8 com.example.patient_service.PatientServiceApplication

Host: 11th Gen Intel(R) Core(TM) i7-1165G7 @ 2.80GHz, 8 cores, 15G,  Windows 11 , 64 bit Build 26100 (10.0.26100.4484)
Time: Thu Jul 10 23:54:29 2025 SE Asia Standard Time elapsed time: 7.554819 seconds (0d 0h 0m 7s)

---------------  T H R E A D  ---------------

Current thread (0x00000248e9e59900):  JavaThread "C2 CompilerThread0" daemon [_thread_in_native, id=29556, stack(0x0000009f8e900000,0x0000009f8ea00000) (1024K)]


Current CompileTask:
C2:7554 2650       4       java.lang.invoke.MethodType::makeImpl (109 bytes)

Stack: [0x0000009f8e900000,0x0000009f8ea00000]
Native frames: (J=compiled Java code, j=interpreted, Vv=VM code, C=native code)
V  [jvm.dll+0x6d4a09]
V  [jvm.dll+0x8af9a1]
V  [jvm.dll+0x8b1ece]
V  [jvm.dll+0x8b25b3]
V  [jvm.dll+0x2804e6]
V  [jvm.dll+0xc522d]
V  [jvm.dll+0xc5763]
V  [jvm.dll+0x2f5e1e]
V  [jvm.dll+0x5fcfda]
V  [jvm.dll+0x251852]
V  [jvm.dll+0x249e01]
V  [jvm.dll+0x2476a4]
V  [jvm.dll+0x1c799f]
V  [jvm.dll+0x2575d9]
V  [jvm.dll+0x25599a]
V  [jvm.dll+0x3f57c6]
V  [jvm.dll+0x85920b]
V  [jvm.dll+0x6d310d]
C  [ucrtbase.dll+0x37b0]
C  [KERNEL32.DLL+0x2e8d7]
C  [ntdll.dll+0x3c34c]


---------------  P R O C E S S  ---------------

Threads class SMR info:
_java_thread_list=0x00000248efb0e7f0, length=16, elements={
0x00000248cab50cc0, 0x00000248e9e481a0, 0x00000248e9e49c00, 0x00000248e9e4f030,
0x00000248e9e51b80, 0x00000248e9e57120, 0x00000248e9e58b80, 0x00000248e9e59900,
0x00000248e9e5b0b0, 0x00000248e9e1aed0, 0x00000248ee8c54e0, 0x00000248ee7c1420,
0x00000248eebb2fa0, 0x00000248eede7480, 0x00000248efae40f0, 0x00000248ee215a80
}

Java Threads: ( => current thread )
  0x00000248cab50cc0 JavaThread "main"                              [_thread_blocked, id=9708, stack(0x0000009f8da00000,0x0000009f8db00000) (1024K)]
  0x00000248e9e481a0 JavaThread "Reference Handler"          daemon [_thread_blocked, id=25344, stack(0x0000009f8e300000,0x0000009f8e400000) (1024K)]
  0x00000248e9e49c00 JavaThread "Finalizer"                  daemon [_thread_blocked, id=30560, stack(0x0000009f8e400000,0x0000009f8e500000) (1024K)]
  0x00000248e9e4f030 JavaThread "Signal Dispatcher"          daemon [_thread_blocked, id=5272, stack(0x0000009f8e500000,0x0000009f8e600000) (1024K)]
  0x00000248e9e51b80 JavaThread "Attach Listener"            daemon [_thread_blocked, id=25120, stack(0x0000009f8e600000,0x0000009f8e700000) (1024K)]
  0x00000248e9e57120 JavaThread "Service Thread"             daemon [_thread_blocked, id=18684, stack(0x0000009f8e700000,0x0000009f8e800000) (1024K)]
  0x00000248e9e58b80 JavaThread "Monitor Deflation Thread"   daemon [_thread_blocked, id=11608, stack(0x0000009f8e800000,0x0000009f8e900000) (1024K)]
=>0x00000248e9e59900 JavaThread "C2 CompilerThread0"         daemon [_thread_in_native, id=29556, stack(0x0000009f8e900000,0x0000009f8ea00000) (1024K)]
  0x00000248e9e5b0b0 JavaThread "C1 CompilerThread0"         daemon [_thread_blocked, id=17460, stack(0x0000009f8ea00000,0x0000009f8eb00000) (1024K)]
  0x00000248e9e1aed0 JavaThread "Common-Cleaner"             daemon [_thread_blocked, id=19696, stack(0x0000009f8eb00000,0x0000009f8ec00000) (1024K)]
  0x00000248ee8c54e0 JavaThread "Monitor Ctrl-Break"         daemon [_thread_in_native, id=34660, stack(0x0000009f8ef00000,0x0000009f8f000000) (1024K)]
  0x00000248ee7c1420 JavaThread "Notification Thread"        daemon [_thread_blocked, id=3704, stack(0x0000009f8f000000,0x0000009f8f100000) (1024K)]
  0x00000248eebb2fa0 JavaThread "Thread-0"                          [_thread_blocked, id=8412, stack(0x0000009f8f500000,0x0000009f8f600000) (1024K)]
  0x00000248eede7480 JavaThread "restartedMain"                     [_thread_in_Java, id=6004, stack(0x0000009f8f600000,0x0000009f8f700000) (1024K)]
  0x00000248efae40f0 JavaThread "background-preinit"                [_thread_in_vm, id=31348, stack(0x0000009f8f700000,0x0000009f8f800000) (1024K)]
  0x00000248ee215a80 JavaThread "C2 CompilerThread1"         daemon [_thread_in_native, id=19068, stack(0x0000009f8ed00000,0x0000009f8ee00000) (1024K)]
Total: 16

Other Threads:
  0x00000248e9e2bc70 VMThread "VM Thread"                           [id=25172, stack(0x0000009f8e200000,0x0000009f8e300000) (1024K)]
  0x00000248e9e1a450 WatcherThread "VM Periodic Task Thread"        [id=15968, stack(0x0000009f8e100000,0x0000009f8e200000) (1024K)]
  0x00000248cabb9e30 WorkerThread "GC Thread#0"                     [id=13072, stack(0x0000009f8dc00000,0x0000009f8dd00000) (1024K)]
  0x00000248eea5c5b0 WorkerThread "GC Thread#1"                     [id=18120, stack(0x0000009f8ee00000,0x0000009f8ef00000) (1024K)]
  0x00000248ee93eec0 WorkerThread "GC Thread#2"                     [id=10192, stack(0x0000009f8f100000,0x0000009f8f200000) (1024K)]
  0x00000248ee93f260 WorkerThread "GC Thread#3"                     [id=11100, stack(0x0000009f8f200000,0x0000009f8f300000) (1024K)]
  0x00000248ee93f600 WorkerThread "GC Thread#4"                     [id=11896, stack(0x0000009f8f300000,0x0000009f8f400000) (1024K)]
  0x00000248ee93f9a0 WorkerThread "GC Thread#5"                     [id=9100, stack(0x0000009f8f400000,0x0000009f8f500000) (1024K)]
  0x00000248ef679cd0 WorkerThread "GC Thread#6"                     [id=22608, stack(0x0000009f8f800000,0x0000009f8f900000) (1024K)]
  0x00000248ef7a71e0 WorkerThread "GC Thread#7"                     [id=27620, stack(0x0000009f8f900000,0x0000009f8fa00000) (1024K)]
  0x00000248cabca9d0 ConcurrentGCThread "G1 Main Marker"            [id=12708, stack(0x0000009f8dd00000,0x0000009f8de00000) (1024K)]
  0x00000248cabcb4d0 WorkerThread "G1 Conc#0"                       [id=32152, stack(0x0000009f8de00000,0x0000009f8df00000) (1024K)]
  0x00000248cabfe950 ConcurrentGCThread "G1 Refine#0"               [id=16968, stack(0x0000009f8df00000,0x0000009f8e000000) (1024K)]
  0x00000248e9ce65e0 ConcurrentGCThread "G1 Service"                [id=12224, stack(0x0000009f8e000000,0x0000009f8e100000) (1024K)]
Total: 14

Threads with active compile tasks:
C2 CompilerThread0  8085 2650       4       java.lang.invoke.MethodType::makeImpl (109 bytes)
C1 CompilerThread0  8085 2691       3       java.lang.NamedPackage::<init> (59 bytes)
C2 CompilerThread1  8085 2428       4       java.lang.invoke.MethodType::methodType (69 bytes)
Total: 3

VM state: not at safepoint (normal execution)

VM Mutex/Monitor currently owned by a thread: None

Heap address: 0x0000000704400000, size: 4028 MB, Compressed Oops mode: Zero based, Oop shift amount: 3

CDS archive(s) mapped at: [0x0000024880000000-0x0000024880c80000-0x0000024880c80000), size 13107200, SharedBaseAddress: 0x0000024880000000, ArchiveRelocationMode: 1.
Compressed class space mapped at: 0x0000024881000000-0x00000248c1000000, reserved size: 1073741824
Narrow klass base: 0x0000024880000000, Narrow klass shift: 0, Narrow klass range: 0x100000000

GC Precious Log:
 CardTable entry size: 512
 Card Set container configuration: InlinePtr #cards 4 size 8 Array Of Cards #cards 16 size 48 Howl #buckets 8 coarsen threshold 3686 Howl Bitmap #cards 512 size 80 coarsen threshold 460 Card regions per heap region 1 cards per card region 4096
 CPUs: 8 total, 8 available
 Memory: 16106M
 Large Page Support: Disabled
 NUMA Support: Disabled
 Compressed Oops: Enabled (Zero based)
 Heap Region Size: 2M
 Heap Min Capacity: 8M
 Heap Initial Capacity: 252M
 Heap Max Capacity: 4028M
 Pre-touch: Disabled
 Parallel Workers: 8
 Concurrent Workers: 2
 Concurrent Refinement Workers: 8
 Periodic GC: Disabled

Heap:
 garbage-first heap   total 258048K, used 24421K [0x0000000704400000, 0x0000000800000000)
  region size 2048K, 8 young (16384K), 4 survivors (8192K)
 Metaspace       used 18441K, committed 18816K, reserved 1114112K
  class space    used 2212K, committed 2368K, reserved 1048576K

Heap Regions: E=young(eden), S=young(survivor), O=old, HS=humongous(starts), HC=humongous(continues), CS=collection set, F=free, TAMS=top-at-mark-start, PB=parsable bottom
|   0|0x0000000704400000, 0x0000000704600000, 0x0000000704600000|100%| O|  |TAMS 0x0000000704400000| PB 0x0000000704400000| Untracked 
|   1|0x0000000704600000, 0x0000000704800000, 0x0000000704800000|100%| O|  |TAMS 0x0000000704600000| PB 0x0000000704600000| Untracked 
|   2|0x0000000704800000, 0x0000000704a00000, 0x0000000704a00000|100%| O|  |TAMS 0x0000000704800000| PB 0x0000000704800000| Untracked 
|   3|0x0000000704a00000, 0x0000000704c00000, 0x0000000704c00000|100%| O|  |TAMS 0x0000000704a00000| PB 0x0000000704a00000| Untracked 
|   4|0x0000000704c00000, 0x0000000704e00000, 0x0000000704e00000|100%| O|  |TAMS 0x0000000704c00000| PB 0x0000000704c00000| Untracked 
|   5|0x0000000704e00000, 0x0000000704e22750, 0x0000000705000000|  6%| O|  |TAMS 0x0000000704e00000| PB 0x0000000704e00000| Untracked 
|   6|0x0000000705000000, 0x0000000705000000, 0x0000000705200000|  0%| F|  |TAMS 0x0000000705000000| PB 0x0000000705000000| Untracked 
|   7|0x0000000705200000, 0x0000000705200000, 0x0000000705400000|  0%| F|  |TAMS 0x0000000705200000| PB 0x0000000705200000| Untracked 
|   8|0x0000000705400000, 0x0000000705400000, 0x0000000705600000|  0%| F|  |TAMS 0x0000000705400000| PB 0x0000000705400000| Untracked 
|   9|0x0000000705600000, 0x0000000705600000, 0x0000000705800000|  0%| F|  |TAMS 0x0000000705600000| PB 0x0000000705600000| Untracked 
|  10|0x0000000705800000, 0x0000000705800000, 0x0000000705a00000|  0%| F|  |TAMS 0x0000000705800000| PB 0x0000000705800000| Untracked 
|  11|0x0000000705a00000, 0x0000000705a00000, 0x0000000705c00000|  0%| F|  |TAMS 0x0000000705a00000| PB 0x0000000705a00000| Untracked 
|  12|0x0000000705c00000, 0x0000000705c00000, 0x0000000705e00000|  0%| F|  |TAMS 0x0000000705c00000| PB 0x0000000705c00000| Untracked 
|  13|0x0000000705e00000, 0x0000000705e00000, 0x0000000706000000|  0%| F|  |TAMS 0x0000000705e00000| PB 0x0000000705e00000| Untracked 
|  14|0x0000000706000000, 0x0000000706000000, 0x0000000706200000|  0%| F|  |TAMS 0x0000000706000000| PB 0x0000000706000000| Untracked 
|  15|0x0000000706200000, 0x0000000706200000, 0x0000000706400000|  0%| F|  |TAMS 0x0000000706200000| PB 0x0000000706200000| Untracked 
|  16|0x0000000706400000, 0x0000000706400000, 0x0000000706600000|  0%| F|  |TAMS 0x0000000706400000| PB 0x0000000706400000| Untracked 
|  17|0x0000000706600000, 0x0000000706600000, 0x0000000706800000|  0%| F|  |TAMS 0x0000000706600000| PB 0x0000000706600000| Untracked 
|  18|0x0000000706800000, 0x0000000706800000, 0x0000000706a00000|  0%| F|  |TAMS 0x0000000706800000| PB 0x0000000706800000| Untracked 
|  19|0x0000000706a00000, 0x0000000706a00000, 0x0000000706c00000|  0%| F|  |TAMS 0x0000000706a00000| PB 0x0000000706a00000| Untracked 
|  20|0x0000000706c00000, 0x0000000706c00000, 0x0000000706e00000|  0%| F|  |TAMS 0x0000000706c00000| PB 0x0000000706c00000| Untracked 
|  21|0x0000000706e00000, 0x0000000706e00000, 0x0000000707000000|  0%| F|  |TAMS 0x0000000706e00000| PB 0x0000000706e00000| Untracked 
|  22|0x0000000707000000, 0x0000000707000000, 0x0000000707200000|  0%| F|  |TAMS 0x0000000707000000| PB 0x0000000707000000| Untracked 
|  23|0x0000000707200000, 0x0000000707200000, 0x0000000707400000|  0%| F|  |TAMS 0x0000000707200000| PB 0x0000000707200000| Untracked 
|  24|0x0000000707400000, 0x0000000707400000, 0x0000000707600000|  0%| F|  |TAMS 0x0000000707400000| PB 0x0000000707400000| Untracked 
|  25|0x0000000707600000, 0x0000000707600000, 0x0000000707800000|  0%| F|  |TAMS 0x0000000707600000| PB 0x0000000707600000| Untracked 
|  26|0x0000000707800000, 0x0000000707800000, 0x0000000707a00000|  0%| F|  |TAMS 0x0000000707800000| PB 0x0000000707800000| Untracked 
|  27|0x0000000707a00000, 0x0000000707a00000, 0x0000000707c00000|  0%| F|  |TAMS 0x0000000707a00000| PB 0x0000000707a00000| Untracked 
|  28|0x0000000707c00000, 0x0000000707c00000, 0x0000000707e00000|  0%| F|  |TAMS 0x0000000707c00000| PB 0x0000000707c00000| Untracked 
|  29|0x0000000707e00000, 0x0000000707e00000, 0x0000000708000000|  0%| F|  |TAMS 0x0000000707e00000| PB 0x0000000707e00000| Untracked 
|  30|0x0000000708000000, 0x0000000708000000, 0x0000000708200000|  0%| F|  |TAMS 0x0000000708000000| PB 0x0000000708000000| Untracked 
|  31|0x0000000708200000, 0x0000000708200000, 0x0000000708400000|  0%| F|  |TAMS 0x0000000708200000| PB 0x0000000708200000| Untracked 
|  32|0x0000000708400000, 0x0000000708400000, 0x0000000708600000|  0%| F|  |TAMS 0x0000000708400000| PB 0x0000000708400000| Untracked 
|  33|0x0000000708600000, 0x0000000708600000, 0x0000000708800000|  0%| F|  |TAMS 0x0000000708600000| PB 0x0000000708600000| Untracked 
|  34|0x0000000708800000, 0x0000000708800000, 0x0000000708a00000|  0%| F|  |TAMS 0x0000000708800000| PB 0x0000000708800000| Untracked 
|  35|0x0000000708a00000, 0x0000000708a00000, 0x0000000708c00000|  0%| F|  |TAMS 0x0000000708a00000| PB 0x0000000708a00000| Untracked 
|  36|0x0000000708c00000, 0x0000000708c00000, 0x0000000708e00000|  0%| F|  |TAMS 0x0000000708c00000| PB 0x0000000708c00000| Untracked 
|  37|0x0000000708e00000, 0x0000000708e00000, 0x0000000709000000|  0%| F|  |TAMS 0x0000000708e00000| PB 0x0000000708e00000| Untracked 
|  38|0x0000000709000000, 0x0000000709000000, 0x0000000709200000|  0%| F|  |TAMS 0x0000000709000000| PB 0x0000000709000000| Untracked 
|  39|0x0000000709200000, 0x0000000709200000, 0x0000000709400000|  0%| F|  |TAMS 0x0000000709200000| PB 0x0000000709200000| Untracked 
|  40|0x0000000709400000, 0x0000000709400000, 0x0000000709600000|  0%| F|  |TAMS 0x0000000709400000| PB 0x0000000709400000| Untracked 
|  41|0x0000000709600000, 0x0000000709600000, 0x0000000709800000|  0%| F|  |TAMS 0x0000000709600000| PB 0x0000000709600000| Untracked 
|  42|0x0000000709800000, 0x0000000709800000, 0x0000000709a00000|  0%| F|  |TAMS 0x0000000709800000| PB 0x0000000709800000| Untracked 
|  43|0x0000000709a00000, 0x0000000709a00000, 0x0000000709c00000|  0%| F|  |TAMS 0x0000000709a00000| PB 0x0000000709a00000| Untracked 
|  44|0x0000000709c00000, 0x0000000709c00000, 0x0000000709e00000|  0%| F|  |TAMS 0x0000000709c00000| PB 0x0000000709c00000| Untracked 
|  45|0x0000000709e00000, 0x0000000709e00000, 0x000000070a000000|  0%| F|  |TAMS 0x0000000709e00000| PB 0x0000000709e00000| Untracked 
|  46|0x000000070a000000, 0x000000070a000000, 0x000000070a200000|  0%| F|  |TAMS 0x000000070a000000| PB 0x000000070a000000| Untracked 
|  47|0x000000070a200000, 0x000000070a200000, 0x000000070a400000|  0%| F|  |TAMS 0x000000070a200000| PB 0x000000070a200000| Untracked 
|  48|0x000000070a400000, 0x000000070a400000, 0x000000070a600000|  0%| F|  |TAMS 0x000000070a400000| PB 0x000000070a400000| Untracked 
|  49|0x000000070a600000, 0x000000070a600000, 0x000000070a800000|  0%| F|  |TAMS 0x000000070a600000| PB 0x000000070a600000| Untracked 
|  50|0x000000070a800000, 0x000000070a800000, 0x000000070aa00000|  0%| F|  |TAMS 0x000000070a800000| PB 0x000000070a800000| Untracked 
|  51|0x000000070aa00000, 0x000000070aa00000, 0x000000070ac00000|  0%| F|  |TAMS 0x000000070aa00000| PB 0x000000070aa00000| Untracked 
|  52|0x000000070ac00000, 0x000000070ac00000, 0x000000070ae00000|  0%| F|  |TAMS 0x000000070ac00000| PB 0x000000070ac00000| Untracked 
|  53|0x000000070ae00000, 0x000000070ae00000, 0x000000070b000000|  0%| F|  |TAMS 0x000000070ae00000| PB 0x000000070ae00000| Untracked 
|  54|0x000000070b000000, 0x000000070b000000, 0x000000070b200000|  0%| F|  |TAMS 0x000000070b000000| PB 0x000000070b000000| Untracked 
|  55|0x000000070b200000, 0x000000070b200000, 0x000000070b400000|  0%| F|  |TAMS 0x000000070b200000| PB 0x000000070b200000| Untracked 
|  56|0x000000070b400000, 0x000000070b400000, 0x000000070b600000|  0%| F|  |TAMS 0x000000070b400000| PB 0x000000070b400000| Untracked 
|  57|0x000000070b600000, 0x000000070b600000, 0x000000070b800000|  0%| F|  |TAMS 0x000000070b600000| PB 0x000000070b600000| Untracked 
|  58|0x000000070b800000, 0x000000070b800000, 0x000000070ba00000|  0%| F|  |TAMS 0x000000070b800000| PB 0x000000070b800000| Untracked 
|  59|0x000000070ba00000, 0x000000070ba00000, 0x000000070bc00000|  0%| F|  |TAMS 0x000000070ba00000| PB 0x000000070ba00000| Untracked 
|  60|0x000000070bc00000, 0x000000070bc00000, 0x000000070be00000|  0%| F|  |TAMS 0x000000070bc00000| PB 0x000000070bc00000| Untracked 
|  61|0x000000070be00000, 0x000000070be00000, 0x000000070c000000|  0%| F|  |TAMS 0x000000070be00000| PB 0x000000070be00000| Untracked 
|  62|0x000000070c000000, 0x000000070c000000, 0x000000070c200000|  0%| F|  |TAMS 0x000000070c000000| PB 0x000000070c000000| Untracked 
|  63|0x000000070c200000, 0x000000070c200000, 0x000000070c400000|  0%| F|  |TAMS 0x000000070c200000| PB 0x000000070c200000| Untracked 
|  64|0x000000070c400000, 0x000000070c400000, 0x000000070c600000|  0%| F|  |TAMS 0x000000070c400000| PB 0x000000070c400000| Untracked 
|  65|0x000000070c600000, 0x000000070c600000, 0x000000070c800000|  0%| F|  |TAMS 0x000000070c600000| PB 0x000000070c600000| Untracked 
|  66|0x000000070c800000, 0x000000070c800000, 0x000000070ca00000|  0%| F|  |TAMS 0x000000070c800000| PB 0x000000070c800000| Untracked 
|  67|0x000000070ca00000, 0x000000070ca00000, 0x000000070cc00000|  0%| F|  |TAMS 0x000000070ca00000| PB 0x000000070ca00000| Untracked 
|  68|0x000000070cc00000, 0x000000070cc00000, 0x000000070ce00000|  0%| F|  |TAMS 0x000000070cc00000| PB 0x000000070cc00000| Untracked 
|  69|0x000000070ce00000, 0x000000070ce00000, 0x000000070d000000|  0%| F|  |TAMS 0x000000070ce00000| PB 0x000000070ce00000| Untracked 
|  70|0x000000070d000000, 0x000000070d000000, 0x000000070d200000|  0%| F|  |TAMS 0x000000070d000000| PB 0x000000070d000000| Untracked 
|  71|0x000000070d200000, 0x000000070d200000, 0x000000070d400000|  0%| F|  |TAMS 0x000000070d200000| PB 0x000000070d200000| Untracked 
|  72|0x000000070d400000, 0x000000070d400000, 0x000000070d600000|  0%| F|  |TAMS 0x000000070d400000| PB 0x000000070d400000| Untracked 
|  73|0x000000070d600000, 0x000000070d600000, 0x000000070d800000|  0%| F|  |TAMS 0x000000070d600000| PB 0x000000070d600000| Untracked 
|  74|0x000000070d800000, 0x000000070d800000, 0x000000070da00000|  0%| F|  |TAMS 0x000000070d800000| PB 0x000000070d800000| Untracked 
|  75|0x000000070da00000, 0x000000070da00000, 0x000000070dc00000|  0%| F|  |TAMS 0x000000070da00000| PB 0x000000070da00000| Untracked 
|  76|0x000000070dc00000, 0x000000070dc00000, 0x000000070de00000|  0%| F|  |TAMS 0x000000070dc00000| PB 0x000000070dc00000| Untracked 
|  77|0x000000070de00000, 0x000000070de00000, 0x000000070e000000|  0%| F|  |TAMS 0x000000070de00000| PB 0x000000070de00000| Untracked 
|  78|0x000000070e000000, 0x000000070e000000, 0x000000070e200000|  0%| F|  |TAMS 0x000000070e000000| PB 0x000000070e000000| Untracked 
|  79|0x000000070e200000, 0x000000070e200000, 0x000000070e400000|  0%| F|  |TAMS 0x000000070e200000| PB 0x000000070e200000| Untracked 
|  80|0x000000070e400000, 0x000000070e400000, 0x000000070e600000|  0%| F|  |TAMS 0x000000070e400000| PB 0x000000070e400000| Untracked 
|  81|0x000000070e600000, 0x000000070e600000, 0x000000070e800000|  0%| F|  |TAMS 0x000000070e600000| PB 0x000000070e600000| Untracked 
|  82|0x000000070e800000, 0x000000070e800000, 0x000000070ea00000|  0%| F|  |TAMS 0x000000070e800000| PB 0x000000070e800000| Untracked 
|  83|0x000000070ea00000, 0x000000070ea00000, 0x000000070ec00000|  0%| F|  |TAMS 0x000000070ea00000| PB 0x000000070ea00000| Untracked 
|  84|0x000000070ec00000, 0x000000070ec00000, 0x000000070ee00000|  0%| F|  |TAMS 0x000000070ec00000| PB 0x000000070ec00000| Untracked 
|  85|0x000000070ee00000, 0x000000070ee00000, 0x000000070f000000|  0%| F|  |TAMS 0x000000070ee00000| PB 0x000000070ee00000| Untracked 
|  86|0x000000070f000000, 0x000000070f000000, 0x000000070f200000|  0%| F|  |TAMS 0x000000070f000000| PB 0x000000070f000000| Untracked 
|  87|0x000000070f200000, 0x000000070f200000, 0x000000070f400000|  0%| F|  |TAMS 0x000000070f200000| PB 0x000000070f200000| Untracked 
|  88|0x000000070f400000, 0x000000070f400000, 0x000000070f600000|  0%| F|  |TAMS 0x000000070f400000| PB 0x000000070f400000| Untracked 
|  89|0x000000070f600000, 0x000000070f600000, 0x000000070f800000|  0%| F|  |TAMS 0x000000070f600000| PB 0x000000070f600000| Untracked 
|  90|0x000000070f800000, 0x000000070f800000, 0x000000070fa00000|  0%| F|  |TAMS 0x000000070f800000| PB 0x000000070f800000| Untracked 
|  91|0x000000070fa00000, 0x000000070fa00000, 0x000000070fc00000|  0%| F|  |TAMS 0x000000070fa00000| PB 0x000000070fa00000| Untracked 
|  92|0x000000070fc00000, 0x000000070fc00000, 0x000000070fe00000|  0%| F|  |TAMS 0x000000070fc00000| PB 0x000000070fc00000| Untracked 
|  93|0x000000070fe00000, 0x000000070fe00000, 0x0000000710000000|  0%| F|  |TAMS 0x000000070fe00000| PB 0x000000070fe00000| Untracked 
|  94|0x0000000710000000, 0x0000000710000000, 0x0000000710200000|  0%| F|  |TAMS 0x0000000710000000| PB 0x0000000710000000| Untracked 
|  95|0x0000000710200000, 0x00000007103b6f80, 0x0000000710400000| 85%| S|CS|TAMS 0x0000000710200000| PB 0x0000000710200000| Complete 
|  96|0x0000000710400000, 0x0000000710600000, 0x0000000710600000|100%| S|CS|TAMS 0x0000000710400000| PB 0x0000000710400000| Complete 
|  97|0x0000000710600000, 0x0000000710800000, 0x0000000710800000|100%| S|CS|TAMS 0x0000000710600000| PB 0x0000000710600000| Complete 
|  98|0x0000000710800000, 0x0000000710a00000, 0x0000000710a00000|100%| S|CS|TAMS 0x0000000710800000| PB 0x0000000710800000| Complete 
|  99|0x0000000710a00000, 0x0000000710a00000, 0x0000000710c00000|  0%| F|  |TAMS 0x0000000710a00000| PB 0x0000000710a00000| Untracked 
| 100|0x0000000710c00000, 0x0000000710c00000, 0x0000000710e00000|  0%| F|  |TAMS 0x0000000710c00000| PB 0x0000000710c00000| Untracked 
| 101|0x0000000710e00000, 0x0000000710e00000, 0x0000000711000000|  0%| F|  |TAMS 0x0000000710e00000| PB 0x0000000710e00000| Untracked 
| 102|0x0000000711000000, 0x0000000711000000, 0x0000000711200000|  0%| F|  |TAMS 0x0000000711000000| PB 0x0000000711000000| Untracked 
| 103|0x0000000711200000, 0x0000000711200000, 0x0000000711400000|  0%| F|  |TAMS 0x0000000711200000| PB 0x0000000711200000| Untracked 
| 104|0x0000000711400000, 0x0000000711400000, 0x0000000711600000|  0%| F|  |TAMS 0x0000000711400000| PB 0x0000000711400000| Untracked 
| 105|0x0000000711600000, 0x0000000711600000, 0x0000000711800000|  0%| F|  |TAMS 0x0000000711600000| PB 0x0000000711600000| Untracked 
| 106|0x0000000711800000, 0x0000000711800000, 0x0000000711a00000|  0%| F|  |TAMS 0x0000000711800000| PB 0x0000000711800000| Untracked 
| 107|0x0000000711a00000, 0x0000000711a00000, 0x0000000711c00000|  0%| F|  |TAMS 0x0000000711a00000| PB 0x0000000711a00000| Untracked 
| 108|0x0000000711c00000, 0x0000000711c00000, 0x0000000711e00000|  0%| F|  |TAMS 0x0000000711c00000| PB 0x0000000711c00000| Untracked 
| 109|0x0000000711e00000, 0x0000000711e00000, 0x0000000712000000|  0%| F|  |TAMS 0x0000000711e00000| PB 0x0000000711e00000| Untracked 
| 110|0x0000000712000000, 0x0000000712000000, 0x0000000712200000|  0%| F|  |TAMS 0x0000000712000000| PB 0x0000000712000000| Untracked 
| 111|0x0000000712200000, 0x0000000712200000, 0x0000000712400000|  0%| F|  |TAMS 0x0000000712200000| PB 0x0000000712200000| Untracked 
| 112|0x0000000712400000, 0x0000000712400000, 0x0000000712600000|  0%| F|  |TAMS 0x0000000712400000| PB 0x0000000712400000| Untracked 
| 113|0x0000000712600000, 0x0000000712600000, 0x0000000712800000|  0%| F|  |TAMS 0x0000000712600000| PB 0x0000000712600000| Untracked 
| 114|0x0000000712800000, 0x0000000712800000, 0x0000000712a00000|  0%| F|  |TAMS 0x0000000712800000| PB 0x0000000712800000| Untracked 
| 115|0x0000000712a00000, 0x0000000712a00000, 0x0000000712c00000|  0%| F|  |TAMS 0x0000000712a00000| PB 0x0000000712a00000| Untracked 
| 116|0x0000000712c00000, 0x0000000712c00000, 0x0000000712e00000|  0%| F|  |TAMS 0x0000000712c00000| PB 0x0000000712c00000| Untracked 
| 117|0x0000000712e00000, 0x0000000712e00000, 0x0000000713000000|  0%| F|  |TAMS 0x0000000712e00000| PB 0x0000000712e00000| Untracked 
| 118|0x0000000713000000, 0x0000000713000000, 0x0000000713200000|  0%| F|  |TAMS 0x0000000713000000| PB 0x0000000713000000| Untracked 
| 119|0x0000000713200000, 0x0000000713200000, 0x0000000713400000|  0%| F|  |TAMS 0x0000000713200000| PB 0x0000000713200000| Untracked 
| 120|0x0000000713400000, 0x0000000713400000, 0x0000000713600000|  0%| F|  |TAMS 0x0000000713400000| PB 0x0000000713400000| Untracked 
| 121|0x0000000713600000, 0x0000000713600000, 0x0000000713800000|  0%| F|  |TAMS 0x0000000713600000| PB 0x0000000713600000| Untracked 
| 122|0x0000000713800000, 0x0000000713993510, 0x0000000713a00000| 78%| E|  |TAMS 0x0000000713800000| PB 0x0000000713800000| Complete 
| 123|0x0000000713a00000, 0x0000000713c00000, 0x0000000713c00000|100%| E|CS|TAMS 0x0000000713a00000| PB 0x0000000713a00000| Complete 
| 124|0x0000000713c00000, 0x0000000713e00000, 0x0000000713e00000|100%| E|CS|TAMS 0x0000000713c00000| PB 0x0000000713c00000| Complete 
| 125|0x0000000713e00000, 0x0000000714000000, 0x0000000714000000|100%| E|CS|TAMS 0x0000000713e00000| PB 0x0000000713e00000| Complete 

Card table byte_map: [0x00000248e2d30000,0x00000248e3510000] _byte_map_base: 0x00000248df50e000

Marking Bits: (CMBitMap*) 0x00000248cabba530
 Bits: [0x00000248e3510000, 0x00000248e7400000)

Polling page: 0x00000248c8900000

Metaspace:

Usage:
  Non-class:     15.87 MB used.
      Class:      2.16 MB used.
       Both:     18.03 MB used.

Virtual space:
  Non-class space:       64.00 MB reserved,      16.06 MB ( 25%) committed,  1 nodes.
      Class space:        1.00 GB reserved,       2.31 MB ( <1%) committed,  1 nodes.
             Both:        1.06 GB reserved,      18.38 MB (  2%) committed. 

Chunk freelists:
   Non-Class:  15.88 MB
       Class:  13.69 MB
        Both:  29.56 MB

MaxMetaspaceSize: unlimited
CompressedClassSpaceSize: 1.00 GB
Initial GC threshold: 21.00 MB
Current GC threshold: 21.00 MB
CDS: on
 - commit_granule_bytes: 65536.
 - commit_granule_words: 8192.
 - virtual_space_node_default_size: 8388608.
 - enlarge_chunks_in_place: 1.
 - use_allocation_guard: 0.


Internal statistics:

num_allocs_failed_limit: 0.
num_arena_births: 400.
num_arena_deaths: 0.
num_vsnodes_births: 2.
num_vsnodes_deaths: 0.
num_space_committed: 294.
num_space_uncommitted: 0.
num_chunks_returned_to_freelist: 0.
num_chunks_taken_from_freelist: 1001.
num_chunk_merges: 0.
num_chunk_splits: 642.
num_chunks_enlarged: 415.
num_inconsistent_stats: 0.

CodeHeap 'non-profiled nmethods': size=120000Kb used=1172Kb max_used=1172Kb free=118827Kb
 bounds [0x00000248dacf0000, 0x00000248daf60000, 0x00000248e2220000]
CodeHeap 'profiled nmethods': size=120000Kb used=5103Kb max_used=5103Kb free=114896Kb
 bounds [0x00000248d3220000, 0x00000248d3720000, 0x00000248da750000]
CodeHeap 'non-nmethods': size=5760Kb used=1609Kb max_used=1609Kb free=4150Kb
 bounds [0x00000248da750000, 0x00000248da9c0000, 0x00000248dacf0000]
 total_blobs=3224 nmethods=2686 adapters=442
 compilation: enabled
              stopped_count=0, restarted_count=0
 full_count=0

Compilation events (20 events):
Event: 4.128 Thread 0x00000248e9e5b0b0 nmethod 2677 0x00000248d3705290 code [0x00000248d3705480, 0x00000248d3705810]
Event: 4.128 Thread 0x00000248e9e5b0b0 2679       3       org.springframework.util.AntPathMatcher::skipSegment (75 bytes)
Event: 4.129 Thread 0x00000248e9e5b0b0 nmethod 2679 0x00000248d3705990 code [0x00000248d3705c40, 0x00000248d3706a50]
Event: 4.129 Thread 0x00000248e9e5b0b0 2678       3       org.springframework.util.AntPathMatcher::skipSeparator (30 bytes)
Event: 4.130 Thread 0x00000248e9e5b0b0 nmethod 2678 0x00000248d3707010 code [0x00000248d37071e0, 0x00000248d37074f8]
Event: 4.130 Thread 0x00000248e9e5b0b0 2680       3       org.springframework.util.StringUtils::cleanPath (346 bytes)
Event: 4.134 Thread 0x00000248e9e5b0b0 nmethod 2680 0x00000248d3707690 code [0x00000248d3707dc0, 0x00000248d370bc28]
Event: 4.201 Thread 0x00000248e9e5b0b0 2682       3       org.springframework.core.annotation.AnnotationsScanner::getDeclaredAnnotations (166 bytes)
Event: 4.202 Thread 0x00000248e9e5b0b0 nmethod 2682 0x00000248d370d190 code [0x00000248d370d4a0, 0x00000248d370e9c8]
Event: 4.202 Thread 0x00000248e9e5b0b0 2683       3       sun.reflect.annotation.AnnotationParser::parseSig (62 bytes)
Event: 4.203 Thread 0x00000248e9e5b0b0 nmethod 2683 0x00000248d370ee90 code [0x00000248d370f180, 0x00000248d3710358]
Event: 4.203 Thread 0x00000248e9e5b0b0 2684       3       sun.reflect.generics.parser.SignatureParser::parseTypeSig (10 bytes)
Event: 4.203 Thread 0x00000248e9e5b0b0 nmethod 2684 0x00000248d3710910 code [0x00000248d3710ac0, 0x00000248d3710cc8]
Event: 4.205 Thread 0x00000248e9e5b0b0 2685       3       java.nio.ByteBuffer::position (8 bytes)
Event: 4.205 Thread 0x00000248e9e5b0b0 nmethod 2685 0x00000248d3710d90 code [0x00000248d3710f40, 0x00000248d3711090]
Event: 4.205 Thread 0x00000248e9e5b0b0 2686       3       java.io.BufferedReader::implReadLine (301 bytes)
Event: 4.207 Thread 0x00000248e9e5b0b0 nmethod 2686 0x00000248d3711110 code [0x00000248d3711400, 0x00000248d37123f0]
Event: 4.207 Thread 0x00000248e9e5b0b0 2687       3       java.nio.Buffer::limit (65 bytes)
Event: 4.207 Thread 0x00000248e9e5b0b0 nmethod 2687 0x00000248d3712a90 code [0x00000248d3712c40, 0x00000248d3712ed0]
Event: 4.207 Thread 0x00000248e9e5b0b0 2688   !   3       sun.net.www.ParseUtil::decode (349 bytes)

GC Heap History (6 events):
Event: 1.752 GC heap before
{Heap before GC invocations=0 (full 0):
 garbage-first heap   total 258048K, used 20480K [0x0000000704400000, 0x0000000800000000)
  region size 2048K, 11 young (22528K), 0 survivors (0K)
 Metaspace       used 2923K, committed 3136K, reserved 1114112K
  class space    used 286K, committed 384K, reserved 1048576K
}
Event: 1.759 GC heap after
{Heap after GC invocations=1 (full 0):
 garbage-first heap   total 258048K, used 10367K [0x0000000704400000, 0x0000000800000000)
  region size 2048K, 2 young (4096K), 2 survivors (4096K)
 Metaspace       used 2923K, committed 3136K, reserved 1114112K
  class space    used 286K, committed 384K, reserved 1048576K
}
Event: 2.333 GC heap before
{Heap before GC invocations=1 (full 0):
 garbage-first heap   total 258048K, used 26751K [0x0000000704400000, 0x0000000800000000)
  region size 2048K, 11 young (22528K), 2 survivors (4096K)
 Metaspace       used 5260K, committed 5440K, reserved 1114112K
  class space    used 531K, committed 640K, reserved 1048576K
}
Event: 2.338 GC heap after
{Heap after GC invocations=2 (full 0):
 garbage-first heap   total 258048K, used 14320K [0x0000000704400000, 0x0000000800000000)
  region size 2048K, 2 young (4096K), 2 survivors (4096K)
 Metaspace       used 5260K, committed 5440K, reserved 1114112K
  class space    used 531K, committed 640K, reserved 1048576K
}
Event: 4.024 GC heap before
{Heap before GC invocations=2 (full 0):
 garbage-first heap   total 258048K, used 63472K [0x0000000704400000, 0x0000000800000000)
  region size 2048K, 27 young (55296K), 2 survivors (4096K)
 Metaspace       used 16474K, committed 16832K, reserved 1114112K
  class space    used 1986K, committed 2176K, reserved 1048576K
}
Event: 4.033 GC heap after
{Heap after GC invocations=3 (full 0):
 garbage-first heap   total 258048K, used 18277K [0x0000000704400000, 0x0000000800000000)
  region size 2048K, 4 young (8192K), 4 survivors (8192K)
 Metaspace       used 16474K, committed 16832K, reserved 1114112K
  class space    used 1986K, committed 2176K, reserved 1048576K
}

Dll operation events (11 events):
Event: 0.043 Loaded shared library C:\Users\Cong\.jdks\ms-21.0.6\bin\java.dll
Event: 0.322 Loaded shared library C:\Users\Cong\.jdks\ms-21.0.6\bin\jsvml.dll
Event: 0.820 Loaded shared library C:\Users\Cong\.jdks\ms-21.0.6\bin\zip.dll
Event: 0.828 Loaded shared library C:\Users\Cong\.jdks\ms-21.0.6\bin\instrument.dll
Event: 0.852 Loaded shared library C:\Users\Cong\.jdks\ms-21.0.6\bin\net.dll
Event: 0.856 Loaded shared library C:\Users\Cong\.jdks\ms-21.0.6\bin\nio.dll
Event: 0.861 Loaded shared library C:\Users\Cong\.jdks\ms-21.0.6\bin\zip.dll
Event: 1.195 Loaded shared library C:\Users\Cong\.jdks\ms-21.0.6\bin\extnet.dll
Event: 1.259 Loaded shared library C:\Users\Cong\.jdks\ms-21.0.6\bin\jimage.dll
Event: 2.551 Loaded shared library C:\Users\Cong\.jdks\ms-21.0.6\bin\management.dll
Event: 2.555 Loaded shared library C:\Users\Cong\.jdks\ms-21.0.6\bin\management_ext.dll

Deoptimization events (20 events):
Event: 4.119 Thread 0x00000248eede7480 Uncommon trap: trap_request=0xffffffde fr.pc=0x00000248dae12854 relative=0x00000000000005b4
Event: 4.119 Thread 0x00000248eede7480 Uncommon trap: reason=class_check action=maybe_recompile pc=0x00000248dae12854 method=java.util.regex.Matcher.search(I)Z @ 121 c2
Event: 4.119 Thread 0x00000248eede7480 DEOPT PACKING pc=0x00000248dae12854 sp=0x0000009f8f6fd810
Event: 4.119 Thread 0x00000248eede7480 DEOPT UNPACKING pc=0x00000248da7a7da2 sp=0x0000009f8f6fd7f0 mode 2
Event: 4.119 Thread 0x00000248eede7480 Uncommon trap: trap_request=0xffffffde fr.pc=0x00000248dae12854 relative=0x00000000000005b4
Event: 4.119 Thread 0x00000248eede7480 Uncommon trap: reason=class_check action=maybe_recompile pc=0x00000248dae12854 method=java.util.regex.Matcher.search(I)Z @ 121 c2
Event: 4.119 Thread 0x00000248eede7480 DEOPT PACKING pc=0x00000248dae12854 sp=0x0000009f8f6fd810
Event: 4.119 Thread 0x00000248eede7480 DEOPT UNPACKING pc=0x00000248da7a7da2 sp=0x0000009f8f6fd7f0 mode 2
Event: 4.120 Thread 0x00000248eede7480 Uncommon trap: trap_request=0xffffffde fr.pc=0x00000248dae12854 relative=0x00000000000005b4
Event: 4.120 Thread 0x00000248eede7480 Uncommon trap: reason=class_check action=maybe_recompile pc=0x00000248dae12854 method=java.util.regex.Matcher.search(I)Z @ 121 c2
Event: 4.120 Thread 0x00000248eede7480 DEOPT PACKING pc=0x00000248dae12854 sp=0x0000009f8f6fd810
Event: 4.120 Thread 0x00000248eede7480 DEOPT UNPACKING pc=0x00000248da7a7da2 sp=0x0000009f8f6fd7f0 mode 2
Event: 4.120 Thread 0x00000248eede7480 Uncommon trap: trap_request=0xffffffde fr.pc=0x00000248dae12854 relative=0x00000000000005b4
Event: 4.120 Thread 0x00000248eede7480 Uncommon trap: reason=class_check action=maybe_recompile pc=0x00000248dae12854 method=java.util.regex.Matcher.search(I)Z @ 121 c2
Event: 4.120 Thread 0x00000248eede7480 DEOPT PACKING pc=0x00000248dae12854 sp=0x0000009f8f6fd810
Event: 4.120 Thread 0x00000248eede7480 DEOPT UNPACKING pc=0x00000248da7a7da2 sp=0x0000009f8f6fd7f0 mode 2
Event: 4.163 Thread 0x00000248eede7480 Uncommon trap: trap_request=0xffffff3d fr.pc=0x00000248dadf161c relative=0x00000000000000dc
Event: 4.163 Thread 0x00000248eede7480 Uncommon trap: reason=unstable_fused_if action=reinterpret pc=0x00000248dadf161c method=java.lang.StrictMath.floorOrCeil(DDDD)D @ 8 c2
Event: 4.163 Thread 0x00000248eede7480 DEOPT PACKING pc=0x00000248dadf161c sp=0x0000009f8f6fe110
Event: 4.163 Thread 0x00000248eede7480 DEOPT UNPACKING pc=0x00000248da7a7da2 sp=0x0000009f8f6fdf78 mode 2

Classes loaded (20 events):
Event: 4.135 Loading class java/nio/channels/Channels
Event: 4.136 Loading class java/nio/channels/Channels done
Event: 4.136 Loading class sun/nio/ch/Streams
Event: 4.136 Loading class sun/nio/ch/Streams done
Event: 4.136 Loading class sun/nio/ch/SocketChannelImpl
Event: 4.136 Loading class sun/nio/ch/SelChImpl
Event: 4.136 Loading class sun/nio/ch/SelChImpl done
Event: 4.137 Loading class java/nio/channels/SocketChannel
Event: 4.137 Loading class java/nio/channels/NetworkChannel
Event: 4.137 Loading class java/nio/channels/NetworkChannel done
Event: 4.137 Loading class java/nio/channels/spi/AbstractSelectableChannel
Event: 4.137 Loading class java/nio/channels/SelectableChannel
Event: 4.137 Loading class java/nio/channels/SelectableChannel done
Event: 4.137 Loading class java/nio/channels/spi/AbstractSelectableChannel done
Event: 4.137 Loading class java/nio/channels/SocketChannel done
Event: 4.137 Loading class sun/nio/ch/SocketChannelImpl done
Event: 4.137 Loading class sun/nio/ch/ChannelInputStream
Event: 4.137 Loading class sun/nio/ch/ChannelInputStream done
Event: 4.141 Loading class sun/nio/ch/IOStatus
Event: 4.141 Loading class sun/nio/ch/IOStatus done

Classes unloaded (0 events):
No events

Classes redefined (0 events):
No events

Internal exceptions (20 events):
Event: 3.276 Thread 0x00000248eede7480 Exception <a 'java/lang/NoSuchMethodError'{0x0000000712111eb8}: 'int java.lang.invoke.DirectMethodHandle$Holder.invokeStatic(java.lang.Object, long)'> (0x0000000712111eb8) 
thrown [s\src\hotspot\share\interpreter\linkResolver.cpp, line 773]
Event: 3.284 Thread 0x00000248eede7480 Exception <a 'java/lang/NoSuchMethodError'{0x00000007121341d8}: 'int java.lang.invoke.Invokers$Holder.linkToTargetMethod(java.lang.Object, java.lang.Object)'> (0x00000007121341d8) 
thrown [s\src\hotspot\share\interpreter\linkResolver.cpp, line 773]
Event: 3.310 Thread 0x00000248eede7480 Exception <a 'java/lang/NoSuchMethodError'{0x00000007121b0cb8}: 'java.lang.Object java.lang.invoke.DirectMethodHandle$Holder.invokeSpecial(java.lang.Object, java.lang.Object, java.lang.Object, int, java.lang.Object)'> (0x00000007121b0cb8) 
thrown [s\src\hotspot\share\interpreter\linkResolver.cpp, line 773]
Event: 3.312 Thread 0x00000248eede7480 Exception <a 'java/lang/NoSuchMethodError'{0x00000007121b8680}: 'java.lang.Object java.lang.invoke.DirectMethodHandle$Holder.newInvokeSpecial(java.lang.Object, java.lang.Object, java.lang.Object, int, java.lang.Object)'> (0x00000007121b8680) 
thrown [s\src\hotspot\share\interpreter\linkResolver.cpp, line 773]
Event: 3.313 Thread 0x00000248eede7480 Exception <a 'java/lang/NoSuchMethodError'{0x00000007121bfc48}: 'java.lang.Object java.lang.invoke.Invokers$Holder.linkToTargetMethod(java.lang.Object, java.lang.Object, int, java.lang.Object, java.lang.Object)'> (0x00000007121bfc48) 
thrown [s\src\hotspot\share\interpreter\linkResolver.cpp, line 773]
Event: 3.315 Thread 0x00000248eede7480 Exception <a 'java/lang/NoSuchMethodError'{0x00000007121cf0e0}: 'java.lang.Object java.lang.invoke.DirectMethodHandle$Holder.newInvokeSpecial(java.lang.Object, int, java.lang.Object)'> (0x00000007121cf0e0) 
thrown [s\src\hotspot\share\interpreter\linkResolver.cpp, line 773]
Event: 3.315 Thread 0x00000248eede7480 Exception <a 'java/lang/NoSuchMethodError'{0x00000007121d3a50}: 'int java.lang.invoke.DirectMethodHandle$Holder.invokeSpecialIFC(java.lang.Object, java.lang.Object, java.lang.Object, java.lang.Object)'> (0x00000007121d3a50) 
thrown [s\src\hotspot\share\interpreter\linkResolver.cpp, line 773]
Event: 3.363 Thread 0x00000248eede7480 Exception <a 'java/lang/NoSuchMethodError'{0x0000000711ed36e8}: 'void java.lang.invoke.DirectMethodHandle$Holder.invokeInterface(java.lang.Object, java.lang.Object, java.lang.Object)'> (0x0000000711ed36e8) 
thrown [s\src\hotspot\share\interpreter\linkResolver.cpp, line 773]
Event: 3.376 Thread 0x00000248eede7480 Exception <a 'java/lang/NoSuchMethodError'{0x0000000711f3ddb0}: 'void java.lang.invoke.DirectMethodHandle$Holder.invokeStatic(java.lang.Object, java.lang.Object, int)'> (0x0000000711f3ddb0) 
thrown [s\src\hotspot\share\interpreter\linkResolver.cpp, line 773]
Event: 3.392 Thread 0x00000248eede7480 Exception <a 'java/lang/NoSuchMethodError'{0x0000000711f982f8}: 'java.lang.Object java.lang.invoke.Invokers$Holder.invoke_MT(java.lang.Object, java.lang.Object, java.lang.Object, java.lang.Object, java.lang.Object, java.lang.Object, java.lang.Object, java.lang.Object, java.lang.Object)'> (0x0000000711f982f8) 
thrown [s\src\hotspot\share\interpreter\linkResolver.cpp, line 773]
Event: 3.397 Thread 0x00000248eede7480 Exception <a 'java/lang/NoSuchMethodError'{0x0000000711fc4680}: 'java.lang.reflect.Field[] java.lang.Class.getDeclaredFields(java.lang.Class)'> (0x0000000711fc4680) 
thrown [s\src\hotspot\share\interpreter\linkResolver.cpp, line 773]
Event: 3.515 Thread 0x00000248eede7480 Exception <a 'java/lang/NoSuchMethodError'{0x0000000711cbbb60}: 'void java.lang.invoke.DirectMethodHandle$Holder.invokeStaticInit(java.lang.Object, java.lang.Object, java.lang.Object)'> (0x0000000711cbbb60) 
thrown [s\src\hotspot\share\interpreter\linkResolver.cpp, line 773]
Event: 3.520 Thread 0x00000248eede7480 Exception <a 'java/lang/NoSuchMethodError'{0x0000000711cf29b0}: 'java.lang.Object java.lang.invoke.DirectMethodHandle$Holder.invokeStaticInit(java.lang.Object, int)'> (0x0000000711cf29b0) 
thrown [s\src\hotspot\share\interpreter\linkResolver.cpp, line 773]
Event: 3.521 Thread 0x00000248eede7480 Exception <a 'java/lang/NoSuchMethodError'{0x0000000711cfcd98}: 'java.lang.Object java.lang.invoke.DirectMethodHandle$Holder.invokeStatic(java.lang.Object, int, java.lang.Object)'> (0x0000000711cfcd98) 
thrown [s\src\hotspot\share\interpreter\linkResolver.cpp, line 773]
Event: 3.522 Thread 0x00000248eede7480 Exception <a 'java/lang/NoSuchMethodError'{0x0000000711d00a18}: 'java.lang.Object java.lang.invoke.DirectMethodHandle$Holder.invokeStaticInit(java.lang.Object, int, java.lang.Object)'> (0x0000000711d00a18) 
thrown [s\src\hotspot\share\interpreter\linkResolver.cpp, line 773]
Event: 3.530 Thread 0x00000248eede7480 Exception <a 'java/lang/NoSuchMethodError'{0x0000000711d1e5e8}: 'java.lang.Object java.lang.invoke.DirectMethodHandle$Holder.invokeVirtual(java.lang.Object, java.lang.Object, java.lang.Object)'> (0x0000000711d1e5e8) 
thrown [s\src\hotspot\share\interpreter\linkResolver.cpp, line 773]
Event: 3.557 Thread 0x00000248eede7480 Exception <a 'java/lang/NoSuchMethodError'{0x0000000711de4098}: 'void java.lang.invoke.DirectMethodHandle$Holder.invokeVirtual(java.lang.Object, java.lang.Object, java.lang.Object, java.lang.Object)'> (0x0000000711de4098) 
thrown [s\src\hotspot\share\interpreter\linkResolver.cpp, line 773]
Event: 3.656 Thread 0x00000248eede7480 Exception <a 'java/lang/IncompatibleClassChangeError'{0x0000000711877730}: Found class java.lang.Object, but interface was expected> (0x0000000711877730) 
thrown [s\src\hotspot\share\interpreter\linkResolver.cpp, line 840]
Event: 3.971 Thread 0x00000248eede7480 Implicit null exception at 0x00000248dae09246 to 0x00000248dae092f7
Event: 4.108 Thread 0x00000248eede7480 Exception <a 'java/lang/NoSuchMethodError'{0x0000000713cbc008}: 'int java.lang.invoke.DirectMethodHandle$Holder.invokeSpecial(java.lang.Object, java.lang.Object, java.lang.Object, java.lang.Object, java.lang.Object)'> (0x0000000713cbc008) 
thrown [s\src\hotspot\share\interpreter\linkResolver.cpp, line 773]

ZGC Phase Switch (0 events):
No events

VM Operations (20 events):
Event: 3.346 Executing VM operation: HandshakeAllThreads (Deoptimize) done
Event: 3.377 Executing VM operation: HandshakeAllThreads (Deoptimize)
Event: 3.377 Executing VM operation: HandshakeAllThreads (Deoptimize) done
Event: 3.634 Executing VM operation: HandshakeAllThreads (Deoptimize)
Event: 3.634 Executing VM operation: HandshakeAllThreads (Deoptimize) done
Event: 3.638 Executing VM operation: HandshakeAllThreads (Deoptimize)
Event: 3.639 Executing VM operation: HandshakeAllThreads (Deoptimize) done
Event: 3.639 Executing VM operation: HandshakeAllThreads (Deoptimize)
Event: 3.639 Executing VM operation: HandshakeAllThreads (Deoptimize) done
Event: 3.918 Executing VM operation: ICBufferFull
Event: 3.918 Executing VM operation: ICBufferFull done
Event: 3.975 Executing VM operation: HandshakeAllThreads (Deoptimize)
Event: 3.975 Executing VM operation: HandshakeAllThreads (Deoptimize) done
Event: 4.024 Executing VM operation: G1CollectForAllocation (G1 Evacuation Pause)
Event: 4.033 Executing VM operation: G1CollectForAllocation (G1 Evacuation Pause) done
Event: 4.053 Executing VM operation: HandshakeAllThreads (Deoptimize)
Event: 4.053 Executing VM operation: HandshakeAllThreads (Deoptimize) done
Event: 4.060 Executing VM operation: HandshakeAllThreads (Deoptimize)
Event: 4.061 Executing VM operation: HandshakeAllThreads (Deoptimize) done
Event: 5.064 Executing VM operation: Cleanup

Memory protections (0 events):
No events

Nmethod flushes (0 events):
No events

Events (20 events):
Event: 0.234 Thread 0x00000248cab50cc0 Thread added: 0x00000248e9e51b80
Event: 0.238 Thread 0x00000248cab50cc0 Thread added: 0x00000248e9e57120
Event: 0.238 Thread 0x00000248cab50cc0 Thread added: 0x00000248e9e58b80
Event: 0.238 Thread 0x00000248cab50cc0 Thread added: 0x00000248e9e59900
Event: 0.239 Thread 0x00000248cab50cc0 Thread added: 0x00000248e9e5b0b0
Event: 0.711 Thread 0x00000248cab50cc0 Thread added: 0x00000248e9e1aed0
Event: 0.938 Thread 0x00000248e9e59900 Thread added: 0x00000248ee215a80
Event: 0.938 Thread 0x00000248e9e59900 Thread added: 0x00000248ee216120
Event: 1.183 Thread 0x00000248cab50cc0 Thread added: 0x00000248ee8c54e0
Event: 1.183 Thread 0x00000248cab50cc0 Thread added: 0x00000248ee7c1420
Event: 1.418 Thread 0x00000248ee216120 Thread exited: 0x00000248ee216120
Event: 1.845 Thread 0x00000248e9e5b0b0 Thread added: 0x00000248eeaa21f0
Event: 2.523 Thread 0x00000248eeaa21f0 Thread exited: 0x00000248eeaa21f0
Event: 2.727 Thread 0x00000248cab50cc0 Thread added: 0x00000248eebb2fa0
Event: 2.735 Thread 0x00000248eebb2fa0 Thread added: 0x00000248eede7480
Event: 3.477 Thread 0x00000248eede7480 Thread added: 0x00000248efd85010
Event: 3.495 Thread 0x00000248efd85010 Thread exited: 0x00000248efd85010
Event: 3.651 Thread 0x00000248eede7480 Thread added: 0x00000248efae40f0
Event: 3.773 Thread 0x00000248ee215a80 Thread exited: 0x00000248ee215a80
Event: 3.799 Thread 0x00000248e9e5b0b0 Thread added: 0x00000248ee215a80


Dynamic libraries:
0x00007ff70c900000 - 0x00007ff70c90e000 	C:\Users\Cong\.jdks\ms-21.0.6\bin\java.exe
0x00007ffb34580000 - 0x00007ffb347e8000 	C:\WINDOWS\SYSTEM32\ntdll.dll
0x00007ffb329d0000 - 0x00007ffb32a99000 	C:\WINDOWS\System32\KERNEL32.DLL
0x00007ffb31b40000 - 0x00007ffb31f2d000 	C:\WINDOWS\System32\KERNELBASE.dll
0x00007ffb31810000 - 0x00007ffb3195b000 	C:\WINDOWS\System32\ucrtbase.dll
0x00007ffb16b70000 - 0x00007ffb16b88000 	C:\Users\Cong\.jdks\ms-21.0.6\bin\jli.dll
0x00007ffb33870000 - 0x00007ffb33a3c000 	C:\WINDOWS\System32\USER32.dll
0x00007ffb32170000 - 0x00007ffb32197000 	C:\WINDOWS\System32\win32u.dll
0x00007ffb32e20000 - 0x00007ffb32e4b000 	C:\WINDOWS\System32\GDI32.dll
0x00007ffb316d0000 - 0x00007ffb31807000 	C:\WINDOWS\System32\gdi32full.dll
0x00007ffb31a90000 - 0x00007ffb31b33000 	C:\WINDOWS\System32\msvcp_win.dll
0x00007ffae8bd0000 - 0x00007ffae8bed000 	C:\Users\Cong\.jdks\ms-21.0.6\bin\VCRUNTIME140.dll
0x00007ffafd6b0000 - 0x00007ffafd94a000 	C:\WINDOWS\WinSxS\amd64_microsoft.windows.common-controls_6595b64144ccf1df_6.0.26100.4484_none_3e0e6d4ce32ef3b3\COMCTL32.dll
0x00007ffb337c0000 - 0x00007ffb33869000 	C:\WINDOWS\System32\msvcrt.dll
0x00007ffb32990000 - 0x00007ffb329bf000 	C:\WINDOWS\System32\IMM32.DLL
0x00007ffb26680000 - 0x00007ffb2668c000 	C:\Users\Cong\.jdks\ms-21.0.6\bin\vcruntime140_1.dll
0x00007ffabb520000 - 0x00007ffabb5ad000 	C:\Users\Cong\.jdks\ms-21.0.6\bin\msvcp140.dll
0x00007ffaaadd0000 - 0x00007ffaabb68000 	C:\Users\Cong\.jdks\ms-21.0.6\bin\server\jvm.dll
0x00007ffb328c0000 - 0x00007ffb32974000 	C:\WINDOWS\System32\ADVAPI32.dll
0x00007ffb32d70000 - 0x00007ffb32e16000 	C:\WINDOWS\System32\sechost.dll
0x00007ffb32e50000 - 0x00007ffb32f68000 	C:\WINDOWS\System32\RPCRT4.dll
0x00007ffb33a40000 - 0x00007ffb33ab4000 	C:\WINDOWS\System32\WS2_32.dll
0x00007ffb31520000 - 0x00007ffb3157e000 	C:\WINDOWS\SYSTEM32\POWRPROF.dll
0x00007ffb23c60000 - 0x00007ffb23c95000 	C:\WINDOWS\SYSTEM32\WINMM.dll
0x00007ffb1e800000 - 0x00007ffb1e80b000 	C:\WINDOWS\SYSTEM32\VERSION.dll
0x00007ffb31500000 - 0x00007ffb31514000 	C:\WINDOWS\SYSTEM32\UMPDC.dll
0x00007ffb30470000 - 0x00007ffb3048b000 	C:\WINDOWS\SYSTEM32\kernel.appcore.dll
0x00007ffb16f50000 - 0x00007ffb16f5a000 	C:\Users\Cong\.jdks\ms-21.0.6\bin\jimage.dll
0x00007ffb2ed70000 - 0x00007ffb2efb1000 	C:\WINDOWS\SYSTEM32\DBGHELP.DLL
0x00007ffb324b0000 - 0x00007ffb32836000 	C:\WINDOWS\System32\combase.dll
0x00007ffb32c80000 - 0x00007ffb32d60000 	C:\WINDOWS\System32\OLEAUT32.dll
0x00007ffb17340000 - 0x00007ffb17383000 	C:\WINDOWS\SYSTEM32\dbgcore.DLL
0x00007ffb319f0000 - 0x00007ffb31a89000 	C:\WINDOWS\System32\bcryptPrimitives.dll
0x00007ffb15e70000 - 0x00007ffb15e7f000 	C:\Users\Cong\.jdks\ms-21.0.6\bin\instrument.dll
0x00007ffae6bc0000 - 0x00007ffae6be0000 	C:\Users\Cong\.jdks\ms-21.0.6\bin\java.dll
0x00007ffb32f70000 - 0x00007ffb336ba000 	C:\WINDOWS\System32\SHELL32.dll
0x00007ffb321a0000 - 0x00007ffb32314000 	C:\WINDOWS\System32\wintypes.dll
0x00007ffb2f2e0000 - 0x00007ffb2fb3b000 	C:\WINDOWS\SYSTEM32\windows.storage.dll
0x00007ffb336c0000 - 0x00007ffb337b5000 	C:\WINDOWS\System32\SHCORE.dll
0x00007ffb32850000 - 0x00007ffb328ba000 	C:\WINDOWS\System32\shlwapi.dll
0x00007ffb315e0000 - 0x00007ffb3160f000 	C:\WINDOWS\SYSTEM32\profapi.dll
0x00007ffab51e0000 - 0x00007ffab52b7000 	C:\Users\Cong\.jdks\ms-21.0.6\bin\jsvml.dll
0x00007ffad2870000 - 0x00007ffad2888000 	C:\Users\Cong\.jdks\ms-21.0.6\bin\zip.dll
0x00007ffb16a90000 - 0x00007ffb16aa0000 	C:\Users\Cong\.jdks\ms-21.0.6\bin\net.dll
0x00007ffb26b40000 - 0x00007ffb26c5e000 	C:\WINDOWS\SYSTEM32\WINHTTP.dll
0x00007ffb30a00000 - 0x00007ffb30a6a000 	C:\WINDOWS\system32\mswsock.dll
0x00007ffad53a0000 - 0x00007ffad53b6000 	C:\Users\Cong\.jdks\ms-21.0.6\bin\nio.dll
0x00007ffafc840000 - 0x00007ffafc849000 	C:\Users\Cong\.jdks\ms-21.0.6\bin\extnet.dll
0x00007ffafb170000 - 0x00007ffafb17a000 	C:\Users\Cong\.jdks\ms-21.0.6\bin\management.dll
0x00007ffaef760000 - 0x00007ffaef76b000 	C:\Users\Cong\.jdks\ms-21.0.6\bin\management_ext.dll
0x00007ffb33d60000 - 0x00007ffb33d68000 	C:\WINDOWS\System32\PSAPI.DLL
0x00007ffb2fe60000 - 0x00007ffb2fe93000 	C:\WINDOWS\SYSTEM32\IPHLPAPI.DLL
0x00007ffb323a0000 - 0x00007ffb323aa000 	C:\WINDOWS\System32\NSI.dll
0x00007ffb2fef0000 - 0x00007ffb30016000 	C:\WINDOWS\SYSTEM32\DNSAPI.dll
0x00007ffb23ae0000 - 0x00007ffb23aeb000 	C:\Windows\System32\rasadhlp.dll
0x00007ffb274a0000 - 0x00007ffb27526000 	C:\WINDOWS\System32\fwpuclnt.dll

dbghelp: loaded successfully - version: 4.0.5 - missing functions: none
symbol engine: initialized successfully - sym options: 0x614 - pdb path: .;C:\Users\Cong\.jdks\ms-21.0.6\bin;C:\WINDOWS\SYSTEM32;C:\WINDOWS\WinSxS\amd64_microsoft.windows.common-controls_6595b64144ccf1df_6.0.26100.4484_none_3e0e6d4ce32ef3b3;C:\Users\Cong\.jdks\ms-21.0.6\bin\server

VM Arguments:
jvm_args: -javaagent:C:\Program Files\JetBrains\IntelliJ IDEA Community Edition 2024.3.4.1\lib\idea_rt.jar=56011 -Dfile.encoding=UTF-8 -Dsun.stdout.encoding=UTF-8 -Dsun.stderr.encoding=UTF-8 
java_command: com.example.patient_service.PatientServiceApplication
java_class_path (initial): E:\DoAnUDPT\DistributedSystem-Clinic\backend\patient-service\target\classes;C:\Users\Cong\.m2\repository\org\springframework\boot\spring-boot-starter-actuator\3.5.0\spring-boot-starter-actuator-3.5.0.jar;C:\Users\Cong\.m2\repository\org\springframework\boot\spring-boot-starter\3.5.0\spring-boot-starter-3.5.0.jar;C:\Users\Cong\.m2\repository\org\springframework\boot\spring-boot-starter-logging\3.5.0\spring-boot-starter-logging-3.5.0.jar;C:\Users\Cong\.m2\repository\org\apache\logging\log4j\log4j-to-slf4j\2.24.3\log4j-to-slf4j-2.24.3.jar;C:\Users\Cong\.m2\repository\org\apache\logging\log4j\log4j-api\2.24.3\log4j-api-2.24.3.jar;C:\Users\Cong\.m2\repository\org\slf4j\jul-to-slf4j\2.0.17\jul-to-slf4j-2.0.17.jar;C:\Users\Cong\.m2\repository\jakarta\annotation\jakarta.annotation-api\2.1.1\jakarta.annotation-api-2.1.1.jar;C:\Users\Cong\.m2\repository\org\yaml\snakeyaml\2.4\snakeyaml-2.4.jar;C:\Users\Cong\.m2\repository\org\springframework\boot\spring-boot-actuator-autoconfigure\3.5.0\spring-boot-actuator-autoconfigure-3.5.0.jar;C:\Users\Cong\.m2\repository\org\springframework\boot\spring-boot-actuator\3.5.0\spring-boot-actuator-3.5.0.jar;C:\Users\Cong\.m2\repository\com\fasterxml\jackson\core\jackson-databind\2.19.0\jackson-databind-2.19.0.jar;C:\Users\Cong\.m2\repository\com\fasterxml\jackson\datatype\jackson-datatype-jsr310\2.19.0\jackson-datatype-jsr310-2.19.0.jar;C:\Users\Cong\.m2\repository\io\micrometer\micrometer-observation\1.15.0\micrometer-observation-1.15.0.jar;C:\Users\Cong\.m2\repository\io\micrometer\micrometer-commons\1.15.0\micrometer-commons-1.15.0.jar;C:\Users\Cong\.m2\repository\io\micrometer\micrometer-jakarta9\1.15.0\micrometer-jakarta9-1.15.0.jar;C:\Users\Cong\.m2\repository\io\micrometer\micrometer-core\1.15.0\micrometer-core-1.15.0.jar;C:\Users\Cong\.m2\repository\org\hdrhistogram\HdrHistogram\2.2.2\HdrHistogram-2.2.2.jar;C:\Users\Cong\.m2\repository\org\latencyutils\LatencyUtils\2.0.3\LatencyUtils-2.0.3.jar;C:\Users\Cong\.m2\repository\org\springframework\boot\spring-boot-starter-data-jpa\3.5.0\spring-boot-starter-data-jpa-3.5.0.jar;C:\Users\Cong\.m2\repository\org\springframework\boot\spring-boot-starter-jdbc\3.5.0\spring-boot-starter-jdbc-3.5.0.jar;C:\Users\Cong\.m2\repository\com\zaxxer\HikariCP\6.3.0\HikariCP-6.3.0.jar;C:\Users\Cong\.m2\repository\org\springframework\spring-jdbc\6.2.7\spring-jdbc-6.2.7.jar;C:\Users\Cong\.m2\repository\org\hibernate\orm\hibernate-core\6.6.15.Final\hibernate-core-6.6.15.Final.jar;C:\Users\Cong\.m2\repository\jakarta\persistence\jakarta.persistence-api\3.1.0\jakarta.persistence-api-3.1.0.jar;C:\Users\Cong\.m2\repository\jakarta\transaction\jakarta.transaction-api\2.0.1\jakarta.transaction-api-2.0.1.jar;C:\Users\Cong\.m2\repository\org\jboss\logging\jboss-logging\3.6.1.Final\jboss-logging-3.6.1.Final.jar;C:\Users\Cong\.m2\repository\org\hibernate\common\hibernate-commons-annotations\7.0.3.Final\hibernate-commons-annotations-7.0.3.Final.jar;C:\Users\Cong\.m2\repository\io\smallrye\jandex\3.2.0\jandex-3.2.0.jar;C:\Users\Cong\.m2\repository\com\fasterxml\classmate\1.7.0\classmate-1.7.0.jar;C:\Users\Cong\.m2\repository\net\bytebuddy\byte-buddy\1.17.5\byte-buddy-1.17.5.jar;C:\Users\Cong\.m2\repository\org\glassfish\jaxb\jaxb-runtime\4.0.5\jaxb-runtime-4.0.5.jar;C:\Users\Cong\.m2\repository\org\glassfish\jaxb\jaxb-core\4.0.5\jaxb-core-4.0.5.jar;C:\Users\Cong\.m2\repository\org\eclipse\angus\angus-activation\2.0.2\angus-activation-2.0.2.jar;C:\Users\Cong\.m2\repository\org\glassfish\jaxb\txw2\4.0.5\txw2-4.0.5.jar;C:\Users\Cong\.m2\repository\com\sun\istack\istack-commons-runtime\4.1.2\istack-commons-runtime-4.1.2.jar;C:\Users\Cong\.m2\repository\jakarta\inject\jakarta.inject-api\2.0.1\jakarta.inject-api-2.0.1.jar;C:\Users\Cong\.m2\repository\org\antlr\antlr4-runtime\4.13.0\antlr4-runtime-4.13.0.jar;C:\Users\Cong\.m2\repository\org\springframework\data\spring-data-jpa\3.5.0\spring-data-jpa-3.5.0.jar;C:\Users\Cong\.m2\repository\org\springframework\data\spring-data-commons\3.5.0\spring-data-commons-3.5.0.jar;C:\Users\Cong\.m2\repository\org\springframework\spring-orm\6.2.7\spring-orm-6.2.7.jar;C:\Users\Cong\.m2\repository\org\springframework\spring-beans\6.2.7\spring-beans-6.2.7.jar;C:\Users\Cong\.m2\repository\org\slf4j\slf4j-api\2.0.17\slf4j-api-2.0.17.jar;C:\Users\Cong\.m2\repository\org\springframework\spring-aspects\6.2.7\spring-aspects-6.2.7.jar;C:\Users\Cong\.m2\repository\org\aspectj\aspectjweaver\1.9.24\aspectjweaver-1.9.24.jar;C:\Users\Cong\.m2\repository\org\springframework\boot\spring-boot-starter-web\3.5.0\spring-boot-starter-web-3.5.0.jar;C:\Users\Cong\.m2\repository\org\springframework\boot\spring-boot-starter-json\3.5.0\spring-boot-starter-json-3.5.0.jar;C:\Users\Cong\.m2\repository\com\fasterxml\jackson\datatype\jackson-datatype-jdk8\2.19.0\jackson-datatype-jdk8-2.19.0.jar;C:\Users\Cong\.m2\repository\com\fasterxml\jackson\module\jackson-module-parameter-names\2.19.0\jackson-module-parameter-names-2.19.0.jar;C:\Users\Cong\.m2\repository\org\springframework\boot\spring-boot-starter-tomcat\3.5.0\spring-boot-starter-tomcat-3.5.0.jar;C:\Users\Cong\.m2\repository\org\apache\tomcat\embed\tomcat-embed-core\10.1.41\tomcat-embed-core-10.1.41.jar;C:\Users\Cong\.m2\repository\org\apache\tomcat\embed\tomcat-embed-el\10.1.41\tomcat-embed-el-10.1.41.jar;C:\Users\Cong\.m2\repository\org\apache\tomcat\embed\tomcat-embed-websocket\10.1.41\tomcat-embed-websocket-10.1.41.jar;C:\Users\Cong\.m2\repository\org\springframework\spring-web\6.2.7\spring-web-6.2.7.jar;C:\Users\Cong\.m2\repository\org\springframework\spring-webmvc\6.2.7\spring-webmvc-6.2.7.jar;C:\Users\Cong\.m2\repository\org\springframework\spring-expression\6.2.7\spring-expression-6.2.7.jar;C:\Users\Cong\.m2\repository\org\springframework\cloud\spring-cloud-starter-openfeign\4.3.0\spring-cloud-starter-openfeign-4.3.0.jar;C:\Users\Cong\.m2\repository\org\springframework\cloud\spring-cloud-starter\4.3.0\spring-cloud-starter-4.3.0.jar;C:\Users\Cong\.m2\repository\org\springframework\cloud\spring-cloud-context\4.3.0\spring-cloud-context-4.3.0.jar;C:\Users\Cong\.m2\repository\org\bouncycastle\bcprov-jdk18on\1.80\bcprov-jdk18on-1.80.jar;C:\Users\Cong\.m2\repository\org\springframework\cloud\spring-cloud-openfeign-core\4.3.0\spring-cloud-openfeign-core-4.3.0.jar;C:\Users\Cong\.m2\repository\io\github\openfeign\feign-form-spring\13.6\feign-form-spring-13.6.jar;C:\Users\Cong\.m2\repository\org\apache\commons\commons-text\1.13.0\commons-text-1.13.0.jar;C:\Users\Cong\.m2\repository\org\apache\commons\commons-lang3\3.17.0\commons-lang3-3.17.0.jar;C:\Users\Cong\.m2\repository\io\github\openfeign\feign-form\13.6\feign-form-13.6.jar;C:\Users\Cong\.m2\repository\commons-fileupload\commons-fileupload\1.5\commons-fileupload-1.5.jar;C:\Users\Cong\.m2\repository\org\springframework\cloud\spring-cloud-commons\4.3.0\spring-cloud-commons-4.3.0.jar;C:\Users\Cong\.m2\repository\org\springframework\security\spring-security-crypto\6.5.0\spring-security-crypto-6.5.0.jar;C:\Users\Cong\.m2\repository\io\github\openfeign\feign-core\13.6\feign-core-13.6.jar;C:\Users\Cong\.m2\repository\io\github\openfeign\feign-slf4j\13.6\feign-slf4j-13.6.jar;C:\Users\Cong\.m2\repository\org\springframework\kafka\spring-kafka\3.3.6\spring-kafka-3.3.6.jar;C:\Users\Cong\.m2\repository\org\springframework\spring-context\6.2.7\spring-context-6.2.7.jar;C:\Users\Cong\.m2\repository\org\springframework\spring-messaging\6.2.7\spring-messaging-6.2.7.jar;C:\Users\Cong\.m2\repository\org\springframework\spring-tx\6.2.7\spring-tx-6.2.7.jar;C:\Users\Cong\.m2\repository\org\springframework\retry\spring-retry\2.0.12\spring-retry-2.0.12.jar;C:\Users\Cong\.m2\repository\org\apache\kafka\kafka-clients\3.9.1\kafka-clients-3.9.1.jar;C:\Users\Cong\.m2\repository\com\github\luben\zstd-jni\1.5.6-4\zstd-jni-1.5.6-4.jar;C:\Users\Cong\.m2\repository\org\lz4\lz4-java\1.8.0\lz4-java-1.8.0.jar;C:\Users\Cong\.m2\repository\org\xerial\snappy\snappy-java\1.1.10.5\snappy-java-1.1.10.5.jar;C:\Users\Cong\.m2\repository\org\springframework\boot\spring-boot-devtools\3.5.0\spring-boot-devtools-3.5.0.jar;C:\Users\Cong\.m2\repository\org\springframework\boot\spring-boot\3.5.0\spring-boot-3.5.0.jar;C:\Users\Cong\.m2\repository\org\springframework\boot\spring-boot-autoconfigure\3.5.0\spring-boot-autoconfigure-3.5.0.jar;C:\Users\Cong\.m2\repository\com\mysql\mysql-connector-j\9.2.0\mysql-connector-j-9.2.0.jar;C:\Users\Cong\.m2\repository\org\springdoc\springdoc-openapi-starter-webmvc-ui\2.5.0\springdoc-openapi-starter-webmvc-ui-2.5.0.jar;C:\Users\Cong\.m2\repository\org\springdoc\springdoc-openapi-starter-webmvc-api\2.5.0\springdoc-openapi-starter-webmvc-api-2.5.0.jar;C:\Users\Cong\.m2\repository\org\springdoc\springdoc-openapi-starter-common\2.5.0\springdoc-openapi-starter-common-2.5.0.jar;C:\Users\Cong\.m2\repository\io\swagger\core\v3\swagger-core-jakarta\2.2.21\swagger-core-jakarta-2.2.21.jar;C:\Users\Cong\.m2\repository\io\swagger\core\v3\swagger-annotations-jakarta\2.2.21\swagger-annotations-jakarta-2.2.21.jar;C:\Users\Cong\.m2\repository\io\swagger\core\v3\swagger-models-jakarta\2.2.21\swagger-models-jakarta-2.2.21.jar;C:\Users\Cong\.m2\repository\jakarta\validation\jakarta.validation-api\3.0.2\jakarta.validation-api-3.0.2.jar;C:\Users\Cong\.m2\repository\com\fasterxml\jackson\dataformat\jackson-dataformat-yaml\2.19.0\jackson-dataformat-yaml-2.19.0.jar;C:\Users\Cong\.m2\repository\org\webjars\swagger-ui\5.13.0\swagger-ui-5.13.0.jar;C:\Users\Cong\.m2\repository\org\mapstruct\mapstruct\1.5.5.Final\mapstruct-1.5.5.Final.jar;C:\Users\Cong\.m2\repository\org\springframework\boot\spring-boot-starter-oauth2-resource-server\3.5.0\spring-boot-starter-oauth2-resource-server-3.5.0.jar;C:\Users\Cong\.m2\repository\org\springframework\security\spring-security-config\6.5.0\spring-security-config-6.5.0.jar;C:\Users\Cong\.m2\repository\org\springframework\security\spring-security-core\6.5.0\spring-security-core-6.5.0.jar;C:\Users\Cong\.m2\repository\org\springframework\security\spring-security-oauth2-resource-server\6.5.0\spring-security-oauth2-resource-server-6.5.0.jar;C:\Users\Cong\.m2\repository\org\springframework\security\spring-security-oauth2-core\6.5.0\spring-security-oauth2-core-6.5.0.jar;C:\Users\Cong\.m2\repository\org\springframework\security\spring-security-oauth2-jose\6.5.0\spring-security-oauth2-jose-6.5.0.jar;C:\Users\Cong\.m2\repository\com\nimbusds\nimbus-jose-jwt\9.37.3\nimbus-jose-jwt-9.37.3.jar;C:\Users\Cong\.m2\repository\com\github\stephenc\jcip\jcip-annotations\1.0-1\jcip-annotations-1.0-1.jar;C:\Users\Cong\.m2\repository\org\springframework\boot\spring-boot-starter-security\3.5.0\spring-boot-starter-security-3.5.0.jar;C:\Users\Cong\.m2\repository\org\springframework\spring-aop\6.2.7\spring-aop-6.2.7.jar;C:\Users\Cong\.m2\repository\org\springframework\security\spring-security-web\6.5.0\spring-security-web-6.5.0.jar;C:\Users\Cong\.m2\repository\org\springframework\cloud\spring-cloud-starter-netflix-eureka-client\4.3.0\spring-cloud-starter-netflix-eureka-client-4.3.0.jar;C:\Users\Cong\.m2\repository\org\springframework\cloud\spring-cloud-netflix-eureka-client\4.3.0\spring-cloud-netflix-eureka-client-4.3.0.jar;C:\Users\Cong\.m2\repository\org\apache\httpcomponents\client5\httpclient5\5.4.4\httpclient5-5.4.4.jar;C:\Users\Cong\.m2\repository\org\apache\httpcomponents\core5\httpcore5\5.3.4\httpcore5-5.3.4.jar;C:\Users\Cong\.m2\repository\org\apache\httpcomponents\core5\httpcore5-h2\5.3.4\httpcore5-h2-5.3.4.jar;C:\Users\Cong\.m2\repository\com\netflix\eureka\eureka-client\2.0.4\eureka-client-2.0.4.jar;C:\Users\Cong\.m2\repository\com\thoughtworks\xstream\xstream\1.4.20\xstream-1.4.20.jar;C:\Users\Cong\.m2\repository\io\github\x-stream\mxparser\1.2.2\mxparser-1.2.2.jar;C:\Users\Cong\.m2\repository\xmlpull\xmlpull\1.1.3.1\xmlpull-1.1.3.1.jar;C:\Users\Cong\.m2\repository\jakarta\ws\rs\jakarta.ws.rs-api\3.1.0\jakarta.ws.rs-api-3.1.0.jar;C:\Users\Cong\.m2\repository\com\netflix\spectator\spectator-api\1.7.3\spectator-api-1.7.3.jar;C:\Users\Cong\.m2\repository\org\apache\httpcomponents\httpclient\4.5.3\httpclient-4.5.3.jar;C:\Users\Cong\.m2\repository\org\apache\httpcomponents\httpcore\4.4.16\httpcore-4.4.16.jar;C:\Users\Cong\.m2\repository\commons-codec\commons-codec\1.18.0\commons-codec-1.18.0.jar;C:\Users\Cong\.m2\repository\commons-configuration\commons-configuration\1.10\commons-configuration-1.10.jar;C:\Users\Cong\.m2\repository\commons-lang\commons-lang\2.6\commons-lang-2.6.jar;C:\Users\Cong\.m2\repository\com\fasterxml\jackson\core\jackson-annotations\2.19.0\jackson-annotations-2.19.0.jar;C:\Users\Cong\.m2\repository\com\fasterxml\jackson\core\jackson-core\2.19.0\jackson-core-2.19.0.jar;C:\Users\Cong\.m2\repository\com\netflix\netflix-commons\netflix-eventbus\0.3.0\netflix-eventbus-0.3.0.jar;C:\Users\Cong\.m2\repository\com\netflix\netflix-commons\netflix-infix\0.3.0\netflix-infix-0.3.0.jar;C:\Users\Cong\.m2\repository\commons-jxpath\commons-jxpath\1.3\commons-jxpath-1.3.jar;C:\Users\Cong\.m2\repository\joda-time\joda-time\2.3\joda-time-2.3.jar;C:\Users\Cong\.m2\repository\org\antlr\antlr-runtime\3.4\antlr-runtime-3.4.jar;C:\Users\Cong\.m2\repository\org\antlr\stringtemplate\3.2.1\stringtemplate-3.2.1.jar;C:\Users\Cong\.m2\repository\antlr\antlr\2.7.7\antlr-2.7.7.jar;C:\Users\Cong\.m2\repository\com\google\guava\guava\14.0.1\guava-14.0.1.jar;C:\Users\Cong\.m2\repository\com\google\code\gson\gson\2.13.1\gson-2.13.1.jar;C:\Users\Cong\.m2\repository\com\netflix\servo\servo-core\0.5.3\servo-core-0.5.3.jar;C:\Users\Cong\.m2\repository\org\apache\commons\commons-math\2.2\commons-math-2.2.jar;C:\Users\Cong\.m2\repository\javax\annotation\javax.annotation-api\1.2\javax.annotation-api-1.2.jar;C:\Users\Cong\.m2\repository\org\codehaus\jettison\jettison\1.5.4\jettison-1.5.4.jar;C:\Users\Cong\.m2\repository\org\springframework\cloud\spring-cloud-starter-loadbalancer\4.3.0\spring-cloud-starter-loadbalancer-4.3.0.jar;C:\Users\Cong\.m2\repository\org\springframework\cloud\spring-cloud-loadbalancer\4.3.0\spring-cloud-loadbalancer-4.3.0.jar;C:\Users\Cong\.m2\repository\io\projectreactor\reactor-core\3.7.6\reactor-core-3.7.6.jar;C:\Users\Cong\.m2\repository\org\reactivestreams\reactive-streams\1.0.4\reactive-streams-1.0.4.jar;C:\Users\Cong\.m2\repository\io\projectreactor\addons\reactor-extra\3.5.2\reactor-extra-3.5.2.jar;C:\Users\Cong\.m2\repository\org\springframework\boot\spring-boot-starter-cache\3.5.0\spring-boot-starter-cache-3.5.0.jar;C:\Users\Cong\.m2\repository\org\springframework\spring-context-support\6.2.7\spring-context-support-6.2.7.jar;C:\Users\Cong\.m2\repository\com\stoyanr\evictor\1.0.0\evictor-1.0.0.jar;C:\Users\Cong\.m2\repository\jakarta\xml\bind\jakarta.xml.bind-api\4.0.2\jakarta.xml.bind-api-4.0.2.jar;C:\Users\Cong\.m2\repository\jakarta\activation\jakarta.activation-api\2.1.3\jakarta.activation-api-2.1.3.jar;C:\Users\Cong\.m2\repository\org\springframework\spring-core\6.2.7\spring-core-6.2.7.jar;C:\Users\Cong\.m2\repository\org\springframework\spring-jcl\6.2.7\spring-jcl-6.2.7.jar;C:\Users\Cong\.m2\repository\ch\qos\logback\logback-core\1.5.18\logback-core-1.5.18.jar;C:\Users\Cong\.m2\repository\ch\qos\logback\logback-classic\1.5.18\logback-classic-1.5.18.jar;C:\Users\Cong\.m2\repository\com\google\errorprone\error_prone_annotations\2.36.0\error_prone_annotations-2.36.0.jar
Launcher Type: SUN_STANDARD

[Global flags]
     intx CICompilerCount                          = 4                                         {product} {ergonomic}
     uint ConcGCThreads                            = 2                                         {product} {ergonomic}
     uint G1ConcRefinementThreads                  = 8                                         {product} {ergonomic}
   size_t G1HeapRegionSize                         = 2097152                                   {product} {ergonomic}
    uintx GCDrainStackTargetSize                   = 64                                        {product} {ergonomic}
   size_t InitialHeapSize                          = 264241152                                 {product} {ergonomic}
   size_t MarkStackSize                            = 4194304                                   {product} {ergonomic}
   size_t MaxHeapSize                              = 4223664128                                {product} {ergonomic}
   size_t MaxNewSize                               = 2533359616                                {product} {ergonomic}
   size_t MinHeapDeltaBytes                        = 2097152                                   {product} {ergonomic}
   size_t MinHeapSize                              = 8388608                                   {product} {ergonomic}
    uintx NonNMethodCodeHeapSize                   = 5839372                                {pd product} {ergonomic}
    uintx NonProfiledCodeHeapSize                  = 122909434                              {pd product} {ergonomic}
    uintx ProfiledCodeHeapSize                     = 122909434                              {pd product} {ergonomic}
    uintx ReservedCodeCacheSize                    = 251658240                              {pd product} {ergonomic}
     bool SegmentedCodeCache                       = true                                      {product} {ergonomic}
   size_t SoftMaxHeapSize                          = 4223664128                             {manageable} {ergonomic}
     bool UseCompressedOops                        = true                           {product lp64_product} {ergonomic}
     bool UseG1GC                                  = true                                      {product} {ergonomic}
     bool UseLargePagesIndividualAllocation        = false                                  {pd product} {ergonomic}

Logging:
Log output configuration:
 #0: stdout all=warning uptime,level,tags foldmultilines=false
 #1: stderr all=off uptime,level,tags foldmultilines=false

Environment Variables:
JAVA_HOME=C:\Program Files\Java\jdk-21
PATH=C:\Program Files\Common Files\Oracle\Java\javapath;C:\Program Files\Microsoft MPI\Bin\;C:\app\Cong\product\21c\dbhomeXE\bin;C:\Windows\system32;C:\Windows;C:\Windows\System32\Wbem;C:\Windows\System32\WindowsPowerShell\v1.0\;C:\Windows\System32\OpenSSH\;C:\Program Files\NVIDIA Corporation\NVIDIA NvDLISR;C:\WINDOWS\system32;C:\WINDOWS;C:\WINDOWS\System32\Wbem;C:\WINDOWS\System32\WindowsPowerShell\v1.0\;C:\WINDOWS\System32\OpenSSH\;C:\Program Files\nodejs\;C:\Program Files\dotnet\;C:\Program Files\Git\cmd;C:\Program Files\Microsoft SQL Server\Client SDK\ODBC\170\Tools\Binn\;C:\Program Files\Microsoft SQL Server\160\DTS\Binn\;C:\Program Files\Microsoft SQL Server\130\DTS\Binn\;C:\Program Files\Microsoft SQL Server\140\DTS\Binn\;C:\Program Files\Microsoft SQL Server\150\DTS\Binn\;C:\Program Files\Java\jdk-21\bin;C:\apache-maven-3.9.9\bin;C:\Program Files (x86)\Microsoft SQL Server\160\DTS\Binn\;C:\Users\Cong\Downloads\apache-jmeter-5.6.3\bin;C:\Program Files (x86)\Microsoft SQL Server\160\Tools\Binn\;C:\Program Files\Microsoft SQL Server\160\Tools\Binn\;C:\Program Files\Microsoft SQL Server\150\Tools\Binn\;C:\Program Files\Redis;C:\Program Files\Erlang OTP;;C:\Program Files\Docker\Docker\resources\bin;C:\Users\Cong\AppData\Local\Programs\Python\Python313\Scripts\;C:\Users\Cong\AppData\Local\Programs\Python\Python313\;C:\Users\Cong\AppData\Local\Programs\Python\Launcher\;C:\Users\Cong\AppData\Local\Microsoft\WindowsApps;C:\Users\Cong\AppData\Roaming\npm;C:\Users\Cong\.dotnet\tools;E:\Windsurf\bin;C:\Program Files\Java\jdk-21\bin;C:\Users\Cong\AppData\Local\Programs\Microsoft VS Code\bin
USERNAME=Cong
OS=Windows_NT
PROCESSOR_IDENTIFIER=Intel64 Family 6 Model 140 Stepping 1, GenuineIntel
TMP=C:\Users\Cong\AppData\Local\Temp
TEMP=C:\Users\Cong\AppData\Local\Temp




Periodic native trim disabled

---------------  S Y S T E M  ---------------

OS:
 Windows 11 , 64 bit Build 26100 (10.0.26100.4484)
OS uptime: 1 days 4:56 hours
Hyper-V role detected

CPU: total 8 (initial active 8) (4 cores per cpu, 2 threads per core) family 6 model 140 stepping 1 microcode 0xbc, cx8, cmov, fxsr, ht, mmx, 3dnowpref, sse, sse2, sse3, ssse3, sse4.1, sse4.2, popcnt, lzcnt, tsc, tscinvbit, avx, avx2, aes, erms, clmul, bmi1, bmi2, adx, avx512f, avx512dq, avx512cd, avx512bw, avx512vl, sha, fma, vzeroupper, avx512_vpopcntdq, avx512_vpclmulqdq, avx512_vaes, avx512_vnni, clflush, clflushopt, clwb, avx512_vbmi2, avx512_vbmi, hv, rdtscp, rdpid, fsrm, gfni, avx512_bitalg, f16c, cet_ibt, cet_ss, avx512_ifma
Processor Information for the first 8 processors :
  Max Mhz: 2803, Current Mhz: 2803, Mhz Limit: 2803

Memory: 4k page, system-wide physical 16106M (813M free)
TotalPageFile size 33516M (AvailPageFile size 354M)
current process WorkingSet (physical memory assigned to process): 181M, peak: 181M
current process commit charge ("private bytes"): 404M, peak: 405M

vm_info: OpenJDK 64-Bit Server VM (21.0.6+7-LTS) for windows-amd64 JRE (21.0.6+7-LTS), built on 2025-01-08T23:03:52Z by "MicrosoftCorporation" with unknown MS VC++:1939

END.
